SLURM_JOBID:  47992106
SLURM_ARRAY_TASK_ID:  955
SLURM_ARRAY_JOB_ID:  47963605

Attaching package: ‘dplyr’

The following objects are masked from ‘package:stats’:

    filter, lag

The following objects are masked from ‘package:base’:

    intersect, setdiff, setequal, union


Attaching package: ‘geex’

The following object is masked from ‘package:methods’:

    show

[1] 1000
[1] 0.52
[1] "starting acc"
[1] "starting macc"
Warning message:
In stode(y, times, func, parms = parms, ...) : steady-state not reached
[1] "starting aipw"
[1] "starting mle"
13315.595 sec elapsed
