SLURM_JOBID:  47995347
SLURM_ARRAY_TASK_ID:  2721
SLURM_ARRAY_JOB_ID:  47963605

Attaching package: ‘dplyr’

The following objects are masked from ‘package:stats’:

    filter, lag

The following objects are masked from ‘package:base’:

    intersect, setdiff, setequal, union


Attaching package: ‘geex’

The following object is masked from ‘package:methods’:

    show

[1] 1000
[1] 0.476
[1] "starting acc"
[1] "starting macc"
[1] "starting aipw"
Warning message:
In stode(y, times, func, parms = parms, ...) : steady-state not reached
[1] "starting mle"
Warning message:
In stode(y, times, func, parms = parms, ...) : steady-state not reached
10471.434 sec elapsed
