SLURM_JOBID:  37983055
SLURM_ARRAY_TASK_ID:  57
SLURM_ARRAY_JOB_ID:  37982990
[?1h=
  ___  ____  ____  ____  ____ ®
 /__    /   ____/   /   ____/      18.0
___/   /   /___/   /   /___/       SE—Standard Edition

 Statistics and Data Science       Copyright 1985-2023 StataCorp LLC
                                   StataCorp
                                   4905 Lakeway Drive
                                   College Station, Texas 77845 USA
                                   800-STATA-PC        https://www.stata.com
                                   979-696-4600        stata@stata.com

Stata license: 125-user network, expiring 23 Jul 2024
Serial number: 401809304040
  Licensed to: UNC-CH
               Chapel Hill NC

Notes:
      1. Unicode is supported; see help unicode_advice.
      2. Maximum number of variables is set to 5,000 but can be increased;
          see help set_maxvar.

. do "main2.do" 57 

. // jesus vazquez
. // 04/18/2024
. 
. clear

. import delimited "acc_example_stata.csv"
(encoding automatically selected: ISO-8859-2)
(6 vars, 1,001,000 obs)

. 
. keep if sim == `1'
(1,000,000 observations deleted)

. gen mysim`1' = 0

. 
. // gen imp1 = rnormal(0,1)
. // gen imp2 = rnormal(0,1)
. // gen imp3 = rnormal(0,1)
. // gen imp4 = rnormal(0,1)
. // gen imp5 = rnormal(0,1)
. // gen imp6 = rnormal(0,1)
. // gen imp7 = rnormal(0,1)
. // gen imp8 = rnormal(0,1)
. // gen imp9 = rnormal(0,1)
. // gen imp10 = rnormal(0,1)
. // gen imp11 = rnormal(0,1)
. // gen imp12 = rnormal(0,1)
. // gen imp13 = rnormal(0,1)
. // gen imp14 = rnormal(0,1)
. // gen imp15 = rnormal(0,1)
. // gen imp16 = rnormal(0,1)
. // gen imp17 = rnormal(0,1)
. // gen imp18 = rnormal(0,1)
. // gen imp19 = rnormal(0,1)
. // gen imp20 = rnormal(0,1)
. // gen imp21 = rnormal(0,1)
. // gen imp22 = rnormal(0,1)
. // gen imp23 = rnormal(0,1)
. // gen imp24 = rnormal(0,1)
. // gen imp25 = rnormal(0,1)
. // gen imp26 = rnormal(0,1)
. // gen imp27 = rnormal(0,1)
. // gen imp28 = rnormal(0,1)
. // gen imp29 = rnormal(0,1)
. // gen imp30 = rnormal(0,1)
. //
. // // correct weight 
. // augcca z, y(y) x(xmiss) imps(imp1-imp30) pivars(y z) mysim(mysim`1')
. //
. // // incorrect weight specification
. // augcca z, y(y) x(xmiss) imps(imp1-imp30) pivars(z) mysim(mysim`1')
. 
. // incorrect augmentation
. gen imp31 = rnormal(0,0.9) + 0.88 + 0.20*z + 0.20*y

. gen imp32 = rnormal(0,0.9) + 0.88 + 0.20*z + 0.20*y

. gen imp33 = rnormal(0,0.9) + 0.88 + 0.20*z + 0.20*y

. gen imp34 = rnormal(0,0.9) + 0.88 + 0.20*z + 0.20*y

. gen imp35 = rnormal(0,0.9) + 0.88 + 0.20*z + 0.20*y

. gen imp36 = rnormal(0,0.9) + 0.88 + 0.20*z + 0.20*y

. gen imp37 = rnormal(0,0.9) + 0.88 + 0.20*z + 0.20*y

. gen imp38 = rnormal(0,0.9) + 0.88 + 0.20*z + 0.20*y

. gen imp39 = rnormal(0,0.9) + 0.88 + 0.20*z + 0.20*y

. gen imp40 = rnormal(0,0.9) + 0.88 + 0.20*z + 0.20*y

. gen imp41 = rnormal(0,0.9) + 0.88 + 0.20*z + 0.20*y

. gen imp42 = rnormal(0,0.9) + 0.88 + 0.20*z + 0.20*y

. gen imp43 = rnormal(0,0.9) + 0.88 + 0.20*z + 0.20*y

. gen imp44 = rnormal(0,0.9) + 0.88 + 0.20*z + 0.20*y

. gen imp45 = rnormal(0,0.9) + 0.88 + 0.20*z + 0.20*y

. gen imp46 = rnormal(0,0.9) + 0.88 + 0.20*z + 0.20*y

. gen imp47 = rnormal(0,0.9) + 0.88 + 0.20*z + 0.20*y

. gen imp48 = rnormal(0,0.9) + 0.88 + 0.20*z + 0.20*y

. gen imp49 = rnormal(0,0.9) + 0.88 + 0.20*z + 0.20*y

. gen imp50 = rnormal(0,0.9) + 0.88 + 0.20*z + 0.20*y

. gen imp51 = rnormal(0,0.9) + 0.88 + 0.20*z + 0.20*y

. gen imp52 = rnormal(0,0.9) + 0.88 + 0.20*z + 0.20*y

. gen imp53 = rnormal(0,0.9) + 0.88 + 0.20*z + 0.20*y

. gen imp54 = rnormal(0,0.9) + 0.88 + 0.20*z + 0.20*y

. gen imp55 = rnormal(0,0.9) + 0.88 + 0.20*z + 0.20*y

. gen imp56 = rnormal(0,0.9) + 0.88 + 0.20*z + 0.20*y

. gen imp57 = rnormal(0,0.9) + 0.88 + 0.20*z + 0.20*y

. gen imp58 = rnormal(0,0.9) + 0.88 + 0.20*z + 0.20*y

. gen imp59 = rnormal(0,0.9) + 0.88 + 0.20*z + 0.20*y

. gen imp60 = rnormal(0,0.9) + 0.88 + 0.20*z + 0.20*y

. 
. // correct weight 
. augcca z, y(y) x(xmiss) imps(imp31-imp60) pivars(y z) mysim(mysim`1')
Missingness model

Logistic regression                                     Number of obs =  1,000
                                                        LR chi2(2)    = 279.68
                                                        Prob > chi2   = 0.0000
Log likelihood = -552.79618                             Pseudo R2     = 0.2019

------------------------------------------------------------------------------
        my_r | Odds ratio   Std. err.      z    P>|z|     [95% conf. interval]
-------------+----------------------------------------------------------------
           y |   1.246947    .095517     2.88   0.004     1.073113     1.44894
           z |   2.970277     .25183    12.84   0.000     2.515528    3.507233
       _cons |   .5907501   .0498097    -6.24   0.000     .5007648    .6969053
------------------------------------------------------------------------------
Note: _cons estimates baseline odds.
Complete case analysis

      Source |       SS           df       MS      Number of obs   =       516
-------------+----------------------------------   F(2, 513)       =     30.40
       Model |  47.7852739         2   23.892637   Prob > F        =    0.0000
    Residual |  403.159838       513  .785886624   R-squared       =    0.1060
-------------+----------------------------------   Adj R-squared   =    0.1025
       Total |  450.945112       515  .875621576   Root MSE        =     .8865

------------------------------------------------------------------------------
           y | Coefficient  Std. err.      t    P>|t|     [95% conf. interval]
-------------+----------------------------------------------------------------
       xmiss |   .2106075   .0387013     5.44   0.000      .134575    .2866399
           z |   .1888351   .0407309     4.64   0.000     .1088152     .268855
       _cons |  -.0021908   .0654768    -0.03   0.973    -.1308264    .1264449
------------------------------------------------------------------------------
Augmented complete case analysis
Iteration 0:  f(p) = -156.87597  
Iteration 1:  f(p) = -.00483064  
Iteration 2:  f(p) = -4.386e-07  
Iteration 3:  f(p) = -3.978e-11  
file augacc_y z_mysim57.xlsx saved
file augacc_y z_mysim57.xlsx saved
------------------------------------------------------------------------------
             | Coefficient  Std. err.      z    P>|z|     [95% conf. interval]
-------------+----------------------------------------------------------------
       xmiss |   .2214877   .0368336     6.01   0.000     .1492951    .2936803
           z |   .1990192   .0354185     5.62   0.000     .1296003    .2684381
       _cons |  -.0190889   .0615039    -0.31   0.756    -.1396343    .1014564
------------------------------------------------------------------------------

. 
. // incorrect weight specification
. augcca z, y(y) x(xmiss) imps(imp31-imp60) pivars(z) mysim(mysim`1')
Missingness model

Logistic regression                                     Number of obs =  1,000
                                                        LR chi2(1)    = 271.26
                                                        Prob > chi2   = 0.0000
Log likelihood = -557.00506                             Pseudo R2     = 0.1958

------------------------------------------------------------------------------
        my_r | Odds ratio   Std. err.      z    P>|z|     [95% conf. interval]
-------------+----------------------------------------------------------------
           z |   3.128065   .2608519    13.68   0.000       2.6564    3.683479
       _cons |   .5982033   .0500736    -6.14   0.000     .5076888    .7048554
------------------------------------------------------------------------------
Note: _cons estimates baseline odds.
Complete case analysis

      Source |       SS           df       MS      Number of obs   =       516
-------------+----------------------------------   F(2, 513)       =     30.40
       Model |  47.7852739         2   23.892637   Prob > F        =    0.0000
    Residual |  403.159838       513  .785886624   R-squared       =    0.1060
-------------+----------------------------------   Adj R-squared   =    0.1025
       Total |  450.945112       515  .875621576   Root MSE        =     .8865

------------------------------------------------------------------------------
           y | Coefficient  Std. err.      t    P>|t|     [95% conf. interval]
-------------+----------------------------------------------------------------
       xmiss |   .2106075   .0387013     5.44   0.000      .134575    .2866399
           z |   .1888351   .0407309     4.64   0.000     .1088152     .268855
       _cons |  -.0021908   .0654768    -0.03   0.973    -.1308264    .1264449
------------------------------------------------------------------------------
Augmented complete case analysis
Iteration 0:  f(p) = -1108.6444  
Iteration 1:  f(p) = -.24009457  
Iteration 2:  f(p) = -.00004835  
Iteration 3:  f(p) = -1.054e-08  
Iteration 4:  f(p) = -2.122e-12  
file augacc_z_mysim57.xlsx saved
file augacc_z_mysim57.xlsx saved
------------------------------------------------------------------------------
             | Coefficient  Std. err.      z    P>|z|     [95% conf. interval]
-------------+----------------------------------------------------------------
       xmiss |   .2192971   .0372232     5.89   0.000      .146341    .2922533
           z |   .2355666   .0330187     7.13   0.000     .1708512     .300282
       _cons |    -.11366    .051312    -2.22   0.027    -.2142297   -.0130903
------------------------------------------------------------------------------

. 
. 
. 
. 
. 
end of do-file


. [?1l>