SLURM_JOBID:  37983216
SLURM_ARRAY_TASK_ID:  207
SLURM_ARRAY_JOB_ID:  37982990
[?1h=
  ___  ____  ____  ____  ____ ®
 /__    /   ____/   /   ____/      18.0
___/   /   /___/   /   /___/       SE—Standard Edition

 Statistics and Data Science       Copyright 1985-2023 StataCorp LLC
                                   StataCorp
                                   4905 Lakeway Drive
                                   College Station, Texas 77845 USA
                                   800-STATA-PC        https://www.stata.com
                                   979-696-4600        stata@stata.com

Stata license: 125-user network, expiring 23 Jul 2024
Serial number: 401809304040
  Licensed to: UNC-CH
               Chapel Hill NC

Notes:
      1. Unicode is supported; see help unicode_advice.
      2. Maximum number of variables is set to 5,000 but can be increased;
          see help set_maxvar.

. do "main2.do" 207 

. // jesus vazquez
. // 04/18/2024
. 
. clear

. import delimited "acc_example_stata.csv"
(encoding automatically selected: ISO-8859-2)
(6 vars, 1,001,000 obs)

. 
. keep if sim == `1'
(1,000,000 observations deleted)

. gen mysim`1' = 0

. 
. // gen imp1 = rnormal(0,1)
. // gen imp2 = rnormal(0,1)
. // gen imp3 = rnormal(0,1)
. // gen imp4 = rnormal(0,1)
. // gen imp5 = rnormal(0,1)
. // gen imp6 = rnormal(0,1)
. // gen imp7 = rnormal(0,1)
. // gen imp8 = rnormal(0,1)
. // gen imp9 = rnormal(0,1)
. // gen imp10 = rnormal(0,1)
. // gen imp11 = rnormal(0,1)
. // gen imp12 = rnormal(0,1)
. // gen imp13 = rnormal(0,1)
. // gen imp14 = rnormal(0,1)
. // gen imp15 = rnormal(0,1)
. // gen imp16 = rnormal(0,1)
. // gen imp17 = rnormal(0,1)
. // gen imp18 = rnormal(0,1)
. // gen imp19 = rnormal(0,1)
. // gen imp20 = rnormal(0,1)
. // gen imp21 = rnormal(0,1)
. // gen imp22 = rnormal(0,1)
. // gen imp23 = rnormal(0,1)
. // gen imp24 = rnormal(0,1)
. // gen imp25 = rnormal(0,1)
. // gen imp26 = rnormal(0,1)
. // gen imp27 = rnormal(0,1)
. // gen imp28 = rnormal(0,1)
. // gen imp29 = rnormal(0,1)
. // gen imp30 = rnormal(0,1)
. //
. // // correct weight 
. // augcca z, y(y) x(xmiss) imps(imp1-imp30) pivars(y z) mysim(mysim`1')
. //
. // // incorrect weight specification
. // augcca z, y(y) x(xmiss) imps(imp1-imp30) pivars(z) mysim(mysim`1')
. 
. // incorrect augmentation
. gen imp31 = rnormal(0,0.9) + 0.88 + 0.20*z + 0.20*y

. gen imp32 = rnormal(0,0.9) + 0.88 + 0.20*z + 0.20*y

. gen imp33 = rnormal(0,0.9) + 0.88 + 0.20*z + 0.20*y

. gen imp34 = rnormal(0,0.9) + 0.88 + 0.20*z + 0.20*y

. gen imp35 = rnormal(0,0.9) + 0.88 + 0.20*z + 0.20*y

. gen imp36 = rnormal(0,0.9) + 0.88 + 0.20*z + 0.20*y

. gen imp37 = rnormal(0,0.9) + 0.88 + 0.20*z + 0.20*y

. gen imp38 = rnormal(0,0.9) + 0.88 + 0.20*z + 0.20*y

. gen imp39 = rnormal(0,0.9) + 0.88 + 0.20*z + 0.20*y

. gen imp40 = rnormal(0,0.9) + 0.88 + 0.20*z + 0.20*y

. gen imp41 = rnormal(0,0.9) + 0.88 + 0.20*z + 0.20*y

. gen imp42 = rnormal(0,0.9) + 0.88 + 0.20*z + 0.20*y

. gen imp43 = rnormal(0,0.9) + 0.88 + 0.20*z + 0.20*y

. gen imp44 = rnormal(0,0.9) + 0.88 + 0.20*z + 0.20*y

. gen imp45 = rnormal(0,0.9) + 0.88 + 0.20*z + 0.20*y

. gen imp46 = rnormal(0,0.9) + 0.88 + 0.20*z + 0.20*y

. gen imp47 = rnormal(0,0.9) + 0.88 + 0.20*z + 0.20*y

. gen imp48 = rnormal(0,0.9) + 0.88 + 0.20*z + 0.20*y

. gen imp49 = rnormal(0,0.9) + 0.88 + 0.20*z + 0.20*y

. gen imp50 = rnormal(0,0.9) + 0.88 + 0.20*z + 0.20*y

. gen imp51 = rnormal(0,0.9) + 0.88 + 0.20*z + 0.20*y

. gen imp52 = rnormal(0,0.9) + 0.88 + 0.20*z + 0.20*y

. gen imp53 = rnormal(0,0.9) + 0.88 + 0.20*z + 0.20*y

. gen imp54 = rnormal(0,0.9) + 0.88 + 0.20*z + 0.20*y

. gen imp55 = rnormal(0,0.9) + 0.88 + 0.20*z + 0.20*y

. gen imp56 = rnormal(0,0.9) + 0.88 + 0.20*z + 0.20*y

. gen imp57 = rnormal(0,0.9) + 0.88 + 0.20*z + 0.20*y

. gen imp58 = rnormal(0,0.9) + 0.88 + 0.20*z + 0.20*y

. gen imp59 = rnormal(0,0.9) + 0.88 + 0.20*z + 0.20*y

. gen imp60 = rnormal(0,0.9) + 0.88 + 0.20*z + 0.20*y

. 
. // correct weight 
. augcca z, y(y) x(xmiss) imps(imp31-imp60) pivars(y z) mysim(mysim`1')
Missingness model

Logistic regression                                     Number of obs =  1,000
                                                        LR chi2(2)    = 221.84
                                                        Prob > chi2   = 0.0000
Log likelihood = -581.98551                             Pseudo R2     = 0.1601

------------------------------------------------------------------------------
        my_r | Odds ratio   Std. err.      z    P>|z|     [95% conf. interval]
-------------+----------------------------------------------------------------
           y |   1.121353   .0789272     1.63   0.104      .976855    1.287226
           z |   2.637133   .2118848    12.07   0.000     2.252894    3.086905
       _cons |   .6059831   .0499833    -6.07   0.000     .5155263    .7123118
------------------------------------------------------------------------------
Note: _cons estimates baseline odds.
Complete case analysis

      Source |       SS           df       MS      Number of obs   =       511
-------------+----------------------------------   F(2, 508)       =     33.33
       Model |  65.1040565         2  32.5520282   Prob > F        =    0.0000
    Residual |  496.120918       508  .976615981   R-squared       =    0.1160
-------------+----------------------------------   Adj R-squared   =    0.1125
       Total |  561.224975       510  1.10044113   Root MSE        =    .98824

------------------------------------------------------------------------------
           y | Coefficient  Std. err.      t    P>|t|     [95% conf. interval]
-------------+----------------------------------------------------------------
       xmiss |   .1710338   .0487403     3.51   0.000     .0752764    .2667912
           z |   .2628621   .0458382     5.73   0.000     .1728063    .3529179
       _cons |  -.0863169   .0706056    -1.22   0.222    -.2250317    .0523979
------------------------------------------------------------------------------
Augmented complete case analysis
Iteration 0:  f(p) = -235.95669  
Iteration 1:  f(p) = -.61226684  
Iteration 2:  f(p) =  -.0013588  
Iteration 3:  f(p) = -3.530e-06  
Iteration 4:  f(p) = -7.834e-09  
Iteration 5:  f(p) = -2.035e-11  
file augacc_y z_mysim207.xlsx saved
file augacc_y z_mysim207.xlsx saved
------------------------------------------------------------------------------
             | Coefficient  Std. err.      z    P>|z|     [95% conf. interval]
-------------+----------------------------------------------------------------
       xmiss |   .1634722   .0463866     3.52   0.000     .0725561    .2543883
           z |   .2373981   .0353867     6.71   0.000     .1680414    .3067549
       _cons |    -.05234   .0655952    -0.80   0.425    -.1809042    .0762241
------------------------------------------------------------------------------

. 
. // incorrect weight specification
. augcca z, y(y) x(xmiss) imps(imp31-imp60) pivars(z) mysim(mysim`1')
Missingness model

Logistic regression                                     Number of obs =  1,000
                                                        LR chi2(1)    = 219.18
                                                        Prob > chi2   = 0.0000
Log likelihood = -583.31572                             Pseudo R2     = 0.1582

------------------------------------------------------------------------------
        my_r | Odds ratio   Std. err.      z    P>|z|     [95% conf. interval]
-------------+----------------------------------------------------------------
           z |    2.72116   .2131577    12.78   0.000      2.33387    3.172719
       _cons |   .6064892   .0500021    -6.07   0.000     .5159951     .712854
------------------------------------------------------------------------------
Note: _cons estimates baseline odds.
Complete case analysis

      Source |       SS           df       MS      Number of obs   =       511
-------------+----------------------------------   F(2, 508)       =     33.33
       Model |  65.1040565         2  32.5520282   Prob > F        =    0.0000
    Residual |  496.120918       508  .976615981   R-squared       =    0.1160
-------------+----------------------------------   Adj R-squared   =    0.1125
       Total |  561.224975       510  1.10044113   Root MSE        =    .98824

------------------------------------------------------------------------------
           y | Coefficient  Std. err.      t    P>|t|     [95% conf. interval]
-------------+----------------------------------------------------------------
       xmiss |   .1710338   .0487403     3.51   0.000     .0752764    .2667912
           z |   .2628621   .0458382     5.73   0.000     .1728063    .3529179
       _cons |  -.0863169   .0706056    -1.22   0.222    -.2250317    .0523979
------------------------------------------------------------------------------
Augmented complete case analysis
Iteration 0:  f(p) = -1904.2073  
Iteration 1:  f(p) = -4.3173753  
Iteration 2:  f(p) = -.01113088  
Iteration 3:  f(p) = -.00002529  
Iteration 4:  f(p) = -6.520e-08  
Iteration 5:  f(p) = -1.481e-10  
file augacc_z_mysim207.xlsx saved
file augacc_z_mysim207.xlsx saved
------------------------------------------------------------------------------
             | Coefficient  Std. err.      z    P>|z|     [95% conf. interval]
-------------+----------------------------------------------------------------
       xmiss |   .1673323   .0465629     3.59   0.000     .0760706    .2585939
           z |   .2612243   .0336357     7.77   0.000     .1952996    .3271491
       _cons |  -.1274095   .0519673    -2.45   0.014    -.2292635   -.0255554
------------------------------------------------------------------------------

. 
. 
. 
. 
. 
end of do-file


. [?1l>