SLURM_JOBID:  37983302
SLURM_ARRAY_TASK_ID:  293
SLURM_ARRAY_JOB_ID:  37982990
[?1h=
  ___  ____  ____  ____  ____ ®
 /__    /   ____/   /   ____/      18.0
___/   /   /___/   /   /___/       SE—Standard Edition

 Statistics and Data Science       Copyright 1985-2023 StataCorp LLC
                                   StataCorp
                                   4905 Lakeway Drive
                                   College Station, Texas 77845 USA
                                   800-STATA-PC        https://www.stata.com
                                   979-696-4600        stata@stata.com

Stata license: 125-user network, expiring 23 Jul 2024
Serial number: 401809304040
  Licensed to: UNC-CH
               Chapel Hill NC

Notes:
      1. Unicode is supported; see help unicode_advice.
      2. Maximum number of variables is set to 5,000 but can be increased;
          see help set_maxvar.

. do "main2.do" 293 

. // jesus vazquez
. // 04/18/2024
. 
. clear

. import delimited "acc_example_stata.csv"
(encoding automatically selected: ISO-8859-2)
(6 vars, 1,001,000 obs)

. 
. keep if sim == `1'
(1,000,000 observations deleted)

. gen mysim`1' = 0

. 
. // gen imp1 = rnormal(0,1)
. // gen imp2 = rnormal(0,1)
. // gen imp3 = rnormal(0,1)
. // gen imp4 = rnormal(0,1)
. // gen imp5 = rnormal(0,1)
. // gen imp6 = rnormal(0,1)
. // gen imp7 = rnormal(0,1)
. // gen imp8 = rnormal(0,1)
. // gen imp9 = rnormal(0,1)
. // gen imp10 = rnormal(0,1)
. // gen imp11 = rnormal(0,1)
. // gen imp12 = rnormal(0,1)
. // gen imp13 = rnormal(0,1)
. // gen imp14 = rnormal(0,1)
. // gen imp15 = rnormal(0,1)
. // gen imp16 = rnormal(0,1)
. // gen imp17 = rnormal(0,1)
. // gen imp18 = rnormal(0,1)
. // gen imp19 = rnormal(0,1)
. // gen imp20 = rnormal(0,1)
. // gen imp21 = rnormal(0,1)
. // gen imp22 = rnormal(0,1)
. // gen imp23 = rnormal(0,1)
. // gen imp24 = rnormal(0,1)
. // gen imp25 = rnormal(0,1)
. // gen imp26 = rnormal(0,1)
. // gen imp27 = rnormal(0,1)
. // gen imp28 = rnormal(0,1)
. // gen imp29 = rnormal(0,1)
. // gen imp30 = rnormal(0,1)
. //
. // // correct weight 
. // augcca z, y(y) x(xmiss) imps(imp1-imp30) pivars(y z) mysim(mysim`1')
. //
. // // incorrect weight specification
. // augcca z, y(y) x(xmiss) imps(imp1-imp30) pivars(z) mysim(mysim`1')
. 
. // incorrect augmentation
. gen imp31 = rnormal(0,0.9) + 0.88 + 0.20*z + 0.20*y

. gen imp32 = rnormal(0,0.9) + 0.88 + 0.20*z + 0.20*y

. gen imp33 = rnormal(0,0.9) + 0.88 + 0.20*z + 0.20*y

. gen imp34 = rnormal(0,0.9) + 0.88 + 0.20*z + 0.20*y

. gen imp35 = rnormal(0,0.9) + 0.88 + 0.20*z + 0.20*y

. gen imp36 = rnormal(0,0.9) + 0.88 + 0.20*z + 0.20*y

. gen imp37 = rnormal(0,0.9) + 0.88 + 0.20*z + 0.20*y

. gen imp38 = rnormal(0,0.9) + 0.88 + 0.20*z + 0.20*y

. gen imp39 = rnormal(0,0.9) + 0.88 + 0.20*z + 0.20*y

. gen imp40 = rnormal(0,0.9) + 0.88 + 0.20*z + 0.20*y

. gen imp41 = rnormal(0,0.9) + 0.88 + 0.20*z + 0.20*y

. gen imp42 = rnormal(0,0.9) + 0.88 + 0.20*z + 0.20*y

. gen imp43 = rnormal(0,0.9) + 0.88 + 0.20*z + 0.20*y

. gen imp44 = rnormal(0,0.9) + 0.88 + 0.20*z + 0.20*y

. gen imp45 = rnormal(0,0.9) + 0.88 + 0.20*z + 0.20*y

. gen imp46 = rnormal(0,0.9) + 0.88 + 0.20*z + 0.20*y

. gen imp47 = rnormal(0,0.9) + 0.88 + 0.20*z + 0.20*y

. gen imp48 = rnormal(0,0.9) + 0.88 + 0.20*z + 0.20*y

. gen imp49 = rnormal(0,0.9) + 0.88 + 0.20*z + 0.20*y

. gen imp50 = rnormal(0,0.9) + 0.88 + 0.20*z + 0.20*y

. gen imp51 = rnormal(0,0.9) + 0.88 + 0.20*z + 0.20*y

. gen imp52 = rnormal(0,0.9) + 0.88 + 0.20*z + 0.20*y

. gen imp53 = rnormal(0,0.9) + 0.88 + 0.20*z + 0.20*y

. gen imp54 = rnormal(0,0.9) + 0.88 + 0.20*z + 0.20*y

. gen imp55 = rnormal(0,0.9) + 0.88 + 0.20*z + 0.20*y

. gen imp56 = rnormal(0,0.9) + 0.88 + 0.20*z + 0.20*y

. gen imp57 = rnormal(0,0.9) + 0.88 + 0.20*z + 0.20*y

. gen imp58 = rnormal(0,0.9) + 0.88 + 0.20*z + 0.20*y

. gen imp59 = rnormal(0,0.9) + 0.88 + 0.20*z + 0.20*y

. gen imp60 = rnormal(0,0.9) + 0.88 + 0.20*z + 0.20*y

. 
. // correct weight 
. augcca z, y(y) x(xmiss) imps(imp31-imp60) pivars(y z) mysim(mysim`1')
Missingness model

Logistic regression                                     Number of obs =  1,000
                                                        LR chi2(2)    = 214.82
                                                        Prob > chi2   = 0.0000
Log likelihood = -585.70392                             Pseudo R2     = 0.1550

------------------------------------------------------------------------------
        my_r | Odds ratio   Std. err.      z    P>|z|     [95% conf. interval]
-------------+----------------------------------------------------------------
           y |   1.179804    .087579     2.23   0.026     1.020055    1.364571
           z |   2.591626   .2140142    11.53   0.000     2.204352     3.04694
       _cons |   .6227603   .0498528    -5.92   0.000     .5323302    .7285522
------------------------------------------------------------------------------
Note: _cons estimates baseline odds.
Complete case analysis

      Source |       SS           df       MS      Number of obs   =       504
-------------+----------------------------------   F(2, 501)       =     34.09
       Model |  66.0885034         2  33.0442517   Prob > F        =    0.0000
    Residual |  485.669257       501  .969399714   R-squared       =    0.1198
-------------+----------------------------------   Adj R-squared   =    0.1163
       Total |   551.75776       503  1.09693392   Root MSE        =    .98458

------------------------------------------------------------------------------
           y | Coefficient  Std. err.      t    P>|t|     [95% conf. interval]
-------------+----------------------------------------------------------------
       xmiss |   .1283322   .0460297     2.79   0.006     .0378971    .2187672
           z |   .3302506   .0475613     6.94   0.000     .2368065    .4236947
       _cons |  -.0220151   .0727698    -0.30   0.762    -.1649867    .1209564
------------------------------------------------------------------------------
Augmented complete case analysis
Iteration 0:  f(p) = -754.44841  
Iteration 1:  f(p) = -.99147068  
Iteration 2:  f(p) = -.00166799  
Iteration 3:  f(p) = -2.429e-06  
Iteration 4:  f(p) = -4.086e-09  
Iteration 5:  f(p) = -5.950e-12  
file augacc_y z_mysim293.xlsx saved
file augacc_y z_mysim293.xlsx saved
------------------------------------------------------------------------------
             | Coefficient  Std. err.      z    P>|z|     [95% conf. interval]
-------------+----------------------------------------------------------------
       xmiss |   .1233654   .0457016     2.70   0.007     .0337918     .212939
           z |   .2751262   .0399214     6.89   0.000     .1968817    .3533706
       _cons |   .0377299   .0707732     0.53   0.594     -.100983    .1764428
------------------------------------------------------------------------------

. 
. // incorrect weight specification
. augcca z, y(y) x(xmiss) imps(imp31-imp60) pivars(z) mysim(mysim`1')
Missingness model

Logistic regression                                     Number of obs =  1,000
                                                        LR chi2(1)    = 209.82
                                                        Prob > chi2   = 0.0000
Log likelihood = -588.20726                             Pseudo R2     = 0.1514

------------------------------------------------------------------------------
        my_r | Odds ratio   Std. err.      z    P>|z|     [95% conf. interval]
-------------+----------------------------------------------------------------
           z |   2.723245   .2179861    12.52   0.000     2.327829    3.185829
       _cons |   .6291321      .0501    -5.82   0.000     .5382173     .735404
------------------------------------------------------------------------------
Note: _cons estimates baseline odds.
Complete case analysis

      Source |       SS           df       MS      Number of obs   =       504
-------------+----------------------------------   F(2, 501)       =     34.09
       Model |  66.0885034         2  33.0442517   Prob > F        =    0.0000
    Residual |  485.669257       501  .969399714   R-squared       =    0.1198
-------------+----------------------------------   Adj R-squared   =    0.1163
       Total |   551.75776       503  1.09693392   Root MSE        =    .98458

------------------------------------------------------------------------------
           y | Coefficient  Std. err.      t    P>|t|     [95% conf. interval]
-------------+----------------------------------------------------------------
       xmiss |   .1283322   .0460297     2.79   0.006     .0378971    .2187672
           z |   .3302506   .0475613     6.94   0.000     .2368065    .4236947
       _cons |  -.0220151   .0727698    -0.30   0.762    -.1649867    .1209564
------------------------------------------------------------------------------
Augmented complete case analysis
Iteration 0:  f(p) = -5164.7011  
Iteration 1:  f(p) = -9.5763551  
Iteration 2:  f(p) =  -.0167728  
Iteration 3:  f(p) = -.00003321  
Iteration 4:  f(p) = -5.817e-08  
Iteration 5:  f(p) = -1.152e-10  
file augacc_z_mysim293.xlsx saved
file augacc_z_mysim293.xlsx saved
------------------------------------------------------------------------------
             | Coefficient  Std. err.      z    P>|z|     [95% conf. interval]
-------------+----------------------------------------------------------------
       xmiss |   .1235616   .0460918     2.68   0.007     .0332234    .2138999
           z |   .3101242   .0375081     8.27   0.000     .2366096    .3836388
       _cons |  -.0703296   .0568397    -1.24   0.216    -.1817333    .0410742
------------------------------------------------------------------------------

. 
. 
. 
. 
. 
end of do-file


. [?1l>