SLURM_JOBID:  37983243
SLURM_ARRAY_TASK_ID:  234
SLURM_ARRAY_JOB_ID:  37982990
[?1h=
  ___  ____  ____  ____  ____ ®
 /__    /   ____/   /   ____/      18.0
___/   /   /___/   /   /___/       SE—Standard Edition

 Statistics and Data Science       Copyright 1985-2023 StataCorp LLC
                                   StataCorp
                                   4905 Lakeway Drive
                                   College Station, Texas 77845 USA
                                   800-STATA-PC        https://www.stata.com
                                   979-696-4600        stata@stata.com

Stata license: 125-user network, expiring 23 Jul 2024
Serial number: 401809304040
  Licensed to: UNC-CH
               Chapel Hill NC

Notes:
      1. Unicode is supported; see help unicode_advice.
      2. Maximum number of variables is set to 5,000 but can be increased;
          see help set_maxvar.

. do "main2.do" 234 

. // jesus vazquez
. // 04/18/2024
. 
. clear

. import delimited "acc_example_stata.csv"
(encoding automatically selected: ISO-8859-2)
(6 vars, 1,001,000 obs)

. 
. keep if sim == `1'
(1,000,000 observations deleted)

. gen mysim`1' = 0

. 
. // gen imp1 = rnormal(0,1)
. // gen imp2 = rnormal(0,1)
. // gen imp3 = rnormal(0,1)
. // gen imp4 = rnormal(0,1)
. // gen imp5 = rnormal(0,1)
. // gen imp6 = rnormal(0,1)
. // gen imp7 = rnormal(0,1)
. // gen imp8 = rnormal(0,1)
. // gen imp9 = rnormal(0,1)
. // gen imp10 = rnormal(0,1)
. // gen imp11 = rnormal(0,1)
. // gen imp12 = rnormal(0,1)
. // gen imp13 = rnormal(0,1)
. // gen imp14 = rnormal(0,1)
. // gen imp15 = rnormal(0,1)
. // gen imp16 = rnormal(0,1)
. // gen imp17 = rnormal(0,1)
. // gen imp18 = rnormal(0,1)
. // gen imp19 = rnormal(0,1)
. // gen imp20 = rnormal(0,1)
. // gen imp21 = rnormal(0,1)
. // gen imp22 = rnormal(0,1)
. // gen imp23 = rnormal(0,1)
. // gen imp24 = rnormal(0,1)
. // gen imp25 = rnormal(0,1)
. // gen imp26 = rnormal(0,1)
. // gen imp27 = rnormal(0,1)
. // gen imp28 = rnormal(0,1)
. // gen imp29 = rnormal(0,1)
. // gen imp30 = rnormal(0,1)
. //
. // // correct weight 
. // augcca z, y(y) x(xmiss) imps(imp1-imp30) pivars(y z) mysim(mysim`1')
. //
. // // incorrect weight specification
. // augcca z, y(y) x(xmiss) imps(imp1-imp30) pivars(z) mysim(mysim`1')
. 
. // incorrect augmentation
. gen imp31 = rnormal(0,0.9) + 0.88 + 0.20*z + 0.20*y

. gen imp32 = rnormal(0,0.9) + 0.88 + 0.20*z + 0.20*y

. gen imp33 = rnormal(0,0.9) + 0.88 + 0.20*z + 0.20*y

. gen imp34 = rnormal(0,0.9) + 0.88 + 0.20*z + 0.20*y

. gen imp35 = rnormal(0,0.9) + 0.88 + 0.20*z + 0.20*y

. gen imp36 = rnormal(0,0.9) + 0.88 + 0.20*z + 0.20*y

. gen imp37 = rnormal(0,0.9) + 0.88 + 0.20*z + 0.20*y

. gen imp38 = rnormal(0,0.9) + 0.88 + 0.20*z + 0.20*y

. gen imp39 = rnormal(0,0.9) + 0.88 + 0.20*z + 0.20*y

. gen imp40 = rnormal(0,0.9) + 0.88 + 0.20*z + 0.20*y

. gen imp41 = rnormal(0,0.9) + 0.88 + 0.20*z + 0.20*y

. gen imp42 = rnormal(0,0.9) + 0.88 + 0.20*z + 0.20*y

. gen imp43 = rnormal(0,0.9) + 0.88 + 0.20*z + 0.20*y

. gen imp44 = rnormal(0,0.9) + 0.88 + 0.20*z + 0.20*y

. gen imp45 = rnormal(0,0.9) + 0.88 + 0.20*z + 0.20*y

. gen imp46 = rnormal(0,0.9) + 0.88 + 0.20*z + 0.20*y

. gen imp47 = rnormal(0,0.9) + 0.88 + 0.20*z + 0.20*y

. gen imp48 = rnormal(0,0.9) + 0.88 + 0.20*z + 0.20*y

. gen imp49 = rnormal(0,0.9) + 0.88 + 0.20*z + 0.20*y

. gen imp50 = rnormal(0,0.9) + 0.88 + 0.20*z + 0.20*y

. gen imp51 = rnormal(0,0.9) + 0.88 + 0.20*z + 0.20*y

. gen imp52 = rnormal(0,0.9) + 0.88 + 0.20*z + 0.20*y

. gen imp53 = rnormal(0,0.9) + 0.88 + 0.20*z + 0.20*y

. gen imp54 = rnormal(0,0.9) + 0.88 + 0.20*z + 0.20*y

. gen imp55 = rnormal(0,0.9) + 0.88 + 0.20*z + 0.20*y

. gen imp56 = rnormal(0,0.9) + 0.88 + 0.20*z + 0.20*y

. gen imp57 = rnormal(0,0.9) + 0.88 + 0.20*z + 0.20*y

. gen imp58 = rnormal(0,0.9) + 0.88 + 0.20*z + 0.20*y

. gen imp59 = rnormal(0,0.9) + 0.88 + 0.20*z + 0.20*y

. gen imp60 = rnormal(0,0.9) + 0.88 + 0.20*z + 0.20*y

. 
. // correct weight 
. augcca z, y(y) x(xmiss) imps(imp31-imp60) pivars(y z) mysim(mysim`1')
Missingness model

Logistic regression                                     Number of obs =  1,000
                                                        LR chi2(2)    = 252.73
                                                        Prob > chi2   = 0.0000
Log likelihood = -566.73265                             Pseudo R2     = 0.1823

------------------------------------------------------------------------------
        my_r | Odds ratio   Std. err.      z    P>|z|     [95% conf. interval]
-------------+----------------------------------------------------------------
           y |   1.045845   .0807032     0.58   0.561     .8990498    1.216608
           z |   2.924723   .2459673    12.76   0.000     2.480271    3.448817
       _cons |   .5728114   .0478543    -6.67   0.000      .486295    .6747199
------------------------------------------------------------------------------
Note: _cons estimates baseline odds.
Complete case analysis

      Source |       SS           df       MS      Number of obs   =       505
-------------+----------------------------------   F(2, 502)       =     28.97
       Model |  49.5784627         2  24.7892314   Prob > F        =    0.0000
    Residual |   429.56965       502  .855716435   R-squared       =    0.1035
-------------+----------------------------------   Adj R-squared   =    0.0999
       Total |  479.148113       504  .950690701   Root MSE        =    .92505

------------------------------------------------------------------------------
           y | Coefficient  Std. err.      t    P>|t|     [95% conf. interval]
-------------+----------------------------------------------------------------
       xmiss |   .1362973   .0415846     3.28   0.001      .054596    .2179986
           z |   .2619602   .0439738     5.96   0.000     .1755649    .3483555
       _cons |  -.0391522   .0694997    -0.56   0.573    -.1756984     .097394
------------------------------------------------------------------------------
Augmented complete case analysis
Iteration 0:  f(p) = -44.535867  
Iteration 1:  f(p) =   -.067198  
Iteration 2:  f(p) = -.00010885  
Iteration 3:  f(p) = -1.663e-07  
Iteration 4:  f(p) = -2.694e-10  
Iteration 5:  f(p) = -4.117e-13  
file augacc_y z_mysim234.xlsx saved
file augacc_y z_mysim234.xlsx saved
------------------------------------------------------------------------------
             | Coefficient  Std. err.      z    P>|z|     [95% conf. interval]
-------------+----------------------------------------------------------------
       xmiss |   .1344051   .0396768     3.39   0.001       .05664    .2121703
           z |   .2540569     .03854     6.59   0.000     .1785199     .329594
       _cons |  -.0315849   .0628548    -0.50   0.615     -.154778    .0916083
------------------------------------------------------------------------------

. 
. // incorrect weight specification
. augcca z, y(y) x(xmiss) imps(imp31-imp60) pivars(z) mysim(mysim`1')
Missingness model

Logistic regression                                     Number of obs =  1,000
                                                        LR chi2(1)    = 252.39
                                                        Prob > chi2   = 0.0000
Log likelihood = -566.9014                              Pseudo R2     = 0.1821

------------------------------------------------------------------------------
        my_r | Odds ratio   Std. err.      z    P>|z|     [95% conf. interval]
-------------+----------------------------------------------------------------
           z |   2.965819   .2397441    13.45   0.000     2.531262    3.474979
       _cons |   .5738903   .0478945    -6.65   0.000      .487294    .6758754
------------------------------------------------------------------------------
Note: _cons estimates baseline odds.
Complete case analysis

      Source |       SS           df       MS      Number of obs   =       505
-------------+----------------------------------   F(2, 502)       =     28.97
       Model |  49.5784627         2  24.7892314   Prob > F        =    0.0000
    Residual |   429.56965       502  .855716435   R-squared       =    0.1035
-------------+----------------------------------   Adj R-squared   =    0.0999
       Total |  479.148113       504  .950690701   Root MSE        =    .92505

------------------------------------------------------------------------------
           y | Coefficient  Std. err.      t    P>|t|     [95% conf. interval]
-------------+----------------------------------------------------------------
       xmiss |   .1362973   .0415846     3.28   0.001      .054596    .2179986
           z |   .2619602   .0439738     5.96   0.000     .1755649    .3483555
       _cons |  -.0391522   .0694997    -0.56   0.573    -.1756984     .097394
------------------------------------------------------------------------------
Augmented complete case analysis
Iteration 0:  f(p) = -216.06392  
Iteration 1:  f(p) = -.20381889  
Iteration 2:  f(p) = -.00017877  
Iteration 3:  f(p) = -1.698e-07  
Iteration 4:  f(p) = -1.489e-10  
Iteration 5:  f(p) = -1.415e-13  
file augacc_z_mysim234.xlsx saved
file augacc_z_mysim234.xlsx saved
------------------------------------------------------------------------------
             | Coefficient  Std. err.      z    P>|z|     [95% conf. interval]
-------------+----------------------------------------------------------------
       xmiss |   .1347664   .0396709     3.40   0.001     .0570128    .2125199
           z |   .2605177   .0364644     7.14   0.000     .1890487    .3319867
       _cons |  -.0511572   .0497228    -1.03   0.304    -.1486121    .0462976
------------------------------------------------------------------------------

. 
. 
. 
. 
. 
end of do-file


. [?1l>