SLURM_JOBID:  37982990
SLURM_ARRAY_TASK_ID:  1000
SLURM_ARRAY_JOB_ID:  37982990
[?1h=
  ___  ____  ____  ____  ____ ®
 /__    /   ____/   /   ____/      18.0
___/   /   /___/   /   /___/       SE—Standard Edition

 Statistics and Data Science       Copyright 1985-2023 StataCorp LLC
                                   StataCorp
                                   4905 Lakeway Drive
                                   College Station, Texas 77845 USA
                                   800-STATA-PC        https://www.stata.com
                                   979-696-4600        stata@stata.com

Stata license: 125-user network, expiring 23 Jul 2024
Serial number: 401809304040
  Licensed to: UNC-CH
               Chapel Hill NC

Notes:
      1. Unicode is supported; see help unicode_advice.
      2. Maximum number of variables is set to 5,000 but can be increased;
          see help set_maxvar.

. do "main2.do" 1000 

. // jesus vazquez
. // 04/18/2024
. 
. clear

. import delimited "acc_example_stata.csv"
(encoding automatically selected: ISO-8859-2)
(6 vars, 1,001,000 obs)

. 
. keep if sim == `1'
(1,000,000 observations deleted)

. gen mysim`1' = 0

. 
. // gen imp1 = rnormal(0,1)
. // gen imp2 = rnormal(0,1)
. // gen imp3 = rnormal(0,1)
. // gen imp4 = rnormal(0,1)
. // gen imp5 = rnormal(0,1)
. // gen imp6 = rnormal(0,1)
. // gen imp7 = rnormal(0,1)
. // gen imp8 = rnormal(0,1)
. // gen imp9 = rnormal(0,1)
. // gen imp10 = rnormal(0,1)
. // gen imp11 = rnormal(0,1)
. // gen imp12 = rnormal(0,1)
. // gen imp13 = rnormal(0,1)
. // gen imp14 = rnormal(0,1)
. // gen imp15 = rnormal(0,1)
. // gen imp16 = rnormal(0,1)
. // gen imp17 = rnormal(0,1)
. // gen imp18 = rnormal(0,1)
. // gen imp19 = rnormal(0,1)
. // gen imp20 = rnormal(0,1)
. // gen imp21 = rnormal(0,1)
. // gen imp22 = rnormal(0,1)
. // gen imp23 = rnormal(0,1)
. // gen imp24 = rnormal(0,1)
. // gen imp25 = rnormal(0,1)
. // gen imp26 = rnormal(0,1)
. // gen imp27 = rnormal(0,1)
. // gen imp28 = rnormal(0,1)
. // gen imp29 = rnormal(0,1)
. // gen imp30 = rnormal(0,1)
. //
. // // correct weight 
. // augcca z, y(y) x(xmiss) imps(imp1-imp30) pivars(y z) mysim(mysim`1')
. //
. // // incorrect weight specification
. // augcca z, y(y) x(xmiss) imps(imp1-imp30) pivars(z) mysim(mysim`1')
. 
. // incorrect augmentation
. gen imp31 = rnormal(0,0.9) + 0.88 + 0.20*z + 0.20*y

. gen imp32 = rnormal(0,0.9) + 0.88 + 0.20*z + 0.20*y

. gen imp33 = rnormal(0,0.9) + 0.88 + 0.20*z + 0.20*y

. gen imp34 = rnormal(0,0.9) + 0.88 + 0.20*z + 0.20*y

. gen imp35 = rnormal(0,0.9) + 0.88 + 0.20*z + 0.20*y

. gen imp36 = rnormal(0,0.9) + 0.88 + 0.20*z + 0.20*y

. gen imp37 = rnormal(0,0.9) + 0.88 + 0.20*z + 0.20*y

. gen imp38 = rnormal(0,0.9) + 0.88 + 0.20*z + 0.20*y

. gen imp39 = rnormal(0,0.9) + 0.88 + 0.20*z + 0.20*y

. gen imp40 = rnormal(0,0.9) + 0.88 + 0.20*z + 0.20*y

. gen imp41 = rnormal(0,0.9) + 0.88 + 0.20*z + 0.20*y

. gen imp42 = rnormal(0,0.9) + 0.88 + 0.20*z + 0.20*y

. gen imp43 = rnormal(0,0.9) + 0.88 + 0.20*z + 0.20*y

. gen imp44 = rnormal(0,0.9) + 0.88 + 0.20*z + 0.20*y

. gen imp45 = rnormal(0,0.9) + 0.88 + 0.20*z + 0.20*y

. gen imp46 = rnormal(0,0.9) + 0.88 + 0.20*z + 0.20*y

. gen imp47 = rnormal(0,0.9) + 0.88 + 0.20*z + 0.20*y

. gen imp48 = rnormal(0,0.9) + 0.88 + 0.20*z + 0.20*y

. gen imp49 = rnormal(0,0.9) + 0.88 + 0.20*z + 0.20*y

. gen imp50 = rnormal(0,0.9) + 0.88 + 0.20*z + 0.20*y

. gen imp51 = rnormal(0,0.9) + 0.88 + 0.20*z + 0.20*y

. gen imp52 = rnormal(0,0.9) + 0.88 + 0.20*z + 0.20*y

. gen imp53 = rnormal(0,0.9) + 0.88 + 0.20*z + 0.20*y

. gen imp54 = rnormal(0,0.9) + 0.88 + 0.20*z + 0.20*y

. gen imp55 = rnormal(0,0.9) + 0.88 + 0.20*z + 0.20*y

. gen imp56 = rnormal(0,0.9) + 0.88 + 0.20*z + 0.20*y

. gen imp57 = rnormal(0,0.9) + 0.88 + 0.20*z + 0.20*y

. gen imp58 = rnormal(0,0.9) + 0.88 + 0.20*z + 0.20*y

. gen imp59 = rnormal(0,0.9) + 0.88 + 0.20*z + 0.20*y

. gen imp60 = rnormal(0,0.9) + 0.88 + 0.20*z + 0.20*y

. 
. // correct weight 
. augcca z, y(y) x(xmiss) imps(imp31-imp60) pivars(y z) mysim(mysim`1')
Missingness model

Logistic regression                                     Number of obs =  1,000
                                                        LR chi2(2)    = 237.03
                                                        Prob > chi2   = 0.0000
Log likelihood = -574.34238                             Pseudo R2     = 0.1711

------------------------------------------------------------------------------
        my_r | Odds ratio   Std. err.      z    P>|z|     [95% conf. interval]
-------------+----------------------------------------------------------------
           y |   1.229151   .0913821     2.78   0.006     1.062483    1.421963
           z |   2.611786   .2102519    11.93   0.000     2.230565    3.058161
       _cons |    .618119   .0507321    -5.86   0.000     .5262713    .7259964
------------------------------------------------------------------------------
Note: _cons estimates baseline odds.
Complete case analysis

      Source |       SS           df       MS      Number of obs   =       512
-------------+----------------------------------   F(2, 509)       =     41.32
       Model |  78.9233609         2  39.4616805   Prob > F        =    0.0000
    Residual |  486.140355       509  .955089106   R-squared       =    0.1397
-------------+----------------------------------   Adj R-squared   =    0.1363
       Total |  565.063716       511  1.10579984   Root MSE        =    .97729

------------------------------------------------------------------------------
           y | Coefficient  Std. err.      t    P>|t|     [95% conf. interval]
-------------+----------------------------------------------------------------
       xmiss |   .2418491   .0442808     5.46   0.000     .1548535    .3288447
           z |     .26594   .0446881     5.95   0.000     .1781441     .353736
       _cons |  -.1059687    .071907    -1.47   0.141    -.2472398    .0353025
------------------------------------------------------------------------------
Augmented complete case analysis
Iteration 0:  f(p) = -277.45421  
Iteration 1:  f(p) = -.23086422  
Iteration 2:  f(p) = -.00021846  
Iteration 3:  f(p) = -1.916e-07  
Iteration 4:  f(p) = -1.813e-10  
Iteration 5:  f(p) = -1.590e-13  
file augacc_y z_mysim1000.xlsx saved
file augacc_y z_mysim1000.xlsx saved
------------------------------------------------------------------------------
             | Coefficient  Std. err.      z    P>|z|     [95% conf. interval]
-------------+----------------------------------------------------------------
       xmiss |   .2383289   .0419608     5.68   0.000     .1560872    .3205705
           z |   .2405716   .0369507     6.51   0.000     .1681495    .3129937
       _cons |  -.0794013   .0652831    -1.22   0.224    -.2073537    .0485512
------------------------------------------------------------------------------

. 
. // incorrect weight specification
. augcca z, y(y) x(xmiss) imps(imp31-imp60) pivars(z) mysim(mysim`1')
Missingness model

Logistic regression                                     Number of obs =  1,000
                                                        LR chi2(1)    = 229.24
                                                        Prob > chi2   = 0.0000
Log likelihood = -578.24102                             Pseudo R2     = 0.1654

------------------------------------------------------------------------------
        my_r | Odds ratio   Std. err.      z    P>|z|     [95% conf. interval]
-------------+----------------------------------------------------------------
           z |   2.747665   .2165918    12.82   0.000     2.354321    3.206727
       _cons |    .624453   .0510555    -5.76   0.000     .5319921    .7329837
------------------------------------------------------------------------------
Note: _cons estimates baseline odds.
Complete case analysis

      Source |       SS           df       MS      Number of obs   =       512
-------------+----------------------------------   F(2, 509)       =     41.32
       Model |  78.9233609         2  39.4616805   Prob > F        =    0.0000
    Residual |  486.140355       509  .955089106   R-squared       =    0.1397
-------------+----------------------------------   Adj R-squared   =    0.1363
       Total |  565.063716       511  1.10579984   Root MSE        =    .97729

------------------------------------------------------------------------------
           y | Coefficient  Std. err.      t    P>|t|     [95% conf. interval]
-------------+----------------------------------------------------------------
       xmiss |   .2418491   .0442808     5.46   0.000     .1548535    .3288447
           z |     .26594   .0446881     5.95   0.000     .1781441     .353736
       _cons |  -.1059687    .071907    -1.47   0.141    -.2472398    .0353025
------------------------------------------------------------------------------
Augmented complete case analysis
Iteration 0:  f(p) = -5263.0831  
Iteration 1:  f(p) = -4.3255137  
Iteration 2:  f(p) = -.00337263  
Iteration 3:  f(p) = -2.855e-06  
Iteration 4:  f(p) = -2.226e-09  
Iteration 5:  f(p) = -1.884e-12  
file augacc_z_mysim1000.xlsx saved
file augacc_z_mysim1000.xlsx saved
------------------------------------------------------------------------------
             | Coefficient  Std. err.      z    P>|z|     [95% conf. interval]
-------------+----------------------------------------------------------------
       xmiss |   .2399847   .0423006     5.67   0.000     .1570771    .3228923
           z |   .2701571   .0355728     7.59   0.000     .2004357    .3398784
       _cons |  -.1900354   .0533688    -3.56   0.000    -.2946364   -.0854344
------------------------------------------------------------------------------

. 
. 
. 
. 
. 
end of do-file


. [?1l>