SLURM_JOBID:  37983081
SLURM_ARRAY_TASK_ID:  83
SLURM_ARRAY_JOB_ID:  37982990
[?1h=
  ___  ____  ____  ____  ____ ®
 /__    /   ____/   /   ____/      18.0
___/   /   /___/   /   /___/       SE—Standard Edition

 Statistics and Data Science       Copyright 1985-2023 StataCorp LLC
                                   StataCorp
                                   4905 Lakeway Drive
                                   College Station, Texas 77845 USA
                                   800-STATA-PC        https://www.stata.com
                                   979-696-4600        stata@stata.com

Stata license: 125-user network, expiring 23 Jul 2024
Serial number: 401809304040
  Licensed to: UNC-CH
               Chapel Hill NC

Notes:
      1. Unicode is supported; see help unicode_advice.
      2. Maximum number of variables is set to 5,000 but can be increased;
          see help set_maxvar.

. do "main2.do" 83 

. // jesus vazquez
. // 04/18/2024
. 
. clear

. import delimited "acc_example_stata.csv"
(encoding automatically selected: ISO-8859-2)
(6 vars, 1,001,000 obs)

. 
. keep if sim == `1'
(1,000,000 observations deleted)

. gen mysim`1' = 0

. 
. // gen imp1 = rnormal(0,1)
. // gen imp2 = rnormal(0,1)
. // gen imp3 = rnormal(0,1)
. // gen imp4 = rnormal(0,1)
. // gen imp5 = rnormal(0,1)
. // gen imp6 = rnormal(0,1)
. // gen imp7 = rnormal(0,1)
. // gen imp8 = rnormal(0,1)
. // gen imp9 = rnormal(0,1)
. // gen imp10 = rnormal(0,1)
. // gen imp11 = rnormal(0,1)
. // gen imp12 = rnormal(0,1)
. // gen imp13 = rnormal(0,1)
. // gen imp14 = rnormal(0,1)
. // gen imp15 = rnormal(0,1)
. // gen imp16 = rnormal(0,1)
. // gen imp17 = rnormal(0,1)
. // gen imp18 = rnormal(0,1)
. // gen imp19 = rnormal(0,1)
. // gen imp20 = rnormal(0,1)
. // gen imp21 = rnormal(0,1)
. // gen imp22 = rnormal(0,1)
. // gen imp23 = rnormal(0,1)
. // gen imp24 = rnormal(0,1)
. // gen imp25 = rnormal(0,1)
. // gen imp26 = rnormal(0,1)
. // gen imp27 = rnormal(0,1)
. // gen imp28 = rnormal(0,1)
. // gen imp29 = rnormal(0,1)
. // gen imp30 = rnormal(0,1)
. //
. // // correct weight 
. // augcca z, y(y) x(xmiss) imps(imp1-imp30) pivars(y z) mysim(mysim`1')
. //
. // // incorrect weight specification
. // augcca z, y(y) x(xmiss) imps(imp1-imp30) pivars(z) mysim(mysim`1')
. 
. // incorrect augmentation
. gen imp31 = rnormal(0,0.9) + 0.88 + 0.20*z + 0.20*y

. gen imp32 = rnormal(0,0.9) + 0.88 + 0.20*z + 0.20*y

. gen imp33 = rnormal(0,0.9) + 0.88 + 0.20*z + 0.20*y

. gen imp34 = rnormal(0,0.9) + 0.88 + 0.20*z + 0.20*y

. gen imp35 = rnormal(0,0.9) + 0.88 + 0.20*z + 0.20*y

. gen imp36 = rnormal(0,0.9) + 0.88 + 0.20*z + 0.20*y

. gen imp37 = rnormal(0,0.9) + 0.88 + 0.20*z + 0.20*y

. gen imp38 = rnormal(0,0.9) + 0.88 + 0.20*z + 0.20*y

. gen imp39 = rnormal(0,0.9) + 0.88 + 0.20*z + 0.20*y

. gen imp40 = rnormal(0,0.9) + 0.88 + 0.20*z + 0.20*y

. gen imp41 = rnormal(0,0.9) + 0.88 + 0.20*z + 0.20*y

. gen imp42 = rnormal(0,0.9) + 0.88 + 0.20*z + 0.20*y

. gen imp43 = rnormal(0,0.9) + 0.88 + 0.20*z + 0.20*y

. gen imp44 = rnormal(0,0.9) + 0.88 + 0.20*z + 0.20*y

. gen imp45 = rnormal(0,0.9) + 0.88 + 0.20*z + 0.20*y

. gen imp46 = rnormal(0,0.9) + 0.88 + 0.20*z + 0.20*y

. gen imp47 = rnormal(0,0.9) + 0.88 + 0.20*z + 0.20*y

. gen imp48 = rnormal(0,0.9) + 0.88 + 0.20*z + 0.20*y

. gen imp49 = rnormal(0,0.9) + 0.88 + 0.20*z + 0.20*y

. gen imp50 = rnormal(0,0.9) + 0.88 + 0.20*z + 0.20*y

. gen imp51 = rnormal(0,0.9) + 0.88 + 0.20*z + 0.20*y

. gen imp52 = rnormal(0,0.9) + 0.88 + 0.20*z + 0.20*y

. gen imp53 = rnormal(0,0.9) + 0.88 + 0.20*z + 0.20*y

. gen imp54 = rnormal(0,0.9) + 0.88 + 0.20*z + 0.20*y

. gen imp55 = rnormal(0,0.9) + 0.88 + 0.20*z + 0.20*y

. gen imp56 = rnormal(0,0.9) + 0.88 + 0.20*z + 0.20*y

. gen imp57 = rnormal(0,0.9) + 0.88 + 0.20*z + 0.20*y

. gen imp58 = rnormal(0,0.9) + 0.88 + 0.20*z + 0.20*y

. gen imp59 = rnormal(0,0.9) + 0.88 + 0.20*z + 0.20*y

. gen imp60 = rnormal(0,0.9) + 0.88 + 0.20*z + 0.20*y

. 
. // correct weight 
. augcca z, y(y) x(xmiss) imps(imp31-imp60) pivars(y z) mysim(mysim`1')
Missingness model

Logistic regression                                     Number of obs =  1,000
                                                        LR chi2(2)    = 228.79
                                                        Prob > chi2   = 0.0000
Log likelihood = -578.51134                             Pseudo R2     = 0.1651

------------------------------------------------------------------------------
        my_r | Odds ratio   Std. err.      z    P>|z|     [95% conf. interval]
-------------+----------------------------------------------------------------
           y |   1.119724   .0849306     1.49   0.136     .9650457    1.299195
           z |   2.771778   .2308827    12.24   0.000     2.354265    3.263334
       _cons |   .6243131   .0504806    -5.83   0.000     .5328146    .7315243
------------------------------------------------------------------------------
Note: _cons estimates baseline odds.
Complete case analysis

      Source |       SS           df       MS      Number of obs   =       511
-------------+----------------------------------   F(2, 508)       =     37.13
       Model |  66.4636447         2  33.2318224   Prob > F        =    0.0000
    Residual |  454.697192       508  .895073212   R-squared       =    0.1275
-------------+----------------------------------   Adj R-squared   =    0.1241
       Total |  521.160836       510  1.02188399   Root MSE        =    .94608

------------------------------------------------------------------------------
           y | Coefficient  Std. err.      t    P>|t|     [95% conf. interval]
-------------+----------------------------------------------------------------
       xmiss |   .2393751   .0430942     5.55   0.000     .1547102      .32404
           z |   .2429719   .0452948     5.36   0.000     .1539837    .3319602
       _cons |  -.1548099   .0703971    -2.20   0.028    -.2931152   -.0165046
------------------------------------------------------------------------------
Augmented complete case analysis
Iteration 0:  f(p) = -265.72454  
Iteration 1:  f(p) = -.20921962  
Iteration 2:  f(p) =  -.0002149  
Iteration 3:  f(p) = -1.980e-07  
Iteration 4:  f(p) = -2.034e-10  
Iteration 5:  f(p) = -1.873e-13  
file augacc_y z_mysim83.xlsx saved
file augacc_y z_mysim83.xlsx saved
------------------------------------------------------------------------------
             | Coefficient  Std. err.      z    P>|z|     [95% conf. interval]
-------------+----------------------------------------------------------------
       xmiss |   .2268767    .041944     5.41   0.000      .144668    .3090855
           z |   .2145209   .0388665     5.52   0.000     .1383439    .2906978
       _cons |  -.1121749   .0683638    -1.64   0.101    -.2461656    .0218158
------------------------------------------------------------------------------

. 
. // incorrect weight specification
. augcca z, y(y) x(xmiss) imps(imp31-imp60) pivars(z) mysim(mysim`1')
Missingness model

Logistic regression                                     Number of obs =  1,000
                                                        LR chi2(1)    = 226.56
                                                        Prob > chi2   = 0.0000
Log likelihood = -579.62705                             Pseudo R2     = 0.1635

------------------------------------------------------------------------------
        my_r | Odds ratio   Std. err.      z    P>|z|     [95% conf. interval]
-------------+----------------------------------------------------------------
           z |   2.853424   .2320236    12.89   0.000     2.433053    3.346424
       _cons |   .6265562   .0505738    -5.79   0.000     .5348766      .73395
------------------------------------------------------------------------------
Note: _cons estimates baseline odds.
Complete case analysis

      Source |       SS           df       MS      Number of obs   =       511
-------------+----------------------------------   F(2, 508)       =     37.13
       Model |  66.4636447         2  33.2318224   Prob > F        =    0.0000
    Residual |  454.697192       508  .895073212   R-squared       =    0.1275
-------------+----------------------------------   Adj R-squared   =    0.1241
       Total |  521.160836       510  1.02188399   Root MSE        =    .94608

------------------------------------------------------------------------------
           y | Coefficient  Std. err.      t    P>|t|     [95% conf. interval]
-------------+----------------------------------------------------------------
       xmiss |   .2393751   .0430942     5.55   0.000     .1547102      .32404
           z |   .2429719   .0452948     5.36   0.000     .1539837    .3319602
       _cons |  -.1548099   .0703971    -2.20   0.028    -.2931152   -.0165046
------------------------------------------------------------------------------
Augmented complete case analysis
Iteration 0:  f(p) = -1592.7102  
Iteration 1:  f(p) = -1.1128878  
Iteration 2:  f(p) = -.00085386  
Iteration 3:  f(p) = -7.274e-07  
Iteration 4:  f(p) = -5.581e-10  
Iteration 5:  f(p) = -4.755e-13  
file augacc_z_mysim83.xlsx saved
file augacc_z_mysim83.xlsx saved
------------------------------------------------------------------------------
             | Coefficient  Std. err.      z    P>|z|     [95% conf. interval]
-------------+----------------------------------------------------------------
       xmiss |   .2318185   .0420311     5.52   0.000      .149439    .3141979
           z |   .2305261   .0368519     6.26   0.000     .1582978    .3027544
       _cons |  -.1715721   .0553623    -3.10   0.002    -.2800803   -.0630639
------------------------------------------------------------------------------

. 
. 
. 
. 
. 
end of do-file


. [?1l>