SLURM_JOBID:  37983472
SLURM_ARRAY_TASK_ID:  447
SLURM_ARRAY_JOB_ID:  37982990
[?1h=
  ___  ____  ____  ____  ____ ®
 /__    /   ____/   /   ____/      18.0
___/   /   /___/   /   /___/       SE—Standard Edition

 Statistics and Data Science       Copyright 1985-2023 StataCorp LLC
                                   StataCorp
                                   4905 Lakeway Drive
                                   College Station, Texas 77845 USA
                                   800-STATA-PC        https://www.stata.com
                                   979-696-4600        stata@stata.com

Stata license: 125-user network, expiring 23 Jul 2024
Serial number: 401809304040
  Licensed to: UNC-CH
               Chapel Hill NC

Notes:
      1. Unicode is supported; see help unicode_advice.
      2. Maximum number of variables is set to 5,000 but can be increased;
          see help set_maxvar.

. do "main2.do" 447 

. // jesus vazquez
. // 04/18/2024
. 
. clear

. import delimited "acc_example_stata.csv"
(encoding automatically selected: ISO-8859-2)
(6 vars, 1,001,000 obs)

. 
. keep if sim == `1'
(1,000,000 observations deleted)

. gen mysim`1' = 0

. 
. // gen imp1 = rnormal(0,1)
. // gen imp2 = rnormal(0,1)
. // gen imp3 = rnormal(0,1)
. // gen imp4 = rnormal(0,1)
. // gen imp5 = rnormal(0,1)
. // gen imp6 = rnormal(0,1)
. // gen imp7 = rnormal(0,1)
. // gen imp8 = rnormal(0,1)
. // gen imp9 = rnormal(0,1)
. // gen imp10 = rnormal(0,1)
. // gen imp11 = rnormal(0,1)
. // gen imp12 = rnormal(0,1)
. // gen imp13 = rnormal(0,1)
. // gen imp14 = rnormal(0,1)
. // gen imp15 = rnormal(0,1)
. // gen imp16 = rnormal(0,1)
. // gen imp17 = rnormal(0,1)
. // gen imp18 = rnormal(0,1)
. // gen imp19 = rnormal(0,1)
. // gen imp20 = rnormal(0,1)
. // gen imp21 = rnormal(0,1)
. // gen imp22 = rnormal(0,1)
. // gen imp23 = rnormal(0,1)
. // gen imp24 = rnormal(0,1)
. // gen imp25 = rnormal(0,1)
. // gen imp26 = rnormal(0,1)
. // gen imp27 = rnormal(0,1)
. // gen imp28 = rnormal(0,1)
. // gen imp29 = rnormal(0,1)
. // gen imp30 = rnormal(0,1)
. //
. // // correct weight 
. // augcca z, y(y) x(xmiss) imps(imp1-imp30) pivars(y z) mysim(mysim`1')
. //
. // // incorrect weight specification
. // augcca z, y(y) x(xmiss) imps(imp1-imp30) pivars(z) mysim(mysim`1')
. 
. // incorrect augmentation
. gen imp31 = rnormal(0,0.9) + 0.88 + 0.20*z + 0.20*y

. gen imp32 = rnormal(0,0.9) + 0.88 + 0.20*z + 0.20*y

. gen imp33 = rnormal(0,0.9) + 0.88 + 0.20*z + 0.20*y

. gen imp34 = rnormal(0,0.9) + 0.88 + 0.20*z + 0.20*y

. gen imp35 = rnormal(0,0.9) + 0.88 + 0.20*z + 0.20*y

. gen imp36 = rnormal(0,0.9) + 0.88 + 0.20*z + 0.20*y

. gen imp37 = rnormal(0,0.9) + 0.88 + 0.20*z + 0.20*y

. gen imp38 = rnormal(0,0.9) + 0.88 + 0.20*z + 0.20*y

. gen imp39 = rnormal(0,0.9) + 0.88 + 0.20*z + 0.20*y

. gen imp40 = rnormal(0,0.9) + 0.88 + 0.20*z + 0.20*y

. gen imp41 = rnormal(0,0.9) + 0.88 + 0.20*z + 0.20*y

. gen imp42 = rnormal(0,0.9) + 0.88 + 0.20*z + 0.20*y

. gen imp43 = rnormal(0,0.9) + 0.88 + 0.20*z + 0.20*y

. gen imp44 = rnormal(0,0.9) + 0.88 + 0.20*z + 0.20*y

. gen imp45 = rnormal(0,0.9) + 0.88 + 0.20*z + 0.20*y

. gen imp46 = rnormal(0,0.9) + 0.88 + 0.20*z + 0.20*y

. gen imp47 = rnormal(0,0.9) + 0.88 + 0.20*z + 0.20*y

. gen imp48 = rnormal(0,0.9) + 0.88 + 0.20*z + 0.20*y

. gen imp49 = rnormal(0,0.9) + 0.88 + 0.20*z + 0.20*y

. gen imp50 = rnormal(0,0.9) + 0.88 + 0.20*z + 0.20*y

. gen imp51 = rnormal(0,0.9) + 0.88 + 0.20*z + 0.20*y

. gen imp52 = rnormal(0,0.9) + 0.88 + 0.20*z + 0.20*y

. gen imp53 = rnormal(0,0.9) + 0.88 + 0.20*z + 0.20*y

. gen imp54 = rnormal(0,0.9) + 0.88 + 0.20*z + 0.20*y

. gen imp55 = rnormal(0,0.9) + 0.88 + 0.20*z + 0.20*y

. gen imp56 = rnormal(0,0.9) + 0.88 + 0.20*z + 0.20*y

. gen imp57 = rnormal(0,0.9) + 0.88 + 0.20*z + 0.20*y

. gen imp58 = rnormal(0,0.9) + 0.88 + 0.20*z + 0.20*y

. gen imp59 = rnormal(0,0.9) + 0.88 + 0.20*z + 0.20*y

. gen imp60 = rnormal(0,0.9) + 0.88 + 0.20*z + 0.20*y

. 
. // correct weight 
. augcca z, y(y) x(xmiss) imps(imp31-imp60) pivars(y z) mysim(mysim`1')
Missingness model

Logistic regression                                     Number of obs =  1,000
                                                        LR chi2(2)    = 190.32
                                                        Prob > chi2   = 0.0000
Log likelihood = -597.59301                             Pseudo R2     = 0.1374

------------------------------------------------------------------------------
        my_r | Odds ratio   Std. err.      z    P>|z|     [95% conf. interval]
-------------+----------------------------------------------------------------
           y |   1.119441    .084511     1.49   0.135     .9654746    1.297962
           z |   2.386359   .1852499    11.20   0.000     2.049549     2.77852
       _cons |   .5847203   .0471413    -6.66   0.000     .4992552    .6848159
------------------------------------------------------------------------------
Note: _cons estimates baseline odds.
Complete case analysis

      Source |       SS           df       MS      Number of obs   =       486
-------------+----------------------------------   F(2, 483)       =     20.62
       Model |  35.9803989         2  17.9901994   Prob > F        =    0.0000
    Residual |  421.360047       483  .872381049   R-squared       =    0.0787
-------------+----------------------------------   Adj R-squared   =    0.0749
       Total |  457.340446       485  .942969991   Root MSE        =    .93401

------------------------------------------------------------------------------
           y | Coefficient  Std. err.      t    P>|t|     [95% conf. interval]
-------------+----------------------------------------------------------------
       xmiss |   .1364101   .0455165     3.00   0.003     .0469752    .2258449
           z |   .2107515   .0448526     4.70   0.000     .1226212    .2988819
       _cons |   .0264247   .0686861     0.38   0.701    -.1085357    .1613851
------------------------------------------------------------------------------
Augmented complete case analysis
Iteration 0:  f(p) = -28.968617  
Iteration 1:  f(p) =   -.041849  
Iteration 2:  f(p) =  -.0000702  
Iteration 3:  f(p) = -1.014e-07  
Iteration 4:  f(p) = -1.702e-10  
Iteration 5:  f(p) = -2.459e-13  
file augacc_y z_mysim447.xlsx saved
file augacc_y z_mysim447.xlsx saved
------------------------------------------------------------------------------
             | Coefficient  Std. err.      z    P>|z|     [95% conf. interval]
-------------+----------------------------------------------------------------
       xmiss |   .1371238   .0444344     3.09   0.002      .050034    .2242135
           z |   .2001013   .0397463     5.03   0.000     .1221999    .2780027
       _cons |   .0362289   .0637632     0.57   0.570    -.0887446    .1612024
------------------------------------------------------------------------------

. 
. // incorrect weight specification
. augcca z, y(y) x(xmiss) imps(imp31-imp60) pivars(z) mysim(mysim`1')
Missingness model

Logistic regression                                     Number of obs =  1,000
                                                        LR chi2(1)    = 188.08
                                                        Prob > chi2   = 0.0000
Log likelihood = -598.71481                             Pseudo R2     = 0.1357

------------------------------------------------------------------------------
        my_r | Odds ratio   Std. err.      z    P>|z|     [95% conf. interval]
-------------+----------------------------------------------------------------
           z |   2.462044   .1850138    11.99   0.000     2.124863    2.852729
       _cons |   .5888151   .0472721    -6.60   0.000     .5030852    .6891541
------------------------------------------------------------------------------
Note: _cons estimates baseline odds.
Complete case analysis

      Source |       SS           df       MS      Number of obs   =       486
-------------+----------------------------------   F(2, 483)       =     20.62
       Model |  35.9803989         2  17.9901994   Prob > F        =    0.0000
    Residual |  421.360047       483  .872381049   R-squared       =    0.0787
-------------+----------------------------------   Adj R-squared   =    0.0749
       Total |  457.340446       485  .942969991   Root MSE        =    .93401

------------------------------------------------------------------------------
           y | Coefficient  Std. err.      t    P>|t|     [95% conf. interval]
-------------+----------------------------------------------------------------
       xmiss |   .1364101   .0455165     3.00   0.003     .0469752    .2258449
           z |   .2107515   .0448526     4.70   0.000     .1226212    .2988819
       _cons |   .0264247   .0686861     0.38   0.701    -.1085357    .1613851
------------------------------------------------------------------------------
Augmented complete case analysis
Iteration 0:  f(p) = -926.34858  
Iteration 1:  f(p) = -1.3192093  
Iteration 2:  f(p) = -.00172824  
Iteration 3:  f(p) = -2.717e-06  
Iteration 4:  f(p) = -3.560e-09  
Iteration 5:  f(p) = -5.596e-12  
file augacc_z_mysim447.xlsx saved
file augacc_z_mysim447.xlsx saved
------------------------------------------------------------------------------
             | Coefficient  Std. err.      z    P>|z|     [95% conf. interval]
-------------+----------------------------------------------------------------
       xmiss |   .1371739   .0445226     3.08   0.002     .0499113    .2244365
           z |   .2172841   .0378342     5.74   0.000     .1431304    .2914377
       _cons |  -.0203599   .0501456    -0.41   0.685    -.1186435    .0779237
------------------------------------------------------------------------------

. 
. 
. 
. 
. 
end of do-file


. [?1l>