SLURM_JOBID:  37984727
SLURM_ARRAY_TASK_ID:  800
SLURM_ARRAY_JOB_ID:  37982990
[?1h=
  ___  ____  ____  ____  ____ ®
 /__    /   ____/   /   ____/      18.0
___/   /   /___/   /   /___/       SE—Standard Edition

 Statistics and Data Science       Copyright 1985-2023 StataCorp LLC
                                   StataCorp
                                   4905 Lakeway Drive
                                   College Station, Texas 77845 USA
                                   800-STATA-PC        https://www.stata.com
                                   979-696-4600        stata@stata.com

Stata license: 125-user network, expiring 23 Jul 2024
Serial number: 401809304040
  Licensed to: UNC-CH
               Chapel Hill NC

Notes:
      1. Unicode is supported; see help unicode_advice.
      2. Maximum number of variables is set to 5,000 but can be increased;
          see help set_maxvar.

. do "main2.do" 800 

. // jesus vazquez
. // 04/18/2024
. 
. clear

. import delimited "acc_example_stata.csv"
(encoding automatically selected: ISO-8859-2)
(6 vars, 1,001,000 obs)

. 
. keep if sim == `1'
(1,000,000 observations deleted)

. gen mysim`1' = 0

. 
. // gen imp1 = rnormal(0,1)
. // gen imp2 = rnormal(0,1)
. // gen imp3 = rnormal(0,1)
. // gen imp4 = rnormal(0,1)
. // gen imp5 = rnormal(0,1)
. // gen imp6 = rnormal(0,1)
. // gen imp7 = rnormal(0,1)
. // gen imp8 = rnormal(0,1)
. // gen imp9 = rnormal(0,1)
. // gen imp10 = rnormal(0,1)
. // gen imp11 = rnormal(0,1)
. // gen imp12 = rnormal(0,1)
. // gen imp13 = rnormal(0,1)
. // gen imp14 = rnormal(0,1)
. // gen imp15 = rnormal(0,1)
. // gen imp16 = rnormal(0,1)
. // gen imp17 = rnormal(0,1)
. // gen imp18 = rnormal(0,1)
. // gen imp19 = rnormal(0,1)
. // gen imp20 = rnormal(0,1)
. // gen imp21 = rnormal(0,1)
. // gen imp22 = rnormal(0,1)
. // gen imp23 = rnormal(0,1)
. // gen imp24 = rnormal(0,1)
. // gen imp25 = rnormal(0,1)
. // gen imp26 = rnormal(0,1)
. // gen imp27 = rnormal(0,1)
. // gen imp28 = rnormal(0,1)
. // gen imp29 = rnormal(0,1)
. // gen imp30 = rnormal(0,1)
. //
. // // correct weight 
. // augcca z, y(y) x(xmiss) imps(imp1-imp30) pivars(y z) mysim(mysim`1')
. //
. // // incorrect weight specification
. // augcca z, y(y) x(xmiss) imps(imp1-imp30) pivars(z) mysim(mysim`1')
. 
. // incorrect augmentation
. gen imp31 = rnormal(0,0.9) + 0.88 + 0.20*z + 0.20*y

. gen imp32 = rnormal(0,0.9) + 0.88 + 0.20*z + 0.20*y

. gen imp33 = rnormal(0,0.9) + 0.88 + 0.20*z + 0.20*y

. gen imp34 = rnormal(0,0.9) + 0.88 + 0.20*z + 0.20*y

. gen imp35 = rnormal(0,0.9) + 0.88 + 0.20*z + 0.20*y

. gen imp36 = rnormal(0,0.9) + 0.88 + 0.20*z + 0.20*y

. gen imp37 = rnormal(0,0.9) + 0.88 + 0.20*z + 0.20*y

. gen imp38 = rnormal(0,0.9) + 0.88 + 0.20*z + 0.20*y

. gen imp39 = rnormal(0,0.9) + 0.88 + 0.20*z + 0.20*y

. gen imp40 = rnormal(0,0.9) + 0.88 + 0.20*z + 0.20*y

. gen imp41 = rnormal(0,0.9) + 0.88 + 0.20*z + 0.20*y

. gen imp42 = rnormal(0,0.9) + 0.88 + 0.20*z + 0.20*y

. gen imp43 = rnormal(0,0.9) + 0.88 + 0.20*z + 0.20*y

. gen imp44 = rnormal(0,0.9) + 0.88 + 0.20*z + 0.20*y

. gen imp45 = rnormal(0,0.9) + 0.88 + 0.20*z + 0.20*y

. gen imp46 = rnormal(0,0.9) + 0.88 + 0.20*z + 0.20*y

. gen imp47 = rnormal(0,0.9) + 0.88 + 0.20*z + 0.20*y

. gen imp48 = rnormal(0,0.9) + 0.88 + 0.20*z + 0.20*y

. gen imp49 = rnormal(0,0.9) + 0.88 + 0.20*z + 0.20*y

. gen imp50 = rnormal(0,0.9) + 0.88 + 0.20*z + 0.20*y

. gen imp51 = rnormal(0,0.9) + 0.88 + 0.20*z + 0.20*y

. gen imp52 = rnormal(0,0.9) + 0.88 + 0.20*z + 0.20*y

. gen imp53 = rnormal(0,0.9) + 0.88 + 0.20*z + 0.20*y

. gen imp54 = rnormal(0,0.9) + 0.88 + 0.20*z + 0.20*y

. gen imp55 = rnormal(0,0.9) + 0.88 + 0.20*z + 0.20*y

. gen imp56 = rnormal(0,0.9) + 0.88 + 0.20*z + 0.20*y

. gen imp57 = rnormal(0,0.9) + 0.88 + 0.20*z + 0.20*y

. gen imp58 = rnormal(0,0.9) + 0.88 + 0.20*z + 0.20*y

. gen imp59 = rnormal(0,0.9) + 0.88 + 0.20*z + 0.20*y

. gen imp60 = rnormal(0,0.9) + 0.88 + 0.20*z + 0.20*y

. 
. // correct weight 
. augcca z, y(y) x(xmiss) imps(imp31-imp60) pivars(y z) mysim(mysim`1')
Missingness model

Logistic regression                                     Number of obs =  1,000
                                                        LR chi2(2)    = 277.38
                                                        Prob > chi2   = 0.0000
Log likelihood = -553.57618                             Pseudo R2     = 0.2003

------------------------------------------------------------------------------
        my_r | Odds ratio   Std. err.      z    P>|z|     [95% conf. interval]
-------------+----------------------------------------------------------------
           y |    1.26624   .0950851     3.14   0.002     1.092942    1.467016
           z |   2.901858   .2415236    12.80   0.000     2.465075    3.416034
       _cons |   .5321563   .0444657    -7.55   0.000     .4517674    .6268499
------------------------------------------------------------------------------
Note: _cons estimates baseline odds.
Complete case analysis

      Source |       SS           df       MS      Number of obs   =       479
-------------+----------------------------------   F(2, 476)       =     22.26
       Model |  41.2702617         2  20.6351309   Prob > F        =    0.0000
    Residual |  441.160275       476    .9268073   R-squared       =    0.0855
-------------+----------------------------------   Adj R-squared   =    0.0817
       Total |  482.430537       478  1.00926891   Root MSE        =    .96271

------------------------------------------------------------------------------
           y | Coefficient  Std. err.      t    P>|t|     [95% conf. interval]
-------------+----------------------------------------------------------------
       xmiss |     .15993   .0459784     3.48   0.001     .0695842    .2502758
           z |   .2222194   .0472982     4.70   0.000     .1292803    .3151585
       _cons |   .0681316    .072662     0.94   0.349    -.0746463    .2109096
------------------------------------------------------------------------------
Augmented complete case analysis
Iteration 0:  f(p) =   -287.875  
Iteration 1:  f(p) = -.32419609  
Iteration 2:  f(p) = -.00039874  
Iteration 3:  f(p) = -4.508e-07  
Iteration 4:  f(p) = -5.544e-10  
Iteration 5:  f(p) = -6.267e-13  
file augacc_y z_mysim800.xlsx saved
file augacc_y z_mysim800.xlsx saved
------------------------------------------------------------------------------
             | Coefficient  Std. err.      z    P>|z|     [95% conf. interval]
-------------+----------------------------------------------------------------
       xmiss |   .1588721   .0446043     3.56   0.000     .0714493    .2462948
           z |   .2529789   .0415885     6.08   0.000     .1714669    .3344908
       _cons |   .0419895   .0650764     0.65   0.519    -.0855578    .1695368
------------------------------------------------------------------------------

. 
. // incorrect weight specification
. augcca z, y(y) x(xmiss) imps(imp31-imp60) pivars(z) mysim(mysim`1')
Missingness model

Logistic regression                                     Number of obs =  1,000
                                                        LR chi2(1)    = 267.38
                                                        Prob > chi2   = 0.0000
Log likelihood = -558.57634                             Pseudo R2     = 0.1931

------------------------------------------------------------------------------
        my_r | Odds ratio   Std. err.      z    P>|z|     [95% conf. interval]
-------------+----------------------------------------------------------------
           z |   3.064511   .2500537    13.72   0.000     2.611596    3.595972
       _cons |   .5417872   .0449277    -7.39   0.000      .460514    .6374038
------------------------------------------------------------------------------
Note: _cons estimates baseline odds.
Complete case analysis

      Source |       SS           df       MS      Number of obs   =       479
-------------+----------------------------------   F(2, 476)       =     22.26
       Model |  41.2702617         2  20.6351309   Prob > F        =    0.0000
    Residual |  441.160275       476    .9268073   R-squared       =    0.0855
-------------+----------------------------------   Adj R-squared   =    0.0817
       Total |  482.430537       478  1.00926891   Root MSE        =    .96271

------------------------------------------------------------------------------
           y | Coefficient  Std. err.      t    P>|t|     [95% conf. interval]
-------------+----------------------------------------------------------------
       xmiss |     .15993   .0459784     3.48   0.001     .0695842    .2502758
           z |   .2222194   .0472982     4.70   0.000     .1292803    .3151585
       _cons |   .0681316    .072662     0.94   0.349    -.0746463    .2109096
------------------------------------------------------------------------------
Augmented complete case analysis
Iteration 0:  f(p) =  -2809.186  
Iteration 1:  f(p) = -2.9506796  
Iteration 2:  f(p) = -.00298669  
Iteration 3:  f(p) = -3.442e-06  
Iteration 4:  f(p) = -3.484e-09  
Iteration 5:  f(p) = -4.015e-12  
file augacc_z_mysim800.xlsx saved
file augacc_z_mysim800.xlsx saved
------------------------------------------------------------------------------
             | Coefficient  Std. err.      z    P>|z|     [95% conf. interval]
-------------+----------------------------------------------------------------
       xmiss |   .1495839   .0442639     3.38   0.001     .0628283    .2363395
           z |   .3086111   .0378788     8.15   0.000       .23437    .3828522
       _cons |   -.094625   .0505943    -1.87   0.061     -.193788    .0045379
------------------------------------------------------------------------------

. 
. 
. 
. 
. 
end of do-file


. [?1l>