SLURM_JOBID:  37983153
SLURM_ARRAY_TASK_ID:  146
SLURM_ARRAY_JOB_ID:  37982990
[?1h=
  ___  ____  ____  ____  ____ ®
 /__    /   ____/   /   ____/      18.0
___/   /   /___/   /   /___/       SE—Standard Edition

 Statistics and Data Science       Copyright 1985-2023 StataCorp LLC
                                   StataCorp
                                   4905 Lakeway Drive
                                   College Station, Texas 77845 USA
                                   800-STATA-PC        https://www.stata.com
                                   979-696-4600        stata@stata.com

Stata license: 125-user network, expiring 23 Jul 2024
Serial number: 401809304040
  Licensed to: UNC-CH
               Chapel Hill NC

Notes:
      1. Unicode is supported; see help unicode_advice.
      2. Maximum number of variables is set to 5,000 but can be increased;
          see help set_maxvar.

. do "main2.do" 146 

. // jesus vazquez
. // 04/18/2024
. 
. clear

. import delimited "acc_example_stata.csv"
(encoding automatically selected: ISO-8859-2)
(6 vars, 1,001,000 obs)

. 
. keep if sim == `1'
(1,000,000 observations deleted)

. gen mysim`1' = 0

. 
. // gen imp1 = rnormal(0,1)
. // gen imp2 = rnormal(0,1)
. // gen imp3 = rnormal(0,1)
. // gen imp4 = rnormal(0,1)
. // gen imp5 = rnormal(0,1)
. // gen imp6 = rnormal(0,1)
. // gen imp7 = rnormal(0,1)
. // gen imp8 = rnormal(0,1)
. // gen imp9 = rnormal(0,1)
. // gen imp10 = rnormal(0,1)
. // gen imp11 = rnormal(0,1)
. // gen imp12 = rnormal(0,1)
. // gen imp13 = rnormal(0,1)
. // gen imp14 = rnormal(0,1)
. // gen imp15 = rnormal(0,1)
. // gen imp16 = rnormal(0,1)
. // gen imp17 = rnormal(0,1)
. // gen imp18 = rnormal(0,1)
. // gen imp19 = rnormal(0,1)
. // gen imp20 = rnormal(0,1)
. // gen imp21 = rnormal(0,1)
. // gen imp22 = rnormal(0,1)
. // gen imp23 = rnormal(0,1)
. // gen imp24 = rnormal(0,1)
. // gen imp25 = rnormal(0,1)
. // gen imp26 = rnormal(0,1)
. // gen imp27 = rnormal(0,1)
. // gen imp28 = rnormal(0,1)
. // gen imp29 = rnormal(0,1)
. // gen imp30 = rnormal(0,1)
. //
. // // correct weight 
. // augcca z, y(y) x(xmiss) imps(imp1-imp30) pivars(y z) mysim(mysim`1')
. //
. // // incorrect weight specification
. // augcca z, y(y) x(xmiss) imps(imp1-imp30) pivars(z) mysim(mysim`1')
. 
. // incorrect augmentation
. gen imp31 = rnormal(0,0.9) + 0.88 + 0.20*z + 0.20*y

. gen imp32 = rnormal(0,0.9) + 0.88 + 0.20*z + 0.20*y

. gen imp33 = rnormal(0,0.9) + 0.88 + 0.20*z + 0.20*y

. gen imp34 = rnormal(0,0.9) + 0.88 + 0.20*z + 0.20*y

. gen imp35 = rnormal(0,0.9) + 0.88 + 0.20*z + 0.20*y

. gen imp36 = rnormal(0,0.9) + 0.88 + 0.20*z + 0.20*y

. gen imp37 = rnormal(0,0.9) + 0.88 + 0.20*z + 0.20*y

. gen imp38 = rnormal(0,0.9) + 0.88 + 0.20*z + 0.20*y

. gen imp39 = rnormal(0,0.9) + 0.88 + 0.20*z + 0.20*y

. gen imp40 = rnormal(0,0.9) + 0.88 + 0.20*z + 0.20*y

. gen imp41 = rnormal(0,0.9) + 0.88 + 0.20*z + 0.20*y

. gen imp42 = rnormal(0,0.9) + 0.88 + 0.20*z + 0.20*y

. gen imp43 = rnormal(0,0.9) + 0.88 + 0.20*z + 0.20*y

. gen imp44 = rnormal(0,0.9) + 0.88 + 0.20*z + 0.20*y

. gen imp45 = rnormal(0,0.9) + 0.88 + 0.20*z + 0.20*y

. gen imp46 = rnormal(0,0.9) + 0.88 + 0.20*z + 0.20*y

. gen imp47 = rnormal(0,0.9) + 0.88 + 0.20*z + 0.20*y

. gen imp48 = rnormal(0,0.9) + 0.88 + 0.20*z + 0.20*y

. gen imp49 = rnormal(0,0.9) + 0.88 + 0.20*z + 0.20*y

. gen imp50 = rnormal(0,0.9) + 0.88 + 0.20*z + 0.20*y

. gen imp51 = rnormal(0,0.9) + 0.88 + 0.20*z + 0.20*y

. gen imp52 = rnormal(0,0.9) + 0.88 + 0.20*z + 0.20*y

. gen imp53 = rnormal(0,0.9) + 0.88 + 0.20*z + 0.20*y

. gen imp54 = rnormal(0,0.9) + 0.88 + 0.20*z + 0.20*y

. gen imp55 = rnormal(0,0.9) + 0.88 + 0.20*z + 0.20*y

. gen imp56 = rnormal(0,0.9) + 0.88 + 0.20*z + 0.20*y

. gen imp57 = rnormal(0,0.9) + 0.88 + 0.20*z + 0.20*y

. gen imp58 = rnormal(0,0.9) + 0.88 + 0.20*z + 0.20*y

. gen imp59 = rnormal(0,0.9) + 0.88 + 0.20*z + 0.20*y

. gen imp60 = rnormal(0,0.9) + 0.88 + 0.20*z + 0.20*y

. 
. // correct weight 
. augcca z, y(y) x(xmiss) imps(imp31-imp60) pivars(y z) mysim(mysim`1')
Missingness model

Logistic regression                                     Number of obs =  1,000
                                                        LR chi2(2)    = 244.83
                                                        Prob > chi2   = 0.0000
Log likelihood = -570.56903                             Pseudo R2     = 0.1767

------------------------------------------------------------------------------
        my_r | Odds ratio   Std. err.      z    P>|z|     [95% conf. interval]
-------------+----------------------------------------------------------------
           y |   1.156086   .0852364     1.97   0.049     1.000535     1.33582
           z |   2.767001   .2236722    12.59   0.000     2.361576    3.242028
       _cons |   .5934376   .0489779    -6.32   0.000     .5048045    .6976328
------------------------------------------------------------------------------
Note: _cons estimates baseline odds.
Complete case analysis

      Source |       SS           df       MS      Number of obs   =       509
-------------+----------------------------------   F(2, 506)       =     20.51
       Model |  37.6530488         2  18.8265244   Prob > F        =    0.0000
    Residual |   464.44989       506  .917885157   R-squared       =    0.0750
-------------+----------------------------------   Adj R-squared   =    0.0713
       Total |  502.102938       508  .988391611   Root MSE        =    .95806

------------------------------------------------------------------------------
           y | Coefficient  Std. err.      t    P>|t|     [95% conf. interval]
-------------+----------------------------------------------------------------
       xmiss |   .2296888   .0431751     5.32   0.000     .1448644    .3145132
           z |   .0950888   .0432935     2.20   0.029     .0100316     .180146
       _cons |   .0537069   .0684103     0.79   0.433    -.0806962    .1881101
------------------------------------------------------------------------------
Augmented complete case analysis
Iteration 0:  f(p) = -804.55769  
Iteration 1:  f(p) = -.73477105  
Iteration 2:  f(p) = -.00083907  
Iteration 3:  f(p) = -8.742e-07  
Iteration 4:  f(p) = -9.983e-10  
Iteration 5:  f(p) = -1.040e-12  
file augacc_y z_mysim146.xlsx saved
file augacc_y z_mysim146.xlsx saved
------------------------------------------------------------------------------
             | Coefficient  Std. err.      z    P>|z|     [95% conf. interval]
-------------+----------------------------------------------------------------
       xmiss |   .2230216   .0408595     5.46   0.000     .1429384    .3031048
           z |   .1443144    .037859     3.81   0.000      .070112    .2185167
       _cons |    .012535   .0617519     0.20   0.839    -.1084966    .1335665
------------------------------------------------------------------------------

. 
. // incorrect weight specification
. augcca z, y(y) x(xmiss) imps(imp31-imp60) pivars(z) mysim(mysim`1')
Missingness model

Logistic regression                                     Number of obs =  1,000
                                                        LR chi2(1)    = 240.94
                                                        Prob > chi2   = 0.0000
Log likelihood = -572.51541                             Pseudo R2     = 0.1738

------------------------------------------------------------------------------
        my_r | Odds ratio   Std. err.      z    P>|z|     [95% conf. interval]
-------------+----------------------------------------------------------------
           z |   2.850477   .2274303    13.13   0.000     2.437828    3.332976
       _cons |   .6008448   .0493369    -6.20   0.000     .5115262    .7057594
------------------------------------------------------------------------------
Note: _cons estimates baseline odds.
Complete case analysis

      Source |       SS           df       MS      Number of obs   =       509
-------------+----------------------------------   F(2, 506)       =     20.51
       Model |  37.6530488         2  18.8265244   Prob > F        =    0.0000
    Residual |   464.44989       506  .917885157   R-squared       =    0.0750
-------------+----------------------------------   Adj R-squared   =    0.0713
       Total |  502.102938       508  .988391611   Root MSE        =    .95806

------------------------------------------------------------------------------
           y | Coefficient  Std. err.      t    P>|t|     [95% conf. interval]
-------------+----------------------------------------------------------------
       xmiss |   .2296888   .0431751     5.32   0.000     .1448644    .3145132
           z |   .0950888   .0432935     2.20   0.029     .0100316     .180146
       _cons |   .0537069   .0684103     0.79   0.433    -.0806962    .1881101
------------------------------------------------------------------------------
Augmented complete case analysis
Iteration 0:  f(p) = -1054.2332  
Iteration 1:  f(p) = -1.2171265  
Iteration 2:  f(p) = -.00140553  
Iteration 3:  f(p) = -1.831e-06  
Iteration 4:  f(p) = -2.114e-09  
Iteration 5:  f(p) = -2.753e-12  
file augacc_z_mysim146.xlsx saved
file augacc_z_mysim146.xlsx saved
------------------------------------------------------------------------------
             | Coefficient  Std. err.      z    P>|z|     [95% conf. interval]
-------------+----------------------------------------------------------------
       xmiss |   .2204717   .0406716     5.42   0.000     .1407568    .3001866
           z |   .1696456   .0354248     4.79   0.000     .1002144    .2390769
       _cons |  -.0648378   .0486798    -1.33   0.183    -.1602484    .0305729
------------------------------------------------------------------------------

. 
. 
. 
. 
. 
end of do-file


. [?1l>