SLURM_JOBID:  37983745
SLURM_ARRAY_TASK_ID:  643
SLURM_ARRAY_JOB_ID:  37982990
[?1h=
  ___  ____  ____  ____  ____ ®
 /__    /   ____/   /   ____/      18.0
___/   /   /___/   /   /___/       SE—Standard Edition

 Statistics and Data Science       Copyright 1985-2023 StataCorp LLC
                                   StataCorp
                                   4905 Lakeway Drive
                                   College Station, Texas 77845 USA
                                   800-STATA-PC        https://www.stata.com
                                   979-696-4600        stata@stata.com

Stata license: 125-user network, expiring 23 Jul 2024
Serial number: 401809304040
  Licensed to: UNC-CH
               Chapel Hill NC

Notes:
      1. Unicode is supported; see help unicode_advice.
      2. Maximum number of variables is set to 5,000 but can be increased;
          see help set_maxvar.

. do "main2.do" 643 

. // jesus vazquez
. // 04/18/2024
. 
. clear

. import delimited "acc_example_stata.csv"
(encoding automatically selected: ISO-8859-2)
(6 vars, 1,001,000 obs)

. 
. keep if sim == `1'
(1,000,000 observations deleted)

. gen mysim`1' = 0

. 
. // gen imp1 = rnormal(0,1)
. // gen imp2 = rnormal(0,1)
. // gen imp3 = rnormal(0,1)
. // gen imp4 = rnormal(0,1)
. // gen imp5 = rnormal(0,1)
. // gen imp6 = rnormal(0,1)
. // gen imp7 = rnormal(0,1)
. // gen imp8 = rnormal(0,1)
. // gen imp9 = rnormal(0,1)
. // gen imp10 = rnormal(0,1)
. // gen imp11 = rnormal(0,1)
. // gen imp12 = rnormal(0,1)
. // gen imp13 = rnormal(0,1)
. // gen imp14 = rnormal(0,1)
. // gen imp15 = rnormal(0,1)
. // gen imp16 = rnormal(0,1)
. // gen imp17 = rnormal(0,1)
. // gen imp18 = rnormal(0,1)
. // gen imp19 = rnormal(0,1)
. // gen imp20 = rnormal(0,1)
. // gen imp21 = rnormal(0,1)
. // gen imp22 = rnormal(0,1)
. // gen imp23 = rnormal(0,1)
. // gen imp24 = rnormal(0,1)
. // gen imp25 = rnormal(0,1)
. // gen imp26 = rnormal(0,1)
. // gen imp27 = rnormal(0,1)
. // gen imp28 = rnormal(0,1)
. // gen imp29 = rnormal(0,1)
. // gen imp30 = rnormal(0,1)
. //
. // // correct weight 
. // augcca z, y(y) x(xmiss) imps(imp1-imp30) pivars(y z) mysim(mysim`1')
. //
. // // incorrect weight specification
. // augcca z, y(y) x(xmiss) imps(imp1-imp30) pivars(z) mysim(mysim`1')
. 
. // incorrect augmentation
. gen imp31 = rnormal(0,0.9) + 0.88 + 0.20*z + 0.20*y

. gen imp32 = rnormal(0,0.9) + 0.88 + 0.20*z + 0.20*y

. gen imp33 = rnormal(0,0.9) + 0.88 + 0.20*z + 0.20*y

. gen imp34 = rnormal(0,0.9) + 0.88 + 0.20*z + 0.20*y

. gen imp35 = rnormal(0,0.9) + 0.88 + 0.20*z + 0.20*y

. gen imp36 = rnormal(0,0.9) + 0.88 + 0.20*z + 0.20*y

. gen imp37 = rnormal(0,0.9) + 0.88 + 0.20*z + 0.20*y

. gen imp38 = rnormal(0,0.9) + 0.88 + 0.20*z + 0.20*y

. gen imp39 = rnormal(0,0.9) + 0.88 + 0.20*z + 0.20*y

. gen imp40 = rnormal(0,0.9) + 0.88 + 0.20*z + 0.20*y

. gen imp41 = rnormal(0,0.9) + 0.88 + 0.20*z + 0.20*y

. gen imp42 = rnormal(0,0.9) + 0.88 + 0.20*z + 0.20*y

. gen imp43 = rnormal(0,0.9) + 0.88 + 0.20*z + 0.20*y

. gen imp44 = rnormal(0,0.9) + 0.88 + 0.20*z + 0.20*y

. gen imp45 = rnormal(0,0.9) + 0.88 + 0.20*z + 0.20*y

. gen imp46 = rnormal(0,0.9) + 0.88 + 0.20*z + 0.20*y

. gen imp47 = rnormal(0,0.9) + 0.88 + 0.20*z + 0.20*y

. gen imp48 = rnormal(0,0.9) + 0.88 + 0.20*z + 0.20*y

. gen imp49 = rnormal(0,0.9) + 0.88 + 0.20*z + 0.20*y

. gen imp50 = rnormal(0,0.9) + 0.88 + 0.20*z + 0.20*y

. gen imp51 = rnormal(0,0.9) + 0.88 + 0.20*z + 0.20*y

. gen imp52 = rnormal(0,0.9) + 0.88 + 0.20*z + 0.20*y

. gen imp53 = rnormal(0,0.9) + 0.88 + 0.20*z + 0.20*y

. gen imp54 = rnormal(0,0.9) + 0.88 + 0.20*z + 0.20*y

. gen imp55 = rnormal(0,0.9) + 0.88 + 0.20*z + 0.20*y

. gen imp56 = rnormal(0,0.9) + 0.88 + 0.20*z + 0.20*y

. gen imp57 = rnormal(0,0.9) + 0.88 + 0.20*z + 0.20*y

. gen imp58 = rnormal(0,0.9) + 0.88 + 0.20*z + 0.20*y

. gen imp59 = rnormal(0,0.9) + 0.88 + 0.20*z + 0.20*y

. gen imp60 = rnormal(0,0.9) + 0.88 + 0.20*z + 0.20*y

. 
. // correct weight 
. augcca z, y(y) x(xmiss) imps(imp31-imp60) pivars(y z) mysim(mysim`1')
Missingness model

Logistic regression                                     Number of obs =  1,000
                                                        LR chi2(2)    = 236.27
                                                        Prob > chi2   = 0.0000
Log likelihood = -573.66003                             Pseudo R2     = 0.1708

------------------------------------------------------------------------------
        my_r | Odds ratio   Std. err.      z    P>|z|     [95% conf. interval]
-------------+----------------------------------------------------------------
           y |   1.178271   .0853121     2.27   0.023     1.022385    1.357926
           z |   2.667103   .2181138    12.00   0.000     2.272109    3.130765
       _cons |   .6738368    .054126    -4.91   0.000     .5756809    .7887286
------------------------------------------------------------------------------
Note: _cons estimates baseline odds.
Complete case analysis

      Source |       SS           df       MS      Number of obs   =       526
-------------+----------------------------------   F(2, 523)       =     41.75
       Model |  78.6422128         2  39.3211064   Prob > F        =    0.0000
    Residual |  492.521842       523  .941724363   R-squared       =    0.1377
-------------+----------------------------------   Adj R-squared   =    0.1344
       Total |  571.164055       525  1.08793153   Root MSE        =    .97042

------------------------------------------------------------------------------
           y | Coefficient  Std. err.      t    P>|t|     [95% conf. interval]
-------------+----------------------------------------------------------------
       xmiss |    .266334   .0424683     6.27   0.000     .1829046    .3497634
           z |   .1776174   .0421066     4.22   0.000     .0948986    .2603362
       _cons |  -.0566705   .0652314    -0.87   0.385    -.1848182    .0714772
------------------------------------------------------------------------------
Augmented complete case analysis
Iteration 0:  f(p) = -130.08324  
Iteration 1:  f(p) = -.54569945  
Iteration 2:  f(p) = -.00246361  
Iteration 3:  f(p) = -.00001402  
Iteration 4:  f(p) = -6.331e-08  
Iteration 5:  f(p) = -3.604e-10  
file augacc_y z_mysim643.xlsx saved
file augacc_y z_mysim643.xlsx saved
------------------------------------------------------------------------------
             | Coefficient  Std. err.      z    P>|z|     [95% conf. interval]
-------------+----------------------------------------------------------------
       xmiss |   .2555765   .0410567     6.22   0.000     .1751068    .3360463
           z |   .1629779   .0317296     5.14   0.000      .100789    .2251669
       _cons |  -.0289794   .0610611    -0.47   0.635     -.148657    .0906981
------------------------------------------------------------------------------

. 
. // incorrect weight specification
. augcca z, y(y) x(xmiss) imps(imp31-imp60) pivars(z) mysim(mysim`1')
Missingness model

Logistic regression                                     Number of obs =  1,000
                                                        LR chi2(1)    = 231.09
                                                        Prob > chi2   = 0.0000
Log likelihood = -576.24846                             Pseudo R2     = 0.1670

------------------------------------------------------------------------------
        my_r | Odds ratio   Std. err.      z    P>|z|     [95% conf. interval]
-------------+----------------------------------------------------------------
           z |   2.804008   .2227442    12.98   0.000     2.399726    3.276399
       _cons |   .6771863   .0542124    -4.87   0.000     .5788485    .7922303
------------------------------------------------------------------------------
Note: _cons estimates baseline odds.
Complete case analysis

      Source |       SS           df       MS      Number of obs   =       526
-------------+----------------------------------   F(2, 523)       =     41.75
       Model |  78.6422128         2  39.3211064   Prob > F        =    0.0000
    Residual |  492.521842       523  .941724363   R-squared       =    0.1377
-------------+----------------------------------   Adj R-squared   =    0.1344
       Total |  571.164055       525  1.08793153   Root MSE        =    .97042

------------------------------------------------------------------------------
           y | Coefficient  Std. err.      t    P>|t|     [95% conf. interval]
-------------+----------------------------------------------------------------
       xmiss |    .266334   .0424683     6.27   0.000     .1829046    .3497634
           z |   .1776174   .0421066     4.22   0.000     .0948986    .2603362
       _cons |  -.0566705   .0652314    -0.87   0.385    -.1848182    .0714772
------------------------------------------------------------------------------
Augmented complete case analysis
Iteration 0:  f(p) = -3257.6194  
Iteration 1:  f(p) = -19.474053  
Iteration 2:  f(p) = -.15927514  
Iteration 3:  f(p) = -.00100694  
Iteration 4:  f(p) = -8.236e-06  
Iteration 5:  f(p) = -5.207e-08  
Iteration 6:  f(p) = -4.258e-10  
file augacc_z_mysim643.xlsx saved
file augacc_z_mysim643.xlsx saved
------------------------------------------------------------------------------
             | Coefficient  Std. err.      z    P>|z|     [95% conf. interval]
-------------+----------------------------------------------------------------
       xmiss |   .2600437   .0413295     6.29   0.000     .1790394     .341048
           z |   .1858914   .0308612     6.02   0.000     .1254046    .2463783
       _cons |  -.1214043   .0504965    -2.40   0.016    -.2203757    -.022433
------------------------------------------------------------------------------

. 
. 
. 
. 
. 
end of do-file


. [?1l>