SLURM_JOBID:  37984801
SLURM_ARRAY_TASK_ID:  874
SLURM_ARRAY_JOB_ID:  37982990
[?1h=
  ___  ____  ____  ____  ____ ®
 /__    /   ____/   /   ____/      18.0
___/   /   /___/   /   /___/       SE—Standard Edition

 Statistics and Data Science       Copyright 1985-2023 StataCorp LLC
                                   StataCorp
                                   4905 Lakeway Drive
                                   College Station, Texas 77845 USA
                                   800-STATA-PC        https://www.stata.com
                                   979-696-4600        stata@stata.com

Stata license: 125-user network, expiring 23 Jul 2024
Serial number: 401809304040
  Licensed to: UNC-CH
               Chapel Hill NC

Notes:
      1. Unicode is supported; see help unicode_advice.
      2. Maximum number of variables is set to 5,000 but can be increased;
          see help set_maxvar.

. do "main2.do" 874 

. // jesus vazquez
. // 04/18/2024
. 
. clear

. import delimited "acc_example_stata.csv"
(encoding automatically selected: ISO-8859-2)
(6 vars, 1,001,000 obs)

. 
. keep if sim == `1'
(1,000,000 observations deleted)

. gen mysim`1' = 0

. 
. // gen imp1 = rnormal(0,1)
. // gen imp2 = rnormal(0,1)
. // gen imp3 = rnormal(0,1)
. // gen imp4 = rnormal(0,1)
. // gen imp5 = rnormal(0,1)
. // gen imp6 = rnormal(0,1)
. // gen imp7 = rnormal(0,1)
. // gen imp8 = rnormal(0,1)
. // gen imp9 = rnormal(0,1)
. // gen imp10 = rnormal(0,1)
. // gen imp11 = rnormal(0,1)
. // gen imp12 = rnormal(0,1)
. // gen imp13 = rnormal(0,1)
. // gen imp14 = rnormal(0,1)
. // gen imp15 = rnormal(0,1)
. // gen imp16 = rnormal(0,1)
. // gen imp17 = rnormal(0,1)
. // gen imp18 = rnormal(0,1)
. // gen imp19 = rnormal(0,1)
. // gen imp20 = rnormal(0,1)
. // gen imp21 = rnormal(0,1)
. // gen imp22 = rnormal(0,1)
. // gen imp23 = rnormal(0,1)
. // gen imp24 = rnormal(0,1)
. // gen imp25 = rnormal(0,1)
. // gen imp26 = rnormal(0,1)
. // gen imp27 = rnormal(0,1)
. // gen imp28 = rnormal(0,1)
. // gen imp29 = rnormal(0,1)
. // gen imp30 = rnormal(0,1)
. //
. // // correct weight 
. // augcca z, y(y) x(xmiss) imps(imp1-imp30) pivars(y z) mysim(mysim`1')
. //
. // // incorrect weight specification
. // augcca z, y(y) x(xmiss) imps(imp1-imp30) pivars(z) mysim(mysim`1')
. 
. // incorrect augmentation
. gen imp31 = rnormal(0,0.9) + 0.88 + 0.20*z + 0.20*y

. gen imp32 = rnormal(0,0.9) + 0.88 + 0.20*z + 0.20*y

. gen imp33 = rnormal(0,0.9) + 0.88 + 0.20*z + 0.20*y

. gen imp34 = rnormal(0,0.9) + 0.88 + 0.20*z + 0.20*y

. gen imp35 = rnormal(0,0.9) + 0.88 + 0.20*z + 0.20*y

. gen imp36 = rnormal(0,0.9) + 0.88 + 0.20*z + 0.20*y

. gen imp37 = rnormal(0,0.9) + 0.88 + 0.20*z + 0.20*y

. gen imp38 = rnormal(0,0.9) + 0.88 + 0.20*z + 0.20*y

. gen imp39 = rnormal(0,0.9) + 0.88 + 0.20*z + 0.20*y

. gen imp40 = rnormal(0,0.9) + 0.88 + 0.20*z + 0.20*y

. gen imp41 = rnormal(0,0.9) + 0.88 + 0.20*z + 0.20*y

. gen imp42 = rnormal(0,0.9) + 0.88 + 0.20*z + 0.20*y

. gen imp43 = rnormal(0,0.9) + 0.88 + 0.20*z + 0.20*y

. gen imp44 = rnormal(0,0.9) + 0.88 + 0.20*z + 0.20*y

. gen imp45 = rnormal(0,0.9) + 0.88 + 0.20*z + 0.20*y

. gen imp46 = rnormal(0,0.9) + 0.88 + 0.20*z + 0.20*y

. gen imp47 = rnormal(0,0.9) + 0.88 + 0.20*z + 0.20*y

. gen imp48 = rnormal(0,0.9) + 0.88 + 0.20*z + 0.20*y

. gen imp49 = rnormal(0,0.9) + 0.88 + 0.20*z + 0.20*y

. gen imp50 = rnormal(0,0.9) + 0.88 + 0.20*z + 0.20*y

. gen imp51 = rnormal(0,0.9) + 0.88 + 0.20*z + 0.20*y

. gen imp52 = rnormal(0,0.9) + 0.88 + 0.20*z + 0.20*y

. gen imp53 = rnormal(0,0.9) + 0.88 + 0.20*z + 0.20*y

. gen imp54 = rnormal(0,0.9) + 0.88 + 0.20*z + 0.20*y

. gen imp55 = rnormal(0,0.9) + 0.88 + 0.20*z + 0.20*y

. gen imp56 = rnormal(0,0.9) + 0.88 + 0.20*z + 0.20*y

. gen imp57 = rnormal(0,0.9) + 0.88 + 0.20*z + 0.20*y

. gen imp58 = rnormal(0,0.9) + 0.88 + 0.20*z + 0.20*y

. gen imp59 = rnormal(0,0.9) + 0.88 + 0.20*z + 0.20*y

. gen imp60 = rnormal(0,0.9) + 0.88 + 0.20*z + 0.20*y

. 
. // correct weight 
. augcca z, y(y) x(xmiss) imps(imp31-imp60) pivars(y z) mysim(mysim`1')
Missingness model

Logistic regression                                     Number of obs =  1,000
                                                        LR chi2(2)    = 255.17
                                                        Prob > chi2   = 0.0000
Log likelihood = -565.04951                             Pseudo R2     = 0.1842

------------------------------------------------------------------------------
        my_r | Odds ratio   Std. err.      z    P>|z|     [95% conf. interval]
-------------+----------------------------------------------------------------
           y |   1.332366   .0990482     3.86   0.000     1.151715    1.541352
           z |   2.634578   .2102586    12.14   0.000     2.253092    3.080655
       _cons |   .5886842   .0497407    -6.27   0.000     .4988389    .6947115
------------------------------------------------------------------------------
Note: _cons estimates baseline odds.
Complete case analysis

      Source |       SS           df       MS      Number of obs   =       516
-------------+----------------------------------   F(2, 513)       =     24.38
       Model |  43.9961884         2  21.9980942   Prob > F        =    0.0000
    Residual |  462.818234       513  .902179793   R-squared       =    0.0868
-------------+----------------------------------   Adj R-squared   =    0.0832
       Total |  506.814422       515  .984105674   Root MSE        =    .94983

------------------------------------------------------------------------------
           y | Coefficient  Std. err.      t    P>|t|     [95% conf. interval]
-------------+----------------------------------------------------------------
       xmiss |   .1808671   .0422855     4.28   0.000      .097793    .2639412
           z |   .1789492   .0434606     4.12   0.000     .0935665    .2643318
       _cons |   .1053565   .0697966     1.51   0.132    -.0317658    .2424788
------------------------------------------------------------------------------
Augmented complete case analysis
Iteration 0:  f(p) = -2.1869129  
Iteration 1:  f(p) = -.00204067  
Iteration 2:  f(p) = -2.506e-06  
Iteration 3:  f(p) = -2.616e-09  
Iteration 4:  f(p) = -3.213e-12  
file augacc_y z_mysim874.xlsx saved
file augacc_y z_mysim874.xlsx saved
------------------------------------------------------------------------------
             | Coefficient  Std. err.      z    P>|z|     [95% conf. interval]
-------------+----------------------------------------------------------------
       xmiss |   .1821522   .0367426     4.96   0.000      .110138    .2541663
           z |   .1759418   .0383087     4.59   0.000     .1008581    .2510254
       _cons |   .1071864   .0656526     1.63   0.103    -.0214903    .2358631
------------------------------------------------------------------------------

. 
. // incorrect weight specification
. augcca z, y(y) x(xmiss) imps(imp31-imp60) pivars(z) mysim(mysim`1')
Missingness model

Logistic regression                                     Number of obs =  1,000
                                                        LR chi2(1)    = 239.98
                                                        Prob > chi2   = 0.0000
Log likelihood = -572.64444                             Pseudo R2     = 0.1732

------------------------------------------------------------------------------
        my_r | Odds ratio   Std. err.      z    P>|z|     [95% conf. interval]
-------------+----------------------------------------------------------------
           z |   2.779195     .21804    13.03   0.000     2.383079    3.241153
       _cons |   .6136634   .0508576    -5.89   0.000     .5216588    .7218948
------------------------------------------------------------------------------
Note: _cons estimates baseline odds.
Complete case analysis

      Source |       SS           df       MS      Number of obs   =       516
-------------+----------------------------------   F(2, 513)       =     24.38
       Model |  43.9961884         2  21.9980942   Prob > F        =    0.0000
    Residual |  462.818234       513  .902179793   R-squared       =    0.0868
-------------+----------------------------------   Adj R-squared   =    0.0832
       Total |  506.814422       515  .984105674   Root MSE        =    .94983

------------------------------------------------------------------------------
           y | Coefficient  Std. err.      t    P>|t|     [95% conf. interval]
-------------+----------------------------------------------------------------
       xmiss |   .1808671   .0422855     4.28   0.000      .097793    .2639412
           z |   .1789492   .0434606     4.12   0.000     .0935665    .2643318
       _cons |   .1053565   .0697966     1.51   0.132    -.0317658    .2424788
------------------------------------------------------------------------------
Augmented complete case analysis
Iteration 0:  f(p) = -4712.3918  
Iteration 1:  f(p) = -14.527725  
Iteration 2:  f(p) = -.03617545  
Iteration 3:  f(p) = -.00011152  
Iteration 4:  f(p) = -2.777e-07  
Iteration 5:  f(p) = -8.560e-10  
Iteration 6:  f(p) = -2.132e-12  
file augacc_z_mysim874.xlsx saved
file augacc_z_mysim874.xlsx saved
------------------------------------------------------------------------------
             | Coefficient  Std. err.      z    P>|z|     [95% conf. interval]
-------------+----------------------------------------------------------------
       xmiss |   .1854193   .0373859     4.96   0.000     .1121442    .2586944
           z |   .2230877   .0362237     6.16   0.000     .1520904    .2940849
       _cons |  -.0405785   .0535731    -0.76   0.449    -.1455798    .0644229
------------------------------------------------------------------------------

. 
. 
. 
. 
. 
end of do-file


. [?1l>