SLURM_JOBID:  37983139
SLURM_ARRAY_TASK_ID:  132
SLURM_ARRAY_JOB_ID:  37982990
[?1h=
  ___  ____  ____  ____  ____ ®
 /__    /   ____/   /   ____/      18.0
___/   /   /___/   /   /___/       SE—Standard Edition

 Statistics and Data Science       Copyright 1985-2023 StataCorp LLC
                                   StataCorp
                                   4905 Lakeway Drive
                                   College Station, Texas 77845 USA
                                   800-STATA-PC        https://www.stata.com
                                   979-696-4600        stata@stata.com

Stata license: 125-user network, expiring 23 Jul 2024
Serial number: 401809304040
  Licensed to: UNC-CH
               Chapel Hill NC

Notes:
      1. Unicode is supported; see help unicode_advice.
      2. Maximum number of variables is set to 5,000 but can be increased;
          see help set_maxvar.

. do "main2.do" 132 

. // jesus vazquez
. // 04/18/2024
. 
. clear

. import delimited "acc_example_stata.csv"
(encoding automatically selected: ISO-8859-2)
(6 vars, 1,001,000 obs)

. 
. keep if sim == `1'
(1,000,000 observations deleted)

. gen mysim`1' = 0

. 
. // gen imp1 = rnormal(0,1)
. // gen imp2 = rnormal(0,1)
. // gen imp3 = rnormal(0,1)
. // gen imp4 = rnormal(0,1)
. // gen imp5 = rnormal(0,1)
. // gen imp6 = rnormal(0,1)
. // gen imp7 = rnormal(0,1)
. // gen imp8 = rnormal(0,1)
. // gen imp9 = rnormal(0,1)
. // gen imp10 = rnormal(0,1)
. // gen imp11 = rnormal(0,1)
. // gen imp12 = rnormal(0,1)
. // gen imp13 = rnormal(0,1)
. // gen imp14 = rnormal(0,1)
. // gen imp15 = rnormal(0,1)
. // gen imp16 = rnormal(0,1)
. // gen imp17 = rnormal(0,1)
. // gen imp18 = rnormal(0,1)
. // gen imp19 = rnormal(0,1)
. // gen imp20 = rnormal(0,1)
. // gen imp21 = rnormal(0,1)
. // gen imp22 = rnormal(0,1)
. // gen imp23 = rnormal(0,1)
. // gen imp24 = rnormal(0,1)
. // gen imp25 = rnormal(0,1)
. // gen imp26 = rnormal(0,1)
. // gen imp27 = rnormal(0,1)
. // gen imp28 = rnormal(0,1)
. // gen imp29 = rnormal(0,1)
. // gen imp30 = rnormal(0,1)
. //
. // // correct weight 
. // augcca z, y(y) x(xmiss) imps(imp1-imp30) pivars(y z) mysim(mysim`1')
. //
. // // incorrect weight specification
. // augcca z, y(y) x(xmiss) imps(imp1-imp30) pivars(z) mysim(mysim`1')
. 
. // incorrect augmentation
. gen imp31 = rnormal(0,0.9) + 0.88 + 0.20*z + 0.20*y

. gen imp32 = rnormal(0,0.9) + 0.88 + 0.20*z + 0.20*y

. gen imp33 = rnormal(0,0.9) + 0.88 + 0.20*z + 0.20*y

. gen imp34 = rnormal(0,0.9) + 0.88 + 0.20*z + 0.20*y

. gen imp35 = rnormal(0,0.9) + 0.88 + 0.20*z + 0.20*y

. gen imp36 = rnormal(0,0.9) + 0.88 + 0.20*z + 0.20*y

. gen imp37 = rnormal(0,0.9) + 0.88 + 0.20*z + 0.20*y

. gen imp38 = rnormal(0,0.9) + 0.88 + 0.20*z + 0.20*y

. gen imp39 = rnormal(0,0.9) + 0.88 + 0.20*z + 0.20*y

. gen imp40 = rnormal(0,0.9) + 0.88 + 0.20*z + 0.20*y

. gen imp41 = rnormal(0,0.9) + 0.88 + 0.20*z + 0.20*y

. gen imp42 = rnormal(0,0.9) + 0.88 + 0.20*z + 0.20*y

. gen imp43 = rnormal(0,0.9) + 0.88 + 0.20*z + 0.20*y

. gen imp44 = rnormal(0,0.9) + 0.88 + 0.20*z + 0.20*y

. gen imp45 = rnormal(0,0.9) + 0.88 + 0.20*z + 0.20*y

. gen imp46 = rnormal(0,0.9) + 0.88 + 0.20*z + 0.20*y

. gen imp47 = rnormal(0,0.9) + 0.88 + 0.20*z + 0.20*y

. gen imp48 = rnormal(0,0.9) + 0.88 + 0.20*z + 0.20*y

. gen imp49 = rnormal(0,0.9) + 0.88 + 0.20*z + 0.20*y

. gen imp50 = rnormal(0,0.9) + 0.88 + 0.20*z + 0.20*y

. gen imp51 = rnormal(0,0.9) + 0.88 + 0.20*z + 0.20*y

. gen imp52 = rnormal(0,0.9) + 0.88 + 0.20*z + 0.20*y

. gen imp53 = rnormal(0,0.9) + 0.88 + 0.20*z + 0.20*y

. gen imp54 = rnormal(0,0.9) + 0.88 + 0.20*z + 0.20*y

. gen imp55 = rnormal(0,0.9) + 0.88 + 0.20*z + 0.20*y

. gen imp56 = rnormal(0,0.9) + 0.88 + 0.20*z + 0.20*y

. gen imp57 = rnormal(0,0.9) + 0.88 + 0.20*z + 0.20*y

. gen imp58 = rnormal(0,0.9) + 0.88 + 0.20*z + 0.20*y

. gen imp59 = rnormal(0,0.9) + 0.88 + 0.20*z + 0.20*y

. gen imp60 = rnormal(0,0.9) + 0.88 + 0.20*z + 0.20*y

. 
. // correct weight 
. augcca z, y(y) x(xmiss) imps(imp31-imp60) pivars(y z) mysim(mysim`1')
Missingness model

Logistic regression                                     Number of obs =  1,000
                                                        LR chi2(2)    = 251.36
                                                        Prob > chi2   = 0.0000
Log likelihood = -567.4628                              Pseudo R2     = 0.1813

------------------------------------------------------------------------------
        my_r | Odds ratio   Std. err.      z    P>|z|     [95% conf. interval]
-------------+----------------------------------------------------------------
           y |   1.231598   .0927301     2.77   0.006     1.062625    1.427441
           z |    2.70873   .2172595    12.42   0.000     2.314692    3.169846
       _cons |   .5729811   .0478115    -6.67   0.000      .486534    .6747881
------------------------------------------------------------------------------
Note: _cons estimates baseline odds.
Complete case analysis

      Source |       SS           df       MS      Number of obs   =       501
-------------+----------------------------------   F(2, 498)       =     38.43
       Model |  64.4529953         2  32.2264976   Prob > F        =    0.0000
    Residual |  417.641692       498  .838637936   R-squared       =    0.1337
-------------+----------------------------------   Adj R-squared   =    0.1302
       Total |  482.094687       500  .964189375   Root MSE        =    .91577

------------------------------------------------------------------------------
           y | Coefficient  Std. err.      t    P>|t|     [95% conf. interval]
-------------+----------------------------------------------------------------
       xmiss |   .2681045   .0422043     6.35   0.000     .1851841     .351025
           z |   .1922033   .0398767     4.82   0.000     .1138559    .2705507
       _cons |  -.0601387   .0674574    -0.89   0.373    -.1926749    .0723975
------------------------------------------------------------------------------
Augmented complete case analysis
Iteration 0:  f(p) = -71.686981  
Iteration 1:  f(p) = -.08085984  
Iteration 2:  f(p) = -.00010968  
Iteration 3:  f(p) = -1.701e-07  
Iteration 4:  f(p) = -2.308e-10  
Iteration 5:  f(p) = -3.579e-13  
file augacc_y z_mysim132.xlsx saved
file augacc_y z_mysim132.xlsx saved
------------------------------------------------------------------------------
             | Coefficient  Std. err.      z    P>|z|     [95% conf. interval]
-------------+----------------------------------------------------------------
       xmiss |   .2764315   .0426575     6.48   0.000     .1928243    .3600386
           z |   .2048795   .0277324     7.39   0.000      .150525    .2592339
       _cons |  -.0821873   .0622663    -1.32   0.187     -.204227    .0398524
------------------------------------------------------------------------------

. 
. // incorrect weight specification
. augcca z, y(y) x(xmiss) imps(imp31-imp60) pivars(z) mysim(mysim`1')
Missingness model

Logistic regression                                     Number of obs =  1,000
                                                        LR chi2(1)    = 243.60
                                                        Prob > chi2   = 0.0000
Log likelihood = -571.34618                             Pseudo R2     = 0.1757

------------------------------------------------------------------------------
        my_r | Odds ratio   Std. err.      z    P>|z|     [95% conf. interval]
-------------+----------------------------------------------------------------
           z |    2.82389   .2225768    13.17   0.000     2.419673    3.295633
       _cons |   .5825307   .0482904    -6.52   0.000     .4951723     .685301
------------------------------------------------------------------------------
Note: _cons estimates baseline odds.
Complete case analysis

      Source |       SS           df       MS      Number of obs   =       501
-------------+----------------------------------   F(2, 498)       =     38.43
       Model |  64.4529953         2  32.2264976   Prob > F        =    0.0000
    Residual |  417.641692       498  .838637936   R-squared       =    0.1337
-------------+----------------------------------   Adj R-squared   =    0.1302
       Total |  482.094687       500  .964189375   Root MSE        =    .91577

------------------------------------------------------------------------------
           y | Coefficient  Std. err.      t    P>|t|     [95% conf. interval]
-------------+----------------------------------------------------------------
       xmiss |   .2681045   .0422043     6.35   0.000     .1851841     .351025
           z |   .1922033   .0398767     4.82   0.000     .1138559    .2705507
       _cons |  -.0601387   .0674574    -0.89   0.373    -.1926749    .0723975
------------------------------------------------------------------------------
Augmented complete case analysis
Iteration 0:  f(p) = -1862.3785  
Iteration 1:  f(p) =  -1.883033  
Iteration 2:  f(p) = -.00331818  
Iteration 3:  f(p) = -4.741e-06  
Iteration 4:  f(p) = -8.355e-09  
Iteration 5:  f(p) = -1.194e-11  
file augacc_z_mysim132.xlsx saved
file augacc_z_mysim132.xlsx saved
------------------------------------------------------------------------------
             | Coefficient  Std. err.      z    P>|z|     [95% conf. interval]
-------------+----------------------------------------------------------------
       xmiss |   .2721829   .0429794     6.33   0.000     .1879448    .3564211
           z |   .2336331   .0256773     9.10   0.000     .1833066    .2839596
       _cons |  -.1724023   .0526459    -3.27   0.001    -.2755863   -.0692183
------------------------------------------------------------------------------

. 
. 
. 
. 
. 
end of do-file


. [?1l>