SLURM_JOBID:  37983086
SLURM_ARRAY_TASK_ID:  88
SLURM_ARRAY_JOB_ID:  37982990
[?1h=
  ___  ____  ____  ____  ____ ®
 /__    /   ____/   /   ____/      18.0
___/   /   /___/   /   /___/       SE—Standard Edition

 Statistics and Data Science       Copyright 1985-2023 StataCorp LLC
                                   StataCorp
                                   4905 Lakeway Drive
                                   College Station, Texas 77845 USA
                                   800-STATA-PC        https://www.stata.com
                                   979-696-4600        stata@stata.com

Stata license: 125-user network, expiring 23 Jul 2024
Serial number: 401809304040
  Licensed to: UNC-CH
               Chapel Hill NC

Notes:
      1. Unicode is supported; see help unicode_advice.
      2. Maximum number of variables is set to 5,000 but can be increased;
          see help set_maxvar.

. do "main2.do" 88 

. // jesus vazquez
. // 04/18/2024
. 
. clear

. import delimited "acc_example_stata.csv"
(encoding automatically selected: ISO-8859-2)
(6 vars, 1,001,000 obs)

. 
. keep if sim == `1'
(1,000,000 observations deleted)

. gen mysim`1' = 0

. 
. // gen imp1 = rnormal(0,1)
. // gen imp2 = rnormal(0,1)
. // gen imp3 = rnormal(0,1)
. // gen imp4 = rnormal(0,1)
. // gen imp5 = rnormal(0,1)
. // gen imp6 = rnormal(0,1)
. // gen imp7 = rnormal(0,1)
. // gen imp8 = rnormal(0,1)
. // gen imp9 = rnormal(0,1)
. // gen imp10 = rnormal(0,1)
. // gen imp11 = rnormal(0,1)
. // gen imp12 = rnormal(0,1)
. // gen imp13 = rnormal(0,1)
. // gen imp14 = rnormal(0,1)
. // gen imp15 = rnormal(0,1)
. // gen imp16 = rnormal(0,1)
. // gen imp17 = rnormal(0,1)
. // gen imp18 = rnormal(0,1)
. // gen imp19 = rnormal(0,1)
. // gen imp20 = rnormal(0,1)
. // gen imp21 = rnormal(0,1)
. // gen imp22 = rnormal(0,1)
. // gen imp23 = rnormal(0,1)
. // gen imp24 = rnormal(0,1)
. // gen imp25 = rnormal(0,1)
. // gen imp26 = rnormal(0,1)
. // gen imp27 = rnormal(0,1)
. // gen imp28 = rnormal(0,1)
. // gen imp29 = rnormal(0,1)
. // gen imp30 = rnormal(0,1)
. //
. // // correct weight 
. // augcca z, y(y) x(xmiss) imps(imp1-imp30) pivars(y z) mysim(mysim`1')
. //
. // // incorrect weight specification
. // augcca z, y(y) x(xmiss) imps(imp1-imp30) pivars(z) mysim(mysim`1')
. 
. // incorrect augmentation
. gen imp31 = rnormal(0,0.9) + 0.88 + 0.20*z + 0.20*y

. gen imp32 = rnormal(0,0.9) + 0.88 + 0.20*z + 0.20*y

. gen imp33 = rnormal(0,0.9) + 0.88 + 0.20*z + 0.20*y

. gen imp34 = rnormal(0,0.9) + 0.88 + 0.20*z + 0.20*y

. gen imp35 = rnormal(0,0.9) + 0.88 + 0.20*z + 0.20*y

. gen imp36 = rnormal(0,0.9) + 0.88 + 0.20*z + 0.20*y

. gen imp37 = rnormal(0,0.9) + 0.88 + 0.20*z + 0.20*y

. gen imp38 = rnormal(0,0.9) + 0.88 + 0.20*z + 0.20*y

. gen imp39 = rnormal(0,0.9) + 0.88 + 0.20*z + 0.20*y

. gen imp40 = rnormal(0,0.9) + 0.88 + 0.20*z + 0.20*y

. gen imp41 = rnormal(0,0.9) + 0.88 + 0.20*z + 0.20*y

. gen imp42 = rnormal(0,0.9) + 0.88 + 0.20*z + 0.20*y

. gen imp43 = rnormal(0,0.9) + 0.88 + 0.20*z + 0.20*y

. gen imp44 = rnormal(0,0.9) + 0.88 + 0.20*z + 0.20*y

. gen imp45 = rnormal(0,0.9) + 0.88 + 0.20*z + 0.20*y

. gen imp46 = rnormal(0,0.9) + 0.88 + 0.20*z + 0.20*y

. gen imp47 = rnormal(0,0.9) + 0.88 + 0.20*z + 0.20*y

. gen imp48 = rnormal(0,0.9) + 0.88 + 0.20*z + 0.20*y

. gen imp49 = rnormal(0,0.9) + 0.88 + 0.20*z + 0.20*y

. gen imp50 = rnormal(0,0.9) + 0.88 + 0.20*z + 0.20*y

. gen imp51 = rnormal(0,0.9) + 0.88 + 0.20*z + 0.20*y

. gen imp52 = rnormal(0,0.9) + 0.88 + 0.20*z + 0.20*y

. gen imp53 = rnormal(0,0.9) + 0.88 + 0.20*z + 0.20*y

. gen imp54 = rnormal(0,0.9) + 0.88 + 0.20*z + 0.20*y

. gen imp55 = rnormal(0,0.9) + 0.88 + 0.20*z + 0.20*y

. gen imp56 = rnormal(0,0.9) + 0.88 + 0.20*z + 0.20*y

. gen imp57 = rnormal(0,0.9) + 0.88 + 0.20*z + 0.20*y

. gen imp58 = rnormal(0,0.9) + 0.88 + 0.20*z + 0.20*y

. gen imp59 = rnormal(0,0.9) + 0.88 + 0.20*z + 0.20*y

. gen imp60 = rnormal(0,0.9) + 0.88 + 0.20*z + 0.20*y

. 
. // correct weight 
. augcca z, y(y) x(xmiss) imps(imp31-imp60) pivars(y z) mysim(mysim`1')
Missingness model

Logistic regression                                     Number of obs =  1,000
                                                        LR chi2(2)    = 216.46
                                                        Prob > chi2   = 0.0000
Log likelihood = -584.33804                             Pseudo R2     = 0.1563

------------------------------------------------------------------------------
        my_r | Odds ratio   Std. err.      z    P>|z|     [95% conf. interval]
-------------+----------------------------------------------------------------
           y |   1.246546   .0928772     2.96   0.003     1.077178    1.442545
           z |   2.565506   .2086681    11.58   0.000     2.187457     3.00889
       _cons |   .6160702    .051377    -5.81   0.000      .523172    .7254641
------------------------------------------------------------------------------
Note: _cons estimates baseline odds.
Complete case analysis

      Source |       SS           df       MS      Number of obs   =       517
-------------+----------------------------------   F(2, 514)       =     22.55
       Model |  38.1087398         2  19.0543699   Prob > F        =    0.0000
    Residual |  434.353169       514  .845045075   R-squared       =    0.0807
-------------+----------------------------------   Adj R-squared   =    0.0771
       Total |  472.461909       516  .915623854   Root MSE        =    .91926

------------------------------------------------------------------------------
           y | Coefficient  Std. err.      t    P>|t|     [95% conf. interval]
-------------+----------------------------------------------------------------
       xmiss |   .2306269   .0398599     5.79   0.000     .1523185    .3089353
           z |   .0699008   .0460423     1.52   0.130    -.0205534     .160355
       _cons |   .0890795   .0659095     1.35   0.177    -.0404056    .2185646
------------------------------------------------------------------------------
Augmented complete case analysis
Iteration 0:  f(p) = -888.72985  
Iteration 1:  f(p) = -1.0246233  
Iteration 2:  f(p) = -.00156999  
Iteration 3:  f(p) = -2.151e-06  
Iteration 4:  f(p) = -3.296e-09  
Iteration 5:  f(p) = -4.516e-12  
file augacc_y z_mysim88.xlsx saved
file augacc_y z_mysim88.xlsx saved
------------------------------------------------------------------------------
             | Coefficient  Std. err.      z    P>|z|     [95% conf. interval]
-------------+----------------------------------------------------------------
       xmiss |   .2320775   .0382352     6.07   0.000     .1571378    .3070172
           z |    .121081   .0375594     3.22   0.001     .0474659    .1946962
       _cons |   .0430811   .0604603     0.71   0.476    -.0754188     .161581
------------------------------------------------------------------------------

. 
. // incorrect weight specification
. augcca z, y(y) x(xmiss) imps(imp31-imp60) pivars(z) mysim(mysim`1')
Missingness model

Logistic regression                                     Number of obs =  1,000
                                                        LR chi2(1)    = 207.59
                                                        Prob > chi2   = 0.0000
Log likelihood = -588.77189                             Pseudo R2     = 0.1499

------------------------------------------------------------------------------
        my_r | Odds ratio   Std. err.      z    P>|z|     [95% conf. interval]
-------------+----------------------------------------------------------------
           z |   2.702743   .2153925    12.48   0.000       2.3119    3.159661
       _cons |   .6272126   .0517367    -5.66   0.000      .533583    .7372716
------------------------------------------------------------------------------
Note: _cons estimates baseline odds.
Complete case analysis

      Source |       SS           df       MS      Number of obs   =       517
-------------+----------------------------------   F(2, 514)       =     22.55
       Model |  38.1087398         2  19.0543699   Prob > F        =    0.0000
    Residual |  434.353169       514  .845045075   R-squared       =    0.0807
-------------+----------------------------------   Adj R-squared   =    0.0771
       Total |  472.461909       516  .915623854   Root MSE        =    .91926

------------------------------------------------------------------------------
           y | Coefficient  Std. err.      t    P>|t|     [95% conf. interval]
-------------+----------------------------------------------------------------
       xmiss |   .2306269   .0398599     5.79   0.000     .1523185    .3089353
           z |   .0699008   .0460423     1.52   0.130    -.0205534     .160355
       _cons |   .0890795   .0659095     1.35   0.177    -.0404056    .2185646
------------------------------------------------------------------------------
Augmented complete case analysis
Iteration 0:  f(p) = -1831.4581  
Iteration 1:  f(p) = -4.0201016  
Iteration 2:  f(p) =  -.0072079  
Iteration 3:  f(p) = -.00001599  
Iteration 4:  f(p) = -2.867e-08  
Iteration 5:  f(p) = -6.359e-11  
file augacc_z_mysim88.xlsx saved
file augacc_z_mysim88.xlsx saved
------------------------------------------------------------------------------
             | Coefficient  Std. err.      z    P>|z|     [95% conf. interval]
-------------+----------------------------------------------------------------
       xmiss |   .2251969   .0383011     5.88   0.000     .1501281    .3002657
           z |   .1590411   .0345197     4.61   0.000     .0913837    .2266986
       _cons |  -.0625271   .0481882    -1.30   0.194    -.1569743    .0319201
------------------------------------------------------------------------------

. 
. 
. 
. 
. 
end of do-file


. [?1l>