SLURM_JOBID:  37983781
SLURM_ARRAY_TASK_ID:  679
SLURM_ARRAY_JOB_ID:  37982990
[?1h=
  ___  ____  ____  ____  ____ ®
 /__    /   ____/   /   ____/      18.0
___/   /   /___/   /   /___/       SE—Standard Edition

 Statistics and Data Science       Copyright 1985-2023 StataCorp LLC
                                   StataCorp
                                   4905 Lakeway Drive
                                   College Station, Texas 77845 USA
                                   800-STATA-PC        https://www.stata.com
                                   979-696-4600        stata@stata.com

Stata license: 125-user network, expiring 23 Jul 2024
Serial number: 401809304040
  Licensed to: UNC-CH
               Chapel Hill NC

Notes:
      1. Unicode is supported; see help unicode_advice.
      2. Maximum number of variables is set to 5,000 but can be increased;
          see help set_maxvar.

. do "main2.do" 679 

. // jesus vazquez
. // 04/18/2024
. 
. clear

. import delimited "acc_example_stata.csv"
(encoding automatically selected: ISO-8859-2)
(6 vars, 1,001,000 obs)

. 
. keep if sim == `1'
(1,000,000 observations deleted)

. gen mysim`1' = 0

. 
. // gen imp1 = rnormal(0,1)
. // gen imp2 = rnormal(0,1)
. // gen imp3 = rnormal(0,1)
. // gen imp4 = rnormal(0,1)
. // gen imp5 = rnormal(0,1)
. // gen imp6 = rnormal(0,1)
. // gen imp7 = rnormal(0,1)
. // gen imp8 = rnormal(0,1)
. // gen imp9 = rnormal(0,1)
. // gen imp10 = rnormal(0,1)
. // gen imp11 = rnormal(0,1)
. // gen imp12 = rnormal(0,1)
. // gen imp13 = rnormal(0,1)
. // gen imp14 = rnormal(0,1)
. // gen imp15 = rnormal(0,1)
. // gen imp16 = rnormal(0,1)
. // gen imp17 = rnormal(0,1)
. // gen imp18 = rnormal(0,1)
. // gen imp19 = rnormal(0,1)
. // gen imp20 = rnormal(0,1)
. // gen imp21 = rnormal(0,1)
. // gen imp22 = rnormal(0,1)
. // gen imp23 = rnormal(0,1)
. // gen imp24 = rnormal(0,1)
. // gen imp25 = rnormal(0,1)
. // gen imp26 = rnormal(0,1)
. // gen imp27 = rnormal(0,1)
. // gen imp28 = rnormal(0,1)
. // gen imp29 = rnormal(0,1)
. // gen imp30 = rnormal(0,1)
. //
. // // correct weight 
. // augcca z, y(y) x(xmiss) imps(imp1-imp30) pivars(y z) mysim(mysim`1')
. //
. // // incorrect weight specification
. // augcca z, y(y) x(xmiss) imps(imp1-imp30) pivars(z) mysim(mysim`1')
. 
. // incorrect augmentation
. gen imp31 = rnormal(0,0.9) + 0.88 + 0.20*z + 0.20*y

. gen imp32 = rnormal(0,0.9) + 0.88 + 0.20*z + 0.20*y

. gen imp33 = rnormal(0,0.9) + 0.88 + 0.20*z + 0.20*y

. gen imp34 = rnormal(0,0.9) + 0.88 + 0.20*z + 0.20*y

. gen imp35 = rnormal(0,0.9) + 0.88 + 0.20*z + 0.20*y

. gen imp36 = rnormal(0,0.9) + 0.88 + 0.20*z + 0.20*y

. gen imp37 = rnormal(0,0.9) + 0.88 + 0.20*z + 0.20*y

. gen imp38 = rnormal(0,0.9) + 0.88 + 0.20*z + 0.20*y

. gen imp39 = rnormal(0,0.9) + 0.88 + 0.20*z + 0.20*y

. gen imp40 = rnormal(0,0.9) + 0.88 + 0.20*z + 0.20*y

. gen imp41 = rnormal(0,0.9) + 0.88 + 0.20*z + 0.20*y

. gen imp42 = rnormal(0,0.9) + 0.88 + 0.20*z + 0.20*y

. gen imp43 = rnormal(0,0.9) + 0.88 + 0.20*z + 0.20*y

. gen imp44 = rnormal(0,0.9) + 0.88 + 0.20*z + 0.20*y

. gen imp45 = rnormal(0,0.9) + 0.88 + 0.20*z + 0.20*y

. gen imp46 = rnormal(0,0.9) + 0.88 + 0.20*z + 0.20*y

. gen imp47 = rnormal(0,0.9) + 0.88 + 0.20*z + 0.20*y

. gen imp48 = rnormal(0,0.9) + 0.88 + 0.20*z + 0.20*y

. gen imp49 = rnormal(0,0.9) + 0.88 + 0.20*z + 0.20*y

. gen imp50 = rnormal(0,0.9) + 0.88 + 0.20*z + 0.20*y

. gen imp51 = rnormal(0,0.9) + 0.88 + 0.20*z + 0.20*y

. gen imp52 = rnormal(0,0.9) + 0.88 + 0.20*z + 0.20*y

. gen imp53 = rnormal(0,0.9) + 0.88 + 0.20*z + 0.20*y

. gen imp54 = rnormal(0,0.9) + 0.88 + 0.20*z + 0.20*y

. gen imp55 = rnormal(0,0.9) + 0.88 + 0.20*z + 0.20*y

. gen imp56 = rnormal(0,0.9) + 0.88 + 0.20*z + 0.20*y

. gen imp57 = rnormal(0,0.9) + 0.88 + 0.20*z + 0.20*y

. gen imp58 = rnormal(0,0.9) + 0.88 + 0.20*z + 0.20*y

. gen imp59 = rnormal(0,0.9) + 0.88 + 0.20*z + 0.20*y

. gen imp60 = rnormal(0,0.9) + 0.88 + 0.20*z + 0.20*y

. 
. // correct weight 
. augcca z, y(y) x(xmiss) imps(imp31-imp60) pivars(y z) mysim(mysim`1')
Missingness model

Logistic regression                                     Number of obs =  1,000
                                                        LR chi2(2)    = 222.40
                                                        Prob > chi2   = 0.0000
Log likelihood = -581.94463                             Pseudo R2     = 0.1604

------------------------------------------------------------------------------
        my_r | Odds ratio   Std. err.      z    P>|z|     [95% conf. interval]
-------------+----------------------------------------------------------------
           y |   1.245926   .0922802     2.97   0.003     1.077575    1.440579
           z |   2.602938   .2119072    11.75   0.000     2.219049    3.053239
       _cons |   .5660503   .0474105    -6.79   0.000     .4803538    .6670353
------------------------------------------------------------------------------
Note: _cons estimates baseline odds.
Complete case analysis

      Source |       SS           df       MS      Number of obs   =       499
-------------+----------------------------------   F(2, 496)       =     15.94
       Model |  27.3650306         2  13.6825153   Prob > F        =    0.0000
    Residual |  425.622466       496  .858109811   R-squared       =    0.0604
-------------+----------------------------------   Adj R-squared   =    0.0566
       Total |  452.987497       498  .909613448   Root MSE        =    .92634

------------------------------------------------------------------------------
           y | Coefficient  Std. err.      t    P>|t|     [95% conf. interval]
-------------+----------------------------------------------------------------
       xmiss |   .1616228   .0454218     3.56   0.000     .0723799    .2508657
           z |   .1546926   .0474773     3.26   0.001     .0614113     .247974
       _cons |   .0511528    .070321     0.73   0.467    -.0870109    .1893166
------------------------------------------------------------------------------
Augmented complete case analysis
Iteration 0:  f(p) = -68.555731  
Iteration 1:  f(p) = -.27234172  
Iteration 2:  f(p) = -.00138346  
Iteration 3:  f(p) = -5.667e-06  
Iteration 4:  f(p) = -2.879e-08  
Iteration 5:  f(p) = -1.179e-10  
file augacc_y z_mysim679.xlsx saved
file augacc_y z_mysim679.xlsx saved
------------------------------------------------------------------------------
             | Coefficient  Std. err.      z    P>|z|     [95% conf. interval]
-------------+----------------------------------------------------------------
       xmiss |   .1679774   .0465514     3.61   0.000     .0767382    .2592165
           z |   .1366189   .0415108     3.29   0.001     .0552594    .2179785
       _cons |   .0616688   .0695544     0.89   0.375    -.0746553    .1979928
------------------------------------------------------------------------------

. 
. // incorrect weight specification
. augcca z, y(y) x(xmiss) imps(imp31-imp60) pivars(z) mysim(mysim`1')
Missingness model

Logistic regression                                     Number of obs =  1,000
                                                        LR chi2(1)    = 213.48
                                                        Prob > chi2   = 0.0000
Log likelihood = -586.40617                             Pseudo R2     = 0.1540

------------------------------------------------------------------------------
        my_r | Odds ratio   Std. err.      z    P>|z|     [95% conf. interval]
-------------+----------------------------------------------------------------
           z |   2.750061   .2193447    12.68   0.000     2.352071    3.215393
       _cons |    .571215   .0474175    -6.75   0.000      .485445    .6721392
------------------------------------------------------------------------------
Note: _cons estimates baseline odds.
Complete case analysis

      Source |       SS           df       MS      Number of obs   =       499
-------------+----------------------------------   F(2, 496)       =     15.94
       Model |  27.3650306         2  13.6825153   Prob > F        =    0.0000
    Residual |  425.622466       496  .858109811   R-squared       =    0.0604
-------------+----------------------------------   Adj R-squared   =    0.0566
       Total |  452.987497       498  .909613448   Root MSE        =    .92634

------------------------------------------------------------------------------
           y | Coefficient  Std. err.      t    P>|t|     [95% conf. interval]
-------------+----------------------------------------------------------------
       xmiss |   .1616228   .0454218     3.56   0.000     .0723799    .2508657
           z |   .1546926   .0474773     3.26   0.001     .0614113     .247974
       _cons |   .0511528    .070321     0.73   0.467    -.0870109    .1893166
------------------------------------------------------------------------------
Augmented complete case analysis
Iteration 0:  f(p) = -3197.4466  
Iteration 1:  f(p) = -14.018085  
Iteration 2:  f(p) = -.04650902  
Iteration 3:  f(p) = -.00020877  
Iteration 4:  f(p) = -6.926e-07  
Iteration 5:  f(p) = -3.109e-09  
Iteration 6:  f(p) = -1.032e-11  
file augacc_z_mysim679.xlsx saved
file augacc_z_mysim679.xlsx saved
------------------------------------------------------------------------------
             | Coefficient  Std. err.      z    P>|z|     [95% conf. interval]
-------------+----------------------------------------------------------------
       xmiss |   .1629933   .0471553     3.46   0.001     .0705706     .255416
           z |   .1871969   .0374577     5.00   0.000     .1137812    .2606126
       _cons |  -.0608553   .0539746    -1.13   0.260    -.1666436     .044933
------------------------------------------------------------------------------

. 
. 
. 
. 
. 
end of do-file


. [?1l>