SLURM_JOBID:  37983574
SLURM_ARRAY_TASK_ID:  545
SLURM_ARRAY_JOB_ID:  37982990
[?1h=
  ___  ____  ____  ____  ____ ®
 /__    /   ____/   /   ____/      18.0
___/   /   /___/   /   /___/       SE—Standard Edition

 Statistics and Data Science       Copyright 1985-2023 StataCorp LLC
                                   StataCorp
                                   4905 Lakeway Drive
                                   College Station, Texas 77845 USA
                                   800-STATA-PC        https://www.stata.com
                                   979-696-4600        stata@stata.com

Stata license: 125-user network, expiring 23 Jul 2024
Serial number: 401809304040
  Licensed to: UNC-CH
               Chapel Hill NC

Notes:
      1. Unicode is supported; see help unicode_advice.
      2. Maximum number of variables is set to 5,000 but can be increased;
          see help set_maxvar.

. do "main2.do" 545 

. // jesus vazquez
. // 04/18/2024
. 
. clear

. import delimited "acc_example_stata.csv"
(encoding automatically selected: ISO-8859-2)
(6 vars, 1,001,000 obs)

. 
. keep if sim == `1'
(1,000,000 observations deleted)

. gen mysim`1' = 0

. 
. // gen imp1 = rnormal(0,1)
. // gen imp2 = rnormal(0,1)
. // gen imp3 = rnormal(0,1)
. // gen imp4 = rnormal(0,1)
. // gen imp5 = rnormal(0,1)
. // gen imp6 = rnormal(0,1)
. // gen imp7 = rnormal(0,1)
. // gen imp8 = rnormal(0,1)
. // gen imp9 = rnormal(0,1)
. // gen imp10 = rnormal(0,1)
. // gen imp11 = rnormal(0,1)
. // gen imp12 = rnormal(0,1)
. // gen imp13 = rnormal(0,1)
. // gen imp14 = rnormal(0,1)
. // gen imp15 = rnormal(0,1)
. // gen imp16 = rnormal(0,1)
. // gen imp17 = rnormal(0,1)
. // gen imp18 = rnormal(0,1)
. // gen imp19 = rnormal(0,1)
. // gen imp20 = rnormal(0,1)
. // gen imp21 = rnormal(0,1)
. // gen imp22 = rnormal(0,1)
. // gen imp23 = rnormal(0,1)
. // gen imp24 = rnormal(0,1)
. // gen imp25 = rnormal(0,1)
. // gen imp26 = rnormal(0,1)
. // gen imp27 = rnormal(0,1)
. // gen imp28 = rnormal(0,1)
. // gen imp29 = rnormal(0,1)
. // gen imp30 = rnormal(0,1)
. //
. // // correct weight 
. // augcca z, y(y) x(xmiss) imps(imp1-imp30) pivars(y z) mysim(mysim`1')
. //
. // // incorrect weight specification
. // augcca z, y(y) x(xmiss) imps(imp1-imp30) pivars(z) mysim(mysim`1')
. 
. // incorrect augmentation
. gen imp31 = rnormal(0,0.9) + 0.88 + 0.20*z + 0.20*y

. gen imp32 = rnormal(0,0.9) + 0.88 + 0.20*z + 0.20*y

. gen imp33 = rnormal(0,0.9) + 0.88 + 0.20*z + 0.20*y

. gen imp34 = rnormal(0,0.9) + 0.88 + 0.20*z + 0.20*y

. gen imp35 = rnormal(0,0.9) + 0.88 + 0.20*z + 0.20*y

. gen imp36 = rnormal(0,0.9) + 0.88 + 0.20*z + 0.20*y

. gen imp37 = rnormal(0,0.9) + 0.88 + 0.20*z + 0.20*y

. gen imp38 = rnormal(0,0.9) + 0.88 + 0.20*z + 0.20*y

. gen imp39 = rnormal(0,0.9) + 0.88 + 0.20*z + 0.20*y

. gen imp40 = rnormal(0,0.9) + 0.88 + 0.20*z + 0.20*y

. gen imp41 = rnormal(0,0.9) + 0.88 + 0.20*z + 0.20*y

. gen imp42 = rnormal(0,0.9) + 0.88 + 0.20*z + 0.20*y

. gen imp43 = rnormal(0,0.9) + 0.88 + 0.20*z + 0.20*y

. gen imp44 = rnormal(0,0.9) + 0.88 + 0.20*z + 0.20*y

. gen imp45 = rnormal(0,0.9) + 0.88 + 0.20*z + 0.20*y

. gen imp46 = rnormal(0,0.9) + 0.88 + 0.20*z + 0.20*y

. gen imp47 = rnormal(0,0.9) + 0.88 + 0.20*z + 0.20*y

. gen imp48 = rnormal(0,0.9) + 0.88 + 0.20*z + 0.20*y

. gen imp49 = rnormal(0,0.9) + 0.88 + 0.20*z + 0.20*y

. gen imp50 = rnormal(0,0.9) + 0.88 + 0.20*z + 0.20*y

. gen imp51 = rnormal(0,0.9) + 0.88 + 0.20*z + 0.20*y

. gen imp52 = rnormal(0,0.9) + 0.88 + 0.20*z + 0.20*y

. gen imp53 = rnormal(0,0.9) + 0.88 + 0.20*z + 0.20*y

. gen imp54 = rnormal(0,0.9) + 0.88 + 0.20*z + 0.20*y

. gen imp55 = rnormal(0,0.9) + 0.88 + 0.20*z + 0.20*y

. gen imp56 = rnormal(0,0.9) + 0.88 + 0.20*z + 0.20*y

. gen imp57 = rnormal(0,0.9) + 0.88 + 0.20*z + 0.20*y

. gen imp58 = rnormal(0,0.9) + 0.88 + 0.20*z + 0.20*y

. gen imp59 = rnormal(0,0.9) + 0.88 + 0.20*z + 0.20*y

. gen imp60 = rnormal(0,0.9) + 0.88 + 0.20*z + 0.20*y

. 
. // correct weight 
. augcca z, y(y) x(xmiss) imps(imp31-imp60) pivars(y z) mysim(mysim`1')
Missingness model

Logistic regression                                     Number of obs =  1,000
                                                        LR chi2(2)    = 281.42
                                                        Prob > chi2   = 0.0000
Log likelihood = -552.4209                              Pseudo R2     = 0.2030

------------------------------------------------------------------------------
        my_r | Odds ratio   Std. err.      z    P>|z|     [95% conf. interval]
-------------+----------------------------------------------------------------
           y |   1.230688   .0945601     2.70   0.007     1.058634    1.430705
           z |   2.837571   .2279832    12.98   0.000     2.424138    3.321514
       _cons |   .5572054   .0474846    -6.86   0.000     .4714944    .6584974
------------------------------------------------------------------------------
Note: _cons estimates baseline odds.
Complete case analysis

      Source |       SS           df       MS      Number of obs   =       503
-------------+----------------------------------   F(2, 500)       =     17.99
       Model |  32.3136401         2  16.1568201   Prob > F        =    0.0000
    Residual |  449.041325       500  .898082651   R-squared       =    0.0671
-------------+----------------------------------   Adj R-squared   =    0.0634
       Total |  481.354966       502  .958874433   Root MSE        =    .94767

------------------------------------------------------------------------------
           y | Coefficient  Std. err.      t    P>|t|     [95% conf. interval]
-------------+----------------------------------------------------------------
       xmiss |   .1623252   .0412616     3.93   0.000     .0812576    .2433927
           z |   .1518734   .0438047     3.47   0.001     .0658095    .2379374
       _cons |   .1260085   .0701375     1.80   0.073    -.0117921     .263809
------------------------------------------------------------------------------
Augmented complete case analysis
Iteration 0:  f(p) = -138.11216  
Iteration 1:  f(p) = -.06661892  
Iteration 2:  f(p) = -.00004233  
Iteration 3:  f(p) = -2.584e-08  
Iteration 4:  f(p) = -1.642e-11  
file augacc_y z_mysim545.xlsx saved
file augacc_y z_mysim545.xlsx saved
------------------------------------------------------------------------------
             | Coefficient  Std. err.      z    P>|z|     [95% conf. interval]
-------------+----------------------------------------------------------------
       xmiss |   .1620312   .0389563     4.16   0.000     .0856782    .2383843
           z |   .1322615   .0358297     3.69   0.000     .0620366    .2024863
       _cons |    .145795    .063321     2.30   0.021     .0216882    .2699019
------------------------------------------------------------------------------

. 
. // incorrect weight specification
. augcca z, y(y) x(xmiss) imps(imp31-imp60) pivars(z) mysim(mysim`1')
Missingness model

Logistic regression                                     Number of obs =  1,000
                                                        LR chi2(1)    = 274.01
                                                        Prob > chi2   = 0.0000
Log likelihood = -556.12239                             Pseudo R2     = 0.1977

------------------------------------------------------------------------------
        my_r | Odds ratio   Std. err.      z    P>|z|     [95% conf. interval]
-------------+----------------------------------------------------------------
           z |   2.970876   .2349864    13.77   0.000     2.544236     3.46906
       _cons |   .5739261   .0481557    -6.62   0.000     .4868949     .676514
------------------------------------------------------------------------------
Note: _cons estimates baseline odds.
Complete case analysis

      Source |       SS           df       MS      Number of obs   =       503
-------------+----------------------------------   F(2, 500)       =     17.99
       Model |  32.3136401         2  16.1568201   Prob > F        =    0.0000
    Residual |  449.041325       500  .898082651   R-squared       =    0.0671
-------------+----------------------------------   Adj R-squared   =    0.0634
       Total |  481.354966       502  .958874433   Root MSE        =    .94767

------------------------------------------------------------------------------
           y | Coefficient  Std. err.      t    P>|t|     [95% conf. interval]
-------------+----------------------------------------------------------------
       xmiss |   .1623252   .0412616     3.93   0.000     .0812576    .2433927
           z |   .1518734   .0438047     3.47   0.001     .0658095    .2379374
       _cons |   .1260085   .0701375     1.80   0.073    -.0117921     .263809
------------------------------------------------------------------------------
Augmented complete case analysis
Iteration 0:  f(p) = -3242.6719  
Iteration 1:  f(p) = -.94573167  
Iteration 2:  f(p) = -.00025594  
Iteration 3:  f(p) = -7.543e-08  
Iteration 4:  f(p) = -2.041e-11  
file augacc_z_mysim545.xlsx saved
file augacc_z_mysim545.xlsx saved
------------------------------------------------------------------------------
             | Coefficient  Std. err.      z    P>|z|     [95% conf. interval]
-------------+----------------------------------------------------------------
       xmiss |   .1593928   .0389244     4.09   0.000     .0831024    .2356832
           z |   .1720573   .0324992     5.29   0.000     .1083601    .2357545
       _cons |    .037193   .0481501     0.77   0.440    -.0571795    .1315655
------------------------------------------------------------------------------

. 
. 
. 
. 
. 
end of do-file


. [?1l>