SLURM_JOBID:  37983168
SLURM_ARRAY_TASK_ID:  161
SLURM_ARRAY_JOB_ID:  37982990
[?1h=
  ___  ____  ____  ____  ____ ®
 /__    /   ____/   /   ____/      18.0
___/   /   /___/   /   /___/       SE—Standard Edition

 Statistics and Data Science       Copyright 1985-2023 StataCorp LLC
                                   StataCorp
                                   4905 Lakeway Drive
                                   College Station, Texas 77845 USA
                                   800-STATA-PC        https://www.stata.com
                                   979-696-4600        stata@stata.com

Stata license: 125-user network, expiring 23 Jul 2024
Serial number: 401809304040
  Licensed to: UNC-CH
               Chapel Hill NC

Notes:
      1. Unicode is supported; see help unicode_advice.
      2. Maximum number of variables is set to 5,000 but can be increased;
          see help set_maxvar.

. do "main2.do" 161 

. // jesus vazquez
. // 04/18/2024
. 
. clear

. import delimited "acc_example_stata.csv"
(encoding automatically selected: ISO-8859-2)
(6 vars, 1,001,000 obs)

. 
. keep if sim == `1'
(1,000,000 observations deleted)

. gen mysim`1' = 0

. 
. // gen imp1 = rnormal(0,1)
. // gen imp2 = rnormal(0,1)
. // gen imp3 = rnormal(0,1)
. // gen imp4 = rnormal(0,1)
. // gen imp5 = rnormal(0,1)
. // gen imp6 = rnormal(0,1)
. // gen imp7 = rnormal(0,1)
. // gen imp8 = rnormal(0,1)
. // gen imp9 = rnormal(0,1)
. // gen imp10 = rnormal(0,1)
. // gen imp11 = rnormal(0,1)
. // gen imp12 = rnormal(0,1)
. // gen imp13 = rnormal(0,1)
. // gen imp14 = rnormal(0,1)
. // gen imp15 = rnormal(0,1)
. // gen imp16 = rnormal(0,1)
. // gen imp17 = rnormal(0,1)
. // gen imp18 = rnormal(0,1)
. // gen imp19 = rnormal(0,1)
. // gen imp20 = rnormal(0,1)
. // gen imp21 = rnormal(0,1)
. // gen imp22 = rnormal(0,1)
. // gen imp23 = rnormal(0,1)
. // gen imp24 = rnormal(0,1)
. // gen imp25 = rnormal(0,1)
. // gen imp26 = rnormal(0,1)
. // gen imp27 = rnormal(0,1)
. // gen imp28 = rnormal(0,1)
. // gen imp29 = rnormal(0,1)
. // gen imp30 = rnormal(0,1)
. //
. // // correct weight 
. // augcca z, y(y) x(xmiss) imps(imp1-imp30) pivars(y z) mysim(mysim`1')
. //
. // // incorrect weight specification
. // augcca z, y(y) x(xmiss) imps(imp1-imp30) pivars(z) mysim(mysim`1')
. 
. // incorrect augmentation
. gen imp31 = rnormal(0,0.9) + 0.88 + 0.20*z + 0.20*y

. gen imp32 = rnormal(0,0.9) + 0.88 + 0.20*z + 0.20*y

. gen imp33 = rnormal(0,0.9) + 0.88 + 0.20*z + 0.20*y

. gen imp34 = rnormal(0,0.9) + 0.88 + 0.20*z + 0.20*y

. gen imp35 = rnormal(0,0.9) + 0.88 + 0.20*z + 0.20*y

. gen imp36 = rnormal(0,0.9) + 0.88 + 0.20*z + 0.20*y

. gen imp37 = rnormal(0,0.9) + 0.88 + 0.20*z + 0.20*y

. gen imp38 = rnormal(0,0.9) + 0.88 + 0.20*z + 0.20*y

. gen imp39 = rnormal(0,0.9) + 0.88 + 0.20*z + 0.20*y

. gen imp40 = rnormal(0,0.9) + 0.88 + 0.20*z + 0.20*y

. gen imp41 = rnormal(0,0.9) + 0.88 + 0.20*z + 0.20*y

. gen imp42 = rnormal(0,0.9) + 0.88 + 0.20*z + 0.20*y

. gen imp43 = rnormal(0,0.9) + 0.88 + 0.20*z + 0.20*y

. gen imp44 = rnormal(0,0.9) + 0.88 + 0.20*z + 0.20*y

. gen imp45 = rnormal(0,0.9) + 0.88 + 0.20*z + 0.20*y

. gen imp46 = rnormal(0,0.9) + 0.88 + 0.20*z + 0.20*y

. gen imp47 = rnormal(0,0.9) + 0.88 + 0.20*z + 0.20*y

. gen imp48 = rnormal(0,0.9) + 0.88 + 0.20*z + 0.20*y

. gen imp49 = rnormal(0,0.9) + 0.88 + 0.20*z + 0.20*y

. gen imp50 = rnormal(0,0.9) + 0.88 + 0.20*z + 0.20*y

. gen imp51 = rnormal(0,0.9) + 0.88 + 0.20*z + 0.20*y

. gen imp52 = rnormal(0,0.9) + 0.88 + 0.20*z + 0.20*y

. gen imp53 = rnormal(0,0.9) + 0.88 + 0.20*z + 0.20*y

. gen imp54 = rnormal(0,0.9) + 0.88 + 0.20*z + 0.20*y

. gen imp55 = rnormal(0,0.9) + 0.88 + 0.20*z + 0.20*y

. gen imp56 = rnormal(0,0.9) + 0.88 + 0.20*z + 0.20*y

. gen imp57 = rnormal(0,0.9) + 0.88 + 0.20*z + 0.20*y

. gen imp58 = rnormal(0,0.9) + 0.88 + 0.20*z + 0.20*y

. gen imp59 = rnormal(0,0.9) + 0.88 + 0.20*z + 0.20*y

. gen imp60 = rnormal(0,0.9) + 0.88 + 0.20*z + 0.20*y

. 
. // correct weight 
. augcca z, y(y) x(xmiss) imps(imp31-imp60) pivars(y z) mysim(mysim`1')
Missingness model

Logistic regression                                     Number of obs =  1,000
                                                        LR chi2(2)    = 257.16
                                                        Prob > chi2   = 0.0000
Log likelihood = -564.05664                             Pseudo R2     = 0.1856

------------------------------------------------------------------------------
        my_r | Odds ratio   Std. err.      z    P>|z|     [95% conf. interval]
-------------+----------------------------------------------------------------
           y |   1.221521   .0961549     2.54   0.011     1.046879    1.425297
           z |   2.814864   .2314293    12.59   0.000     2.395931    3.307048
       _cons |   .6314975   .0513654    -5.65   0.000      .538438    .7406406
------------------------------------------------------------------------------
Note: _cons estimates baseline odds.
Complete case analysis

      Source |       SS           df       MS      Number of obs   =       516
-------------+----------------------------------   F(2, 513)       =     34.93
       Model |  59.3494427         2  29.6747214   Prob > F        =    0.0000
    Residual |  435.819352       513  .849550394   R-squared       =    0.1199
-------------+----------------------------------   Adj R-squared   =    0.1164
       Total |  495.168795       515  .961492806   Root MSE        =    .92171

------------------------------------------------------------------------------
           y | Coefficient  Std. err.      t    P>|t|     [95% conf. interval]
-------------+----------------------------------------------------------------
       xmiss |   .2437204   .0413051     5.90   0.000     .1625724    .3248684
           z |   .1834244   .0432419     4.24   0.000     .0984714    .2683774
       _cons |  -.0394399   .0653538    -0.60   0.546    -.1678339     .088954
------------------------------------------------------------------------------
Augmented complete case analysis
Iteration 0:  f(p) = -282.22563  
Iteration 1:  f(p) = -.14447979  
Iteration 2:  f(p) = -.00008208  
Iteration 3:  f(p) = -4.429e-08  
Iteration 4:  f(p) = -2.516e-11  
file augacc_y z_mysim161.xlsx saved
file augacc_y z_mysim161.xlsx saved
------------------------------------------------------------------------------
             | Coefficient  Std. err.      z    P>|z|     [95% conf. interval]
-------------+----------------------------------------------------------------
       xmiss |   .2282455   .0385875     5.92   0.000     .1526154    .3038755
           z |   .2102175    .036051     5.83   0.000     .1395589    .2808762
       _cons |  -.0421531   .0567225    -0.74   0.457    -.1533271    .0690209
------------------------------------------------------------------------------

. 
. // incorrect weight specification
. augcca z, y(y) x(xmiss) imps(imp31-imp60) pivars(z) mysim(mysim`1')
Missingness model

Logistic regression                                     Number of obs =  1,000
                                                        LR chi2(1)    = 250.64
                                                        Prob > chi2   = 0.0000
Log likelihood = -567.31315                             Pseudo R2     = 0.1809

------------------------------------------------------------------------------
        my_r | Odds ratio   Std. err.      z    P>|z|     [95% conf. interval]
-------------+----------------------------------------------------------------
           z |   2.957824    .237651    13.50   0.000      2.52686     3.46229
       _cons |   .6366802   .0515817    -5.57   0.000     .5432001    .7462476
------------------------------------------------------------------------------
Note: _cons estimates baseline odds.
Complete case analysis

      Source |       SS           df       MS      Number of obs   =       516
-------------+----------------------------------   F(2, 513)       =     34.93
       Model |  59.3494427         2  29.6747214   Prob > F        =    0.0000
    Residual |  435.819352       513  .849550394   R-squared       =    0.1199
-------------+----------------------------------   Adj R-squared   =    0.1164
       Total |  495.168795       515  .961492806   Root MSE        =    .92171

------------------------------------------------------------------------------
           y | Coefficient  Std. err.      t    P>|t|     [95% conf. interval]
-------------+----------------------------------------------------------------
       xmiss |   .2437204   .0413051     5.90   0.000     .1625724    .3248684
           z |   .1834244   .0432419     4.24   0.000     .0984714    .2683774
       _cons |  -.0394399   .0653538    -0.60   0.546    -.1678339     .088954
------------------------------------------------------------------------------
Augmented complete case analysis
Iteration 0:  f(p) = -2500.7432  
Iteration 1:  f(p) = -1.3647235  
Iteration 2:  f(p) = -.00069287  
Iteration 3:  f(p) = -3.923e-07  
Iteration 4:  f(p) = -1.992e-10  
Iteration 5:  f(p) = -1.128e-13  
file augacc_z_mysim161.xlsx saved
file augacc_z_mysim161.xlsx saved
------------------------------------------------------------------------------
             | Coefficient  Std. err.      z    P>|z|     [95% conf. interval]
-------------+----------------------------------------------------------------
       xmiss |   .2226982   .0383809     5.80   0.000     .1474729    .2979234
           z |   .2383354   .0342916     6.95   0.000      .171125    .3055458
       _cons |  -.1389323     .04662    -2.98   0.003    -.2303059   -.0475587
------------------------------------------------------------------------------

. 
. 
. 
. 
. 
end of do-file


. [?1l>