SLURM_JOBID:  37983155
SLURM_ARRAY_TASK_ID:  148
SLURM_ARRAY_JOB_ID:  37982990
[?1h=
  ___  ____  ____  ____  ____ ®
 /__    /   ____/   /   ____/      18.0
___/   /   /___/   /   /___/       SE—Standard Edition

 Statistics and Data Science       Copyright 1985-2023 StataCorp LLC
                                   StataCorp
                                   4905 Lakeway Drive
                                   College Station, Texas 77845 USA
                                   800-STATA-PC        https://www.stata.com
                                   979-696-4600        stata@stata.com

Stata license: 125-user network, expiring 23 Jul 2024
Serial number: 401809304040
  Licensed to: UNC-CH
               Chapel Hill NC

Notes:
      1. Unicode is supported; see help unicode_advice.
      2. Maximum number of variables is set to 5,000 but can be increased;
          see help set_maxvar.

. do "main2.do" 148 

. // jesus vazquez
. // 04/18/2024
. 
. clear

. import delimited "acc_example_stata.csv"
(encoding automatically selected: ISO-8859-2)
(6 vars, 1,001,000 obs)

. 
. keep if sim == `1'
(1,000,000 observations deleted)

. gen mysim`1' = 0

. 
. // gen imp1 = rnormal(0,1)
. // gen imp2 = rnormal(0,1)
. // gen imp3 = rnormal(0,1)
. // gen imp4 = rnormal(0,1)
. // gen imp5 = rnormal(0,1)
. // gen imp6 = rnormal(0,1)
. // gen imp7 = rnormal(0,1)
. // gen imp8 = rnormal(0,1)
. // gen imp9 = rnormal(0,1)
. // gen imp10 = rnormal(0,1)
. // gen imp11 = rnormal(0,1)
. // gen imp12 = rnormal(0,1)
. // gen imp13 = rnormal(0,1)
. // gen imp14 = rnormal(0,1)
. // gen imp15 = rnormal(0,1)
. // gen imp16 = rnormal(0,1)
. // gen imp17 = rnormal(0,1)
. // gen imp18 = rnormal(0,1)
. // gen imp19 = rnormal(0,1)
. // gen imp20 = rnormal(0,1)
. // gen imp21 = rnormal(0,1)
. // gen imp22 = rnormal(0,1)
. // gen imp23 = rnormal(0,1)
. // gen imp24 = rnormal(0,1)
. // gen imp25 = rnormal(0,1)
. // gen imp26 = rnormal(0,1)
. // gen imp27 = rnormal(0,1)
. // gen imp28 = rnormal(0,1)
. // gen imp29 = rnormal(0,1)
. // gen imp30 = rnormal(0,1)
. //
. // // correct weight 
. // augcca z, y(y) x(xmiss) imps(imp1-imp30) pivars(y z) mysim(mysim`1')
. //
. // // incorrect weight specification
. // augcca z, y(y) x(xmiss) imps(imp1-imp30) pivars(z) mysim(mysim`1')
. 
. // incorrect augmentation
. gen imp31 = rnormal(0,0.9) + 0.88 + 0.20*z + 0.20*y

. gen imp32 = rnormal(0,0.9) + 0.88 + 0.20*z + 0.20*y

. gen imp33 = rnormal(0,0.9) + 0.88 + 0.20*z + 0.20*y

. gen imp34 = rnormal(0,0.9) + 0.88 + 0.20*z + 0.20*y

. gen imp35 = rnormal(0,0.9) + 0.88 + 0.20*z + 0.20*y

. gen imp36 = rnormal(0,0.9) + 0.88 + 0.20*z + 0.20*y

. gen imp37 = rnormal(0,0.9) + 0.88 + 0.20*z + 0.20*y

. gen imp38 = rnormal(0,0.9) + 0.88 + 0.20*z + 0.20*y

. gen imp39 = rnormal(0,0.9) + 0.88 + 0.20*z + 0.20*y

. gen imp40 = rnormal(0,0.9) + 0.88 + 0.20*z + 0.20*y

. gen imp41 = rnormal(0,0.9) + 0.88 + 0.20*z + 0.20*y

. gen imp42 = rnormal(0,0.9) + 0.88 + 0.20*z + 0.20*y

. gen imp43 = rnormal(0,0.9) + 0.88 + 0.20*z + 0.20*y

. gen imp44 = rnormal(0,0.9) + 0.88 + 0.20*z + 0.20*y

. gen imp45 = rnormal(0,0.9) + 0.88 + 0.20*z + 0.20*y

. gen imp46 = rnormal(0,0.9) + 0.88 + 0.20*z + 0.20*y

. gen imp47 = rnormal(0,0.9) + 0.88 + 0.20*z + 0.20*y

. gen imp48 = rnormal(0,0.9) + 0.88 + 0.20*z + 0.20*y

. gen imp49 = rnormal(0,0.9) + 0.88 + 0.20*z + 0.20*y

. gen imp50 = rnormal(0,0.9) + 0.88 + 0.20*z + 0.20*y

. gen imp51 = rnormal(0,0.9) + 0.88 + 0.20*z + 0.20*y

. gen imp52 = rnormal(0,0.9) + 0.88 + 0.20*z + 0.20*y

. gen imp53 = rnormal(0,0.9) + 0.88 + 0.20*z + 0.20*y

. gen imp54 = rnormal(0,0.9) + 0.88 + 0.20*z + 0.20*y

. gen imp55 = rnormal(0,0.9) + 0.88 + 0.20*z + 0.20*y

. gen imp56 = rnormal(0,0.9) + 0.88 + 0.20*z + 0.20*y

. gen imp57 = rnormal(0,0.9) + 0.88 + 0.20*z + 0.20*y

. gen imp58 = rnormal(0,0.9) + 0.88 + 0.20*z + 0.20*y

. gen imp59 = rnormal(0,0.9) + 0.88 + 0.20*z + 0.20*y

. gen imp60 = rnormal(0,0.9) + 0.88 + 0.20*z + 0.20*y

. 
. // correct weight 
. augcca z, y(y) x(xmiss) imps(imp31-imp60) pivars(y z) mysim(mysim`1')
Missingness model

Logistic regression                                     Number of obs =  1,000
                                                        LR chi2(2)    = 193.15
                                                        Prob > chi2   = 0.0000
Log likelihood = -596.05914                             Pseudo R2     = 0.1394

------------------------------------------------------------------------------
        my_r | Odds ratio   Std. err.      z    P>|z|     [95% conf. interval]
-------------+----------------------------------------------------------------
           y |    1.11187   .0811059     1.45   0.146     .9637462     1.28276
           z |   2.458051   .1950781    11.33   0.000     2.103958    2.871737
       _cons |   .6098405   .0479204    -6.29   0.000     .5227934    .7113813
------------------------------------------------------------------------------
Note: _cons estimates baseline odds.
Complete case analysis

      Source |       SS           df       MS      Number of obs   =       484
-------------+----------------------------------   F(2, 481)       =     43.74
       Model |  68.1040016         2  34.0520008   Prob > F        =    0.0000
    Residual |  374.495185       481  .778576268   R-squared       =    0.1539
-------------+----------------------------------   Adj R-squared   =    0.1504
       Total |  442.599186       483  .916354423   Root MSE        =    .88237

------------------------------------------------------------------------------
           y | Coefficient  Std. err.      t    P>|t|     [95% conf. interval]
-------------+----------------------------------------------------------------
       xmiss |   .2288572   .0443801     5.16   0.000     .1416544    .3160599
           z |   .2430972    .042035     5.78   0.000     .1605022    .3256922
       _cons |  -.0924388   .0615693    -1.50   0.134    -.2134169    .0285393
------------------------------------------------------------------------------
Augmented complete case analysis
Iteration 0:  f(p) = -79.580385  
Iteration 1:  f(p) = -.01501653  
Iteration 2:  f(p) = -4.222e-06  
Iteration 3:  f(p) = -1.187e-09  
Iteration 4:  f(p) = -3.337e-13  
file augacc_y z_mysim148.xlsx saved
file augacc_y z_mysim148.xlsx saved
------------------------------------------------------------------------------
             | Coefficient  Std. err.      z    P>|z|     [95% conf. interval]
-------------+----------------------------------------------------------------
       xmiss |   .2435639    .044188     5.51   0.000     .1569571    .3301707
           z |   .2257162   .0315196     7.16   0.000      .163939    .2874935
       _cons |  -.0951736   .0588258    -1.62   0.106      -.21047    .0201229
------------------------------------------------------------------------------

. 
. // incorrect weight specification
. augcca z, y(y) x(xmiss) imps(imp31-imp60) pivars(z) mysim(mysim`1')
Missingness model

Logistic regression                                     Number of obs =  1,000
                                                        LR chi2(1)    = 191.03
                                                        Prob > chi2   = 0.0000
Log likelihood = -597.1204                              Pseudo R2     = 0.1379

------------------------------------------------------------------------------
        my_r | Odds ratio   Std. err.      z    P>|z|     [95% conf. interval]
-------------+----------------------------------------------------------------
           z |   2.535939   .1947201    12.12   0.000     2.181624    2.947797
       _cons |    .611458   .0479975    -6.27   0.000     .5242641    .7131538
------------------------------------------------------------------------------
Note: _cons estimates baseline odds.
Complete case analysis

      Source |       SS           df       MS      Number of obs   =       484
-------------+----------------------------------   F(2, 481)       =     43.74
       Model |  68.1040016         2  34.0520008   Prob > F        =    0.0000
    Residual |  374.495185       481  .778576268   R-squared       =    0.1539
-------------+----------------------------------   Adj R-squared   =    0.1504
       Total |  442.599186       483  .916354423   Root MSE        =    .88237

------------------------------------------------------------------------------
           y | Coefficient  Std. err.      t    P>|t|     [95% conf. interval]
-------------+----------------------------------------------------------------
       xmiss |   .2288572   .0443801     5.16   0.000     .1416544    .3160599
           z |   .2430972    .042035     5.78   0.000     .1605022    .3256922
       _cons |  -.0924388   .0615693    -1.50   0.134    -.2134169    .0285393
------------------------------------------------------------------------------
Augmented complete case analysis
Iteration 0:  f(p) = -628.33244  
Iteration 1:  f(p) = -.14476039  
Iteration 2:  f(p) = -.00003551  
Iteration 3:  f(p) = -8.563e-09  
Iteration 4:  f(p) = -2.100e-12  
file augacc_z_mysim148.xlsx saved
file augacc_z_mysim148.xlsx saved
------------------------------------------------------------------------------
             | Coefficient  Std. err.      z    P>|z|     [95% conf. interval]
-------------+----------------------------------------------------------------
       xmiss |   .2423242   .0442565     5.48   0.000      .155583    .3290655
           z |     .24135   .0293323     8.23   0.000     .1838598    .2988402
       _cons |  -.1391852   .0470688    -2.96   0.003    -.2314383   -.0469321
------------------------------------------------------------------------------

. 
. 
. 
. 
. 
end of do-file


. [?1l>