SLURM_JOBID:  37983743
SLURM_ARRAY_TASK_ID:  641
SLURM_ARRAY_JOB_ID:  37982990
[?1h=
  ___  ____  ____  ____  ____ ®
 /__    /   ____/   /   ____/      18.0
___/   /   /___/   /   /___/       SE—Standard Edition

 Statistics and Data Science       Copyright 1985-2023 StataCorp LLC
                                   StataCorp
                                   4905 Lakeway Drive
                                   College Station, Texas 77845 USA
                                   800-STATA-PC        https://www.stata.com
                                   979-696-4600        stata@stata.com

Stata license: 125-user network, expiring 23 Jul 2024
Serial number: 401809304040
  Licensed to: UNC-CH
               Chapel Hill NC

Notes:
      1. Unicode is supported; see help unicode_advice.
      2. Maximum number of variables is set to 5,000 but can be increased;
          see help set_maxvar.

. do "main2.do" 641 

. // jesus vazquez
. // 04/18/2024
. 
. clear

. import delimited "acc_example_stata.csv"
(encoding automatically selected: ISO-8859-2)
(6 vars, 1,001,000 obs)

. 
. keep if sim == `1'
(1,000,000 observations deleted)

. gen mysim`1' = 0

. 
. // gen imp1 = rnormal(0,1)
. // gen imp2 = rnormal(0,1)
. // gen imp3 = rnormal(0,1)
. // gen imp4 = rnormal(0,1)
. // gen imp5 = rnormal(0,1)
. // gen imp6 = rnormal(0,1)
. // gen imp7 = rnormal(0,1)
. // gen imp8 = rnormal(0,1)
. // gen imp9 = rnormal(0,1)
. // gen imp10 = rnormal(0,1)
. // gen imp11 = rnormal(0,1)
. // gen imp12 = rnormal(0,1)
. // gen imp13 = rnormal(0,1)
. // gen imp14 = rnormal(0,1)
. // gen imp15 = rnormal(0,1)
. // gen imp16 = rnormal(0,1)
. // gen imp17 = rnormal(0,1)
. // gen imp18 = rnormal(0,1)
. // gen imp19 = rnormal(0,1)
. // gen imp20 = rnormal(0,1)
. // gen imp21 = rnormal(0,1)
. // gen imp22 = rnormal(0,1)
. // gen imp23 = rnormal(0,1)
. // gen imp24 = rnormal(0,1)
. // gen imp25 = rnormal(0,1)
. // gen imp26 = rnormal(0,1)
. // gen imp27 = rnormal(0,1)
. // gen imp28 = rnormal(0,1)
. // gen imp29 = rnormal(0,1)
. // gen imp30 = rnormal(0,1)
. //
. // // correct weight 
. // augcca z, y(y) x(xmiss) imps(imp1-imp30) pivars(y z) mysim(mysim`1')
. //
. // // incorrect weight specification
. // augcca z, y(y) x(xmiss) imps(imp1-imp30) pivars(z) mysim(mysim`1')
. 
. // incorrect augmentation
. gen imp31 = rnormal(0,0.9) + 0.88 + 0.20*z + 0.20*y

. gen imp32 = rnormal(0,0.9) + 0.88 + 0.20*z + 0.20*y

. gen imp33 = rnormal(0,0.9) + 0.88 + 0.20*z + 0.20*y

. gen imp34 = rnormal(0,0.9) + 0.88 + 0.20*z + 0.20*y

. gen imp35 = rnormal(0,0.9) + 0.88 + 0.20*z + 0.20*y

. gen imp36 = rnormal(0,0.9) + 0.88 + 0.20*z + 0.20*y

. gen imp37 = rnormal(0,0.9) + 0.88 + 0.20*z + 0.20*y

. gen imp38 = rnormal(0,0.9) + 0.88 + 0.20*z + 0.20*y

. gen imp39 = rnormal(0,0.9) + 0.88 + 0.20*z + 0.20*y

. gen imp40 = rnormal(0,0.9) + 0.88 + 0.20*z + 0.20*y

. gen imp41 = rnormal(0,0.9) + 0.88 + 0.20*z + 0.20*y

. gen imp42 = rnormal(0,0.9) + 0.88 + 0.20*z + 0.20*y

. gen imp43 = rnormal(0,0.9) + 0.88 + 0.20*z + 0.20*y

. gen imp44 = rnormal(0,0.9) + 0.88 + 0.20*z + 0.20*y

. gen imp45 = rnormal(0,0.9) + 0.88 + 0.20*z + 0.20*y

. gen imp46 = rnormal(0,0.9) + 0.88 + 0.20*z + 0.20*y

. gen imp47 = rnormal(0,0.9) + 0.88 + 0.20*z + 0.20*y

. gen imp48 = rnormal(0,0.9) + 0.88 + 0.20*z + 0.20*y

. gen imp49 = rnormal(0,0.9) + 0.88 + 0.20*z + 0.20*y

. gen imp50 = rnormal(0,0.9) + 0.88 + 0.20*z + 0.20*y

. gen imp51 = rnormal(0,0.9) + 0.88 + 0.20*z + 0.20*y

. gen imp52 = rnormal(0,0.9) + 0.88 + 0.20*z + 0.20*y

. gen imp53 = rnormal(0,0.9) + 0.88 + 0.20*z + 0.20*y

. gen imp54 = rnormal(0,0.9) + 0.88 + 0.20*z + 0.20*y

. gen imp55 = rnormal(0,0.9) + 0.88 + 0.20*z + 0.20*y

. gen imp56 = rnormal(0,0.9) + 0.88 + 0.20*z + 0.20*y

. gen imp57 = rnormal(0,0.9) + 0.88 + 0.20*z + 0.20*y

. gen imp58 = rnormal(0,0.9) + 0.88 + 0.20*z + 0.20*y

. gen imp59 = rnormal(0,0.9) + 0.88 + 0.20*z + 0.20*y

. gen imp60 = rnormal(0,0.9) + 0.88 + 0.20*z + 0.20*y

. 
. // correct weight 
. augcca z, y(y) x(xmiss) imps(imp31-imp60) pivars(y z) mysim(mysim`1')
Missingness model

Logistic regression                                     Number of obs =  1,000
                                                        LR chi2(2)    = 256.73
                                                        Prob > chi2   = 0.0000
Log likelihood = -564.58195                             Pseudo R2     = 0.1852

------------------------------------------------------------------------------
        my_r | Odds ratio   Std. err.      z    P>|z|     [95% conf. interval]
-------------+----------------------------------------------------------------
           y |   1.168527   .0891064     2.04   0.041     1.006306    1.356899
           z |   2.804949   .2313318    12.51   0.000     2.386295    3.297053
       _cons |   .5299366   .0453868    -7.41   0.000     .4480454    .6267953
------------------------------------------------------------------------------
Note: _cons estimates baseline odds.
Complete case analysis

      Source |       SS           df       MS      Number of obs   =       490
-------------+----------------------------------   F(2, 487)       =     34.09
       Model |  57.0002671         2  28.5001336   Prob > F        =    0.0000
    Residual |  407.130551       487  .835997025   R-squared       =    0.1228
-------------+----------------------------------   Adj R-squared   =    0.1192
       Total |  464.130818       489  .949142778   Root MSE        =    .91433

------------------------------------------------------------------------------
           y | Coefficient  Std. err.      t    P>|t|     [95% conf. interval]
-------------+----------------------------------------------------------------
       xmiss |   .2313386    .043976     5.26   0.000     .1449324    .3177448
           z |   .2022201   .0460154     4.39   0.000     .1118068    .2926333
       _cons |  -.0441619   .0691295    -0.64   0.523    -.1799909     .091667
------------------------------------------------------------------------------
Augmented complete case analysis
Iteration 0:  f(p) = -191.54259  
Iteration 1:  f(p) = -.35412697  
Iteration 2:  f(p) = -.00077237  
Iteration 3:  f(p) = -1.552e-06  
Iteration 4:  f(p) = -3.385e-09  
Iteration 5:  f(p) = -6.801e-12  
file augacc_y z_mysim641.xlsx saved
file augacc_y z_mysim641.xlsx saved
------------------------------------------------------------------------------
             | Coefficient  Std. err.      z    P>|z|     [95% conf. interval]
-------------+----------------------------------------------------------------
       xmiss |   .2222012   .0446251     4.98   0.000     .1347376    .3096647
           z |    .182421   .0404317     4.51   0.000     .1031762    .2616657
       _cons |  -.0147095   .0635071    -0.23   0.817     -.139181    .1097621
------------------------------------------------------------------------------

. 
. // incorrect weight specification
. augcca z, y(y) x(xmiss) imps(imp31-imp60) pivars(z) mysim(mysim`1')
Missingness model

Logistic regression                                     Number of obs =  1,000
                                                        LR chi2(1)    = 252.53
                                                        Prob > chi2   = 0.0000
Log likelihood = -566.67972                             Pseudo R2     = 0.1822

------------------------------------------------------------------------------
        my_r | Odds ratio   Std. err.      z    P>|z|     [95% conf. interval]
-------------+----------------------------------------------------------------
           z |   2.922632   .2348929    13.34   0.000     2.496679    3.421255
       _cons |   .5351451   .0455705    -7.34   0.000     .4528841    .6323477
------------------------------------------------------------------------------
Note: _cons estimates baseline odds.
Complete case analysis

      Source |       SS           df       MS      Number of obs   =       490
-------------+----------------------------------   F(2, 487)       =     34.09
       Model |  57.0002671         2  28.5001336   Prob > F        =    0.0000
    Residual |  407.130551       487  .835997025   R-squared       =    0.1228
-------------+----------------------------------   Adj R-squared   =    0.1192
       Total |  464.130818       489  .949142778   Root MSE        =    .91433

------------------------------------------------------------------------------
           y | Coefficient  Std. err.      t    P>|t|     [95% conf. interval]
-------------+----------------------------------------------------------------
       xmiss |   .2313386    .043976     5.26   0.000     .1449324    .3177448
           z |   .2022201   .0460154     4.39   0.000     .1118068    .2926333
       _cons |  -.0441619   .0691295    -0.64   0.523    -.1799909     .091667
------------------------------------------------------------------------------
Augmented complete case analysis
Iteration 0:  f(p) = -2183.5442  
Iteration 1:  f(p) = -4.2088643  
Iteration 2:  f(p) = -.00694684  
Iteration 3:  f(p) = -.00001339  
Iteration 4:  f(p) = -2.211e-08  
Iteration 5:  f(p) = -4.263e-11  
file augacc_z_mysim641.xlsx saved
file augacc_z_mysim641.xlsx saved
------------------------------------------------------------------------------
             | Coefficient  Std. err.      z    P>|z|     [95% conf. interval]
-------------+----------------------------------------------------------------
       xmiss |   .2223306   .0445369     4.99   0.000     .1350399    .3096212
           z |   .2094108   .0386147     5.42   0.000     .1337274    .2850943
       _cons |  -.0955214    .050959    -1.87   0.061    -.1953993    .0043565
------------------------------------------------------------------------------

. 
. 
. 
. 
. 
end of do-file


. [?1l>