SLURM_JOBID:  37983157
SLURM_ARRAY_TASK_ID:  150
SLURM_ARRAY_JOB_ID:  37982990
[?1h=
  ___  ____  ____  ____  ____ ®
 /__    /   ____/   /   ____/      18.0
___/   /   /___/   /   /___/       SE—Standard Edition

 Statistics and Data Science       Copyright 1985-2023 StataCorp LLC
                                   StataCorp
                                   4905 Lakeway Drive
                                   College Station, Texas 77845 USA
                                   800-STATA-PC        https://www.stata.com
                                   979-696-4600        stata@stata.com

Stata license: 125-user network, expiring 23 Jul 2024
Serial number: 401809304040
  Licensed to: UNC-CH
               Chapel Hill NC

Notes:
      1. Unicode is supported; see help unicode_advice.
      2. Maximum number of variables is set to 5,000 but can be increased;
          see help set_maxvar.

. do "main2.do" 150 

. // jesus vazquez
. // 04/18/2024
. 
. clear

. import delimited "acc_example_stata.csv"
(encoding automatically selected: ISO-8859-2)
(6 vars, 1,001,000 obs)

. 
. keep if sim == `1'
(1,000,000 observations deleted)

. gen mysim`1' = 0

. 
. // gen imp1 = rnormal(0,1)
. // gen imp2 = rnormal(0,1)
. // gen imp3 = rnormal(0,1)
. // gen imp4 = rnormal(0,1)
. // gen imp5 = rnormal(0,1)
. // gen imp6 = rnormal(0,1)
. // gen imp7 = rnormal(0,1)
. // gen imp8 = rnormal(0,1)
. // gen imp9 = rnormal(0,1)
. // gen imp10 = rnormal(0,1)
. // gen imp11 = rnormal(0,1)
. // gen imp12 = rnormal(0,1)
. // gen imp13 = rnormal(0,1)
. // gen imp14 = rnormal(0,1)
. // gen imp15 = rnormal(0,1)
. // gen imp16 = rnormal(0,1)
. // gen imp17 = rnormal(0,1)
. // gen imp18 = rnormal(0,1)
. // gen imp19 = rnormal(0,1)
. // gen imp20 = rnormal(0,1)
. // gen imp21 = rnormal(0,1)
. // gen imp22 = rnormal(0,1)
. // gen imp23 = rnormal(0,1)
. // gen imp24 = rnormal(0,1)
. // gen imp25 = rnormal(0,1)
. // gen imp26 = rnormal(0,1)
. // gen imp27 = rnormal(0,1)
. // gen imp28 = rnormal(0,1)
. // gen imp29 = rnormal(0,1)
. // gen imp30 = rnormal(0,1)
. //
. // // correct weight 
. // augcca z, y(y) x(xmiss) imps(imp1-imp30) pivars(y z) mysim(mysim`1')
. //
. // // incorrect weight specification
. // augcca z, y(y) x(xmiss) imps(imp1-imp30) pivars(z) mysim(mysim`1')
. 
. // incorrect augmentation
. gen imp31 = rnormal(0,0.9) + 0.88 + 0.20*z + 0.20*y

. gen imp32 = rnormal(0,0.9) + 0.88 + 0.20*z + 0.20*y

. gen imp33 = rnormal(0,0.9) + 0.88 + 0.20*z + 0.20*y

. gen imp34 = rnormal(0,0.9) + 0.88 + 0.20*z + 0.20*y

. gen imp35 = rnormal(0,0.9) + 0.88 + 0.20*z + 0.20*y

. gen imp36 = rnormal(0,0.9) + 0.88 + 0.20*z + 0.20*y

. gen imp37 = rnormal(0,0.9) + 0.88 + 0.20*z + 0.20*y

. gen imp38 = rnormal(0,0.9) + 0.88 + 0.20*z + 0.20*y

. gen imp39 = rnormal(0,0.9) + 0.88 + 0.20*z + 0.20*y

. gen imp40 = rnormal(0,0.9) + 0.88 + 0.20*z + 0.20*y

. gen imp41 = rnormal(0,0.9) + 0.88 + 0.20*z + 0.20*y

. gen imp42 = rnormal(0,0.9) + 0.88 + 0.20*z + 0.20*y

. gen imp43 = rnormal(0,0.9) + 0.88 + 0.20*z + 0.20*y

. gen imp44 = rnormal(0,0.9) + 0.88 + 0.20*z + 0.20*y

. gen imp45 = rnormal(0,0.9) + 0.88 + 0.20*z + 0.20*y

. gen imp46 = rnormal(0,0.9) + 0.88 + 0.20*z + 0.20*y

. gen imp47 = rnormal(0,0.9) + 0.88 + 0.20*z + 0.20*y

. gen imp48 = rnormal(0,0.9) + 0.88 + 0.20*z + 0.20*y

. gen imp49 = rnormal(0,0.9) + 0.88 + 0.20*z + 0.20*y

. gen imp50 = rnormal(0,0.9) + 0.88 + 0.20*z + 0.20*y

. gen imp51 = rnormal(0,0.9) + 0.88 + 0.20*z + 0.20*y

. gen imp52 = rnormal(0,0.9) + 0.88 + 0.20*z + 0.20*y

. gen imp53 = rnormal(0,0.9) + 0.88 + 0.20*z + 0.20*y

. gen imp54 = rnormal(0,0.9) + 0.88 + 0.20*z + 0.20*y

. gen imp55 = rnormal(0,0.9) + 0.88 + 0.20*z + 0.20*y

. gen imp56 = rnormal(0,0.9) + 0.88 + 0.20*z + 0.20*y

. gen imp57 = rnormal(0,0.9) + 0.88 + 0.20*z + 0.20*y

. gen imp58 = rnormal(0,0.9) + 0.88 + 0.20*z + 0.20*y

. gen imp59 = rnormal(0,0.9) + 0.88 + 0.20*z + 0.20*y

. gen imp60 = rnormal(0,0.9) + 0.88 + 0.20*z + 0.20*y

. 
. // correct weight 
. augcca z, y(y) x(xmiss) imps(imp31-imp60) pivars(y z) mysim(mysim`1')
Missingness model

Logistic regression                                     Number of obs =  1,000
                                                        LR chi2(2)    = 219.98
                                                        Prob > chi2   = 0.0000
Log likelihood = -582.81973                             Pseudo R2     = 0.1588

------------------------------------------------------------------------------
        my_r | Odds ratio   Std. err.      z    P>|z|     [95% conf. interval]
-------------+----------------------------------------------------------------
           y |   1.241008   .0872312     3.07   0.002     1.081293    1.424315
           z |   2.477859   .1937662    11.60   0.000     2.125756    2.888283
       _cons |   .5731476   .0466883    -6.83   0.000     .4885715    .6723647
------------------------------------------------------------------------------
Note: _cons estimates baseline odds.
Complete case analysis

      Source |       SS           df       MS      Number of obs   =       487
-------------+----------------------------------   F(2, 484)       =     24.17
       Model |  47.9015524         2  23.9507762   Prob > F        =    0.0000
    Residual |  479.633852       484  .990979033   R-squared       =    0.0908
-------------+----------------------------------   Adj R-squared   =    0.0870
       Total |  527.535404       486   1.0854638   Root MSE        =    .99548

------------------------------------------------------------------------------
           y | Coefficient  Std. err.      t    P>|t|     [95% conf. interval]
-------------+----------------------------------------------------------------
       xmiss |   .2666657   .0480736     5.55   0.000      .172207    .3611244
           z |   .1218551   .0461644     2.64   0.009     .0311477    .2125626
       _cons |   .0446992   .0748377     0.60   0.551    -.1023477     .191746
------------------------------------------------------------------------------
Augmented complete case analysis
Iteration 0:  f(p) =  -986.1124  
Iteration 1:  f(p) = -.87554012  
Iteration 2:  f(p) = -.00114734  
Iteration 3:  f(p) = -1.351e-06  
Iteration 4:  f(p) = -1.770e-09  
Iteration 5:  f(p) = -2.085e-12  
file augacc_y z_mysim150.xlsx saved
file augacc_y z_mysim150.xlsx saved
------------------------------------------------------------------------------
             | Coefficient  Std. err.      z    P>|z|     [95% conf. interval]
-------------+----------------------------------------------------------------
       xmiss |   .2509971   .0435939     5.76   0.000     .1655546    .3364397
           z |   .1815191   .0359012     5.06   0.000      .111154    .2518841
       _cons |   .0069743   .0699001     0.10   0.921    -.1300273     .143976
------------------------------------------------------------------------------

. 
. // incorrect weight specification
. augcca z, y(y) x(xmiss) imps(imp31-imp60) pivars(z) mysim(mysim`1')
Missingness model

Logistic regression                                     Number of obs =  1,000
                                                        LR chi2(1)    = 210.41
                                                        Prob > chi2   = 0.0000
Log likelihood = -587.60463                             Pseudo R2     = 0.1519

------------------------------------------------------------------------------
        my_r | Odds ratio   Std. err.      z    P>|z|     [95% conf. interval]
-------------+----------------------------------------------------------------
           z |    2.60529   .1998795    12.48   0.000     2.241565    3.028034
       _cons |   .5859582   .0472566    -6.63   0.000     .5002863     .686301
------------------------------------------------------------------------------
Note: _cons estimates baseline odds.
Complete case analysis

      Source |       SS           df       MS      Number of obs   =       487
-------------+----------------------------------   F(2, 484)       =     24.17
       Model |  47.9015524         2  23.9507762   Prob > F        =    0.0000
    Residual |  479.633852       484  .990979033   R-squared       =    0.0908
-------------+----------------------------------   Adj R-squared   =    0.0870
       Total |  527.535404       486   1.0854638   Root MSE        =    .99548

------------------------------------------------------------------------------
           y | Coefficient  Std. err.      t    P>|t|     [95% conf. interval]
-------------+----------------------------------------------------------------
       xmiss |   .2666657   .0480736     5.55   0.000      .172207    .3611244
           z |   .1218551   .0461644     2.64   0.009     .0311477    .2125626
       _cons |   .0446992   .0748377     0.60   0.551    -.1023477     .191746
------------------------------------------------------------------------------
Augmented complete case analysis
Iteration 0:  f(p) = -2644.1635  
Iteration 1:  f(p) =  -6.027111  
Iteration 2:  f(p) = -.01170929  
Iteration 3:  f(p) = -.00002783  
Iteration 4:  f(p) = -5.407e-08  
Iteration 5:  f(p) = -1.285e-10  
file augacc_z_mysim150.xlsx saved
file augacc_z_mysim150.xlsx saved
------------------------------------------------------------------------------
             | Coefficient  Std. err.      z    P>|z|     [95% conf. interval]
-------------+----------------------------------------------------------------
       xmiss |   .2550008   .0445965     5.72   0.000     .1675933    .3424083
           z |   .2112958   .0342851     6.16   0.000     .1440981    .2784934
       _cons |  -.1135668   .0577654    -1.97   0.049    -.2267849   -.0003486
------------------------------------------------------------------------------

. 
. 
. 
. 
. 
end of do-file


. [?1l>