SLURM_JOBID:  37984833
SLURM_ARRAY_TASK_ID:  902
SLURM_ARRAY_JOB_ID:  37982990
[?1h=
  ___  ____  ____  ____  ____ ®
 /__    /   ____/   /   ____/      18.0
___/   /   /___/   /   /___/       SE—Standard Edition

 Statistics and Data Science       Copyright 1985-2023 StataCorp LLC
                                   StataCorp
                                   4905 Lakeway Drive
                                   College Station, Texas 77845 USA
                                   800-STATA-PC        https://www.stata.com
                                   979-696-4600        stata@stata.com

Stata license: 125-user network, expiring 23 Jul 2024
Serial number: 401809304040
  Licensed to: UNC-CH
               Chapel Hill NC

Notes:
      1. Unicode is supported; see help unicode_advice.
      2. Maximum number of variables is set to 5,000 but can be increased;
          see help set_maxvar.

. do "main2.do" 902 

. // jesus vazquez
. // 04/18/2024
. 
. clear

. import delimited "acc_example_stata.csv"
(encoding automatically selected: ISO-8859-2)
(6 vars, 1,001,000 obs)

. 
. keep if sim == `1'
(1,000,000 observations deleted)

. gen mysim`1' = 0

. 
. // gen imp1 = rnormal(0,1)
. // gen imp2 = rnormal(0,1)
. // gen imp3 = rnormal(0,1)
. // gen imp4 = rnormal(0,1)
. // gen imp5 = rnormal(0,1)
. // gen imp6 = rnormal(0,1)
. // gen imp7 = rnormal(0,1)
. // gen imp8 = rnormal(0,1)
. // gen imp9 = rnormal(0,1)
. // gen imp10 = rnormal(0,1)
. // gen imp11 = rnormal(0,1)
. // gen imp12 = rnormal(0,1)
. // gen imp13 = rnormal(0,1)
. // gen imp14 = rnormal(0,1)
. // gen imp15 = rnormal(0,1)
. // gen imp16 = rnormal(0,1)
. // gen imp17 = rnormal(0,1)
. // gen imp18 = rnormal(0,1)
. // gen imp19 = rnormal(0,1)
. // gen imp20 = rnormal(0,1)
. // gen imp21 = rnormal(0,1)
. // gen imp22 = rnormal(0,1)
. // gen imp23 = rnormal(0,1)
. // gen imp24 = rnormal(0,1)
. // gen imp25 = rnormal(0,1)
. // gen imp26 = rnormal(0,1)
. // gen imp27 = rnormal(0,1)
. // gen imp28 = rnormal(0,1)
. // gen imp29 = rnormal(0,1)
. // gen imp30 = rnormal(0,1)
. //
. // // correct weight 
. // augcca z, y(y) x(xmiss) imps(imp1-imp30) pivars(y z) mysim(mysim`1')
. //
. // // incorrect weight specification
. // augcca z, y(y) x(xmiss) imps(imp1-imp30) pivars(z) mysim(mysim`1')
. 
. // incorrect augmentation
. gen imp31 = rnormal(0,0.9) + 0.88 + 0.20*z + 0.20*y

. gen imp32 = rnormal(0,0.9) + 0.88 + 0.20*z + 0.20*y

. gen imp33 = rnormal(0,0.9) + 0.88 + 0.20*z + 0.20*y

. gen imp34 = rnormal(0,0.9) + 0.88 + 0.20*z + 0.20*y

. gen imp35 = rnormal(0,0.9) + 0.88 + 0.20*z + 0.20*y

. gen imp36 = rnormal(0,0.9) + 0.88 + 0.20*z + 0.20*y

. gen imp37 = rnormal(0,0.9) + 0.88 + 0.20*z + 0.20*y

. gen imp38 = rnormal(0,0.9) + 0.88 + 0.20*z + 0.20*y

. gen imp39 = rnormal(0,0.9) + 0.88 + 0.20*z + 0.20*y

. gen imp40 = rnormal(0,0.9) + 0.88 + 0.20*z + 0.20*y

. gen imp41 = rnormal(0,0.9) + 0.88 + 0.20*z + 0.20*y

. gen imp42 = rnormal(0,0.9) + 0.88 + 0.20*z + 0.20*y

. gen imp43 = rnormal(0,0.9) + 0.88 + 0.20*z + 0.20*y

. gen imp44 = rnormal(0,0.9) + 0.88 + 0.20*z + 0.20*y

. gen imp45 = rnormal(0,0.9) + 0.88 + 0.20*z + 0.20*y

. gen imp46 = rnormal(0,0.9) + 0.88 + 0.20*z + 0.20*y

. gen imp47 = rnormal(0,0.9) + 0.88 + 0.20*z + 0.20*y

. gen imp48 = rnormal(0,0.9) + 0.88 + 0.20*z + 0.20*y

. gen imp49 = rnormal(0,0.9) + 0.88 + 0.20*z + 0.20*y

. gen imp50 = rnormal(0,0.9) + 0.88 + 0.20*z + 0.20*y

. gen imp51 = rnormal(0,0.9) + 0.88 + 0.20*z + 0.20*y

. gen imp52 = rnormal(0,0.9) + 0.88 + 0.20*z + 0.20*y

. gen imp53 = rnormal(0,0.9) + 0.88 + 0.20*z + 0.20*y

. gen imp54 = rnormal(0,0.9) + 0.88 + 0.20*z + 0.20*y

. gen imp55 = rnormal(0,0.9) + 0.88 + 0.20*z + 0.20*y

. gen imp56 = rnormal(0,0.9) + 0.88 + 0.20*z + 0.20*y

. gen imp57 = rnormal(0,0.9) + 0.88 + 0.20*z + 0.20*y

. gen imp58 = rnormal(0,0.9) + 0.88 + 0.20*z + 0.20*y

. gen imp59 = rnormal(0,0.9) + 0.88 + 0.20*z + 0.20*y

. gen imp60 = rnormal(0,0.9) + 0.88 + 0.20*z + 0.20*y

. 
. // correct weight 
. augcca z, y(y) x(xmiss) imps(imp31-imp60) pivars(y z) mysim(mysim`1')
Missingness model

Logistic regression                                     Number of obs =  1,000
                                                        LR chi2(2)    = 229.02
                                                        Prob > chi2   = 0.0000
Log likelihood = -578.12589                             Pseudo R2     = 0.1653

------------------------------------------------------------------------------
        my_r | Odds ratio   Std. err.      z    P>|z|     [95% conf. interval]
-------------+----------------------------------------------------------------
           y |   1.097351    .082673     1.23   0.218     .9467105    1.271962
           z |   2.667519   .2158199    12.13   0.000     2.276353    3.125902
       _cons |   .5466248   .0456769    -7.23   0.000     .4640464    .6438982
------------------------------------------------------------------------------
Note: _cons estimates baseline odds.
Complete case analysis

      Source |       SS           df       MS      Number of obs   =       484
-------------+----------------------------------   F(2, 481)       =     40.02
       Model |  71.8552168         2  35.9276084   Prob > F        =    0.0000
    Residual |  431.760506       481   .89763099   R-squared       =    0.1427
-------------+----------------------------------   Adj R-squared   =    0.1391
       Total |  503.615723       483  1.04268266   Root MSE        =    .94743

------------------------------------------------------------------------------
           y | Coefficient  Std. err.      t    P>|t|     [95% conf. interval]
-------------+----------------------------------------------------------------
       xmiss |   .2419997   .0452802     5.34   0.000     .1530284    .3309711
           z |   .2237391   .0450773     4.96   0.000     .1351664    .3123118
       _cons |  -.0193485   .0687035    -0.28   0.778    -.1543445    .1156475
------------------------------------------------------------------------------
Augmented complete case analysis
Iteration 0:  f(p) = -151.10866  
Iteration 1:  f(p) = -.24681908  
Iteration 2:  f(p) = -.00040088  
Iteration 3:  f(p) = -7.062e-07  
Iteration 4:  f(p) = -1.147e-09  
Iteration 5:  f(p) = -2.021e-12  
file augacc_y z_mysim902.xlsx saved
file augacc_y z_mysim902.xlsx saved
------------------------------------------------------------------------------
             | Coefficient  Std. err.      z    P>|z|     [95% conf. interval]
-------------+----------------------------------------------------------------
       xmiss |   .2373522   .0442737     5.36   0.000     .1505774     .324127
           z |   .2053936   .0368517     5.57   0.000     .1331656    .2776216
       _cons |   .0017631   .0608695     0.03   0.977     -.117539    .1210652
------------------------------------------------------------------------------

. 
. // incorrect weight specification
. augcca z, y(y) x(xmiss) imps(imp31-imp60) pivars(z) mysim(mysim`1')
Missingness model

Logistic regression                                     Number of obs =  1,000
                                                        LR chi2(1)    = 227.49
                                                        Prob > chi2   = 0.0000
Log likelihood = -578.88762                             Pseudo R2     = 0.1642

------------------------------------------------------------------------------
        my_r | Odds ratio   Std. err.      z    P>|z|     [95% conf. interval]
-------------+----------------------------------------------------------------
           z |   2.739955   .2143525    12.88   0.000     2.350456    3.193998
       _cons |   .5529072   .0458137    -7.15   0.000     .4700261     .650403
------------------------------------------------------------------------------
Note: _cons estimates baseline odds.
Complete case analysis

      Source |       SS           df       MS      Number of obs   =       484
-------------+----------------------------------   F(2, 481)       =     40.02
       Model |  71.8552168         2  35.9276084   Prob > F        =    0.0000
    Residual |  431.760506       481   .89763099   R-squared       =    0.1427
-------------+----------------------------------   Adj R-squared   =    0.1391
       Total |  503.615723       483  1.04268266   Root MSE        =    .94743

------------------------------------------------------------------------------
           y | Coefficient  Std. err.      t    P>|t|     [95% conf. interval]
-------------+----------------------------------------------------------------
       xmiss |   .2419997   .0452802     5.34   0.000     .1530284    .3309711
           z |   .2237391   .0450773     4.96   0.000     .1351664    .3123118
       _cons |  -.0193485   .0687035    -0.28   0.778    -.1543445    .1156475
------------------------------------------------------------------------------
Augmented complete case analysis
Iteration 0:  f(p) = -1168.9335  
Iteration 1:  f(p) =  -2.668695  
Iteration 2:  f(p) = -.00662149  
Iteration 3:  f(p) = -.00001533  
Iteration 4:  f(p) = -3.803e-08  
Iteration 5:  f(p) = -8.805e-11  
file augacc_z_mysim902.xlsx saved
file augacc_z_mysim902.xlsx saved
------------------------------------------------------------------------------
             | Coefficient  Std. err.      z    P>|z|     [95% conf. interval]
-------------+----------------------------------------------------------------
       xmiss |   .2377198   .0443854     5.36   0.000     .1507261    .3247135
           z |   .2180541   .0361278     6.04   0.000     .1472448    .2888633
       _cons |  -.0449924   .0490826    -0.92   0.359    -.1411925    .0512078
------------------------------------------------------------------------------

. 
. 
. 
. 
. 
end of do-file


. [?1l>