SLURM_JOBID:  37983758
SLURM_ARRAY_TASK_ID:  656
SLURM_ARRAY_JOB_ID:  37982990
[?1h=
  ___  ____  ____  ____  ____ ®
 /__    /   ____/   /   ____/      18.0
___/   /   /___/   /   /___/       SE—Standard Edition

 Statistics and Data Science       Copyright 1985-2023 StataCorp LLC
                                   StataCorp
                                   4905 Lakeway Drive
                                   College Station, Texas 77845 USA
                                   800-STATA-PC        https://www.stata.com
                                   979-696-4600        stata@stata.com

Stata license: 125-user network, expiring 23 Jul 2024
Serial number: 401809304040
  Licensed to: UNC-CH
               Chapel Hill NC

Notes:
      1. Unicode is supported; see help unicode_advice.
      2. Maximum number of variables is set to 5,000 but can be increased;
          see help set_maxvar.

. do "main2.do" 656 

. // jesus vazquez
. // 04/18/2024
. 
. clear

. import delimited "acc_example_stata.csv"
(encoding automatically selected: ISO-8859-2)
(6 vars, 1,001,000 obs)

. 
. keep if sim == `1'
(1,000,000 observations deleted)

. gen mysim`1' = 0

. 
. // gen imp1 = rnormal(0,1)
. // gen imp2 = rnormal(0,1)
. // gen imp3 = rnormal(0,1)
. // gen imp4 = rnormal(0,1)
. // gen imp5 = rnormal(0,1)
. // gen imp6 = rnormal(0,1)
. // gen imp7 = rnormal(0,1)
. // gen imp8 = rnormal(0,1)
. // gen imp9 = rnormal(0,1)
. // gen imp10 = rnormal(0,1)
. // gen imp11 = rnormal(0,1)
. // gen imp12 = rnormal(0,1)
. // gen imp13 = rnormal(0,1)
. // gen imp14 = rnormal(0,1)
. // gen imp15 = rnormal(0,1)
. // gen imp16 = rnormal(0,1)
. // gen imp17 = rnormal(0,1)
. // gen imp18 = rnormal(0,1)
. // gen imp19 = rnormal(0,1)
. // gen imp20 = rnormal(0,1)
. // gen imp21 = rnormal(0,1)
. // gen imp22 = rnormal(0,1)
. // gen imp23 = rnormal(0,1)
. // gen imp24 = rnormal(0,1)
. // gen imp25 = rnormal(0,1)
. // gen imp26 = rnormal(0,1)
. // gen imp27 = rnormal(0,1)
. // gen imp28 = rnormal(0,1)
. // gen imp29 = rnormal(0,1)
. // gen imp30 = rnormal(0,1)
. //
. // // correct weight 
. // augcca z, y(y) x(xmiss) imps(imp1-imp30) pivars(y z) mysim(mysim`1')
. //
. // // incorrect weight specification
. // augcca z, y(y) x(xmiss) imps(imp1-imp30) pivars(z) mysim(mysim`1')
. 
. // incorrect augmentation
. gen imp31 = rnormal(0,0.9) + 0.88 + 0.20*z + 0.20*y

. gen imp32 = rnormal(0,0.9) + 0.88 + 0.20*z + 0.20*y

. gen imp33 = rnormal(0,0.9) + 0.88 + 0.20*z + 0.20*y

. gen imp34 = rnormal(0,0.9) + 0.88 + 0.20*z + 0.20*y

. gen imp35 = rnormal(0,0.9) + 0.88 + 0.20*z + 0.20*y

. gen imp36 = rnormal(0,0.9) + 0.88 + 0.20*z + 0.20*y

. gen imp37 = rnormal(0,0.9) + 0.88 + 0.20*z + 0.20*y

. gen imp38 = rnormal(0,0.9) + 0.88 + 0.20*z + 0.20*y

. gen imp39 = rnormal(0,0.9) + 0.88 + 0.20*z + 0.20*y

. gen imp40 = rnormal(0,0.9) + 0.88 + 0.20*z + 0.20*y

. gen imp41 = rnormal(0,0.9) + 0.88 + 0.20*z + 0.20*y

. gen imp42 = rnormal(0,0.9) + 0.88 + 0.20*z + 0.20*y

. gen imp43 = rnormal(0,0.9) + 0.88 + 0.20*z + 0.20*y

. gen imp44 = rnormal(0,0.9) + 0.88 + 0.20*z + 0.20*y

. gen imp45 = rnormal(0,0.9) + 0.88 + 0.20*z + 0.20*y

. gen imp46 = rnormal(0,0.9) + 0.88 + 0.20*z + 0.20*y

. gen imp47 = rnormal(0,0.9) + 0.88 + 0.20*z + 0.20*y

. gen imp48 = rnormal(0,0.9) + 0.88 + 0.20*z + 0.20*y

. gen imp49 = rnormal(0,0.9) + 0.88 + 0.20*z + 0.20*y

. gen imp50 = rnormal(0,0.9) + 0.88 + 0.20*z + 0.20*y

. gen imp51 = rnormal(0,0.9) + 0.88 + 0.20*z + 0.20*y

. gen imp52 = rnormal(0,0.9) + 0.88 + 0.20*z + 0.20*y

. gen imp53 = rnormal(0,0.9) + 0.88 + 0.20*z + 0.20*y

. gen imp54 = rnormal(0,0.9) + 0.88 + 0.20*z + 0.20*y

. gen imp55 = rnormal(0,0.9) + 0.88 + 0.20*z + 0.20*y

. gen imp56 = rnormal(0,0.9) + 0.88 + 0.20*z + 0.20*y

. gen imp57 = rnormal(0,0.9) + 0.88 + 0.20*z + 0.20*y

. gen imp58 = rnormal(0,0.9) + 0.88 + 0.20*z + 0.20*y

. gen imp59 = rnormal(0,0.9) + 0.88 + 0.20*z + 0.20*y

. gen imp60 = rnormal(0,0.9) + 0.88 + 0.20*z + 0.20*y

. 
. // correct weight 
. augcca z, y(y) x(xmiss) imps(imp31-imp60) pivars(y z) mysim(mysim`1')
Missingness model

Logistic regression                                     Number of obs =  1,000
                                                        LR chi2(2)    = 212.61
                                                        Prob > chi2   = 0.0000
Log likelihood = -586.55235                             Pseudo R2     = 0.1534

------------------------------------------------------------------------------
        my_r | Odds ratio   Std. err.      z    P>|z|     [95% conf. interval]
-------------+----------------------------------------------------------------
           y |   1.029472   .0745531     0.40   0.688     .8932474    1.186472
           z |   2.585085   .1997874    12.29   0.000     2.221724    3.007874
       _cons |   .6139943    .050592    -5.92   0.000     .5224285    .7216086
------------------------------------------------------------------------------
Note: _cons estimates baseline odds.
Complete case analysis

      Source |       SS           df       MS      Number of obs   =       512
-------------+----------------------------------   F(2, 509)       =     36.23
       Model |  64.3903267         2  32.1951634   Prob > F        =    0.0000
    Residual |  452.280682       509  .888567155   R-squared       =    0.1246
-------------+----------------------------------   Adj R-squared   =    0.1212
       Total |  516.671009       511  1.01109786   Root MSE        =    .94264

------------------------------------------------------------------------------
           y | Coefficient  Std. err.      t    P>|t|     [95% conf. interval]
-------------+----------------------------------------------------------------
       xmiss |   .2448553   .0428982     5.71   0.000      .160576    .3291346
           z |   .2054594   .0420165     4.89   0.000     .1229124    .2880064
       _cons |  -.2184735   .0704278    -3.10   0.002    -.3568385   -.0801085
------------------------------------------------------------------------------
Augmented complete case analysis
Iteration 0:  f(p) = -222.86861  
Iteration 1:  f(p) = -.28028412  
Iteration 2:  f(p) = -.00031752  
Iteration 3:  f(p) = -4.159e-07  
Iteration 4:  f(p) = -4.711e-10  
Iteration 5:  f(p) = -6.170e-13  
file augacc_y z_mysim656.xlsx saved
file augacc_y z_mysim656.xlsx saved
------------------------------------------------------------------------------
             | Coefficient  Std. err.      z    P>|z|     [95% conf. interval]
-------------+----------------------------------------------------------------
       xmiss |   .2478933   .0422878     5.86   0.000     .1650107    .3307759
           z |   .1738211   .0336823     5.16   0.000     .1078051    .2398372
       _cons |  -.1876555   .0652798    -2.87   0.004    -.3156016   -.0597095
------------------------------------------------------------------------------

. 
. // incorrect weight specification
. augcca z, y(y) x(xmiss) imps(imp31-imp60) pivars(z) mysim(mysim`1')
Missingness model

Logistic regression                                     Number of obs =  1,000
                                                        LR chi2(1)    = 212.45
                                                        Prob > chi2   = 0.0000
Log likelihood = -586.63282                             Pseudo R2     = 0.1533

------------------------------------------------------------------------------
        my_r | Odds ratio   Std. err.      z    P>|z|     [95% conf. interval]
-------------+----------------------------------------------------------------
           z |   2.602053   .1967548    12.65   0.000     2.243636    3.017727
       _cons |    .614221   .0506049    -5.92   0.000     .5226311    .7218618
------------------------------------------------------------------------------
Note: _cons estimates baseline odds.
Complete case analysis

      Source |       SS           df       MS      Number of obs   =       512
-------------+----------------------------------   F(2, 509)       =     36.23
       Model |  64.3903267         2  32.1951634   Prob > F        =    0.0000
    Residual |  452.280682       509  .888567155   R-squared       =    0.1246
-------------+----------------------------------   Adj R-squared   =    0.1212
       Total |  516.671009       511  1.01109786   Root MSE        =    .94264

------------------------------------------------------------------------------
           y | Coefficient  Std. err.      t    P>|t|     [95% conf. interval]
-------------+----------------------------------------------------------------
       xmiss |   .2448553   .0428982     5.71   0.000      .160576    .3291346
           z |   .2054594   .0420165     4.89   0.000     .1229124    .2880064
       _cons |  -.2184735   .0704278    -3.10   0.002    -.3568385   -.0801085
------------------------------------------------------------------------------
Augmented complete case analysis
Iteration 0:  f(p) = -372.56453  
Iteration 1:  f(p) =  -.4648894  
Iteration 2:  f(p) = -.00055012  
Iteration 3:  f(p) = -6.868e-07  
Iteration 4:  f(p) = -8.127e-10  
Iteration 5:  f(p) = -1.015e-12  
file augacc_z_mysim656.xlsx saved
file augacc_z_mysim656.xlsx saved
------------------------------------------------------------------------------
             | Coefficient  Std. err.      z    P>|z|     [95% conf. interval]
-------------+----------------------------------------------------------------
       xmiss |   .2475586   .0423058     5.85   0.000     .1646407    .3304764
           z |   .1784026    .031751     5.62   0.000     .1161717    .2406335
       _cons |  -.2016274   .0532059    -3.79   0.000     -.305909   -.0973458
------------------------------------------------------------------------------

. 
. 
. 
. 
. 
end of do-file


. [?1l>