SLURM_JOBID:  37984368
SLURM_ARRAY_TASK_ID:  797
SLURM_ARRAY_JOB_ID:  37982990
[?1h=
  ___  ____  ____  ____  ____ ®
 /__    /   ____/   /   ____/      18.0
___/   /   /___/   /   /___/       SE—Standard Edition

 Statistics and Data Science       Copyright 1985-2023 StataCorp LLC
                                   StataCorp
                                   4905 Lakeway Drive
                                   College Station, Texas 77845 USA
                                   800-STATA-PC        https://www.stata.com
                                   979-696-4600        stata@stata.com

Stata license: 125-user network, expiring 23 Jul 2024
Serial number: 401809304040
  Licensed to: UNC-CH
               Chapel Hill NC

Notes:
      1. Unicode is supported; see help unicode_advice.
      2. Maximum number of variables is set to 5,000 but can be increased;
          see help set_maxvar.

. do "main2.do" 797 

. // jesus vazquez
. // 04/18/2024
. 
. clear

. import delimited "acc_example_stata.csv"
(encoding automatically selected: ISO-8859-2)
(6 vars, 1,001,000 obs)

. 
. keep if sim == `1'
(1,000,000 observations deleted)

. gen mysim`1' = 0

. 
. // gen imp1 = rnormal(0,1)
. // gen imp2 = rnormal(0,1)
. // gen imp3 = rnormal(0,1)
. // gen imp4 = rnormal(0,1)
. // gen imp5 = rnormal(0,1)
. // gen imp6 = rnormal(0,1)
. // gen imp7 = rnormal(0,1)
. // gen imp8 = rnormal(0,1)
. // gen imp9 = rnormal(0,1)
. // gen imp10 = rnormal(0,1)
. // gen imp11 = rnormal(0,1)
. // gen imp12 = rnormal(0,1)
. // gen imp13 = rnormal(0,1)
. // gen imp14 = rnormal(0,1)
. // gen imp15 = rnormal(0,1)
. // gen imp16 = rnormal(0,1)
. // gen imp17 = rnormal(0,1)
. // gen imp18 = rnormal(0,1)
. // gen imp19 = rnormal(0,1)
. // gen imp20 = rnormal(0,1)
. // gen imp21 = rnormal(0,1)
. // gen imp22 = rnormal(0,1)
. // gen imp23 = rnormal(0,1)
. // gen imp24 = rnormal(0,1)
. // gen imp25 = rnormal(0,1)
. // gen imp26 = rnormal(0,1)
. // gen imp27 = rnormal(0,1)
. // gen imp28 = rnormal(0,1)
. // gen imp29 = rnormal(0,1)
. // gen imp30 = rnormal(0,1)
. //
. // // correct weight 
. // augcca z, y(y) x(xmiss) imps(imp1-imp30) pivars(y z) mysim(mysim`1')
. //
. // // incorrect weight specification
. // augcca z, y(y) x(xmiss) imps(imp1-imp30) pivars(z) mysim(mysim`1')
. 
. // incorrect augmentation
. gen imp31 = rnormal(0,0.9) + 0.88 + 0.20*z + 0.20*y

. gen imp32 = rnormal(0,0.9) + 0.88 + 0.20*z + 0.20*y

. gen imp33 = rnormal(0,0.9) + 0.88 + 0.20*z + 0.20*y

. gen imp34 = rnormal(0,0.9) + 0.88 + 0.20*z + 0.20*y

. gen imp35 = rnormal(0,0.9) + 0.88 + 0.20*z + 0.20*y

. gen imp36 = rnormal(0,0.9) + 0.88 + 0.20*z + 0.20*y

. gen imp37 = rnormal(0,0.9) + 0.88 + 0.20*z + 0.20*y

. gen imp38 = rnormal(0,0.9) + 0.88 + 0.20*z + 0.20*y

. gen imp39 = rnormal(0,0.9) + 0.88 + 0.20*z + 0.20*y

. gen imp40 = rnormal(0,0.9) + 0.88 + 0.20*z + 0.20*y

. gen imp41 = rnormal(0,0.9) + 0.88 + 0.20*z + 0.20*y

. gen imp42 = rnormal(0,0.9) + 0.88 + 0.20*z + 0.20*y

. gen imp43 = rnormal(0,0.9) + 0.88 + 0.20*z + 0.20*y

. gen imp44 = rnormal(0,0.9) + 0.88 + 0.20*z + 0.20*y

. gen imp45 = rnormal(0,0.9) + 0.88 + 0.20*z + 0.20*y

. gen imp46 = rnormal(0,0.9) + 0.88 + 0.20*z + 0.20*y

. gen imp47 = rnormal(0,0.9) + 0.88 + 0.20*z + 0.20*y

. gen imp48 = rnormal(0,0.9) + 0.88 + 0.20*z + 0.20*y

. gen imp49 = rnormal(0,0.9) + 0.88 + 0.20*z + 0.20*y

. gen imp50 = rnormal(0,0.9) + 0.88 + 0.20*z + 0.20*y

. gen imp51 = rnormal(0,0.9) + 0.88 + 0.20*z + 0.20*y

. gen imp52 = rnormal(0,0.9) + 0.88 + 0.20*z + 0.20*y

. gen imp53 = rnormal(0,0.9) + 0.88 + 0.20*z + 0.20*y

. gen imp54 = rnormal(0,0.9) + 0.88 + 0.20*z + 0.20*y

. gen imp55 = rnormal(0,0.9) + 0.88 + 0.20*z + 0.20*y

. gen imp56 = rnormal(0,0.9) + 0.88 + 0.20*z + 0.20*y

. gen imp57 = rnormal(0,0.9) + 0.88 + 0.20*z + 0.20*y

. gen imp58 = rnormal(0,0.9) + 0.88 + 0.20*z + 0.20*y

. gen imp59 = rnormal(0,0.9) + 0.88 + 0.20*z + 0.20*y

. gen imp60 = rnormal(0,0.9) + 0.88 + 0.20*z + 0.20*y

. 
. // correct weight 
. augcca z, y(y) x(xmiss) imps(imp31-imp60) pivars(y z) mysim(mysim`1')
Missingness model

Logistic regression                                     Number of obs =  1,000
                                                        LR chi2(2)    = 243.34
                                                        Prob > chi2   = 0.0000
Log likelihood = -570.22542                             Pseudo R2     = 0.1759

------------------------------------------------------------------------------
        my_r | Odds ratio   Std. err.      z    P>|z|     [95% conf. interval]
-------------+----------------------------------------------------------------
           y |   1.276954   .0950759     3.28   0.001     1.103567    1.477582
           z |   2.684918   .2200561    12.05   0.000     2.286475    3.152794
       _cons |   .5108255    .043217    -7.94   0.000     .4327719    .6029567
------------------------------------------------------------------------------
Note: _cons estimates baseline odds.
Complete case analysis

      Source |       SS           df       MS      Number of obs   =       475
-------------+----------------------------------   F(2, 472)       =     27.12
       Model |  45.4509841         2  22.7254921   Prob > F        =    0.0000
    Residual |  395.451131       472  .837820193   R-squared       =    0.1031
-------------+----------------------------------   Adj R-squared   =    0.0993
       Total |  440.902115       474  .930173239   Root MSE        =    .91533

------------------------------------------------------------------------------
           y | Coefficient  Std. err.      t    P>|t|     [95% conf. interval]
-------------+----------------------------------------------------------------
       xmiss |   .1847924   .0438096     4.22   0.000     .0987065    .2708783
           z |   .2085591   .0449819     4.64   0.000     .1201695    .2969487
       _cons |   .0554069   .0681284     0.81   0.416    -.0784656    .1892794
------------------------------------------------------------------------------
Augmented complete case analysis
Iteration 0:  f(p) = -250.16125  
Iteration 1:  f(p) = -.17017627  
Iteration 2:  f(p) = -.00014644  
Iteration 3:  f(p) = -1.156e-07  
Iteration 4:  f(p) = -9.949e-11  
Iteration 5:  f(p) = -7.855e-14  
file augacc_y z_mysim797.xlsx saved
file augacc_y z_mysim797.xlsx saved
------------------------------------------------------------------------------
             | Coefficient  Std. err.      z    P>|z|     [95% conf. interval]
-------------+----------------------------------------------------------------
       xmiss |   .1909051   .0433958     4.40   0.000     .1058508    .2759594
           z |    .176307   .0404932     4.35   0.000     .0969418    .2556722
       _cons |   .0801801   .0633119     1.27   0.205     -.043909    .2042691
------------------------------------------------------------------------------

. 
. // incorrect weight specification
. augcca z, y(y) x(xmiss) imps(imp31-imp60) pivars(z) mysim(mysim`1')
Missingness model

Logistic regression                                     Number of obs =  1,000
                                                        LR chi2(1)    = 232.39
                                                        Prob > chi2   = 0.0000
Log likelihood = -575.70124                             Pseudo R2     = 0.1679

------------------------------------------------------------------------------
        my_r | Odds ratio   Std. err.      z    P>|z|     [95% conf. interval]
-------------+----------------------------------------------------------------
           z |   2.833031   .2274077    12.97   0.000     2.420613    3.315717
       _cons |   .5244072   .0437256    -7.74   0.000     .4453429    .6175081
------------------------------------------------------------------------------
Note: _cons estimates baseline odds.
Complete case analysis

      Source |       SS           df       MS      Number of obs   =       475
-------------+----------------------------------   F(2, 472)       =     27.12
       Model |  45.4509841         2  22.7254921   Prob > F        =    0.0000
    Residual |  395.451131       472  .837820193   R-squared       =    0.1031
-------------+----------------------------------   Adj R-squared   =    0.0993
       Total |  440.902115       474  .930173239   Root MSE        =    .91533

------------------------------------------------------------------------------
           y | Coefficient  Std. err.      t    P>|t|     [95% conf. interval]
-------------+----------------------------------------------------------------
       xmiss |   .1847924   .0438096     4.22   0.000     .0987065    .2708783
           z |   .2085591   .0449819     4.64   0.000     .1201695    .2969487
       _cons |   .0554069   .0681284     0.81   0.416    -.0784656    .1892794
------------------------------------------------------------------------------
Augmented complete case analysis
Iteration 0:  f(p) = -4024.1686  
Iteration 1:  f(p) = -5.4307825  
Iteration 2:  f(p) = -.00661377  
Iteration 3:  f(p) = -8.989e-06  
Iteration 4:  f(p) = -1.095e-08  
Iteration 5:  f(p) = -1.488e-11  
file augacc_z_mysim797.xlsx saved
file augacc_z_mysim797.xlsx saved
------------------------------------------------------------------------------
             | Coefficient  Std. err.      z    P>|z|     [95% conf. interval]
-------------+----------------------------------------------------------------
       xmiss |   .1842301   .0434012     4.24   0.000     .0991653    .2692948
           z |   .2189971   .0375398     5.83   0.000     .1454204    .2925739
       _cons |  -.0367669   .0510626    -0.72   0.472    -.1368477    .0633139
------------------------------------------------------------------------------

. 
. 
. 
. 
. 
end of do-file


. [?1l>