SLURM_JOBID:  37983289
SLURM_ARRAY_TASK_ID:  280
SLURM_ARRAY_JOB_ID:  37982990
[?1h=
  ___  ____  ____  ____  ____ ®
 /__    /   ____/   /   ____/      18.0
___/   /   /___/   /   /___/       SE—Standard Edition

 Statistics and Data Science       Copyright 1985-2023 StataCorp LLC
                                   StataCorp
                                   4905 Lakeway Drive
                                   College Station, Texas 77845 USA
                                   800-STATA-PC        https://www.stata.com
                                   979-696-4600        stata@stata.com

Stata license: 125-user network, expiring 23 Jul 2024
Serial number: 401809304040
  Licensed to: UNC-CH
               Chapel Hill NC

Notes:
      1. Unicode is supported; see help unicode_advice.
      2. Maximum number of variables is set to 5,000 but can be increased;
          see help set_maxvar.

. do "main2.do" 280 

. // jesus vazquez
. // 04/18/2024
. 
. clear

. import delimited "acc_example_stata.csv"
(encoding automatically selected: ISO-8859-2)
(6 vars, 1,001,000 obs)

. 
. keep if sim == `1'
(1,000,000 observations deleted)

. gen mysim`1' = 0

. 
. // gen imp1 = rnormal(0,1)
. // gen imp2 = rnormal(0,1)
. // gen imp3 = rnormal(0,1)
. // gen imp4 = rnormal(0,1)
. // gen imp5 = rnormal(0,1)
. // gen imp6 = rnormal(0,1)
. // gen imp7 = rnormal(0,1)
. // gen imp8 = rnormal(0,1)
. // gen imp9 = rnormal(0,1)
. // gen imp10 = rnormal(0,1)
. // gen imp11 = rnormal(0,1)
. // gen imp12 = rnormal(0,1)
. // gen imp13 = rnormal(0,1)
. // gen imp14 = rnormal(0,1)
. // gen imp15 = rnormal(0,1)
. // gen imp16 = rnormal(0,1)
. // gen imp17 = rnormal(0,1)
. // gen imp18 = rnormal(0,1)
. // gen imp19 = rnormal(0,1)
. // gen imp20 = rnormal(0,1)
. // gen imp21 = rnormal(0,1)
. // gen imp22 = rnormal(0,1)
. // gen imp23 = rnormal(0,1)
. // gen imp24 = rnormal(0,1)
. // gen imp25 = rnormal(0,1)
. // gen imp26 = rnormal(0,1)
. // gen imp27 = rnormal(0,1)
. // gen imp28 = rnormal(0,1)
. // gen imp29 = rnormal(0,1)
. // gen imp30 = rnormal(0,1)
. //
. // // correct weight 
. // augcca z, y(y) x(xmiss) imps(imp1-imp30) pivars(y z) mysim(mysim`1')
. //
. // // incorrect weight specification
. // augcca z, y(y) x(xmiss) imps(imp1-imp30) pivars(z) mysim(mysim`1')
. 
. // incorrect augmentation
. gen imp31 = rnormal(0,0.9) + 0.88 + 0.20*z + 0.20*y

. gen imp32 = rnormal(0,0.9) + 0.88 + 0.20*z + 0.20*y

. gen imp33 = rnormal(0,0.9) + 0.88 + 0.20*z + 0.20*y

. gen imp34 = rnormal(0,0.9) + 0.88 + 0.20*z + 0.20*y

. gen imp35 = rnormal(0,0.9) + 0.88 + 0.20*z + 0.20*y

. gen imp36 = rnormal(0,0.9) + 0.88 + 0.20*z + 0.20*y

. gen imp37 = rnormal(0,0.9) + 0.88 + 0.20*z + 0.20*y

. gen imp38 = rnormal(0,0.9) + 0.88 + 0.20*z + 0.20*y

. gen imp39 = rnormal(0,0.9) + 0.88 + 0.20*z + 0.20*y

. gen imp40 = rnormal(0,0.9) + 0.88 + 0.20*z + 0.20*y

. gen imp41 = rnormal(0,0.9) + 0.88 + 0.20*z + 0.20*y

. gen imp42 = rnormal(0,0.9) + 0.88 + 0.20*z + 0.20*y

. gen imp43 = rnormal(0,0.9) + 0.88 + 0.20*z + 0.20*y

. gen imp44 = rnormal(0,0.9) + 0.88 + 0.20*z + 0.20*y

. gen imp45 = rnormal(0,0.9) + 0.88 + 0.20*z + 0.20*y

. gen imp46 = rnormal(0,0.9) + 0.88 + 0.20*z + 0.20*y

. gen imp47 = rnormal(0,0.9) + 0.88 + 0.20*z + 0.20*y

. gen imp48 = rnormal(0,0.9) + 0.88 + 0.20*z + 0.20*y

. gen imp49 = rnormal(0,0.9) + 0.88 + 0.20*z + 0.20*y

. gen imp50 = rnormal(0,0.9) + 0.88 + 0.20*z + 0.20*y

. gen imp51 = rnormal(0,0.9) + 0.88 + 0.20*z + 0.20*y

. gen imp52 = rnormal(0,0.9) + 0.88 + 0.20*z + 0.20*y

. gen imp53 = rnormal(0,0.9) + 0.88 + 0.20*z + 0.20*y

. gen imp54 = rnormal(0,0.9) + 0.88 + 0.20*z + 0.20*y

. gen imp55 = rnormal(0,0.9) + 0.88 + 0.20*z + 0.20*y

. gen imp56 = rnormal(0,0.9) + 0.88 + 0.20*z + 0.20*y

. gen imp57 = rnormal(0,0.9) + 0.88 + 0.20*z + 0.20*y

. gen imp58 = rnormal(0,0.9) + 0.88 + 0.20*z + 0.20*y

. gen imp59 = rnormal(0,0.9) + 0.88 + 0.20*z + 0.20*y

. gen imp60 = rnormal(0,0.9) + 0.88 + 0.20*z + 0.20*y

. 
. // correct weight 
. augcca z, y(y) x(xmiss) imps(imp31-imp60) pivars(y z) mysim(mysim`1')
Missingness model

Logistic regression                                     Number of obs =  1,000
                                                        LR chi2(2)    = 267.03
                                                        Prob > chi2   = 0.0000
Log likelihood = -559.24165                             Pseudo R2     = 0.1927

------------------------------------------------------------------------------
        my_r | Odds ratio   Std. err.      z    P>|z|     [95% conf. interval]
-------------+----------------------------------------------------------------
           y |     1.1304   .0831356     1.67   0.096     .9786565    1.305672
           z |   3.107826   .2750581    12.81   0.000     2.612889    3.696513
       _cons |   .5538582   .0458196    -7.14   0.000     .4709559    .6513537
------------------------------------------------------------------------------
Note: _cons estimates baseline odds.
Complete case analysis

      Source |       SS           df       MS      Number of obs   =       486
-------------+----------------------------------   F(2, 483)       =     47.78
       Model |  82.2822798         2  41.1411399   Prob > F        =    0.0000
    Residual |   415.89888       483  .861074286   R-squared       =    0.1652
-------------+----------------------------------   Adj R-squared   =    0.1617
       Total |   498.18116       485  1.02717765   Root MSE        =    .92794

------------------------------------------------------------------------------
           y | Coefficient  Std. err.      t    P>|t|     [95% conf. interval]
-------------+----------------------------------------------------------------
       xmiss |   .2524658   .0433685     5.82   0.000     .1672515      .33768
           z |   .2685418   .0458852     5.85   0.000     .1783825    .3587011
       _cons |  -.1135573   .0672736    -1.69   0.092    -.2457424    .0186278
------------------------------------------------------------------------------
Augmented complete case analysis
Iteration 0:  f(p) = -128.72953  
Iteration 1:  f(p) = -.00799993  
Iteration 2:  f(p) = -4.912e-07  
Iteration 3:  f(p) = -3.116e-11  
Iteration 4:  f(p) = -1.913e-15  
file augacc_y z_mysim280.xlsx saved
file augacc_y z_mysim280.xlsx saved
------------------------------------------------------------------------------
             | Coefficient  Std. err.      z    P>|z|     [95% conf. interval]
-------------+----------------------------------------------------------------
       xmiss |   .2620488    .043874     5.97   0.000     .1760573    .3480402
           z |   .2382267   .0382395     6.23   0.000     .1632787    .3131747
       _cons |  -.0916784   .0650487    -1.41   0.159    -.2191715    .0358147
------------------------------------------------------------------------------

. 
. // incorrect weight specification
. augcca z, y(y) x(xmiss) imps(imp31-imp60) pivars(z) mysim(mysim`1')
Missingness model

Logistic regression                                     Number of obs =  1,000
                                                        LR chi2(1)    = 264.24
                                                        Prob > chi2   = 0.0000
Log likelihood = -560.63758                             Pseudo R2     = 0.1907

------------------------------------------------------------------------------
        my_r | Odds ratio   Std. err.      z    P>|z|     [95% conf. interval]
-------------+----------------------------------------------------------------
           z |   3.218774   .2776734    13.55   0.000     2.718066     3.81172
       _cons |   .5570131   .0459802    -7.09   0.000     .4738059    .6548326
------------------------------------------------------------------------------
Note: _cons estimates baseline odds.
Complete case analysis

      Source |       SS           df       MS      Number of obs   =       486
-------------+----------------------------------   F(2, 483)       =     47.78
       Model |  82.2822798         2  41.1411399   Prob > F        =    0.0000
    Residual |   415.89888       483  .861074286   R-squared       =    0.1652
-------------+----------------------------------   Adj R-squared   =    0.1617
       Total |   498.18116       485  1.02717765   Root MSE        =    .92794

------------------------------------------------------------------------------
           y | Coefficient  Std. err.      t    P>|t|     [95% conf. interval]
-------------+----------------------------------------------------------------
       xmiss |   .2524658   .0433685     5.82   0.000     .1672515      .33768
           z |   .2685418   .0458852     5.85   0.000     .1783825    .3587011
       _cons |  -.1135573   .0672736    -1.69   0.092    -.2457424    .0186278
------------------------------------------------------------------------------
Augmented complete case analysis
Iteration 0:  f(p) = -843.94564  
Iteration 1:  f(p) = -.02140961  
Iteration 2:  f(p) = -9.737e-07  
Iteration 3:  f(p) = -4.266e-11  
Iteration 4:  f(p) = -1.940e-15  
file augacc_z_mysim280.xlsx saved
file augacc_z_mysim280.xlsx saved
------------------------------------------------------------------------------
             | Coefficient  Std. err.      z    P>|z|     [95% conf. interval]
-------------+----------------------------------------------------------------
       xmiss |    .266088   .0440615     6.04   0.000      .179729    .3524471
           z |   .2580653    .036386     7.09   0.000     .1867499    .3293806
       _cons |  -.1529891   .0527591    -2.90   0.004     -.256395   -.0495833
------------------------------------------------------------------------------

. 
. 
. 
. 
. 
end of do-file


. [?1l>