SLURM_JOBID:  37984743
SLURM_ARRAY_TASK_ID:  816
SLURM_ARRAY_JOB_ID:  37982990
[?1h=
  ___  ____  ____  ____  ____ ®
 /__    /   ____/   /   ____/      18.0
___/   /   /___/   /   /___/       SE—Standard Edition

 Statistics and Data Science       Copyright 1985-2023 StataCorp LLC
                                   StataCorp
                                   4905 Lakeway Drive
                                   College Station, Texas 77845 USA
                                   800-STATA-PC        https://www.stata.com
                                   979-696-4600        stata@stata.com

Stata license: 125-user network, expiring 23 Jul 2024
Serial number: 401809304040
  Licensed to: UNC-CH
               Chapel Hill NC

Notes:
      1. Unicode is supported; see help unicode_advice.
      2. Maximum number of variables is set to 5,000 but can be increased;
          see help set_maxvar.

. do "main2.do" 816 

. // jesus vazquez
. // 04/18/2024
. 
. clear

. import delimited "acc_example_stata.csv"
(encoding automatically selected: ISO-8859-2)
(6 vars, 1,001,000 obs)

. 
. keep if sim == `1'
(1,000,000 observations deleted)

. gen mysim`1' = 0

. 
. // gen imp1 = rnormal(0,1)
. // gen imp2 = rnormal(0,1)
. // gen imp3 = rnormal(0,1)
. // gen imp4 = rnormal(0,1)
. // gen imp5 = rnormal(0,1)
. // gen imp6 = rnormal(0,1)
. // gen imp7 = rnormal(0,1)
. // gen imp8 = rnormal(0,1)
. // gen imp9 = rnormal(0,1)
. // gen imp10 = rnormal(0,1)
. // gen imp11 = rnormal(0,1)
. // gen imp12 = rnormal(0,1)
. // gen imp13 = rnormal(0,1)
. // gen imp14 = rnormal(0,1)
. // gen imp15 = rnormal(0,1)
. // gen imp16 = rnormal(0,1)
. // gen imp17 = rnormal(0,1)
. // gen imp18 = rnormal(0,1)
. // gen imp19 = rnormal(0,1)
. // gen imp20 = rnormal(0,1)
. // gen imp21 = rnormal(0,1)
. // gen imp22 = rnormal(0,1)
. // gen imp23 = rnormal(0,1)
. // gen imp24 = rnormal(0,1)
. // gen imp25 = rnormal(0,1)
. // gen imp26 = rnormal(0,1)
. // gen imp27 = rnormal(0,1)
. // gen imp28 = rnormal(0,1)
. // gen imp29 = rnormal(0,1)
. // gen imp30 = rnormal(0,1)
. //
. // // correct weight 
. // augcca z, y(y) x(xmiss) imps(imp1-imp30) pivars(y z) mysim(mysim`1')
. //
. // // incorrect weight specification
. // augcca z, y(y) x(xmiss) imps(imp1-imp30) pivars(z) mysim(mysim`1')
. 
. // incorrect augmentation
. gen imp31 = rnormal(0,0.9) + 0.88 + 0.20*z + 0.20*y

. gen imp32 = rnormal(0,0.9) + 0.88 + 0.20*z + 0.20*y

. gen imp33 = rnormal(0,0.9) + 0.88 + 0.20*z + 0.20*y

. gen imp34 = rnormal(0,0.9) + 0.88 + 0.20*z + 0.20*y

. gen imp35 = rnormal(0,0.9) + 0.88 + 0.20*z + 0.20*y

. gen imp36 = rnormal(0,0.9) + 0.88 + 0.20*z + 0.20*y

. gen imp37 = rnormal(0,0.9) + 0.88 + 0.20*z + 0.20*y

. gen imp38 = rnormal(0,0.9) + 0.88 + 0.20*z + 0.20*y

. gen imp39 = rnormal(0,0.9) + 0.88 + 0.20*z + 0.20*y

. gen imp40 = rnormal(0,0.9) + 0.88 + 0.20*z + 0.20*y

. gen imp41 = rnormal(0,0.9) + 0.88 + 0.20*z + 0.20*y

. gen imp42 = rnormal(0,0.9) + 0.88 + 0.20*z + 0.20*y

. gen imp43 = rnormal(0,0.9) + 0.88 + 0.20*z + 0.20*y

. gen imp44 = rnormal(0,0.9) + 0.88 + 0.20*z + 0.20*y

. gen imp45 = rnormal(0,0.9) + 0.88 + 0.20*z + 0.20*y

. gen imp46 = rnormal(0,0.9) + 0.88 + 0.20*z + 0.20*y

. gen imp47 = rnormal(0,0.9) + 0.88 + 0.20*z + 0.20*y

. gen imp48 = rnormal(0,0.9) + 0.88 + 0.20*z + 0.20*y

. gen imp49 = rnormal(0,0.9) + 0.88 + 0.20*z + 0.20*y

. gen imp50 = rnormal(0,0.9) + 0.88 + 0.20*z + 0.20*y

. gen imp51 = rnormal(0,0.9) + 0.88 + 0.20*z + 0.20*y

. gen imp52 = rnormal(0,0.9) + 0.88 + 0.20*z + 0.20*y

. gen imp53 = rnormal(0,0.9) + 0.88 + 0.20*z + 0.20*y

. gen imp54 = rnormal(0,0.9) + 0.88 + 0.20*z + 0.20*y

. gen imp55 = rnormal(0,0.9) + 0.88 + 0.20*z + 0.20*y

. gen imp56 = rnormal(0,0.9) + 0.88 + 0.20*z + 0.20*y

. gen imp57 = rnormal(0,0.9) + 0.88 + 0.20*z + 0.20*y

. gen imp58 = rnormal(0,0.9) + 0.88 + 0.20*z + 0.20*y

. gen imp59 = rnormal(0,0.9) + 0.88 + 0.20*z + 0.20*y

. gen imp60 = rnormal(0,0.9) + 0.88 + 0.20*z + 0.20*y

. 
. // correct weight 
. augcca z, y(y) x(xmiss) imps(imp31-imp60) pivars(y z) mysim(mysim`1')
Missingness model

Logistic regression                                     Number of obs =  1,000
                                                        LR chi2(2)    = 190.09
                                                        Prob > chi2   = 0.0000
Log likelihood = -598.08372                             Pseudo R2     = 0.1371

------------------------------------------------------------------------------
        my_r | Odds ratio   Std. err.      z    P>|z|     [95% conf. interval]
-------------+----------------------------------------------------------------
           y |   1.241659   .0891932     3.01   0.003     1.078592    1.429379
           z |   2.290991   .1721694    11.03   0.000      1.97722    2.654555
       _cons |     .62521   .0495099    -5.93   0.000      .535328    .7301833
------------------------------------------------------------------------------
Note: _cons estimates baseline odds.
Complete case analysis

      Source |       SS           df       MS      Number of obs   =       497
-------------+----------------------------------   F(2, 494)       =     30.07
       Model |  50.6875032         2  25.3437516   Prob > F        =    0.0000
    Residual |   416.34477       494  .842803179   R-squared       =    0.1085
-------------+----------------------------------   Adj R-squared   =    0.1049
       Total |  467.032274       496  .941597326   Root MSE        =    .91804

------------------------------------------------------------------------------
           y | Coefficient  Std. err.      t    P>|t|     [95% conf. interval]
-------------+----------------------------------------------------------------
       xmiss |   .2744315   .0436714     6.28   0.000      .188627    .3602361
           z |    .129047   .0435738     2.96   0.003     .0434341    .2146599
       _cons |   .0111559    .066148     0.17   0.866    -.1188101    .1411219
------------------------------------------------------------------------------
Augmented complete case analysis
Iteration 0:  f(p) =  -277.2753  
Iteration 1:  f(p) = -.88708147  
Iteration 2:  f(p) = -.00327327  
Iteration 3:  f(p) = -.00001055  
Iteration 4:  f(p) = -3.892e-08  
Iteration 5:  f(p) = -1.254e-10  
file augacc_y z_mysim816.xlsx saved
file augacc_y z_mysim816.xlsx saved
------------------------------------------------------------------------------
             | Coefficient  Std. err.      z    P>|z|     [95% conf. interval]
-------------+----------------------------------------------------------------
       xmiss |   .2770933   .0410501     6.75   0.000     .1966366    .3575499
           z |   .1534382   .0373147     4.11   0.000     .0803026    .2265737
       _cons |  -.0099671   .0627542    -0.16   0.874    -.1329631    .1130289
------------------------------------------------------------------------------

. 
. // incorrect weight specification
. augcca z, y(y) x(xmiss) imps(imp31-imp60) pivars(z) mysim(mysim`1')
Missingness model

Logistic regression                                     Number of obs =  1,000
                                                        LR chi2(1)    = 180.89
                                                        Prob > chi2   = 0.0000
Log likelihood = -602.68641                             Pseudo R2     = 0.1305

------------------------------------------------------------------------------
        my_r | Odds ratio   Std. err.      z    P>|z|     [95% conf. interval]
-------------+----------------------------------------------------------------
           z |    2.40446   .1771516    11.91   0.000     2.081154    2.777991
       _cons |   .6362065   .0499091    -5.76   0.000     .5455356    .7419474
------------------------------------------------------------------------------
Note: _cons estimates baseline odds.
Complete case analysis

      Source |       SS           df       MS      Number of obs   =       497
-------------+----------------------------------   F(2, 494)       =     30.07
       Model |  50.6875032         2  25.3437516   Prob > F        =    0.0000
    Residual |   416.34477       494  .842803179   R-squared       =    0.1085
-------------+----------------------------------   Adj R-squared   =    0.1049
       Total |  467.032274       496  .941597326   Root MSE        =    .91804

------------------------------------------------------------------------------
           y | Coefficient  Std. err.      t    P>|t|     [95% conf. interval]
-------------+----------------------------------------------------------------
       xmiss |   .2744315   .0436714     6.28   0.000      .188627    .3602361
           z |    .129047   .0435738     2.96   0.003     .0434341    .2146599
       _cons |   .0111559    .066148     0.17   0.866    -.1188101    .1411219
------------------------------------------------------------------------------
Augmented complete case analysis
Iteration 0:  f(p) = -2145.1612  
Iteration 1:  f(p) = -9.4090494  
Iteration 2:  f(p) = -.03029347  
Iteration 3:  f(p) = -.00013292  
Iteration 4:  f(p) = -4.280e-07  
Iteration 5:  f(p) = -1.878e-09  
Iteration 6:  f(p) = -6.046e-12  
file augacc_z_mysim816.xlsx saved
file augacc_z_mysim816.xlsx saved
------------------------------------------------------------------------------
             | Coefficient  Std. err.      z    P>|z|     [95% conf. interval]
-------------+----------------------------------------------------------------
       xmiss |   .2748023   .0412607     6.66   0.000     .1939327    .3556718
           z |   .1912631   .0349626     5.47   0.000     .1227377    .2597884
       _cons |  -.1250277   .0516891    -2.42   0.016    -.2263365   -.0237188
------------------------------------------------------------------------------

. 
. 
. 
. 
. 
end of do-file


. [?1l>