SLURM_JOBID:  37984771
SLURM_ARRAY_TASK_ID:  844
SLURM_ARRAY_JOB_ID:  37982990
[?1h=
  ___  ____  ____  ____  ____ ®
 /__    /   ____/   /   ____/      18.0
___/   /   /___/   /   /___/       SE—Standard Edition

 Statistics and Data Science       Copyright 1985-2023 StataCorp LLC
                                   StataCorp
                                   4905 Lakeway Drive
                                   College Station, Texas 77845 USA
                                   800-STATA-PC        https://www.stata.com
                                   979-696-4600        stata@stata.com

Stata license: 125-user network, expiring 23 Jul 2024
Serial number: 401809304040
  Licensed to: UNC-CH
               Chapel Hill NC

Notes:
      1. Unicode is supported; see help unicode_advice.
      2. Maximum number of variables is set to 5,000 but can be increased;
          see help set_maxvar.

. do "main2.do" 844 

. // jesus vazquez
. // 04/18/2024
. 
. clear

. import delimited "acc_example_stata.csv"
(encoding automatically selected: ISO-8859-2)
(6 vars, 1,001,000 obs)

. 
. keep if sim == `1'
(1,000,000 observations deleted)

. gen mysim`1' = 0

. 
. // gen imp1 = rnormal(0,1)
. // gen imp2 = rnormal(0,1)
. // gen imp3 = rnormal(0,1)
. // gen imp4 = rnormal(0,1)
. // gen imp5 = rnormal(0,1)
. // gen imp6 = rnormal(0,1)
. // gen imp7 = rnormal(0,1)
. // gen imp8 = rnormal(0,1)
. // gen imp9 = rnormal(0,1)
. // gen imp10 = rnormal(0,1)
. // gen imp11 = rnormal(0,1)
. // gen imp12 = rnormal(0,1)
. // gen imp13 = rnormal(0,1)
. // gen imp14 = rnormal(0,1)
. // gen imp15 = rnormal(0,1)
. // gen imp16 = rnormal(0,1)
. // gen imp17 = rnormal(0,1)
. // gen imp18 = rnormal(0,1)
. // gen imp19 = rnormal(0,1)
. // gen imp20 = rnormal(0,1)
. // gen imp21 = rnormal(0,1)
. // gen imp22 = rnormal(0,1)
. // gen imp23 = rnormal(0,1)
. // gen imp24 = rnormal(0,1)
. // gen imp25 = rnormal(0,1)
. // gen imp26 = rnormal(0,1)
. // gen imp27 = rnormal(0,1)
. // gen imp28 = rnormal(0,1)
. // gen imp29 = rnormal(0,1)
. // gen imp30 = rnormal(0,1)
. //
. // // correct weight 
. // augcca z, y(y) x(xmiss) imps(imp1-imp30) pivars(y z) mysim(mysim`1')
. //
. // // incorrect weight specification
. // augcca z, y(y) x(xmiss) imps(imp1-imp30) pivars(z) mysim(mysim`1')
. 
. // incorrect augmentation
. gen imp31 = rnormal(0,0.9) + 0.88 + 0.20*z + 0.20*y

. gen imp32 = rnormal(0,0.9) + 0.88 + 0.20*z + 0.20*y

. gen imp33 = rnormal(0,0.9) + 0.88 + 0.20*z + 0.20*y

. gen imp34 = rnormal(0,0.9) + 0.88 + 0.20*z + 0.20*y

. gen imp35 = rnormal(0,0.9) + 0.88 + 0.20*z + 0.20*y

. gen imp36 = rnormal(0,0.9) + 0.88 + 0.20*z + 0.20*y

. gen imp37 = rnormal(0,0.9) + 0.88 + 0.20*z + 0.20*y

. gen imp38 = rnormal(0,0.9) + 0.88 + 0.20*z + 0.20*y

. gen imp39 = rnormal(0,0.9) + 0.88 + 0.20*z + 0.20*y

. gen imp40 = rnormal(0,0.9) + 0.88 + 0.20*z + 0.20*y

. gen imp41 = rnormal(0,0.9) + 0.88 + 0.20*z + 0.20*y

. gen imp42 = rnormal(0,0.9) + 0.88 + 0.20*z + 0.20*y

. gen imp43 = rnormal(0,0.9) + 0.88 + 0.20*z + 0.20*y

. gen imp44 = rnormal(0,0.9) + 0.88 + 0.20*z + 0.20*y

. gen imp45 = rnormal(0,0.9) + 0.88 + 0.20*z + 0.20*y

. gen imp46 = rnormal(0,0.9) + 0.88 + 0.20*z + 0.20*y

. gen imp47 = rnormal(0,0.9) + 0.88 + 0.20*z + 0.20*y

. gen imp48 = rnormal(0,0.9) + 0.88 + 0.20*z + 0.20*y

. gen imp49 = rnormal(0,0.9) + 0.88 + 0.20*z + 0.20*y

. gen imp50 = rnormal(0,0.9) + 0.88 + 0.20*z + 0.20*y

. gen imp51 = rnormal(0,0.9) + 0.88 + 0.20*z + 0.20*y

. gen imp52 = rnormal(0,0.9) + 0.88 + 0.20*z + 0.20*y

. gen imp53 = rnormal(0,0.9) + 0.88 + 0.20*z + 0.20*y

. gen imp54 = rnormal(0,0.9) + 0.88 + 0.20*z + 0.20*y

. gen imp55 = rnormal(0,0.9) + 0.88 + 0.20*z + 0.20*y

. gen imp56 = rnormal(0,0.9) + 0.88 + 0.20*z + 0.20*y

. gen imp57 = rnormal(0,0.9) + 0.88 + 0.20*z + 0.20*y

. gen imp58 = rnormal(0,0.9) + 0.88 + 0.20*z + 0.20*y

. gen imp59 = rnormal(0,0.9) + 0.88 + 0.20*z + 0.20*y

. gen imp60 = rnormal(0,0.9) + 0.88 + 0.20*z + 0.20*y

. 
. // correct weight 
. augcca z, y(y) x(xmiss) imps(imp31-imp60) pivars(y z) mysim(mysim`1')
Missingness model

Logistic regression                                     Number of obs =  1,000
                                                        LR chi2(2)    = 206.70
                                                        Prob > chi2   = 0.0000
Log likelihood = -589.74652                             Pseudo R2     = 0.1491

------------------------------------------------------------------------------
        my_r | Odds ratio   Std. err.      z    P>|z|     [95% conf. interval]
-------------+----------------------------------------------------------------
           y |      1.157     .08318     2.03   0.043     1.004935    1.332075
           z |   2.529193   .2002006    11.72   0.000     2.165731    2.953654
       _cons |   .6015569   .0488136    -6.26   0.000     .5131042    .7052576
------------------------------------------------------------------------------
Note: _cons estimates baseline odds.
Complete case analysis

      Source |       SS           df       MS      Number of obs   =       495
-------------+----------------------------------   F(2, 492)       =     26.21
       Model |  48.9041034         2  24.4520517   Prob > F        =    0.0000
    Residual |  458.992123       492  .932910819   R-squared       =    0.0963
-------------+----------------------------------   Adj R-squared   =    0.0926
       Total |  507.896226       494  1.02813001   Root MSE        =    .96587

------------------------------------------------------------------------------
           y | Coefficient  Std. err.      t    P>|t|     [95% conf. interval]
-------------+----------------------------------------------------------------
       xmiss |    .210898   .0473677     4.45   0.000     .1178301    .3039659
           z |   .2025238   .0454118     4.46   0.000     .1132988    .2917488
       _cons |  -.0898586   .0704783    -1.27   0.203    -.2283342     .048617
------------------------------------------------------------------------------
Augmented complete case analysis
Iteration 0:  f(p) = -20.227095  
Iteration 1:  f(p) = -.03676039  
Iteration 2:  f(p) =  -.0000725  
Iteration 3:  f(p) = -1.777e-07  
Iteration 4:  f(p) = -3.504e-10  
Iteration 5:  f(p) = -8.585e-13  
file augacc_y z_mysim844.xlsx saved
file augacc_y z_mysim844.xlsx saved
------------------------------------------------------------------------------
             | Coefficient  Std. err.      z    P>|z|     [95% conf. interval]
-------------+----------------------------------------------------------------
       xmiss |   .2054308   .0484988     4.24   0.000     .1103748    .3004868
           z |   .2134359   .0340516     6.27   0.000     .1466961    .2801758
       _cons |  -.0949614   .0640365    -1.48   0.138    -.2204706    .0305479
------------------------------------------------------------------------------

. 
. // incorrect weight specification
. augcca z, y(y) x(xmiss) imps(imp31-imp60) pivars(z) mysim(mysim`1')
Missingness model

Logistic regression                                     Number of obs =  1,000
                                                        LR chi2(1)    = 202.55
                                                        Prob > chi2   = 0.0000
Log likelihood = -591.82273                             Pseudo R2     = 0.1461

------------------------------------------------------------------------------
        my_r | Odds ratio   Std. err.      z    P>|z|     [95% conf. interval]
-------------+----------------------------------------------------------------
           z |   2.615337   .2030262    12.38   0.000     2.246207    3.045129
       _cons |   .6023157   .0488066    -6.26   0.000     .5138661    .7059898
------------------------------------------------------------------------------
Note: _cons estimates baseline odds.
Complete case analysis

      Source |       SS           df       MS      Number of obs   =       495
-------------+----------------------------------   F(2, 492)       =     26.21
       Model |  48.9041034         2  24.4520517   Prob > F        =    0.0000
    Residual |  458.992123       492  .932910819   R-squared       =    0.0963
-------------+----------------------------------   Adj R-squared   =    0.0926
       Total |  507.896226       494  1.02813001   Root MSE        =    .96587

------------------------------------------------------------------------------
           y | Coefficient  Std. err.      t    P>|t|     [95% conf. interval]
-------------+----------------------------------------------------------------
       xmiss |    .210898   .0473677     4.45   0.000     .1178301    .3039659
           z |   .2025238   .0454118     4.46   0.000     .1132988    .2917488
       _cons |  -.0898586   .0704783    -1.27   0.203    -.2283342     .048617
------------------------------------------------------------------------------
Augmented complete case analysis
Iteration 0:  f(p) = -1743.6398  
Iteration 1:  f(p) = -3.5022985  
Iteration 2:  f(p) = -.01010967  
Iteration 3:  f(p) = -.00002332  
Iteration 4:  f(p) = -6.732e-08  
Iteration 5:  f(p) = -1.553e-10  
file augacc_z_mysim844.xlsx saved
file augacc_z_mysim844.xlsx saved
------------------------------------------------------------------------------
             | Coefficient  Std. err.      z    P>|z|     [95% conf. interval]
-------------+----------------------------------------------------------------
       xmiss |   .2064969   .0486567     4.24   0.000     .1111315    .3018623
           z |    .234121   .0325214     7.20   0.000     .1703802    .2978619
       _cons |  -.1740911   .0534139    -3.26   0.001    -.2787804   -.0694018
------------------------------------------------------------------------------

. 
. 
. 
. 
. 
end of do-file


. [?1l>