SLURM_JOBID:  37984854
SLURM_ARRAY_TASK_ID:  923
SLURM_ARRAY_JOB_ID:  37982990
[?1h=
  ___  ____  ____  ____  ____ ®
 /__    /   ____/   /   ____/      18.0
___/   /   /___/   /   /___/       SE—Standard Edition

 Statistics and Data Science       Copyright 1985-2023 StataCorp LLC
                                   StataCorp
                                   4905 Lakeway Drive
                                   College Station, Texas 77845 USA
                                   800-STATA-PC        https://www.stata.com
                                   979-696-4600        stata@stata.com

Stata license: 125-user network, expiring 23 Jul 2024
Serial number: 401809304040
  Licensed to: UNC-CH
               Chapel Hill NC

Notes:
      1. Unicode is supported; see help unicode_advice.
      2. Maximum number of variables is set to 5,000 but can be increased;
          see help set_maxvar.

. do "main2.do" 923 

. // jesus vazquez
. // 04/18/2024
. 
. clear

. import delimited "acc_example_stata.csv"
(encoding automatically selected: ISO-8859-2)
(6 vars, 1,001,000 obs)

. 
. keep if sim == `1'
(1,000,000 observations deleted)

. gen mysim`1' = 0

. 
. // gen imp1 = rnormal(0,1)
. // gen imp2 = rnormal(0,1)
. // gen imp3 = rnormal(0,1)
. // gen imp4 = rnormal(0,1)
. // gen imp5 = rnormal(0,1)
. // gen imp6 = rnormal(0,1)
. // gen imp7 = rnormal(0,1)
. // gen imp8 = rnormal(0,1)
. // gen imp9 = rnormal(0,1)
. // gen imp10 = rnormal(0,1)
. // gen imp11 = rnormal(0,1)
. // gen imp12 = rnormal(0,1)
. // gen imp13 = rnormal(0,1)
. // gen imp14 = rnormal(0,1)
. // gen imp15 = rnormal(0,1)
. // gen imp16 = rnormal(0,1)
. // gen imp17 = rnormal(0,1)
. // gen imp18 = rnormal(0,1)
. // gen imp19 = rnormal(0,1)
. // gen imp20 = rnormal(0,1)
. // gen imp21 = rnormal(0,1)
. // gen imp22 = rnormal(0,1)
. // gen imp23 = rnormal(0,1)
. // gen imp24 = rnormal(0,1)
. // gen imp25 = rnormal(0,1)
. // gen imp26 = rnormal(0,1)
. // gen imp27 = rnormal(0,1)
. // gen imp28 = rnormal(0,1)
. // gen imp29 = rnormal(0,1)
. // gen imp30 = rnormal(0,1)
. //
. // // correct weight 
. // augcca z, y(y) x(xmiss) imps(imp1-imp30) pivars(y z) mysim(mysim`1')
. //
. // // incorrect weight specification
. // augcca z, y(y) x(xmiss) imps(imp1-imp30) pivars(z) mysim(mysim`1')
. 
. // incorrect augmentation
. gen imp31 = rnormal(0,0.9) + 0.88 + 0.20*z + 0.20*y

. gen imp32 = rnormal(0,0.9) + 0.88 + 0.20*z + 0.20*y

. gen imp33 = rnormal(0,0.9) + 0.88 + 0.20*z + 0.20*y

. gen imp34 = rnormal(0,0.9) + 0.88 + 0.20*z + 0.20*y

. gen imp35 = rnormal(0,0.9) + 0.88 + 0.20*z + 0.20*y

. gen imp36 = rnormal(0,0.9) + 0.88 + 0.20*z + 0.20*y

. gen imp37 = rnormal(0,0.9) + 0.88 + 0.20*z + 0.20*y

. gen imp38 = rnormal(0,0.9) + 0.88 + 0.20*z + 0.20*y

. gen imp39 = rnormal(0,0.9) + 0.88 + 0.20*z + 0.20*y

. gen imp40 = rnormal(0,0.9) + 0.88 + 0.20*z + 0.20*y

. gen imp41 = rnormal(0,0.9) + 0.88 + 0.20*z + 0.20*y

. gen imp42 = rnormal(0,0.9) + 0.88 + 0.20*z + 0.20*y

. gen imp43 = rnormal(0,0.9) + 0.88 + 0.20*z + 0.20*y

. gen imp44 = rnormal(0,0.9) + 0.88 + 0.20*z + 0.20*y

. gen imp45 = rnormal(0,0.9) + 0.88 + 0.20*z + 0.20*y

. gen imp46 = rnormal(0,0.9) + 0.88 + 0.20*z + 0.20*y

. gen imp47 = rnormal(0,0.9) + 0.88 + 0.20*z + 0.20*y

. gen imp48 = rnormal(0,0.9) + 0.88 + 0.20*z + 0.20*y

. gen imp49 = rnormal(0,0.9) + 0.88 + 0.20*z + 0.20*y

. gen imp50 = rnormal(0,0.9) + 0.88 + 0.20*z + 0.20*y

. gen imp51 = rnormal(0,0.9) + 0.88 + 0.20*z + 0.20*y

. gen imp52 = rnormal(0,0.9) + 0.88 + 0.20*z + 0.20*y

. gen imp53 = rnormal(0,0.9) + 0.88 + 0.20*z + 0.20*y

. gen imp54 = rnormal(0,0.9) + 0.88 + 0.20*z + 0.20*y

. gen imp55 = rnormal(0,0.9) + 0.88 + 0.20*z + 0.20*y

. gen imp56 = rnormal(0,0.9) + 0.88 + 0.20*z + 0.20*y

. gen imp57 = rnormal(0,0.9) + 0.88 + 0.20*z + 0.20*y

. gen imp58 = rnormal(0,0.9) + 0.88 + 0.20*z + 0.20*y

. gen imp59 = rnormal(0,0.9) + 0.88 + 0.20*z + 0.20*y

. gen imp60 = rnormal(0,0.9) + 0.88 + 0.20*z + 0.20*y

. 
. // correct weight 
. augcca z, y(y) x(xmiss) imps(imp31-imp60) pivars(y z) mysim(mysim`1')
Missingness model

Logistic regression                                     Number of obs =  1,000
                                                        LR chi2(2)    = 260.32
                                                        Prob > chi2   = 0.0000
Log likelihood = -562.69806                             Pseudo R2     = 0.1879

------------------------------------------------------------------------------
        my_r | Odds ratio   Std. err.      z    P>|z|     [95% conf. interval]
-------------+----------------------------------------------------------------
           y |   1.223021   .0914197     2.69   0.007     1.056349    1.415991
           z |   2.904192   .2449255    12.64   0.000     2.461722     3.42619
       _cons |   .5502581   .0458194    -7.17   0.000      .467399    .6478062
------------------------------------------------------------------------------
Note: _cons estimates baseline odds.
Complete case analysis

      Source |       SS           df       MS      Number of obs   =       488
-------------+----------------------------------   F(2, 485)       =     16.13
       Model |  30.5082535         2  15.2541267   Prob > F        =    0.0000
    Residual |  458.604208       485  .945575687   R-squared       =    0.0624
-------------+----------------------------------   Adj R-squared   =    0.0585
       Total |  489.112462       487   1.0043377   Root MSE        =    .97241

------------------------------------------------------------------------------
           y | Coefficient  Std. err.      t    P>|t|     [95% conf. interval]
-------------+----------------------------------------------------------------
       xmiss |   .1622215   .0444426     3.65   0.000     .0748978    .2495453
           z |   .1573659   .0455853     3.45   0.001     .0677968    .2469351
       _cons |   .1053718    .071384     1.48   0.141    -.0348883    .2456319
------------------------------------------------------------------------------
Augmented complete case analysis
Iteration 0:  f(p) = -474.96692  
Iteration 1:  f(p) = -.26558085  
Iteration 2:  f(p) = -.00017641  
Iteration 3:  f(p) = -1.271e-07  
Iteration 4:  f(p) = -8.442e-11  
Iteration 5:  f(p) = -6.083e-14  
file augacc_y z_mysim923.xlsx saved
file augacc_y z_mysim923.xlsx saved
------------------------------------------------------------------------------
             | Coefficient  Std. err.      z    P>|z|     [95% conf. interval]
-------------+----------------------------------------------------------------
       xmiss |   .1723725   .0426755     4.04   0.000     .0887301    .2560149
           z |   .2004688   .0371458     5.40   0.000     .1276643    .2732732
       _cons |   .0507751   .0669444     0.76   0.448    -.0804336    .1819837
------------------------------------------------------------------------------

. 
. // incorrect weight specification
. augcca z, y(y) x(xmiss) imps(imp31-imp60) pivars(z) mysim(mysim`1')
Missingness model

Logistic regression                                     Number of obs =  1,000
                                                        LR chi2(1)    = 252.99
                                                        Prob > chi2   = 0.0000
Log likelihood = -566.36213                             Pseudo R2     = 0.1826

------------------------------------------------------------------------------
        my_r | Odds ratio   Std. err.      z    P>|z|     [95% conf. interval]
-------------+----------------------------------------------------------------
           z |    3.03837   .2527038    13.36   0.000     2.581342    3.576315
       _cons |   .5612554   .0463909    -6.99   0.000     .4773138    .6599591
------------------------------------------------------------------------------
Note: _cons estimates baseline odds.
Complete case analysis

      Source |       SS           df       MS      Number of obs   =       488
-------------+----------------------------------   F(2, 485)       =     16.13
       Model |  30.5082535         2  15.2541267   Prob > F        =    0.0000
    Residual |  458.604208       485  .945575687   R-squared       =    0.0624
-------------+----------------------------------   Adj R-squared   =    0.0585
       Total |  489.112462       487   1.0043377   Root MSE        =    .97241

------------------------------------------------------------------------------
           y | Coefficient  Std. err.      t    P>|t|     [95% conf. interval]
-------------+----------------------------------------------------------------
       xmiss |   .1622215   .0444426     3.65   0.000     .0748978    .2495453
           z |   .1573659   .0455853     3.45   0.001     .0677968    .2469351
       _cons |   .1053718    .071384     1.48   0.141    -.0348883    .2456319
------------------------------------------------------------------------------
Augmented complete case analysis
Iteration 0:  f(p) = -1432.9357  
Iteration 1:  f(p) = -1.1165388  
Iteration 2:  f(p) = -.00105423  
Iteration 3:  f(p) = -8.758e-07  
Iteration 4:  f(p) = -8.269e-10  
Iteration 5:  f(p) = -6.870e-13  
file augacc_z_mysim923.xlsx saved
file augacc_z_mysim923.xlsx saved
------------------------------------------------------------------------------
             | Coefficient  Std. err.      z    P>|z|     [95% conf. interval]
-------------+----------------------------------------------------------------
       xmiss |   .1742396   .0430095     4.05   0.000     .0899426    .2585366
           z |   .2269648   .0357526     6.35   0.000     .1568909    .2970387
       _cons |  -.0429092   .0537851    -0.80   0.425    -.1483262    .0625077
------------------------------------------------------------------------------

. 
. 
. 
. 
. 
end of do-file


. [?1l>