SLURM_JOBID:  48020550
SLURM_ARRAY_TASK_ID:  164
SLURM_ARRAY_JOB_ID:  48020375

Attaching package: ‘dplyr’

The following objects are masked from ‘package:stats’:

    filter, lag

The following objects are masked from ‘package:base’:

    intersect, setdiff, setequal, union


Attaching package: ‘geex’

The following object is masked from ‘package:methods’:

    show

[1] 300
[1] 0.47
[1] "starting acc"
[1] "starting macc"
[1] "starting aipw"
[1] "starting mle"
Warning message:
In stode(y, times, func, parms = parms, ...) : steady-state not reached
7249.672 sec elapsed
