SLURM_JOBID:  48054622
SLURM_ARRAY_TASK_ID:  1248
SLURM_ARRAY_JOB_ID:  48020375

Attaching package: ‘dplyr’

The following objects are masked from ‘package:stats’:

    filter, lag

The following objects are masked from ‘package:base’:

    intersect, setdiff, setequal, union


Attaching package: ‘geex’

The following object is masked from ‘package:methods’:

    show

[1] 300
[1] 0.4233333
[1] "starting acc"
[1] "starting macc"
Warning message:
In stode(y, times, func, parms = parms, ...) : steady-state not reached
[1] "starting aipw"
[1] "starting mle"
Warning message:
In stode(y, times, func, parms = parms, ...) : steady-state not reached
6808.255 sec elapsed
