SLURM_JOBID:  39543570
SLURM_ARRAY_TASK_ID:  575
SLURM_ARRAY_JOB_ID:  39542290

Attaching package: ‘dplyr’

The following objects are masked from ‘package:stats’:

    filter, lag

The following objects are masked from ‘package:base’:

    intersect, setdiff, setequal, union


Attaching package: ‘geex’

The following object is masked from ‘package:methods’:

    show

[1] 1000
Maximizing -- use negfn and neggr
[1] "starting mle"
2675.383 sec elapsed
$beta_est
                                 psi_updated
[1,] 0.9869116 1.972503 2.976387   0.9951012

$se_est
           [,1]       [,2]       [,3]
[1,] 0.04543038 0.04824605 0.03225243

