SLURM_JOBID:  39543569
SLURM_ARRAY_TASK_ID:  574
SLURM_ARRAY_JOB_ID:  39542290

Attaching package: ‘dplyr’

The following objects are masked from ‘package:stats’:

    filter, lag

The following objects are masked from ‘package:base’:

    intersect, setdiff, setequal, union


Attaching package: ‘geex’

The following object is masked from ‘package:methods’:

    show

[1] 1000
Maximizing -- use negfn and neggr
[1] "starting mle"
2887.537 sec elapsed
$beta_est
                                psi_updated
[1,] 1.023785 1.956213 3.028754   0.9562731

$se_est
           [,1]       [,2]       [,3]
[1,] 0.04471474 0.04648801 0.03348107

