SLURM_JOBID:  39543678
SLURM_ARRAY_TASK_ID:  679
SLURM_ARRAY_JOB_ID:  39542290

Attaching package: ‘dplyr’

The following objects are masked from ‘package:stats’:

    filter, lag

The following objects are masked from ‘package:base’:

    intersect, setdiff, setequal, union


Attaching package: ‘geex’

The following object is masked from ‘package:methods’:

    show

[1] 1000
Maximizing -- use negfn and neggr
[1] "starting mle"
3011.595 sec elapsed
$beta_est
                                 psi_updated
[1,] 0.9491967 2.082755 3.065627    1.028065

$se_est
           [,1]       [,2]       [,3]
[1,] 0.04796909 0.04820407 0.03531103

