SLURM_JOBID:  39544788
SLURM_ARRAY_TASK_ID:  1000
SLURM_ARRAY_JOB_ID:  39542290

Attaching package: ‘dplyr’

The following objects are masked from ‘package:stats’:

    filter, lag

The following objects are masked from ‘package:base’:

    intersect, setdiff, setequal, union


Attaching package: ‘geex’

The following object is masked from ‘package:methods’:

    show

[1] 1000
Maximizing -- use negfn and neggr
[1] "starting mle"
1379.838 sec elapsed
$beta_est
                                 psi_updated
[1,] 0.9956125 1.989074 2.973994   0.9477133

$se_est
           [,1]       [,2]       [,3]
[1,] 0.04319787 0.04697851 0.03437202

