SLURM_JOBID:  39543613
SLURM_ARRAY_TASK_ID:  614
SLURM_ARRAY_JOB_ID:  39542290

Attaching package: ‘dplyr’

The following objects are masked from ‘package:stats’:

    filter, lag

The following objects are masked from ‘package:base’:

    intersect, setdiff, setequal, union


Attaching package: ‘geex’

The following object is masked from ‘package:methods’:

    show

[1] 1000
Maximizing -- use negfn and neggr
[1] "starting mle"
1467.422 sec elapsed
$beta_est
                                psi_updated
[1,] 1.048964 1.917355 2.941469    1.044864

$se_est
           [,1]       [,2]       [,3]
[1,] 0.04641149 0.04752998 0.03604065

