SLURM_JOBID:  39544652
SLURM_ARRAY_TASK_ID:  921
SLURM_ARRAY_JOB_ID:  39542290

Attaching package: ‘dplyr’

The following objects are masked from ‘package:stats’:

    filter, lag

The following objects are masked from ‘package:base’:

    intersect, setdiff, setequal, union


Attaching package: ‘geex’

The following object is masked from ‘package:methods’:

    show

[1] 1000
Maximizing -- use negfn and neggr
[1] "starting mle"
2765.3 sec elapsed
$beta_est
                               psi_updated
[1,] 0.96104 2.053303 3.042229    1.006508

$se_est
           [,1]       [,2]       [,3]
[1,] 0.04816607 0.05179634 0.03275526

