SLURM_JOBID:  39543676
SLURM_ARRAY_TASK_ID:  677
SLURM_ARRAY_JOB_ID:  39542290

Attaching package: ‘dplyr’

The following objects are masked from ‘package:stats’:

    filter, lag

The following objects are masked from ‘package:base’:

    intersect, setdiff, setequal, union


Attaching package: ‘geex’

The following object is masked from ‘package:methods’:

    show

[1] 1000
Maximizing -- use negfn and neggr
[1] "starting mle"
3030.121 sec elapsed
$beta_est
                                 psi_updated
[1,] 0.9719382 1.987919 3.003501   0.9971381

$se_est
          [,1]       [,2]      [,3]
[1,] 0.0456568 0.04817704 0.0354104

