SLURM_JOBID:  39543616
SLURM_ARRAY_TASK_ID:  617
SLURM_ARRAY_JOB_ID:  39542290

Attaching package: ‘dplyr’

The following objects are masked from ‘package:stats’:

    filter, lag

The following objects are masked from ‘package:base’:

    intersect, setdiff, setequal, union


Attaching package: ‘geex’

The following object is masked from ‘package:methods’:

    show

[1] 1000
Maximizing -- use negfn and neggr
[1] "starting mle"
1460.984 sec elapsed
$beta_est
                                psi_updated
[1,] 1.033047 2.008605 3.006846    1.026947

$se_est
           [,1]       [,2]       [,3]
[1,] 0.04798363 0.05160653 0.03581131

