SLURM_JOBID:  39542406
SLURM_ARRAY_TASK_ID:  40
SLURM_ARRAY_JOB_ID:  39542290

Attaching package: ‘dplyr’

The following objects are masked from ‘package:stats’:

    filter, lag

The following objects are masked from ‘package:base’:

    intersect, setdiff, setequal, union


Attaching package: ‘geex’

The following object is masked from ‘package:methods’:

    show

[1] 1000
Maximizing -- use negfn and neggr
[1] "starting mle"
2795.412 sec elapsed
$beta_est
                                 psi_updated
[1,] 0.9561687 1.950019 2.968272    1.008448

$se_est
           [,1]       [,2]       [,3]
[1,] 0.04672994 0.05109805 0.03443799

