SLURM_JOBID:  39544896
SLURM_ARRAY_TASK_ID:  1038
SLURM_ARRAY_JOB_ID:  39542290

Attaching package: ‘dplyr’

The following objects are masked from ‘package:stats’:

    filter, lag

The following objects are masked from ‘package:base’:

    intersect, setdiff, setequal, union


Attaching package: ‘geex’

The following object is masked from ‘package:methods’:

    show

[1] 1000
Maximizing -- use negfn and neggr
[1] "starting mle"
1616.107 sec elapsed
$beta_est
                                 psi_updated
[1,] 0.9956861 1.925205 3.028356   0.9860899

$se_est
           [,1]       [,2]       [,3]
[1,] 0.04410916 0.04632908 0.03170452

