SLURM_JOBID:  39542892
SLURM_ARRAY_TASK_ID:  212
SLURM_ARRAY_JOB_ID:  39542290

Attaching package: ‘dplyr’

The following objects are masked from ‘package:stats’:

    filter, lag

The following objects are masked from ‘package:base’:

    intersect, setdiff, setequal, union


Attaching package: ‘geex’

The following object is masked from ‘package:methods’:

    show

[1] 1000
Maximizing -- use negfn and neggr
[1] "starting mle"
1396.307 sec elapsed
$beta_est
                                 psi_updated
[1,] 0.9341861 1.933642 3.024384    1.005097

$se_est
           [,1]       [,2]       [,3]
[1,] 0.04533145 0.04710787 0.03412759

