SLURM_JOBID:  39544856
SLURM_ARRAY_TASK_ID:  1014
SLURM_ARRAY_JOB_ID:  39542290

Attaching package: ‘dplyr’

The following objects are masked from ‘package:stats’:

    filter, lag

The following objects are masked from ‘package:base’:

    intersect, setdiff, setequal, union


Attaching package: ‘geex’

The following object is masked from ‘package:methods’:

    show

[1] 1000
Maximizing -- use negfn and neggr
[1] "starting mle"
1680.597 sec elapsed
$beta_est
                                psi_updated
[1,] 1.031106 1.933429 2.983684   0.9882002

$se_est
           [,1]       [,2]       [,3]
[1,] 0.04499664 0.04783836 0.03357277

