SLURM_JOBID:  39544577
SLURM_ARRAY_TASK_ID:  853
SLURM_ARRAY_JOB_ID:  39542290

Attaching package: ‘dplyr’

The following objects are masked from ‘package:stats’:

    filter, lag

The following objects are masked from ‘package:base’:

    intersect, setdiff, setequal, union


Attaching package: ‘geex’

The following object is masked from ‘package:methods’:

    show

[1] 1000
Maximizing -- use negfn and neggr
[1] "starting mle"
1391.385 sec elapsed
$beta_est
                               psi_updated
[1,] 1.00216 1.973628 2.964453    1.014304

$se_est
           [,1]       [,2]       [,3]
[1,] 0.04471184 0.04605319 0.03815781

