SLURM_JOBID:  39543058
SLURM_ARRAY_TASK_ID:  375
SLURM_ARRAY_JOB_ID:  39542290

Attaching package: ‘dplyr’

The following objects are masked from ‘package:stats’:

    filter, lag

The following objects are masked from ‘package:base’:

    intersect, setdiff, setequal, union


Attaching package: ‘geex’

The following object is masked from ‘package:methods’:

    show

[1] 1000
Maximizing -- use negfn and neggr
[1] "starting mle"
3020.004 sec elapsed
$beta_est
                                psi_updated
[1,] 1.056398 2.084702 2.984621   0.9830048

$se_est
          [,1]      [,2]       [,3]
[1,] 0.0437603 0.0497657 0.02947701

