SLURM_JOBID:  39542909
SLURM_ARRAY_TASK_ID:  229
SLURM_ARRAY_JOB_ID:  39542290

Attaching package: ‘dplyr’

The following objects are masked from ‘package:stats’:

    filter, lag

The following objects are masked from ‘package:base’:

    intersect, setdiff, setequal, union


Attaching package: ‘geex’

The following object is masked from ‘package:methods’:

    show

[1] 1000
Maximizing -- use negfn and neggr
[1] "starting mle"
3289.489 sec elapsed
$beta_est
                                psi_updated
[1,] 1.022448 2.006006 2.934451    1.046954

$se_est
           [,1]       [,2]       [,3]
[1,] 0.04832252 0.05301046 0.03766392

