SLURM_JOBID:  39542421
SLURM_ARRAY_TASK_ID:  55
SLURM_ARRAY_JOB_ID:  39542290

Attaching package: ‘dplyr’

The following objects are masked from ‘package:stats’:

    filter, lag

The following objects are masked from ‘package:base’:

    intersect, setdiff, setequal, union


Attaching package: ‘geex’

The following object is masked from ‘package:methods’:

    show

[1] 1000
Maximizing -- use negfn and neggr
[1] "starting mle"
2795.937 sec elapsed
$beta_est
                                psi_updated
[1,] 0.9643815 1.965804 3.07671    1.045718

$se_est
           [,1]       [,2]       [,3]
[1,] 0.04803478 0.05352394 0.03680911

