SLURM_JOBID:  39543630
SLURM_ARRAY_TASK_ID:  631
SLURM_ARRAY_JOB_ID:  39542290

Attaching package: ‘dplyr’

The following objects are masked from ‘package:stats’:

    filter, lag

The following objects are masked from ‘package:base’:

    intersect, setdiff, setequal, union


Attaching package: ‘geex’

The following object is masked from ‘package:methods’:

    show

[1] 1000
Maximizing -- use negfn and neggr
[1] "starting mle"
3104.03 sec elapsed
$beta_est
                                 psi_updated
[1,] 0.9899503 1.947833 3.021386   0.9716674

$se_est
          [,1]       [,2]       [,3]
[1,] 0.0447389 0.04993997 0.03395371

