SLURM_JOBID:  39543085
SLURM_ARRAY_TASK_ID:  400
SLURM_ARRAY_JOB_ID:  39542290

Attaching package: ‘dplyr’

The following objects are masked from ‘package:stats’:

    filter, lag

The following objects are masked from ‘package:base’:

    intersect, setdiff, setequal, union


Attaching package: ‘geex’

The following object is masked from ‘package:methods’:

    show

[1] 1000
Maximizing -- use negfn and neggr
[1] "starting mle"
Warning message:
In stode(y, times, func, parms = parms, ...) : steady-state not reached
9041.912 sec elapsed
$beta_est
                                psi_updated
[1,] 1.072127 2.029956 2.964818   0.9697232

$se_est
           [,1]       [,2]       [,3]
[1,] 0.04470967 0.04663049 0.03389882

