SLURM_JOBID:  39543008
SLURM_ARRAY_TASK_ID:  325
SLURM_ARRAY_JOB_ID:  39542290

Attaching package: ‘dplyr’

The following objects are masked from ‘package:stats’:

    filter, lag

The following objects are masked from ‘package:base’:

    intersect, setdiff, setequal, union


Attaching package: ‘geex’

The following object is masked from ‘package:methods’:

    show

[1] 1000
Maximizing -- use negfn and neggr
[1] "starting mle"
3020.936 sec elapsed
$beta_est
                                 psi_updated
[1,] 0.9578816 2.062974 3.026343    1.006501

$se_est
           [,1]       [,2]       [,3]
[1,] 0.04685967 0.04555845 0.03559384

