SLURM_JOBID:  39544582
SLURM_ARRAY_TASK_ID:  858
SLURM_ARRAY_JOB_ID:  39542290

Attaching package: ‘dplyr’

The following objects are masked from ‘package:stats’:

    filter, lag

The following objects are masked from ‘package:base’:

    intersect, setdiff, setequal, union


Attaching package: ‘geex’

The following object is masked from ‘package:methods’:

    show

[1] 1000
Maximizing -- use negfn and neggr
[1] "starting mle"
Warning message:
In stode(y, times, func, parms = parms, ...) : steady-state not reached
8552.058 sec elapsed
$beta_est
                                psi_updated
[1,] 1.046401 2.017922 2.977468    1.023414

$se_est
           [,1]       [,2]       [,3]
[1,] 0.04746363 0.05093102 0.03796925

