SLURM_JOBID:  39542392
SLURM_ARRAY_TASK_ID:  26
SLURM_ARRAY_JOB_ID:  39542290

Attaching package: ‘dplyr’

The following objects are masked from ‘package:stats’:

    filter, lag

The following objects are masked from ‘package:base’:

    intersect, setdiff, setequal, union


Attaching package: ‘geex’

The following object is masked from ‘package:methods’:

    show

[1] 1000
Maximizing -- use negfn and neggr
[1] "starting mle"
1388.224 sec elapsed
$beta_est
                                psi_updated
[1,] 1.028756 2.000385 3.060201    1.001342

$se_est
           [,1]       [,2]       [,3]
[1,] 0.04413904 0.04730539 0.03207445

