SLURM_JOBID:  39543617
SLURM_ARRAY_TASK_ID:  618
SLURM_ARRAY_JOB_ID:  39542290

Attaching package: ‘dplyr’

The following objects are masked from ‘package:stats’:

    filter, lag

The following objects are masked from ‘package:base’:

    intersect, setdiff, setequal, union


Attaching package: ‘geex’

The following object is masked from ‘package:methods’:

    show

[1] 1000
Maximizing -- use negfn and neggr
[1] "starting mle"
1532.353 sec elapsed
$beta_est
                                psi_updated
[1,] 0.959276 2.025402 2.985798    1.034063

$se_est
           [,1]       [,2]       [,3]
[1,] 0.04865999 0.04965867 0.03397711

