SLURM_JOBID:  39545336
SLURM_ARRAY_TASK_ID:  1198
SLURM_ARRAY_JOB_ID:  39542290

Attaching package: ‘dplyr’

The following objects are masked from ‘package:stats’:

    filter, lag

The following objects are masked from ‘package:base’:

    intersect, setdiff, setequal, union


Attaching package: ‘geex’

The following object is masked from ‘package:methods’:

    show

[1] 1000
Maximizing -- use negfn and neggr
[1] "starting mle"
1385.241 sec elapsed
$beta_est
                                psi_updated
[1,] 0.9658887 2.056712 3.04348    1.006609

$se_est
           [,1]       [,2]       [,3]
[1,] 0.04660806 0.05133006 0.03246071

