SLURM_JOBID:  39543594
SLURM_ARRAY_TASK_ID:  599
SLURM_ARRAY_JOB_ID:  39542290

Attaching package: ‘dplyr’

The following objects are masked from ‘package:stats’:

    filter, lag

The following objects are masked from ‘package:base’:

    intersect, setdiff, setequal, union


Attaching package: ‘geex’

The following object is masked from ‘package:methods’:

    show

[1] 1000
Maximizing -- use negfn and neggr
[1] "starting mle"
2647.492 sec elapsed
$beta_est
                                 psi_updated
[1,] 0.9550394 2.022677 2.994656   0.9750897

$se_est
           [,1]       [,2]    [,3]
[1,] 0.04399885 0.04841747 0.03613

