SLURM_JOBID:  39544880
SLURM_ARRAY_TASK_ID:  1032
SLURM_ARRAY_JOB_ID:  39542290

Attaching package: ‘dplyr’

The following objects are masked from ‘package:stats’:

    filter, lag

The following objects are masked from ‘package:base’:

    intersect, setdiff, setequal, union


Attaching package: ‘geex’

The following object is masked from ‘package:methods’:

    show

[1] 1000
Maximizing -- use negfn and neggr
[1] "starting mle"
1302.721 sec elapsed
$beta_est
                                psi_updated
[1,] 1.097041 1.910406 2.981547    1.014675

$se_est
           [,1]       [,2]       [,3]
[1,] 0.04742715 0.05531682 0.03491094

