SLURM_JOBID:  39543716
SLURM_ARRAY_TASK_ID:  716
SLURM_ARRAY_JOB_ID:  39542290

Attaching package: ‘dplyr’

The following objects are masked from ‘package:stats’:

    filter, lag

The following objects are masked from ‘package:base’:

    intersect, setdiff, setequal, union


Attaching package: ‘geex’

The following object is masked from ‘package:methods’:

    show

[1] 1000
Maximizing -- use negfn and neggr
[1] "starting mle"
2734.614 sec elapsed
$beta_est
                                 psi_updated
[1,] 0.9716848 1.895273 2.994823    1.014414

$se_est
           [,1]       [,2]       [,3]
[1,] 0.04587881 0.04560041 0.03395077

