SLURM_JOBID:  39544890
SLURM_ARRAY_TASK_ID:  1034
SLURM_ARRAY_JOB_ID:  39542290

Attaching package: ‘dplyr’

The following objects are masked from ‘package:stats’:

    filter, lag

The following objects are masked from ‘package:base’:

    intersect, setdiff, setequal, union


Attaching package: ‘geex’

The following object is masked from ‘package:methods’:

    show

[1] 1000
Maximizing -- use negfn and neggr
[1] "starting mle"
1575.708 sec elapsed
$beta_est
                                psi_updated
[1,] 0.974595 2.022658 3.014594   0.9687388

$se_est
           [,1]       [,2]       [,3]
[1,] 0.04390185 0.04639584 0.03507092

