SLURM_JOBID:  39542983
SLURM_ARRAY_TASK_ID:  300
SLURM_ARRAY_JOB_ID:  39542290

Attaching package: ‘dplyr’

The following objects are masked from ‘package:stats’:

    filter, lag

The following objects are masked from ‘package:base’:

    intersect, setdiff, setequal, union


Attaching package: ‘geex’

The following object is masked from ‘package:methods’:

    show

[1] 1000
Maximizing -- use negfn and neggr
[1] "starting mle"
2847.054 sec elapsed
$beta_est
                                 psi_updated
[1,] 0.9693726 1.959218 3.035059   0.9857189

$se_est
           [,1]       [,2]       [,3]
[1,] 0.04734297 0.05131493 0.03215655

