SLURM_JOBID:  39545217
SLURM_ARRAY_TASK_ID:  1105
SLURM_ARRAY_JOB_ID:  39542290

Attaching package: ‘dplyr’

The following objects are masked from ‘package:stats’:

    filter, lag

The following objects are masked from ‘package:base’:

    intersect, setdiff, setequal, union


Attaching package: ‘geex’

The following object is masked from ‘package:methods’:

    show

[1] 1000
Maximizing -- use negfn and neggr
[1] "starting mle"
2720.696 sec elapsed
$beta_est
                                psi_updated
[1,] 1.050162 2.069545 2.977009   0.9237519

$se_est
           [,1]       [,2]       [,3]
[1,] 0.04153736 0.04427614 0.03145645

