SLURM_JOBID:  39542961
SLURM_ARRAY_TASK_ID:  281
SLURM_ARRAY_JOB_ID:  39542290

Attaching package: ‘dplyr’

The following objects are masked from ‘package:stats’:

    filter, lag

The following objects are masked from ‘package:base’:

    intersect, setdiff, setequal, union


Attaching package: ‘geex’

The following object is masked from ‘package:methods’:

    show

[1] 1000
Maximizing -- use negfn and neggr
[1] "starting mle"
2876.942 sec elapsed
$beta_est
                                 psi_updated
[1,] 0.9606815 1.979681 2.994884    1.006317

$se_est
           [,1]       [,2]       [,3]
[1,] 0.04601997 0.04846618 0.03537395

