SLURM_JOBID:  39545143
SLURM_ARRAY_TASK_ID:  1064
SLURM_ARRAY_JOB_ID:  39542290

Attaching package: ‘dplyr’

The following objects are masked from ‘package:stats’:

    filter, lag

The following objects are masked from ‘package:base’:

    intersect, setdiff, setequal, union


Attaching package: ‘geex’

The following object is masked from ‘package:methods’:

    show

[1] 1000
Maximizing -- use negfn and neggr
[1] "starting mle"
2580.256 sec elapsed
$beta_est
                                psi_updated
[1,] 1.034918 1.994532 2.956032    1.004598

$se_est
           [,1]       [,2]     [,3]
[1,] 0.04650626 0.04869125 0.033965

