SLURM_JOBID:  39543665
SLURM_ARRAY_TASK_ID:  666
SLURM_ARRAY_JOB_ID:  39542290

Attaching package: ‘dplyr’

The following objects are masked from ‘package:stats’:

    filter, lag

The following objects are masked from ‘package:base’:

    intersect, setdiff, setequal, union


Attaching package: ‘geex’

The following object is masked from ‘package:methods’:

    show

[1] 1000
Maximizing -- use negfn and neggr
[1] "starting mle"
1471.556 sec elapsed
$beta_est
                                psi_updated
[1,] 0.9783008 1.98883 3.015524    1.026478

$se_est
           [,1]       [,2]       [,3]
[1,] 0.04662965 0.04608425 0.03651711

