SLURM_JOBID:  39543620
SLURM_ARRAY_TASK_ID:  621
SLURM_ARRAY_JOB_ID:  39542290

Attaching package: ‘dplyr’

The following objects are masked from ‘package:stats’:

    filter, lag

The following objects are masked from ‘package:base’:

    intersect, setdiff, setequal, union


Attaching package: ‘geex’

The following object is masked from ‘package:methods’:

    show

[1] 1000
Maximizing -- use negfn and neggr
[1] "starting mle"
3074.121 sec elapsed
$beta_est
                                 psi_updated
[1,] 0.9417028 1.935784 3.033603    1.039058

$se_est
           [,1]       [,2]       [,3]
[1,] 0.04785524 0.04789963 0.03912094

