SLURM_JOBID:  39544621
SLURM_ARRAY_TASK_ID:  890
SLURM_ARRAY_JOB_ID:  39542290

Attaching package: ‘dplyr’

The following objects are masked from ‘package:stats’:

    filter, lag

The following objects are masked from ‘package:base’:

    intersect, setdiff, setequal, union


Attaching package: ‘geex’

The following object is masked from ‘package:methods’:

    show

[1] 1000
Maximizing -- use negfn and neggr
[1] "starting mle"
1402.069 sec elapsed
$beta_est
                                 psi_updated
[1,] 0.9741861 2.013759 3.005748    1.035492

$se_est
           [,1]       [,2]       [,3]
[1,] 0.04580339 0.04455736 0.03685818

