SLURM_JOBID:  39542455
SLURM_ARRAY_TASK_ID:  89
SLURM_ARRAY_JOB_ID:  39542290

Attaching package: ‘dplyr’

The following objects are masked from ‘package:stats’:

    filter, lag

The following objects are masked from ‘package:base’:

    intersect, setdiff, setequal, union


Attaching package: ‘geex’

The following object is masked from ‘package:methods’:

    show

[1] 1000
Maximizing -- use negfn and neggr
[1] "starting mle"
1329.61 sec elapsed
$beta_est
                               psi_updated
[1,] 0.9914037 1.9965 2.976414   0.9791302

$se_est
           [,1]       [,2]       [,3]
[1,] 0.04415213 0.05205204 0.03590881

