SLURM_JOBID:  39545242
SLURM_ARRAY_TASK_ID:  1113
SLURM_ARRAY_JOB_ID:  39542290

Attaching package: ‘dplyr’

The following objects are masked from ‘package:stats’:

    filter, lag

The following objects are masked from ‘package:base’:

    intersect, setdiff, setequal, union


Attaching package: ‘geex’

The following object is masked from ‘package:methods’:

    show

[1] 1000
Maximizing -- use negfn and neggr
[1] "starting mle"
1398.248 sec elapsed
$beta_est
                                psi_updated
[1,] 0.921562 2.034628 3.046845   0.9611693

$se_est
           [,1]       [,2]       [,3]
[1,] 0.04396249 0.05089342 0.03427162

