SLURM_JOBID:  39543625
SLURM_ARRAY_TASK_ID:  626
SLURM_ARRAY_JOB_ID:  39542290

Attaching package: ‘dplyr’

The following objects are masked from ‘package:stats’:

    filter, lag

The following objects are masked from ‘package:base’:

    intersect, setdiff, setequal, union


Attaching package: ‘geex’

The following object is masked from ‘package:methods’:

    show

[1] 1000
Maximizing -- use negfn and neggr
[1] "starting mle"
3037.091 sec elapsed
$beta_est
                                 psi_updated
[1,] 0.9498193 1.991738 3.018444    0.993056

$se_est
          [,1]       [,2]       [,3]
[1,] 0.0433353 0.04815732 0.03415222

