SLURM_JOBID:  39544631
SLURM_ARRAY_TASK_ID:  900
SLURM_ARRAY_JOB_ID:  39542290

Attaching package: ‘dplyr’

The following objects are masked from ‘package:stats’:

    filter, lag

The following objects are masked from ‘package:base’:

    intersect, setdiff, setequal, union


Attaching package: ‘geex’

The following object is masked from ‘package:methods’:

    show

[1] 1000
Maximizing -- use negfn and neggr
[1] "starting mle"
1391.144 sec elapsed
$beta_est
                                 psi_updated
[1,] 0.9480888 2.038191 3.094186    1.009645

$se_est
           [,1]       [,2]       [,3]
[1,] 0.04669901 0.04521651 0.03497938

