SLURM_JOBID:  39544772
SLURM_ARRAY_TASK_ID:  986
SLURM_ARRAY_JOB_ID:  39542290

Attaching package: ‘dplyr’

The following objects are masked from ‘package:stats’:

    filter, lag

The following objects are masked from ‘package:base’:

    intersect, setdiff, setequal, union


Attaching package: ‘geex’

The following object is masked from ‘package:methods’:

    show

[1] 1000
Maximizing -- use negfn and neggr
[1] "starting mle"
2739.087 sec elapsed
$beta_est
                                 psi_updated
[1,] 0.9697325 2.001202 3.005499    1.009885

$se_est
           [,1]       [,2]       [,3]
[1,] 0.04713002 0.04434129 0.03410942

