SLURM_JOBID:  39542955
SLURM_ARRAY_TASK_ID:  275
SLURM_ARRAY_JOB_ID:  39542290

Attaching package: ‘dplyr’

The following objects are masked from ‘package:stats’:

    filter, lag

The following objects are masked from ‘package:base’:

    intersect, setdiff, setequal, union


Attaching package: ‘geex’

The following object is masked from ‘package:methods’:

    show

[1] 1000
Maximizing -- use negfn and neggr
[1] "starting mle"
1411.892 sec elapsed
$beta_est
                                 psi_updated
[1,] 0.9407167 1.965546 3.014021    1.026608

$se_est
          [,1]       [,2]       [,3]
[1,] 0.0483513 0.04679689 0.03446114

