SLURM_JOBID:  39545205
SLURM_ARRAY_TASK_ID:  1093
SLURM_ARRAY_JOB_ID:  39542290

Attaching package: ‘dplyr’

The following objects are masked from ‘package:stats’:

    filter, lag

The following objects are masked from ‘package:base’:

    intersect, setdiff, setequal, union


Attaching package: ‘geex’

The following object is masked from ‘package:methods’:

    show

[1] 1000
Maximizing -- use negfn and neggr
[1] "starting mle"
1442.738 sec elapsed
$beta_est
                                psi_updated
[1,] 1.035477 1.969216 3.012405    1.034714

$se_est
           [,1]       [,2]       [,3]
[1,] 0.04713726 0.04650813 0.03835611

