SLURM_JOBID:  39543757
SLURM_ARRAY_TASK_ID:  757
SLURM_ARRAY_JOB_ID:  39542290

Attaching package: ‘dplyr’

The following objects are masked from ‘package:stats’:

    filter, lag

The following objects are masked from ‘package:base’:

    intersect, setdiff, setequal, union


Attaching package: ‘geex’

The following object is masked from ‘package:methods’:

    show

[1] 1000
Maximizing -- use negfn and neggr
[1] "starting mle"
1439.1 sec elapsed
$beta_est
                                 psi_updated
[1,] 0.9947016 1.981319 3.002708   0.9696576

$se_est
           [,1]       [,2]       [,3]
[1,] 0.04471454 0.04826451 0.03370858

