SLURM_JOBID:  39544789
SLURM_ARRAY_TASK_ID:  1001
SLURM_ARRAY_JOB_ID:  39542290

Attaching package: ‘dplyr’

The following objects are masked from ‘package:stats’:

    filter, lag

The following objects are masked from ‘package:base’:

    intersect, setdiff, setequal, union


Attaching package: ‘geex’

The following object is masked from ‘package:methods’:

    show

[1] 1000
Maximizing -- use negfn and neggr
[1] "starting mle"
1424.289 sec elapsed
$beta_est
                                 psi_updated
[1,] 0.9847626 1.994404 2.965736   0.9556394

$se_est
           [,1]       [,2]      [,3]
[1,] 0.04273627 0.04807003 0.0332887

