SLURM_JOBID:  39544860
SLURM_ARRAY_TASK_ID:  1018
SLURM_ARRAY_JOB_ID:  39542290

Attaching package: ‘dplyr’

The following objects are masked from ‘package:stats’:

    filter, lag

The following objects are masked from ‘package:base’:

    intersect, setdiff, setequal, union


Attaching package: ‘geex’

The following object is masked from ‘package:methods’:

    show

[1] 1000
Maximizing -- use negfn and neggr
[1] "starting mle"
1909.05 sec elapsed
$beta_est
                                 psi_updated
[1,] 0.9590017 2.024817 3.013717    1.024896

$se_est
           [,1]       [,2]       [,3]
[1,] 0.04723167 0.04750094 0.03813046

