SLURM_JOBID:  39543009
SLURM_ARRAY_TASK_ID:  326
SLURM_ARRAY_JOB_ID:  39542290

Attaching package: ‘dplyr’

The following objects are masked from ‘package:stats’:

    filter, lag

The following objects are masked from ‘package:base’:

    intersect, setdiff, setequal, union


Attaching package: ‘geex’

The following object is masked from ‘package:methods’:

    show

[1] 1000
Maximizing -- use negfn and neggr
[1] "starting mle"
3012.086 sec elapsed
$beta_est
                               psi_updated
[1,] 1.035993 2.063649 2.99915   0.9721888

$se_est
           [,1]       [,2]       [,3]
[1,] 0.04571713 0.04856823 0.03521507

