SLURM_JOBID:  39543567
SLURM_ARRAY_TASK_ID:  572
SLURM_ARRAY_JOB_ID:  39542290

Attaching package: ‘dplyr’

The following objects are masked from ‘package:stats’:

    filter, lag

The following objects are masked from ‘package:base’:

    intersect, setdiff, setequal, union


Attaching package: ‘geex’

The following object is masked from ‘package:methods’:

    show

[1] 1000
Maximizing -- use negfn and neggr
[1] "starting mle"
2794.911 sec elapsed
$beta_est
                                 psi_updated
[1,] 0.9172752 2.032782 3.032477   0.9717442

$se_est
           [,1]       [,2]       [,3]
[1,] 0.04464464 0.04408675 0.03333442

