SLURM_JOBID:  39543725
SLURM_ARRAY_TASK_ID:  725
SLURM_ARRAY_JOB_ID:  39542290

Attaching package: ‘dplyr’

The following objects are masked from ‘package:stats’:

    filter, lag

The following objects are masked from ‘package:base’:

    intersect, setdiff, setequal, union


Attaching package: ‘geex’

The following object is masked from ‘package:methods’:

    show

[1] 1000
Maximizing -- use negfn and neggr
[1] "starting mle"
3064.404 sec elapsed
$beta_est
                                psi_updated
[1,] 1.050628 1.970659 3.027736   0.9365137

$se_est
           [,1]       [,2]       [,3]
[1,] 0.04254541 0.04215759 0.03208868

