SLURM_JOBID:  39544679
SLURM_ARRAY_TASK_ID:  933
SLURM_ARRAY_JOB_ID:  39542290

Attaching package: ‘dplyr’

The following objects are masked from ‘package:stats’:

    filter, lag

The following objects are masked from ‘package:base’:

    intersect, setdiff, setequal, union


Attaching package: ‘geex’

The following object is masked from ‘package:methods’:

    show

[1] 1000
Maximizing -- use negfn and neggr
[1] "starting mle"
1527.339 sec elapsed
$beta_est
                                 psi_updated
[1,] 0.9449599 2.045611 3.069493    0.983894

$se_est
           [,1]       [,2]       [,3]
[1,] 0.04515006 0.04509845 0.03262199

