SLURM_JOBID:  39544920
SLURM_ARRAY_TASK_ID:  1047
SLURM_ARRAY_JOB_ID:  39542290

Attaching package: ‘dplyr’

The following objects are masked from ‘package:stats’:

    filter, lag

The following objects are masked from ‘package:base’:

    intersect, setdiff, setequal, union


Attaching package: ‘geex’

The following object is masked from ‘package:methods’:

    show

[1] 1000
Maximizing -- use negfn and neggr
[1] "starting mle"
3011.134 sec elapsed
$beta_est
                                psi_updated
[1,] 1.049851 2.036214 3.056578   0.9814244

$se_est
           [,1]       [,2]       [,3]
[1,] 0.04570184 0.04739858 0.03249769

