SLURM_JOBID:  39542946
SLURM_ARRAY_TASK_ID:  266
SLURM_ARRAY_JOB_ID:  39542290

Attaching package: ‘dplyr’

The following objects are masked from ‘package:stats’:

    filter, lag

The following objects are masked from ‘package:base’:

    intersect, setdiff, setequal, union


Attaching package: ‘geex’

The following object is masked from ‘package:methods’:

    show

[1] 1000
Maximizing -- use negfn and neggr
[1] "starting mle"
1435.524 sec elapsed
$beta_est
                                psi_updated
[1,] 1.036033 1.963437 2.953635   0.9972378

$se_est
           [,1]       [,2]       [,3]
[1,] 0.04564294 0.04889771 0.03704309

