SLURM_JOBID:  39542643
SLURM_ARRAY_TASK_ID:  103
SLURM_ARRAY_JOB_ID:  39542290

Attaching package: ‘dplyr’

The following objects are masked from ‘package:stats’:

    filter, lag

The following objects are masked from ‘package:base’:

    intersect, setdiff, setequal, union


Attaching package: ‘geex’

The following object is masked from ‘package:methods’:

    show

[1] 1000
Maximizing -- use negfn and neggr
[1] "starting mle"
2296.789 sec elapsed
$beta_est
                                psi_updated
[1,] 1.036031 1.877509 2.980149   0.9920135

$se_est
           [,1]       [,2]       [,3]
[1,] 0.04566974 0.04948282 0.03626588

