SLURM_JOBID:  39545306
SLURM_ARRAY_TASK_ID:  1170
SLURM_ARRAY_JOB_ID:  39542290

Attaching package: ‘dplyr’

The following objects are masked from ‘package:stats’:

    filter, lag

The following objects are masked from ‘package:base’:

    intersect, setdiff, setequal, union


Attaching package: ‘geex’

The following object is masked from ‘package:methods’:

    show

[1] 1000
Maximizing -- use negfn and neggr
[1] "starting mle"
1435.15 sec elapsed
$beta_est
                               psi_updated
[1,] 1.01128 2.063718 3.026719   0.9858177

$se_est
           [,1]       [,2]       [,3]
[1,] 0.04627783 0.04152428 0.03382315

