SLURM_JOBID:  39543031
SLURM_ARRAY_TASK_ID:  348
SLURM_ARRAY_JOB_ID:  39542290

Attaching package: ‘dplyr’

The following objects are masked from ‘package:stats’:

    filter, lag

The following objects are masked from ‘package:base’:

    intersect, setdiff, setequal, union


Attaching package: ‘geex’

The following object is masked from ‘package:methods’:

    show

[1] 1000
Maximizing -- use negfn and neggr
[1] "starting mle"
2885.987 sec elapsed
$beta_est
                                 psi_updated
[1,] 0.9817359 1.928606 2.954192    1.046152

$se_est
           [,1]       [,2]       [,3]
[1,] 0.04754254 0.04579082 0.03287208

