SLURM_JOBID:  39542738
SLURM_ARRAY_TASK_ID:  198
SLURM_ARRAY_JOB_ID:  39542290

Attaching package: ‘dplyr’

The following objects are masked from ‘package:stats’:

    filter, lag

The following objects are masked from ‘package:base’:

    intersect, setdiff, setequal, union


Attaching package: ‘geex’

The following object is masked from ‘package:methods’:

    show

[1] 1000
Maximizing -- use negfn and neggr
[1] "starting mle"
Warning message:
In stode(y, times, func, parms = parms, ...) : steady-state not reached
18395.575 sec elapsed
$beta_est
                                 psi_updated
[1,] 0.9305307 2.058936 2.986988   0.9606093

$se_est
           [,1]      [,2]       [,3]
[1,] 0.04422746 0.0480078 0.03370137

