SLURM_JOBID:  39545303
SLURM_ARRAY_TASK_ID:  1167
SLURM_ARRAY_JOB_ID:  39542290

Attaching package: ‘dplyr’

The following objects are masked from ‘package:stats’:

    filter, lag

The following objects are masked from ‘package:base’:

    intersect, setdiff, setequal, union


Attaching package: ‘geex’

The following object is masked from ‘package:methods’:

    show

[1] 1000
Maximizing -- use negfn and neggr
[1] "starting mle"
3098.125 sec elapsed
$beta_est
                                psi_updated
[1,] 1.020048 2.011517 2.997831   0.9641068

$se_est
           [,1]       [,2]       [,3]
[1,] 0.04380934 0.04452599 0.03353804

