SLURM_JOBID:  39543631
SLURM_ARRAY_TASK_ID:  632
SLURM_ARRAY_JOB_ID:  39542290

Attaching package: ‘dplyr’

The following objects are masked from ‘package:stats’:

    filter, lag

The following objects are masked from ‘package:base’:

    intersect, setdiff, setequal, union


Attaching package: ‘geex’

The following object is masked from ‘package:methods’:

    show

[1] 1000
Maximizing -- use negfn and neggr
[1] "starting mle"
2941.659 sec elapsed
$beta_est
                                psi_updated
[1,] 1.068959 2.040858 3.049487    1.016668

$se_est
           [,1]       [,2]       [,3]
[1,] 0.04548668 0.04609127 0.03247226

