SLURM_JOBID:  39542452
SLURM_ARRAY_TASK_ID:  86
SLURM_ARRAY_JOB_ID:  39542290

Attaching package: ‘dplyr’

The following objects are masked from ‘package:stats’:

    filter, lag

The following objects are masked from ‘package:base’:

    intersect, setdiff, setequal, union


Attaching package: ‘geex’

The following object is masked from ‘package:methods’:

    show

[1] 1000
Maximizing -- use negfn and neggr
[1] "starting mle"
1396.549 sec elapsed
$beta_est
                               psi_updated
[1,] 1.03449 2.007703 3.018746    1.046991

$se_est
           [,1]       [,2]       [,3]
[1,] 0.04855973 0.05234482 0.03703154

