SLURM_JOBID:  39543574
SLURM_ARRAY_TASK_ID:  579
SLURM_ARRAY_JOB_ID:  39542290

Attaching package: ‘dplyr’

The following objects are masked from ‘package:stats’:

    filter, lag

The following objects are masked from ‘package:base’:

    intersect, setdiff, setequal, union


Attaching package: ‘geex’

The following object is masked from ‘package:methods’:

    show

[1] 1000
Maximizing -- use negfn and neggr
[1] "starting mle"
2864.183 sec elapsed
$beta_est
                                 psi_updated
[1,] 0.9468842 1.965748 3.019222   0.9819288

$se_est
           [,1]       [,2]      [,3]
[1,] 0.04531283 0.05273945 0.0343761

