SLURM_JOBID:  39545186
SLURM_ARRAY_TASK_ID:  1089
SLURM_ARRAY_JOB_ID:  39542290

Attaching package: ‘dplyr’

The following objects are masked from ‘package:stats’:

    filter, lag

The following objects are masked from ‘package:base’:

    intersect, setdiff, setequal, union


Attaching package: ‘geex’

The following object is masked from ‘package:methods’:

    show

[1] 1000
Maximizing -- use negfn and neggr
[1] "starting mle"
1450.568 sec elapsed
$beta_est
                                psi_updated
[1,] 1.064621 2.035777 2.980585    1.029614

$se_est
           [,1]       [,2]       [,3]
[1,] 0.04729018 0.05614242 0.03676331

