SLURM_JOBID:  39545250
SLURM_ARRAY_TASK_ID:  1121
SLURM_ARRAY_JOB_ID:  39542290

Attaching package: ‘dplyr’

The following objects are masked from ‘package:stats’:

    filter, lag

The following objects are masked from ‘package:base’:

    intersect, setdiff, setequal, union


Attaching package: ‘geex’

The following object is masked from ‘package:methods’:

    show

[1] 1000
Maximizing -- use negfn and neggr
[1] "starting mle"
Warning message:
In stode(y, times, func, parms = parms, ...) : steady-state not reached
9502.967 sec elapsed
$beta_est
                                 psi_updated
[1,] 0.9463874 2.036708 3.089378   0.9488494

$se_est
           [,1]       [,2]       [,3]
[1,] 0.04304541 0.04233261 0.03442831

