SLURM_JOBID:  39543730
SLURM_ARRAY_TASK_ID:  730
SLURM_ARRAY_JOB_ID:  39542290

Attaching package: ‘dplyr’

The following objects are masked from ‘package:stats’:

    filter, lag

The following objects are masked from ‘package:base’:

    intersect, setdiff, setequal, union


Attaching package: ‘geex’

The following object is masked from ‘package:methods’:

    show

[1] 1000
Maximizing -- use negfn and neggr
[1] "starting mle"
2957.506 sec elapsed
$beta_est
                                psi_updated
[1,] 1.050894 2.014766 3.001629   0.9786325

$se_est
           [,1]       [,2]       [,3]
[1,] 0.04533906 0.05026507 0.03493961

