SLURM_JOBID:  39542974
SLURM_ARRAY_TASK_ID:  294
SLURM_ARRAY_JOB_ID:  39542290

Attaching package: ‘dplyr’

The following objects are masked from ‘package:stats’:

    filter, lag

The following objects are masked from ‘package:base’:

    intersect, setdiff, setequal, union


Attaching package: ‘geex’

The following object is masked from ‘package:methods’:

    show

[1] 1000
Maximizing -- use negfn and neggr
[1] "starting mle"
2738.43 sec elapsed
$beta_est
                                psi_updated
[1,] 1.049021 2.046497 3.027662   0.9902455

$se_est
           [,1]       [,2]       [,3]
[1,] 0.04410229 0.04587462 0.03197142

