SLURM_JOBID:  39543734
SLURM_ARRAY_TASK_ID:  734
SLURM_ARRAY_JOB_ID:  39542290

Attaching package: ‘dplyr’

The following objects are masked from ‘package:stats’:

    filter, lag

The following objects are masked from ‘package:base’:

    intersect, setdiff, setequal, union


Attaching package: ‘geex’

The following object is masked from ‘package:methods’:

    show

[1] 1000
Maximizing -- use negfn and neggr
[1] "starting mle"
1536.262 sec elapsed
$beta_est
                                psi_updated
[1,] 0.9940497 2.01669 2.962318    1.048816

$se_est
           [,1]       [,2]       [,3]
[1,] 0.04763803 0.04817178 0.03538491

