SLURM_JOBID:  39542721
SLURM_ARRAY_TASK_ID:  181
SLURM_ARRAY_JOB_ID:  39542290

Attaching package: ‘dplyr’

The following objects are masked from ‘package:stats’:

    filter, lag

The following objects are masked from ‘package:base’:

    intersect, setdiff, setequal, union


Attaching package: ‘geex’

The following object is masked from ‘package:methods’:

    show

[1] 1000
Maximizing -- use negfn and neggr
[1] "starting mle"
2744.587 sec elapsed
$beta_est
                                psi_updated
[1,] 1.057377 2.006306 2.992731   0.9775834

$se_est
           [,1]       [,2]       [,3]
[1,] 0.04412115 0.04580277 0.03182053

