SLURM_JOBID:  39542710
SLURM_ARRAY_TASK_ID:  170
SLURM_ARRAY_JOB_ID:  39542290

Attaching package: ‘dplyr’

The following objects are masked from ‘package:stats’:

    filter, lag

The following objects are masked from ‘package:base’:

    intersect, setdiff, setequal, union


Attaching package: ‘geex’

The following object is masked from ‘package:methods’:

    show

[1] 1000
Maximizing -- use negfn and neggr
[1] "starting mle"
2618.379 sec elapsed
$beta_est
                                 psi_updated
[1,] 0.9849493 1.964036 2.975797    1.004093

$se_est
           [,1]      [,2]       [,3]
[1,] 0.04666835 0.0496395 0.03453159

