SLURM_JOBID:  39543558
SLURM_ARRAY_TASK_ID:  563
SLURM_ARRAY_JOB_ID:  39542290

Attaching package: ‘dplyr’

The following objects are masked from ‘package:stats’:

    filter, lag

The following objects are masked from ‘package:base’:

    intersect, setdiff, setequal, union


Attaching package: ‘geex’

The following object is masked from ‘package:methods’:

    show

[1] 1000
Maximizing -- use negfn and neggr
[1] "starting mle"
1454.858 sec elapsed
$beta_est
                                 psi_updated
[1,] 0.9490562 2.003362 3.023308    1.025056

$se_est
           [,1]       [,2]       [,3]
[1,] 0.04823263 0.04582463 0.03409365

