SLURM_JOBID:  39545109
SLURM_ARRAY_TASK_ID:  1059
SLURM_ARRAY_JOB_ID:  39542290

Attaching package: ‘dplyr’

The following objects are masked from ‘package:stats’:

    filter, lag

The following objects are masked from ‘package:base’:

    intersect, setdiff, setequal, union


Attaching package: ‘geex’

The following object is masked from ‘package:methods’:

    show

[1] 1000
Maximizing -- use negfn and neggr
[1] "starting mle"
2350.278 sec elapsed
$beta_est
                                 psi_updated
[1,] 0.9563974 1.947727 2.970764    1.010825

$se_est
          [,1]       [,2]       [,3]
[1,] 0.0475208 0.05110071 0.03781418

