SLURM_JOBID:  39543087
SLURM_ARRAY_TASK_ID:  402
SLURM_ARRAY_JOB_ID:  39542290

Attaching package: ‘dplyr’

The following objects are masked from ‘package:stats’:

    filter, lag

The following objects are masked from ‘package:base’:

    intersect, setdiff, setequal, union


Attaching package: ‘geex’

The following object is masked from ‘package:methods’:

    show

[1] 1000
Maximizing -- use negfn and neggr
[1] "starting mle"
1441.925 sec elapsed
$beta_est
                                psi_updated
[1,] 1.024708 1.989617 3.016343   0.9686539

$se_est
           [,1]      [,2]       [,3]
[1,] 0.04404589 0.0479209 0.03224745

