SLURM_JOBID:  39544893
SLURM_ARRAY_TASK_ID:  1035
SLURM_ARRAY_JOB_ID:  39542290

Attaching package: ‘dplyr’

The following objects are masked from ‘package:stats’:

    filter, lag

The following objects are masked from ‘package:base’:

    intersect, setdiff, setequal, union


Attaching package: ‘geex’

The following object is masked from ‘package:methods’:

    show

[1] 1000
Maximizing -- use negfn and neggr
[1] "starting mle"
1322.553 sec elapsed
$beta_est
                                 psi_updated
[1,] 0.9621796 1.967951 2.975425   0.9897297

$se_est
           [,1]       [,2]       [,3]
[1,] 0.04500104 0.05373702 0.03677739

