SLURM_JOBID:  39543671
SLURM_ARRAY_TASK_ID:  672
SLURM_ARRAY_JOB_ID:  39542290

Attaching package: ‘dplyr’

The following objects are masked from ‘package:stats’:

    filter, lag

The following objects are masked from ‘package:base’:

    intersect, setdiff, setequal, union


Attaching package: ‘geex’

The following object is masked from ‘package:methods’:

    show

[1] 1000
Maximizing -- use negfn and neggr
[1] "starting mle"
1411.276 sec elapsed
$beta_est
                                psi_updated
[1,] 1.056178 2.013637 2.947363   0.9787488

$se_est
           [,1]       [,2]      [,3]
[1,] 0.04495474 0.04804937 0.0342279

