SLURM_JOBID:  39542724
SLURM_ARRAY_TASK_ID:  184
SLURM_ARRAY_JOB_ID:  39542290

Attaching package: ‘dplyr’

The following objects are masked from ‘package:stats’:

    filter, lag

The following objects are masked from ‘package:base’:

    intersect, setdiff, setequal, union


Attaching package: ‘geex’

The following object is masked from ‘package:methods’:

    show

[1] 1000
Maximizing -- use negfn and neggr
[1] "starting mle"
3094.348 sec elapsed
$beta_est
                               psi_updated
[1,] 1.058321 1.98218 3.005484    1.004531

$se_est
           [,1]       [,2]       [,3]
[1,] 0.04666752 0.04672227 0.03578016

