SLURM_JOBID:  39543039
SLURM_ARRAY_TASK_ID:  356
SLURM_ARRAY_JOB_ID:  39542290

Attaching package: ‘dplyr’

The following objects are masked from ‘package:stats’:

    filter, lag

The following objects are masked from ‘package:base’:

    intersect, setdiff, setequal, union


Attaching package: ‘geex’

The following object is masked from ‘package:methods’:

    show

[1] 1000
Maximizing -- use negfn and neggr
[1] "starting mle"
2951.126 sec elapsed
$beta_est
                                psi_updated
[1,] 1.052948 2.063735 2.999053   0.9777906

$se_est
           [,1]       [,2]       [,3]
[1,] 0.04479687 0.04327026 0.03431957

