SLURM_JOBID:  39543782
SLURM_ARRAY_TASK_ID:  782
SLURM_ARRAY_JOB_ID:  39542290

Attaching package: ‘dplyr’

The following objects are masked from ‘package:stats’:

    filter, lag

The following objects are masked from ‘package:base’:

    intersect, setdiff, setequal, union


Attaching package: ‘geex’

The following object is masked from ‘package:methods’:

    show

[1] 1000
Maximizing -- use negfn and neggr
[1] "starting mle"
1465.15 sec elapsed
$beta_est
                                 psi_updated
[1,] 0.9658234 2.007976 3.029373    1.045995

$se_est
           [,1]       [,2]       [,3]
[1,] 0.04776359 0.04957386 0.03716936

