SLURM_JOBID:  39542405
SLURM_ARRAY_TASK_ID:  39
SLURM_ARRAY_JOB_ID:  39542290

Attaching package: ‘dplyr’

The following objects are masked from ‘package:stats’:

    filter, lag

The following objects are masked from ‘package:base’:

    intersect, setdiff, setequal, union


Attaching package: ‘geex’

The following object is masked from ‘package:methods’:

    show

[1] 1000
Maximizing -- use negfn and neggr
[1] "starting mle"
1426.53 sec elapsed
$beta_est
                                 psi_updated
[1,] 0.9685798 2.002413 3.014637    1.034231

$se_est
           [,1]       [,2]      [,3]
[1,] 0.04635932 0.04781295 0.0338625

