SLURM_JOBID:  39543688
SLURM_ARRAY_TASK_ID:  689
SLURM_ARRAY_JOB_ID:  39542290

Attaching package: ‘dplyr’

The following objects are masked from ‘package:stats’:

    filter, lag

The following objects are masked from ‘package:base’:

    intersect, setdiff, setequal, union


Attaching package: ‘geex’

The following object is masked from ‘package:methods’:

    show

[1] 1000
Maximizing -- use negfn and neggr
[1] "starting mle"
3056.471 sec elapsed
$beta_est
                                psi_updated
[1,] 0.9952449 2.081547 3.04416   0.9620983

$se_est
           [,1]       [,2]       [,3]
[1,] 0.04424309 0.04148037 0.03423932

