SLURM_JOBID:  39543517
SLURM_ARRAY_TASK_ID:  522
SLURM_ARRAY_JOB_ID:  39542290

Attaching package: ‘dplyr’

The following objects are masked from ‘package:stats’:

    filter, lag

The following objects are masked from ‘package:base’:

    intersect, setdiff, setequal, union


Attaching package: ‘geex’

The following object is masked from ‘package:methods’:

    show

[1] 1000
Maximizing -- use negfn and neggr
[1] "starting mle"
2922.567 sec elapsed
$beta_est
                                psi_updated
[1,] 1.043822 2.018338 2.951827   0.9644986

$se_est
           [,1]       [,2]       [,3]
[1,] 0.04321674 0.04636276 0.03161013

