SLURM_JOBID:  39544515
SLURM_ARRAY_TASK_ID:  846
SLURM_ARRAY_JOB_ID:  39542290

Attaching package: ‘dplyr’

The following objects are masked from ‘package:stats’:

    filter, lag

The following objects are masked from ‘package:base’:

    intersect, setdiff, setequal, union


Attaching package: ‘geex’

The following object is masked from ‘package:methods’:

    show

[1] 1000
Maximizing -- use negfn and neggr
[1] "starting mle"
Warning message:
In stode(y, times, func, parms = parms, ...) : steady-state not reached
9320.658 sec elapsed
$beta_est
                                 psi_updated
[1,] 0.9733595 2.098869 3.051446    1.031398

$se_est
           [,1]       [,2]       [,3]
[1,] 0.04780763 0.04891424 0.03422414

