SLURM_JOBID:  39542960
SLURM_ARRAY_TASK_ID:  280
SLURM_ARRAY_JOB_ID:  39542290

Attaching package: ‘dplyr’

The following objects are masked from ‘package:stats’:

    filter, lag

The following objects are masked from ‘package:base’:

    intersect, setdiff, setequal, union


Attaching package: ‘geex’

The following object is masked from ‘package:methods’:

    show

[1] 1000
Maximizing -- use negfn and neggr
[1] "starting mle"
2910.069 sec elapsed
$beta_est
                                psi_updated
[1,] 0.974357 2.120452 3.019368    1.001398

$se_est
           [,1]       [,2]       [,3]
[1,] 0.04794316 0.05109562 0.04019774

