SLURM_JOBID:  39545254
SLURM_ARRAY_TASK_ID:  1125
SLURM_ARRAY_JOB_ID:  39542290

Attaching package: ‘dplyr’

The following objects are masked from ‘package:stats’:

    filter, lag

The following objects are masked from ‘package:base’:

    intersect, setdiff, setequal, union


Attaching package: ‘geex’

The following object is masked from ‘package:methods’:

    show

[1] 1000
Maximizing -- use negfn and neggr
[1] "starting mle"
1397.211 sec elapsed
$beta_est
                              psi_updated
[1,] 1.05598 2.003577 2.98066   0.9541196

$se_est
           [,1]       [,2]       [,3]
[1,] 0.04317343 0.04159143 0.03127062

