SLURM_JOBID:  39543139
SLURM_ARRAY_TASK_ID:  454
SLURM_ARRAY_JOB_ID:  39542290

Attaching package: ‘dplyr’

The following objects are masked from ‘package:stats’:

    filter, lag

The following objects are masked from ‘package:base’:

    intersect, setdiff, setequal, union


Attaching package: ‘geex’

The following object is masked from ‘package:methods’:

    show

[1] 1000
Maximizing -- use negfn and neggr
[1] "starting mle"
2250.473 sec elapsed
$beta_est
                               psi_updated
[1,] 0.920671 2.018333 3.04418   0.9636504

$se_est
           [,1]       [,2]       [,3]
[1,] 0.04411568 0.04585986 0.03196384

