SLURM_JOBID:  39542734
SLURM_ARRAY_TASK_ID:  194
SLURM_ARRAY_JOB_ID:  39542290

Attaching package: ‘dplyr’

The following objects are masked from ‘package:stats’:

    filter, lag

The following objects are masked from ‘package:base’:

    intersect, setdiff, setequal, union


Attaching package: ‘geex’

The following object is masked from ‘package:methods’:

    show

[1] 1000
Maximizing -- use negfn and neggr
[1] "starting mle"
1538.194 sec elapsed
$beta_est
                                 psi_updated
[1,] 0.9247282 1.941026 2.992088    1.018491

$se_est
          [,1]      [,2]       [,3]
[1,] 0.0471429 0.0495874 0.03647844

