SLURM_JOBID:  39542904
SLURM_ARRAY_TASK_ID:  224
SLURM_ARRAY_JOB_ID:  39542290

Attaching package: ‘dplyr’

The following objects are masked from ‘package:stats’:

    filter, lag

The following objects are masked from ‘package:base’:

    intersect, setdiff, setequal, union


Attaching package: ‘geex’

The following object is masked from ‘package:methods’:

    show

[1] 1000
Maximizing -- use negfn and neggr
[1] "starting mle"
1314.306 sec elapsed
$beta_est
                                psi_updated
[1,] 1.015174 1.998054 3.007784   0.9976214

$se_est
           [,1]       [,2]       [,3]
[1,] 0.04554997 0.04529194 0.03444711

