SLURM_JOBID:  39542737
SLURM_ARRAY_TASK_ID:  197
SLURM_ARRAY_JOB_ID:  39542290

Attaching package: ‘dplyr’

The following objects are masked from ‘package:stats’:

    filter, lag

The following objects are masked from ‘package:base’:

    intersect, setdiff, setequal, union


Attaching package: ‘geex’

The following object is masked from ‘package:methods’:

    show

[1] 1000
Maximizing -- use negfn and neggr
[1] "starting mle"
1446.743 sec elapsed
$beta_est
                                 psi_updated
[1,] 0.9934107 2.051542 2.955938    1.019599

$se_est
           [,1]       [,2]       [,3]
[1,] 0.04627448 0.04556267 0.03278178

