SLURM_JOBID:  39544511
SLURM_ARRAY_TASK_ID:  842
SLURM_ARRAY_JOB_ID:  39542290

Attaching package: ‘dplyr’

The following objects are masked from ‘package:stats’:

    filter, lag

The following objects are masked from ‘package:base’:

    intersect, setdiff, setequal, union


Attaching package: ‘geex’

The following object is masked from ‘package:methods’:

    show

[1] 1000
Maximizing -- use negfn and neggr
[1] "starting mle"
1387.852 sec elapsed
$beta_est
                                 psi_updated
[1,] 0.9916567 2.015343 2.995285    1.011399

$se_est
           [,1]       [,2]       [,3]
[1,] 0.04898185 0.04980302 0.03575509

