SLURM_JOBID:  39543787
SLURM_ARRAY_TASK_ID:  787
SLURM_ARRAY_JOB_ID:  39542290

Attaching package: ‘dplyr’

The following objects are masked from ‘package:stats’:

    filter, lag

The following objects are masked from ‘package:base’:

    intersect, setdiff, setequal, union


Attaching package: ‘geex’

The following object is masked from ‘package:methods’:

    show

[1] 1000
Maximizing -- use negfn and neggr
[1] "starting mle"
3004.981 sec elapsed
$beta_est
                                 psi_updated
[1,] 0.9957747 1.973163 3.025532   0.9527199

$se_est
           [,1]       [,2]       [,3]
[1,] 0.04355558 0.04582376 0.03124924

