SLURM_JOBID:  39542669
SLURM_ARRAY_TASK_ID:  129
SLURM_ARRAY_JOB_ID:  39542290

Attaching package: ‘dplyr’

The following objects are masked from ‘package:stats’:

    filter, lag

The following objects are masked from ‘package:base’:

    intersect, setdiff, setequal, union


Attaching package: ‘geex’

The following object is masked from ‘package:methods’:

    show

[1] 1000
Maximizing -- use negfn and neggr
[1] "starting mle"
1439.812 sec elapsed
$beta_est
                                psi_updated
[1,] 1.100482 1.974671 2.940739   0.9684185

$se_est
           [,1]       [,2]       [,3]
[1,] 0.04472331 0.04209378 0.03296309

