SLURM_JOBID:  39543529
SLURM_ARRAY_TASK_ID:  534
SLURM_ARRAY_JOB_ID:  39542290

Attaching package: ‘dplyr’

The following objects are masked from ‘package:stats’:

    filter, lag

The following objects are masked from ‘package:base’:

    intersect, setdiff, setequal, union


Attaching package: ‘geex’

The following object is masked from ‘package:methods’:

    show

[1] 1000
Maximizing -- use negfn and neggr
[1] "starting mle"
2863.064 sec elapsed
$beta_est
                                psi_updated
[1,] 1.002309 2.037809 3.028363   0.9602896

$se_est
           [,1]       [,2]       [,3]
[1,] 0.04345795 0.04904398 0.03364737

