SLURM_JOBID:  39545305
SLURM_ARRAY_TASK_ID:  1169
SLURM_ARRAY_JOB_ID:  39542290

Attaching package: ‘dplyr’

The following objects are masked from ‘package:stats’:

    filter, lag

The following objects are masked from ‘package:base’:

    intersect, setdiff, setequal, union


Attaching package: ‘geex’

The following object is masked from ‘package:methods’:

    show

[1] 1000
Maximizing -- use negfn and neggr
[1] "starting mle"
1341.446 sec elapsed
$beta_est
                                 psi_updated
[1,] 0.9804833 2.050551 3.040097    1.048052

$se_est
           [,1]       [,2]       [,3]
[1,] 0.04805635 0.04980809 0.04067378

