SLURM_JOBID:  39543018
SLURM_ARRAY_TASK_ID:  335
SLURM_ARRAY_JOB_ID:  39542290

Attaching package: ‘dplyr’

The following objects are masked from ‘package:stats’:

    filter, lag

The following objects are masked from ‘package:base’:

    intersect, setdiff, setequal, union


Attaching package: ‘geex’

The following object is masked from ‘package:methods’:

    show

[1] 1000
Maximizing -- use negfn and neggr
[1] "starting mle"
2919.725 sec elapsed
$beta_est
                                 psi_updated
[1,] 0.9728683 1.963496 3.009907   0.9999776

$se_est
           [,1]      [,2]       [,3]
[1,] 0.04595856 0.0461227 0.03103933

