SLURM_JOBID:  39542673
SLURM_ARRAY_TASK_ID:  133
SLURM_ARRAY_JOB_ID:  39542290

Attaching package: ‘dplyr’

The following objects are masked from ‘package:stats’:

    filter, lag

The following objects are masked from ‘package:base’:

    intersect, setdiff, setequal, union


Attaching package: ‘geex’

The following object is masked from ‘package:methods’:

    show

[1] 1000
Maximizing -- use negfn and neggr
[1] "starting mle"
2878.347 sec elapsed
$beta_est
                             psi_updated
[1,] 1.0918 2.024761 3.04404   0.9905591

$se_est
           [,1]       [,2]       [,3]
[1,] 0.04661484 0.04684482 0.03683077

