SLURM_JOBID:  39545237
SLURM_ARRAY_TASK_ID:  1108
SLURM_ARRAY_JOB_ID:  39542290

Attaching package: ‘dplyr’

The following objects are masked from ‘package:stats’:

    filter, lag

The following objects are masked from ‘package:base’:

    intersect, setdiff, setequal, union


Attaching package: ‘geex’

The following object is masked from ‘package:methods’:

    show

[1] 1000
Maximizing -- use negfn and neggr
[1] "starting mle"
2789.381 sec elapsed
$beta_est
                                 psi_updated
[1,] 0.9757125 2.017933 3.058143    1.018081

$se_est
           [,1]      [,2]      [,3]
[1,] 0.04698267 0.0425721 0.0382079

