SLURM_JOBID:  39544725
SLURM_ARRAY_TASK_ID:  946
SLURM_ARRAY_JOB_ID:  39542290

Attaching package: ‘dplyr’

The following objects are masked from ‘package:stats’:

    filter, lag

The following objects are masked from ‘package:base’:

    intersect, setdiff, setequal, union


Attaching package: ‘geex’

The following object is masked from ‘package:methods’:

    show

[1] 1000
Maximizing -- use negfn and neggr
[1] "starting mle"
1413.589 sec elapsed
$beta_est
                                psi_updated
[1,] 0.9940694 1.980048 3.02576    1.007896

$se_est
           [,1]       [,2]       [,3]
[1,] 0.04615027 0.05139486 0.03359274

