SLURM_JOBID:  39543621
SLURM_ARRAY_TASK_ID:  622
SLURM_ARRAY_JOB_ID:  39542290

Attaching package: ‘dplyr’

The following objects are masked from ‘package:stats’:

    filter, lag

The following objects are masked from ‘package:base’:

    intersect, setdiff, setequal, union


Attaching package: ‘geex’

The following object is masked from ‘package:methods’:

    show

[1] 1000
Maximizing -- use negfn and neggr
[1] "starting mle"
3055.306 sec elapsed
$beta_est
                                psi_updated
[1,] 0.9818561 2.028416 3.00717   0.9711248

$se_est
          [,1]       [,2]       [,3]
[1,] 0.0449677 0.04824399 0.03198109

