SLURM_JOBID:  39544454
SLURM_ARRAY_TASK_ID:  805
SLURM_ARRAY_JOB_ID:  39542290

Attaching package: ‘dplyr’

The following objects are masked from ‘package:stats’:

    filter, lag

The following objects are masked from ‘package:base’:

    intersect, setdiff, setequal, union


Attaching package: ‘geex’

The following object is masked from ‘package:methods’:

    show

[1] 1000
Maximizing -- use negfn and neggr
[1] "starting mle"
1452.756 sec elapsed
$beta_est
                                psi_updated
[1,] 1.077645 1.993974 2.953076   0.9189631

$se_est
           [,1]       [,2]       [,3]
[1,] 0.04336151 0.04303503 0.03484475

