SLURM_JOBID:  39542366
SLURM_ARRAY_TASK_ID:  0
SLURM_ARRAY_JOB_ID:  39542290

Attaching package: ‘dplyr’

The following objects are masked from ‘package:stats’:

    filter, lag

The following objects are masked from ‘package:base’:

    intersect, setdiff, setequal, union


Attaching package: ‘geex’

The following object is masked from ‘package:methods’:

    show

[1] 1000
Maximizing -- use negfn and neggr
[1] "starting mle"
1481.445 sec elapsed
$beta_est
                                 psi_updated
[1,] 0.9740897 1.990451 3.042746   0.9451687

$se_est
           [,1]       [,2]       [,3]
[1,] 0.04305836 0.04309884 0.03215957

