SLURM_JOBID:  39545182
SLURM_ARRAY_TASK_ID:  1085
SLURM_ARRAY_JOB_ID:  39542290

Attaching package: ‘dplyr’

The following objects are masked from ‘package:stats’:

    filter, lag

The following objects are masked from ‘package:base’:

    intersect, setdiff, setequal, union


Attaching package: ‘geex’

The following object is masked from ‘package:methods’:

    show

[1] 1000
Maximizing -- use negfn and neggr
[1] "starting mle"
1416.207 sec elapsed
$beta_est
                                 psi_updated
[1,] 0.9472827 1.984388 2.963526   0.9460208

$se_est
           [,1]       [,2]       [,3]
[1,] 0.04281811 0.04516332 0.03105937

