SLURM_JOBID:  39542913
SLURM_ARRAY_TASK_ID:  233
SLURM_ARRAY_JOB_ID:  39542290

Attaching package: ‘dplyr’

The following objects are masked from ‘package:stats’:

    filter, lag

The following objects are masked from ‘package:base’:

    intersect, setdiff, setequal, union


Attaching package: ‘geex’

The following object is masked from ‘package:methods’:

    show

[1] 1000
Maximizing -- use negfn and neggr
[1] "starting mle"
3156.814 sec elapsed
$beta_est
                                psi_updated
[1,] 0.9823244 2.016717 3.00298   0.9858978

$se_est
           [,1]       [,2]       [,3]
[1,] 0.04603547 0.04835361 0.03369604

