SLURM_JOBID:  39543127
SLURM_ARRAY_TASK_ID:  442
SLURM_ARRAY_JOB_ID:  39542290

Attaching package: ‘dplyr’

The following objects are masked from ‘package:stats’:

    filter, lag

The following objects are masked from ‘package:base’:

    intersect, setdiff, setequal, union


Attaching package: ‘geex’

The following object is masked from ‘package:methods’:

    show

[1] 1000
Maximizing -- use negfn and neggr
[1] "starting mle"
3469.968 sec elapsed
$beta_est
                               psi_updated
[1,] 1.041161 2.08656 3.015842   0.9419564

$se_est
           [,1]       [,2]       [,3]
[1,] 0.04294566 0.04441248 0.03236879

