SLURM_JOBID:  39545261
SLURM_ARRAY_TASK_ID:  1131
SLURM_ARRAY_JOB_ID:  39542290

Attaching package: ‘dplyr’

The following objects are masked from ‘package:stats’:

    filter, lag

The following objects are masked from ‘package:base’:

    intersect, setdiff, setequal, union


Attaching package: ‘geex’

The following object is masked from ‘package:methods’:

    show

[1] 1000
Maximizing -- use negfn and neggr
[1] "starting mle"
2925.258 sec elapsed
$beta_est
                                psi_updated
[1,] 1.013998 2.021397 3.005718   0.9870992

$se_est
           [,1]      [,2]       [,3]
[1,] 0.04740436 0.0479525 0.03768435

