SLURM_JOBID:  39544872
SLURM_ARRAY_TASK_ID:  1029
SLURM_ARRAY_JOB_ID:  39542290

Attaching package: ‘dplyr’

The following objects are masked from ‘package:stats’:

    filter, lag

The following objects are masked from ‘package:base’:

    intersect, setdiff, setequal, union


Attaching package: ‘geex’

The following object is masked from ‘package:methods’:

    show

[1] 1000
Maximizing -- use negfn and neggr
[1] "starting mle"
1597.233 sec elapsed
$beta_est
                                 psi_updated
[1,] 0.9494294 2.000979 3.005061   0.9612072

$se_est
           [,1]       [,2]       [,3]
[1,] 0.04332783 0.04619809 0.03111467

