SLURM_JOBID:  39542884
SLURM_ARRAY_TASK_ID:  204
SLURM_ARRAY_JOB_ID:  39542290

Attaching package: ‘dplyr’

The following objects are masked from ‘package:stats’:

    filter, lag

The following objects are masked from ‘package:base’:

    intersect, setdiff, setequal, union


Attaching package: ‘geex’

The following object is masked from ‘package:methods’:

    show

[1] 1000
Maximizing -- use negfn and neggr
[1] "starting mle"
2728.533 sec elapsed
$beta_est
                                psi_updated
[1,] 1.051949 2.052325 2.966263    1.012933

$se_est
           [,1]       [,2]       [,3]
[1,] 0.04705548 0.04983496 0.03716426

