SLURM_JOBID:  39544783
SLURM_ARRAY_TASK_ID:  995
SLURM_ARRAY_JOB_ID:  39542290

Attaching package: ‘dplyr’

The following objects are masked from ‘package:stats’:

    filter, lag

The following objects are masked from ‘package:base’:

    intersect, setdiff, setequal, union


Attaching package: ‘geex’

The following object is masked from ‘package:methods’:

    show

[1] 1000
Maximizing -- use negfn and neggr
[1] "starting mle"
1522.311 sec elapsed
$beta_est
                               psi_updated
[1,] 0.9811596 2.105443 2.9998     1.01744

$se_est
          [,1]       [,2]       [,3]
[1,] 0.0475659 0.04887735 0.03262361

