SLURM_JOBID:  39543503
SLURM_ARRAY_TASK_ID:  508
SLURM_ARRAY_JOB_ID:  39542290

Attaching package: ‘dplyr’

The following objects are masked from ‘package:stats’:

    filter, lag

The following objects are masked from ‘package:base’:

    intersect, setdiff, setequal, union


Attaching package: ‘geex’

The following object is masked from ‘package:methods’:

    show

[1] 1000
Maximizing -- use negfn and neggr
[1] "starting mle"
2504.101 sec elapsed
$beta_est
                               psi_updated
[1,] 1.041878 2.00657 2.974218   0.9817785

$se_est
           [,1]       [,2]       [,3]
[1,] 0.04311394 0.04635723 0.03466147

