SLURM_JOBID:  39543647
SLURM_ARRAY_TASK_ID:  648
SLURM_ARRAY_JOB_ID:  39542290

Attaching package: ‘dplyr’

The following objects are masked from ‘package:stats’:

    filter, lag

The following objects are masked from ‘package:base’:

    intersect, setdiff, setequal, union


Attaching package: ‘geex’

The following object is masked from ‘package:methods’:

    show

[1] 1000
Maximizing -- use negfn and neggr
[1] "starting mle"
2743.99 sec elapsed
$beta_est
                                 psi_updated
[1,] 0.9379746 1.947618 2.984362     1.02436

$se_est
           [,1]       [,2]       [,3]
[1,] 0.04668703 0.04564631 0.03495137

