SLURM_JOBID:  39543166
SLURM_ARRAY_TASK_ID:  481
SLURM_ARRAY_JOB_ID:  39542290

Attaching package: ‘dplyr’

The following objects are masked from ‘package:stats’:

    filter, lag

The following objects are masked from ‘package:base’:

    intersect, setdiff, setequal, union


Attaching package: ‘geex’

The following object is masked from ‘package:methods’:

    show

[1] 1000
Maximizing -- use negfn and neggr
[1] "starting mle"
1488.142 sec elapsed
$beta_est
                                psi_updated
[1,] 1.069052 1.994738 2.975218   0.9700678

$se_est
           [,1]       [,2]       [,3]
[1,] 0.04484432 0.04265773 0.03648035

