SLURM_JOBID:  39544745
SLURM_ARRAY_TASK_ID:  963
SLURM_ARRAY_JOB_ID:  39542290

Attaching package: ‘dplyr’

The following objects are masked from ‘package:stats’:

    filter, lag

The following objects are masked from ‘package:base’:

    intersect, setdiff, setequal, union


Attaching package: ‘geex’

The following object is masked from ‘package:methods’:

    show

[1] 1000
Maximizing -- use negfn and neggr
[1] "starting mle"
1643.983 sec elapsed
$beta_est
                                 psi_updated
[1,] 0.9806363 2.023194 3.057026      1.0004

$se_est
           [,1]       [,2]       [,3]
[1,] 0.04694351 0.04749037 0.03439017

