SLURM_JOBID:  39543182
SLURM_ARRAY_TASK_ID:  497
SLURM_ARRAY_JOB_ID:  39542290

Attaching package: ‘dplyr’

The following objects are masked from ‘package:stats’:

    filter, lag

The following objects are masked from ‘package:base’:

    intersect, setdiff, setequal, union


Attaching package: ‘geex’

The following object is masked from ‘package:methods’:

    show

[1] 1000
Maximizing -- use negfn and neggr
[1] "starting mle"
2859.845 sec elapsed
$beta_est
                                psi_updated
[1,] 1.028419 2.030371 3.006363    1.031144

$se_est
           [,1]       [,2]       [,3]
[1,] 0.04521471 0.04804375 0.03708596

