SLURM_JOBID:  39542654
SLURM_ARRAY_TASK_ID:  114
SLURM_ARRAY_JOB_ID:  39542290

Attaching package: ‘dplyr’

The following objects are masked from ‘package:stats’:

    filter, lag

The following objects are masked from ‘package:base’:

    intersect, setdiff, setequal, union


Attaching package: ‘geex’

The following object is masked from ‘package:methods’:

    show

[1] 1000
Maximizing -- use negfn and neggr
[1] "starting mle"
2807.658 sec elapsed
$beta_est
                               psi_updated
[1,] 1.029371 2.015485 3.01848   0.9221368

$se_est
           [,1]       [,2]       [,3]
[1,] 0.04246116 0.04207968 0.03220889

