SLURM_JOBID:  39543069
SLURM_ARRAY_TASK_ID:  386
SLURM_ARRAY_JOB_ID:  39542290

Attaching package: ‘dplyr’

The following objects are masked from ‘package:stats’:

    filter, lag

The following objects are masked from ‘package:base’:

    intersect, setdiff, setequal, union


Attaching package: ‘geex’

The following object is masked from ‘package:methods’:

    show

[1] 1000
Maximizing -- use negfn and neggr
[1] "starting mle"
2952.161 sec elapsed
$beta_est
                               psi_updated
[1,] 1.02613 1.995574 2.967151   0.9776114

$se_est
          [,1]       [,2]       [,3]
[1,] 0.0451024 0.04944387 0.03773538

