SLURM_JOBID:  39542687
SLURM_ARRAY_TASK_ID:  147
SLURM_ARRAY_JOB_ID:  39542290

Attaching package: ‘dplyr’

The following objects are masked from ‘package:stats’:

    filter, lag

The following objects are masked from ‘package:base’:

    intersect, setdiff, setequal, union


Attaching package: ‘geex’

The following object is masked from ‘package:methods’:

    show

[1] 1000
Maximizing -- use negfn and neggr
[1] "starting mle"
1312.016 sec elapsed
$beta_est
                                psi_updated
[1,] 1.063182 2.055918 3.009432   0.9863825

$se_est
           [,1]       [,2]       [,3]
[1,] 0.04390816 0.04871025 0.03556756

