SLURM_JOBID:  39542664
SLURM_ARRAY_TASK_ID:  124
SLURM_ARRAY_JOB_ID:  39542290

Attaching package: ‘dplyr’

The following objects are masked from ‘package:stats’:

    filter, lag

The following objects are masked from ‘package:base’:

    intersect, setdiff, setequal, union


Attaching package: ‘geex’

The following object is masked from ‘package:methods’:

    show

[1] 1000
Maximizing -- use negfn and neggr
[1] "starting mle"
1358.234 sec elapsed
$beta_est
                                 psi_updated
[1,] 0.9876633 2.113037 3.063683   0.9946325

$se_est
           [,1]       [,2]       [,3]
[1,] 0.04594491 0.04772077 0.03413448

