SLURM_JOBID:  39544456
SLURM_ARRAY_TASK_ID:  807
SLURM_ARRAY_JOB_ID:  39542290

Attaching package: ‘dplyr’

The following objects are masked from ‘package:stats’:

    filter, lag

The following objects are masked from ‘package:base’:

    intersect, setdiff, setequal, union


Attaching package: ‘geex’

The following object is masked from ‘package:methods’:

    show

[1] 1000
Maximizing -- use negfn and neggr
[1] "starting mle"
1424.076 sec elapsed
$beta_est
                                psi_updated
[1,] 1.021094 1.990498 2.964469    1.016548

$se_est
           [,1]       [,2]       [,3]
[1,] 0.04546524 0.04830187 0.03200979

