SLURM_JOBID:  39543064
SLURM_ARRAY_TASK_ID:  381
SLURM_ARRAY_JOB_ID:  39542290

Attaching package: ‘dplyr’

The following objects are masked from ‘package:stats’:

    filter, lag

The following objects are masked from ‘package:base’:

    intersect, setdiff, setequal, union


Attaching package: ‘geex’

The following object is masked from ‘package:methods’:

    show

[1] 1000
Maximizing -- use negfn and neggr
[1] "starting mle"
3296.093 sec elapsed
$beta_est
                                psi_updated
[1,] 1.047416 2.015345 3.015083    1.000194

$se_est
           [,1]       [,2]       [,3]
[1,] 0.04626714 0.04617266 0.03411095

