SLURM_JOBID:  39543176
SLURM_ARRAY_TASK_ID:  491
SLURM_ARRAY_JOB_ID:  39542290

Attaching package: ‘dplyr’

The following objects are masked from ‘package:stats’:

    filter, lag

The following objects are masked from ‘package:base’:

    intersect, setdiff, setequal, union


Attaching package: ‘geex’

The following object is masked from ‘package:methods’:

    show

[1] 1000
Maximizing -- use negfn and neggr
[1] "starting mle"
2883.469 sec elapsed
$beta_est
                                 psi_updated
[1,] 0.8814991 2.063902 3.011628    1.023281

$se_est
           [,1]       [,2]       [,3]
[1,] 0.04650323 0.05053982 0.03620341

