SLURM_JOBID:  39543163
SLURM_ARRAY_TASK_ID:  478
SLURM_ARRAY_JOB_ID:  39542290

Attaching package: ‘dplyr’

The following objects are masked from ‘package:stats’:

    filter, lag

The following objects are masked from ‘package:base’:

    intersect, setdiff, setequal, union


Attaching package: ‘geex’

The following object is masked from ‘package:methods’:

    show

[1] 1000
Maximizing -- use negfn and neggr
[1] "starting mle"
1514.74 sec elapsed
$beta_est
                                psi_updated
[1,] 0.9168503 1.928482 2.98597    1.074718

$se_est
           [,1]      [,2]       [,3]
[1,] 0.05034898 0.0542596 0.03669796

