SLURM_JOBID:  39543086
SLURM_ARRAY_TASK_ID:  401
SLURM_ARRAY_JOB_ID:  39542290

Attaching package: ‘dplyr’

The following objects are masked from ‘package:stats’:

    filter, lag

The following objects are masked from ‘package:base’:

    intersect, setdiff, setequal, union


Attaching package: ‘geex’

The following object is masked from ‘package:methods’:

    show

[1] 1000
Maximizing -- use negfn and neggr
[1] "starting mle"
Warning message:
In stode(y, times, func, parms = parms, ...) : steady-state not reached
8893.066 sec elapsed
$beta_est
                                 psi_updated
[1,] 0.9944967 2.025242 3.022914    1.033256

$se_est
           [,1]       [,2]       [,3]
[1,] 0.04802926 0.05261527 0.03354115

