SLURM_JOBID:  39545275
SLURM_ARRAY_TASK_ID:  1145
SLURM_ARRAY_JOB_ID:  39542290

Attaching package: ‘dplyr’

The following objects are masked from ‘package:stats’:

    filter, lag

The following objects are masked from ‘package:base’:

    intersect, setdiff, setequal, union


Attaching package: ‘geex’

The following object is masked from ‘package:methods’:

    show

[1] 1000
Maximizing -- use negfn and neggr
[1] "starting mle"
1372.067 sec elapsed
$beta_est
                               psi_updated
[1,] 0.9581429 2.038758 3.0557   0.9661028

$se_est
           [,1]       [,2]       [,3]
[1,] 0.04373891 0.04617337 0.03202289

