SLURM_JOBID:  39542969
SLURM_ARRAY_TASK_ID:  289
SLURM_ARRAY_JOB_ID:  39542290

Attaching package: ‘dplyr’

The following objects are masked from ‘package:stats’:

    filter, lag

The following objects are masked from ‘package:base’:

    intersect, setdiff, setequal, union


Attaching package: ‘geex’

The following object is masked from ‘package:methods’:

    show

[1] 1000
Maximizing -- use negfn and neggr
[1] "starting mle"
1409.854 sec elapsed
$beta_est
                                psi_updated
[1,] 1.039361 1.986219 3.017852    1.022979

$se_est
           [,1]       [,2]       [,3]
[1,] 0.04753267 0.04971483 0.03485102

