SLURM_JOBID:  39544637
SLURM_ARRAY_TASK_ID:  906
SLURM_ARRAY_JOB_ID:  39542290

Attaching package: ‘dplyr’

The following objects are masked from ‘package:stats’:

    filter, lag

The following objects are masked from ‘package:base’:

    intersect, setdiff, setequal, union


Attaching package: ‘geex’

The following object is masked from ‘package:methods’:

    show

[1] 1000
Maximizing -- use negfn and neggr
[1] "starting mle"
1486.45 sec elapsed
$beta_est
                                 psi_updated
[1,] 0.9055639 2.049117 2.990064    1.030185

$se_est
          [,1]       [,2]      [,3]
[1,] 0.0492035 0.04450625 0.0338223

