SLURM_JOBID:  39542416
SLURM_ARRAY_TASK_ID:  50
SLURM_ARRAY_JOB_ID:  39542290

Attaching package: ‘dplyr’

The following objects are masked from ‘package:stats’:

    filter, lag

The following objects are masked from ‘package:base’:

    intersect, setdiff, setequal, union


Attaching package: ‘geex’

The following object is masked from ‘package:methods’:

    show

[1] 1000
Maximizing -- use negfn and neggr
[1] "starting mle"
1381.315 sec elapsed
$beta_est
                                psi_updated
[1,] 0.9561606 2.10411 3.047197   0.9604969

$se_est
           [,1]       [,2]       [,3]
[1,] 0.04385212 0.04736651 0.03298768

