SLURM_JOBID:  39543773
SLURM_ARRAY_TASK_ID:  773
SLURM_ARRAY_JOB_ID:  39542290

Attaching package: ‘dplyr’

The following objects are masked from ‘package:stats’:

    filter, lag

The following objects are masked from ‘package:base’:

    intersect, setdiff, setequal, union


Attaching package: ‘geex’

The following object is masked from ‘package:methods’:

    show

[1] 1000
Maximizing -- use negfn and neggr
[1] "starting mle"
2872.067 sec elapsed
$beta_est
                               psi_updated
[1,] 1.083504 2.051526 3.00894    1.039908

$se_est
           [,1]       [,2]       [,3]
[1,] 0.04800669 0.04585468 0.03388553

