SLURM_JOBID:  39543694
SLURM_ARRAY_TASK_ID:  695
SLURM_ARRAY_JOB_ID:  39542290

Attaching package: ‘dplyr’

The following objects are masked from ‘package:stats’:

    filter, lag

The following objects are masked from ‘package:base’:

    intersect, setdiff, setequal, union


Attaching package: ‘geex’

The following object is masked from ‘package:methods’:

    show

[1] 1000
Maximizing -- use negfn and neggr
[1] "starting mle"
2986.613 sec elapsed
$beta_est
                               psi_updated
[1,] 1.038012 1.99855 3.035303    1.005034

$se_est
           [,1]       [,2]       [,3]
[1,] 0.04500276 0.04762653 0.03464105

