SLURM_JOBID:  39543774
SLURM_ARRAY_TASK_ID:  774
SLURM_ARRAY_JOB_ID:  39542290

Attaching package: ‘dplyr’

The following objects are masked from ‘package:stats’:

    filter, lag

The following objects are masked from ‘package:base’:

    intersect, setdiff, setequal, union


Attaching package: ‘geex’

The following object is masked from ‘package:methods’:

    show

[1] 1000
Maximizing -- use negfn and neggr
[1] "starting mle"
2951.512 sec elapsed
$beta_est
                                psi_updated
[1,] 1.002587 2.010101 2.984296   0.9515626

$se_est
           [,1]       [,2]       [,3]
[1,] 0.04304519 0.04576551 0.03455714

