SLURM_JOBID:  39542367
SLURM_ARRAY_TASK_ID:  1
SLURM_ARRAY_JOB_ID:  39542290

Attaching package: ‘dplyr’

The following objects are masked from ‘package:stats’:

    filter, lag

The following objects are masked from ‘package:base’:

    intersect, setdiff, setequal, union


Attaching package: ‘geex’

The following object is masked from ‘package:methods’:

    show

[1] 1000
Maximizing -- use negfn and neggr
[1] "starting mle"
Warning message:
In stode(y, times, func, parms = parms, ...) : steady-state not reached
18287.872 sec elapsed
$beta_est
                                psi_updated
[1,] 1.004028 2.005067 3.011093    1.019997

$se_est
           [,1]       [,2]       [,3]
[1,] 0.04539327 0.04949747 0.03634027

