SLURM_JOBID:  39544910
SLURM_ARRAY_TASK_ID:  1044
SLURM_ARRAY_JOB_ID:  39542290

Attaching package: ‘dplyr’

The following objects are masked from ‘package:stats’:

    filter, lag

The following objects are masked from ‘package:base’:

    intersect, setdiff, setequal, union


Attaching package: ‘geex’

The following object is masked from ‘package:methods’:

    show

[1] 1000
Maximizing -- use negfn and neggr
[1] "starting mle"
1432.287 sec elapsed
$beta_est
                                psi_updated
[1,] 1.028696 2.001634 2.973526   0.9782536

$se_est
           [,1]       [,2]       [,3]
[1,] 0.04574344 0.04595301 0.03467605

