SLURM_JOBID:  39544753
SLURM_ARRAY_TASK_ID:  971
SLURM_ARRAY_JOB_ID:  39542290

Attaching package: ‘dplyr’

The following objects are masked from ‘package:stats’:

    filter, lag

The following objects are masked from ‘package:base’:

    intersect, setdiff, setequal, union


Attaching package: ‘geex’

The following object is masked from ‘package:methods’:

    show

[1] 1000
Maximizing -- use negfn and neggr
[1] "starting mle"
1463.387 sec elapsed
$beta_est
                                 psi_updated
[1,] 0.8977624 2.044327 3.038332   0.9935567

$se_est
           [,1]       [,2]      [,3]
[1,] 0.04527167 0.04511508 0.0332979

