SLURM_JOBID:  39544498
SLURM_ARRAY_TASK_ID:  829
SLURM_ARRAY_JOB_ID:  39542290

Attaching package: ‘dplyr’

The following objects are masked from ‘package:stats’:

    filter, lag

The following objects are masked from ‘package:base’:

    intersect, setdiff, setequal, union


Attaching package: ‘geex’

The following object is masked from ‘package:methods’:

    show

[1] 1000
Maximizing -- use negfn and neggr
[1] "starting mle"
1424.19 sec elapsed
$beta_est
                                 psi_updated
[1,] 0.9762269 2.090983 2.984914    0.976354

$se_est
           [,1]       [,2]       [,3]
[1,] 0.04497611 0.04977728 0.03603098

