SLURM_JOBID:  39542424
SLURM_ARRAY_TASK_ID:  58
SLURM_ARRAY_JOB_ID:  39542290

Attaching package: ‘dplyr’

The following objects are masked from ‘package:stats’:

    filter, lag

The following objects are masked from ‘package:base’:

    intersect, setdiff, setequal, union


Attaching package: ‘geex’

The following object is masked from ‘package:methods’:

    show

[1] 1000
Maximizing -- use negfn and neggr
[1] "starting mle"
1403.06 sec elapsed
$beta_est
                                 psi_updated
[1,] 0.9893249 2.010268 3.030398   0.9866842

$se_est
           [,1]      [,2]      [,3]
[1,] 0.04381696 0.0529008 0.0337977

