SLURM_JOBID:  39544713
SLURM_ARRAY_TASK_ID:  934
SLURM_ARRAY_JOB_ID:  39542290

Attaching package: ‘dplyr’

The following objects are masked from ‘package:stats’:

    filter, lag

The following objects are masked from ‘package:base’:

    intersect, setdiff, setequal, union


Attaching package: ‘geex’

The following object is masked from ‘package:methods’:

    show

[1] 1000
Maximizing -- use negfn and neggr
[1] "starting mle"
1390.818 sec elapsed
$beta_est
                                 psi_updated
[1,] 0.9779209 1.979032 3.005751   0.9568876

$se_est
           [,1]       [,2]      [,3]
[1,] 0.04333695 0.04506028 0.0357779

