SLURM_JOBID:  39544782
SLURM_ARRAY_TASK_ID:  994
SLURM_ARRAY_JOB_ID:  39542290

Attaching package: ‘dplyr’

The following objects are masked from ‘package:stats’:

    filter, lag

The following objects are masked from ‘package:base’:

    intersect, setdiff, setequal, union


Attaching package: ‘geex’

The following object is masked from ‘package:methods’:

    show

[1] 1000
Maximizing -- use negfn and neggr
[1] "starting mle"
1629.238 sec elapsed
$beta_est
                                 psi_updated
[1,] 0.9640491 2.052387 3.053764    0.981765

$se_est
           [,1]       [,2]       [,3]
[1,] 0.04558137 0.05405937 0.03320057

