SLURM_JOBID:  39545266
SLURM_ARRAY_TASK_ID:  1136
SLURM_ARRAY_JOB_ID:  39542290

Attaching package: ‘dplyr’

The following objects are masked from ‘package:stats’:

    filter, lag

The following objects are masked from ‘package:base’:

    intersect, setdiff, setequal, union


Attaching package: ‘geex’

The following object is masked from ‘package:methods’:

    show

[1] 1000
Maximizing -- use negfn and neggr
[1] "starting mle"
2909.172 sec elapsed
$beta_est
                              psi_updated
[1,] 0.9743189 1.96019 2.9336   0.9930719

$se_est
           [,1]       [,2]       [,3]
[1,] 0.04755139 0.04968867 0.03241798

