SLURM_JOBID:  39543137
SLURM_ARRAY_TASK_ID:  452
SLURM_ARRAY_JOB_ID:  39542290

Attaching package: ‘dplyr’

The following objects are masked from ‘package:stats’:

    filter, lag

The following objects are masked from ‘package:base’:

    intersect, setdiff, setequal, union


Attaching package: ‘geex’

The following object is masked from ‘package:methods’:

    show

[1] 1000
Maximizing -- use negfn and neggr
[1] "starting mle"
2407.745 sec elapsed
$beta_est
                                 psi_updated
[1,] 0.9868377 1.935347 3.018433     1.03078

$se_est
           [,1]       [,2]       [,3]
[1,] 0.04793126 0.05340186 0.03336097

