SLURM_JOBID:  39544779
SLURM_ARRAY_TASK_ID:  991
SLURM_ARRAY_JOB_ID:  39542290

Attaching package: ‘dplyr’

The following objects are masked from ‘package:stats’:

    filter, lag

The following objects are masked from ‘package:base’:

    intersect, setdiff, setequal, union


Attaching package: ‘geex’

The following object is masked from ‘package:methods’:

    show

[1] 1000
Maximizing -- use negfn and neggr
[1] "starting mle"
1360.763 sec elapsed
$beta_est
                                psi_updated
[1,] 1.091762 2.015345 3.010877    0.968538

$se_est
           [,1]       [,2]       [,3]
[1,] 0.04357094 0.03960188 0.03046926

