SLURM_JOBID:  39542922
SLURM_ARRAY_TASK_ID:  242
SLURM_ARRAY_JOB_ID:  39542290

Attaching package: ‘dplyr’

The following objects are masked from ‘package:stats’:

    filter, lag

The following objects are masked from ‘package:base’:

    intersect, setdiff, setequal, union


Attaching package: ‘geex’

The following object is masked from ‘package:methods’:

    show

[1] 1000
Maximizing -- use negfn and neggr
[1] "starting mle"
2718.387 sec elapsed
$beta_est
                                 psi_updated
[1,] 0.9313129 2.026728 3.035123   0.9530687

$se_est
           [,1]       [,2]       [,3]
[1,] 0.04236505 0.05027569 0.03020493

