SLURM_JOBID:  39543036
SLURM_ARRAY_TASK_ID:  353
SLURM_ARRAY_JOB_ID:  39542290

Attaching package: ‘dplyr’

The following objects are masked from ‘package:stats’:

    filter, lag

The following objects are masked from ‘package:base’:

    intersect, setdiff, setequal, union


Attaching package: ‘geex’

The following object is masked from ‘package:methods’:

    show

[1] 1000
Maximizing -- use negfn and neggr
[1] "starting mle"
2901.515 sec elapsed
$beta_est
                                 psi_updated
[1,] 0.9876307 2.113168 3.044554   0.9981126

$se_est
           [,1]       [,2]       [,3]
[1,] 0.04471203 0.05199611 0.03460379

