SLURM_JOBID:  39543685
SLURM_ARRAY_TASK_ID:  686
SLURM_ARRAY_JOB_ID:  39542290

Attaching package: ‘dplyr’

The following objects are masked from ‘package:stats’:

    filter, lag

The following objects are masked from ‘package:base’:

    intersect, setdiff, setequal, union


Attaching package: ‘geex’

The following object is masked from ‘package:methods’:

    show

[1] 1000
Maximizing -- use negfn and neggr
[1] "starting mle"
2985.586 sec elapsed
$beta_est
                                 psi_updated
[1,] 0.9826349 2.072699 3.016276    1.032175

$se_est
           [,1]       [,2]       [,3]
[1,] 0.04868637 0.05023004 0.03548705

