SLURM_JOBID:  39542412
SLURM_ARRAY_TASK_ID:  46
SLURM_ARRAY_JOB_ID:  39542290

Attaching package: ‘dplyr’

The following objects are masked from ‘package:stats’:

    filter, lag

The following objects are masked from ‘package:base’:

    intersect, setdiff, setequal, union


Attaching package: ‘geex’

The following object is masked from ‘package:methods’:

    show

[1] 1000
Maximizing -- use negfn and neggr
[1] "starting mle"
1339.494 sec elapsed
$beta_est
                                 psi_updated
[1,] 0.9461114 1.956023 3.006366    1.037217

$se_est
           [,1]       [,2]      [,3]
[1,] 0.04848967 0.05175676 0.0332167

