SLURM_JOBID:  39545164
SLURM_ARRAY_TASK_ID:  1070
SLURM_ARRAY_JOB_ID:  39542290

Attaching package: ‘dplyr’

The following objects are masked from ‘package:stats’:

    filter, lag

The following objects are masked from ‘package:base’:

    intersect, setdiff, setequal, union


Attaching package: ‘geex’

The following object is masked from ‘package:methods’:

    show

[1] 1000
Maximizing -- use negfn and neggr
[1] "starting mle"
1350.302 sec elapsed
$beta_est
                                 psi_updated
[1,] 0.9776677 2.027364 3.015967    1.046496

$se_est
           [,1]       [,2]     [,3]
[1,] 0.04999706 0.05227002 0.039834

