SLURM_JOBID:  39542935
SLURM_ARRAY_TASK_ID:  255
SLURM_ARRAY_JOB_ID:  39542290

Attaching package: ‘dplyr’

The following objects are masked from ‘package:stats’:

    filter, lag

The following objects are masked from ‘package:base’:

    intersect, setdiff, setequal, union


Attaching package: ‘geex’

The following object is masked from ‘package:methods’:

    show

[1] 1000
Maximizing -- use negfn and neggr
[1] "starting mle"
2785.439 sec elapsed
$beta_est
                                 psi_updated
[1,] 0.9939687 1.942877 2.950521   0.9842528

$se_est
           [,1]       [,2]       [,3]
[1,] 0.04446166 0.04493182 0.03492696

