SLURM_JOBID:  39545267
SLURM_ARRAY_TASK_ID:  1137
SLURM_ARRAY_JOB_ID:  39542290

Attaching package: ‘dplyr’

The following objects are masked from ‘package:stats’:

    filter, lag

The following objects are masked from ‘package:base’:

    intersect, setdiff, setequal, union


Attaching package: ‘geex’

The following object is masked from ‘package:methods’:

    show

[1] 1000
Maximizing -- use negfn and neggr
[1] "starting mle"
1389.106 sec elapsed
$beta_est
                                psi_updated
[1,] 0.9920496 2.06102 3.035625   0.9352669

$se_est
           [,1]       [,2]       [,3]
[1,] 0.04109485 0.04515664 0.02990916

