SLURM_JOBID:  39543623
SLURM_ARRAY_TASK_ID:  624
SLURM_ARRAY_JOB_ID:  39542290

Attaching package: ‘dplyr’

The following objects are masked from ‘package:stats’:

    filter, lag

The following objects are masked from ‘package:base’:

    intersect, setdiff, setequal, union


Attaching package: ‘geex’

The following object is masked from ‘package:methods’:

    show

[1] 1000
Maximizing -- use negfn and neggr
[1] "starting mle"
3134.734 sec elapsed
$beta_est
                                 psi_updated
[1,] 0.9984179 1.997596 2.991186   0.9791512

$se_est
           [,1]       [,2]     [,3]
[1,] 0.04551725 0.04525277 0.035065

