SLURM_JOBID:  39544733
SLURM_ARRAY_TASK_ID:  954
SLURM_ARRAY_JOB_ID:  39542290

Attaching package: ‘dplyr’

The following objects are masked from ‘package:stats’:

    filter, lag

The following objects are masked from ‘package:base’:

    intersect, setdiff, setequal, union


Attaching package: ‘geex’

The following object is masked from ‘package:methods’:

    show

[1] 1000
Maximizing -- use negfn and neggr
[1] "starting mle"
2728.235 sec elapsed
$beta_est
                                psi_updated
[1,] 0.9795306 2.01237 2.991328   0.9717497

$se_est
           [,1]       [,2]       [,3]
[1,] 0.04318368 0.04812046 0.03070327

