SLURM_JOBID:  39543165
SLURM_ARRAY_TASK_ID:  480
SLURM_ARRAY_JOB_ID:  39542290

Attaching package: ‘dplyr’

The following objects are masked from ‘package:stats’:

    filter, lag

The following objects are masked from ‘package:base’:

    intersect, setdiff, setequal, union


Attaching package: ‘geex’

The following object is masked from ‘package:methods’:

    show

[1] 1000
Maximizing -- use negfn and neggr
[1] "starting mle"
1556.882 sec elapsed
$beta_est
                                psi_updated
[1,] 0.9787285 2.00372 2.960777    1.006913

$se_est
           [,1]       [,2]      [,3]
[1,] 0.04497737 0.04913168 0.0356662

