SLURM_JOBID:  39543066
SLURM_ARRAY_TASK_ID:  383
SLURM_ARRAY_JOB_ID:  39542290

Attaching package: ‘dplyr’

The following objects are masked from ‘package:stats’:

    filter, lag

The following objects are masked from ‘package:base’:

    intersect, setdiff, setequal, union


Attaching package: ‘geex’

The following object is masked from ‘package:methods’:

    show

[1] 1000
Maximizing -- use negfn and neggr
[1] "starting mle"
3043.744 sec elapsed
$beta_est
                                psi_updated
[1,] 0.931086 1.941631 2.994784    0.981899

$se_est
           [,1]       [,2]       [,3]
[1,] 0.04301306 0.04647601 0.03372686

