SLURM_JOBID:  39542932
SLURM_ARRAY_TASK_ID:  252
SLURM_ARRAY_JOB_ID:  39542290

Attaching package: ‘dplyr’

The following objects are masked from ‘package:stats’:

    filter, lag

The following objects are masked from ‘package:base’:

    intersect, setdiff, setequal, union


Attaching package: ‘geex’

The following object is masked from ‘package:methods’:

    show

[1] 1000
Maximizing -- use negfn and neggr
[1] "starting mle"
1428.24 sec elapsed
$beta_est
                                psi_updated
[1,] 1.016698 2.013103 2.966039    1.010143

$se_est
           [,1]       [,2]       [,3]
[1,] 0.04686219 0.04772356 0.04216111

