SLURM_JOBID:  39542916
SLURM_ARRAY_TASK_ID:  236
SLURM_ARRAY_JOB_ID:  39542290

Attaching package: ‘dplyr’

The following objects are masked from ‘package:stats’:

    filter, lag

The following objects are masked from ‘package:base’:

    intersect, setdiff, setequal, union


Attaching package: ‘geex’

The following object is masked from ‘package:methods’:

    show

[1] 1000
Maximizing -- use negfn and neggr
[1] "starting mle"
3300.717 sec elapsed
$beta_est
                                 psi_updated
[1,] 0.9618878 1.886185 3.007059    1.025373

$se_est
           [,1]       [,2]       [,3]
[1,] 0.04824271 0.05473749 0.03892792

