SLURM_JOBID:  39542992
SLURM_ARRAY_TASK_ID:  309
SLURM_ARRAY_JOB_ID:  39542290

Attaching package: ‘dplyr’

The following objects are masked from ‘package:stats’:

    filter, lag

The following objects are masked from ‘package:base’:

    intersect, setdiff, setequal, union


Attaching package: ‘geex’

The following object is masked from ‘package:methods’:

    show

[1] 1000
Maximizing -- use negfn and neggr
[1] "starting mle"
1506.33 sec elapsed
$beta_est
                                 psi_updated
[1,] 0.9974052 1.991015 3.012347   0.9791488

$se_est
           [,1]       [,2]       [,3]
[1,] 0.04381966 0.04873897 0.03587909

