SLURM_JOBID:  39543682
SLURM_ARRAY_TASK_ID:  683
SLURM_ARRAY_JOB_ID:  39542290

Attaching package: ‘dplyr’

The following objects are masked from ‘package:stats’:

    filter, lag

The following objects are masked from ‘package:base’:

    intersect, setdiff, setequal, union


Attaching package: ‘geex’

The following object is masked from ‘package:methods’:

    show

[1] 1000
Maximizing -- use negfn and neggr
[1] "starting mle"
2891.883 sec elapsed
$beta_est
                                 psi_updated
[1,] 0.8855438 1.977554 3.018141   0.9694287

$se_est
           [,1]       [,2]       [,3]
[1,] 0.04398094 0.04717815 0.03200188

