SLURM_JOBID:  39543024
SLURM_ARRAY_TASK_ID:  341
SLURM_ARRAY_JOB_ID:  39542290

Attaching package: ‘dplyr’

The following objects are masked from ‘package:stats’:

    filter, lag

The following objects are masked from ‘package:base’:

    intersect, setdiff, setequal, union


Attaching package: ‘geex’

The following object is masked from ‘package:methods’:

    show

[1] 1000
Maximizing -- use negfn and neggr
[1] "starting mle"
2675.928 sec elapsed
$beta_est
                                psi_updated
[1,] 1.041521 2.061092 2.968989    1.001261

$se_est
          [,1]      [,2]       [,3]
[1,] 0.0446472 0.0460579 0.03165828

