SLURM_JOBID:  39542656
SLURM_ARRAY_TASK_ID:  116
SLURM_ARRAY_JOB_ID:  39542290

Attaching package: ‘dplyr’

The following objects are masked from ‘package:stats’:

    filter, lag

The following objects are masked from ‘package:base’:

    intersect, setdiff, setequal, union


Attaching package: ‘geex’

The following object is masked from ‘package:methods’:

    show

[1] 1000
Maximizing -- use negfn and neggr
[1] "starting mle"
1370.041 sec elapsed
$beta_est
                               psi_updated
[1,] 1.090778 2.05068 2.978154    1.011174

$se_est
           [,1]       [,2]      [,3]
[1,] 0.04541948 0.05701328 0.0358212

