SLURM_JOBID:  39544718
SLURM_ARRAY_TASK_ID:  939
SLURM_ARRAY_JOB_ID:  39542290

Attaching package: ‘dplyr’

The following objects are masked from ‘package:stats’:

    filter, lag

The following objects are masked from ‘package:base’:

    intersect, setdiff, setequal, union


Attaching package: ‘geex’

The following object is masked from ‘package:methods’:

    show

[1] 1000
Maximizing -- use negfn and neggr
[1] "starting mle"
1412.341 sec elapsed
$beta_est
                                psi_updated
[1,] 1.035179 2.041042 2.970257   0.9485254

$se_est
           [,1]       [,2]       [,3]
[1,] 0.04328132 0.04527822 0.03597299

