SLURM_JOBID:  39543149
SLURM_ARRAY_TASK_ID:  464
SLURM_ARRAY_JOB_ID:  39542290

Attaching package: ‘dplyr’

The following objects are masked from ‘package:stats’:

    filter, lag

The following objects are masked from ‘package:base’:

    intersect, setdiff, setequal, union


Attaching package: ‘geex’

The following object is masked from ‘package:methods’:

    show

[1] 1000
Maximizing -- use negfn and neggr
[1] "starting mle"
3154.608 sec elapsed
$beta_est
                                psi_updated
[1,] 1.007966 2.059743 3.038394   0.9567855

$se_est
           [,1]       [,2]       [,3]
[1,] 0.04549553 0.04923379 0.03417763

