SLURM_JOBID:  39544601
SLURM_ARRAY_TASK_ID:  874
SLURM_ARRAY_JOB_ID:  39542290

Attaching package: ‘dplyr’

The following objects are masked from ‘package:stats’:

    filter, lag

The following objects are masked from ‘package:base’:

    intersect, setdiff, setequal, union


Attaching package: ‘geex’

The following object is masked from ‘package:methods’:

    show

[1] 1000
Maximizing -- use negfn and neggr
[1] "starting mle"
1345.554 sec elapsed
$beta_est
                                 psi_updated
[1,] 0.9925271 2.004143 2.944126    1.022432

$se_est
           [,1]       [,2]     [,3]
[1,] 0.04715349 0.04746413 0.031986

