SLURM_JOBID:  39543097
SLURM_ARRAY_TASK_ID:  412
SLURM_ARRAY_JOB_ID:  39542290

Attaching package: ‘dplyr’

The following objects are masked from ‘package:stats’:

    filter, lag

The following objects are masked from ‘package:base’:

    intersect, setdiff, setequal, union


Attaching package: ‘geex’

The following object is masked from ‘package:methods’:

    show

[1] 1000
Maximizing -- use negfn and neggr
[1] "starting mle"
1380.088 sec elapsed
$beta_est
                                 psi_updated
[1,] 0.9177846 2.046021 2.991747    1.038484

$se_est
           [,1]       [,2]       [,3]
[1,] 0.04689972 0.05062669 0.03790656

