SLURM_JOBID:  39543717
SLURM_ARRAY_TASK_ID:  717
SLURM_ARRAY_JOB_ID:  39542290

Attaching package: ‘dplyr’

The following objects are masked from ‘package:stats’:

    filter, lag

The following objects are masked from ‘package:base’:

    intersect, setdiff, setequal, union


Attaching package: ‘geex’

The following object is masked from ‘package:methods’:

    show

[1] 1000
Maximizing -- use negfn and neggr
[1] "starting mle"
2766.178 sec elapsed
$beta_est
                                psi_updated
[1,] 1.114153 2.034466 2.964022     0.99814

$se_est
           [,1]       [,2]      [,3]
[1,] 0.04564314 0.05087962 0.0334623

