SLURM_JOBID:  39544635
SLURM_ARRAY_TASK_ID:  904
SLURM_ARRAY_JOB_ID:  39542290

Attaching package: ‘dplyr’

The following objects are masked from ‘package:stats’:

    filter, lag

The following objects are masked from ‘package:base’:

    intersect, setdiff, setequal, union


Attaching package: ‘geex’

The following object is masked from ‘package:methods’:

    show

[1] 1000
Maximizing -- use negfn and neggr
[1] "starting mle"
1352.135 sec elapsed
$beta_est
                               psi_updated
[1,] 0.93114 2.045675 3.055386   0.9749683

$se_est
           [,1]       [,2]       [,3]
[1,] 0.04677354 0.04606911 0.03273579

