SLURM_JOBID:  39543178
SLURM_ARRAY_TASK_ID:  493
SLURM_ARRAY_JOB_ID:  39542290

Attaching package: ‘dplyr’

The following objects are masked from ‘package:stats’:

    filter, lag

The following objects are masked from ‘package:base’:

    intersect, setdiff, setequal, union


Attaching package: ‘geex’

The following object is masked from ‘package:methods’:

    show

[1] 1000
Maximizing -- use negfn and neggr
[1] "starting mle"
2880.49 sec elapsed
$beta_est
                              psi_updated
[1,] 0.979632 1.991848 3.0014   0.9773485

$se_est
           [,1]       [,2]       [,3]
[1,] 0.04455827 0.04874089 0.03728549

