SLURM_JOBID:  39542425
SLURM_ARRAY_TASK_ID:  59
SLURM_ARRAY_JOB_ID:  39542290

Attaching package: ‘dplyr’

The following objects are masked from ‘package:stats’:

    filter, lag

The following objects are masked from ‘package:base’:

    intersect, setdiff, setequal, union


Attaching package: ‘geex’

The following object is masked from ‘package:methods’:

    show

[1] 1000
Maximizing -- use negfn and neggr
[1] "starting mle"
2853.771 sec elapsed
$beta_est
                                 psi_updated
[1,] 0.9946642 2.052709 3.005163    1.000215

$se_est
           [,1]      [,2]       [,3]
[1,] 0.04449832 0.0455233 0.03269296

