SLURM_JOBID:  39543535
SLURM_ARRAY_TASK_ID:  540
SLURM_ARRAY_JOB_ID:  39542290

Attaching package: ‘dplyr’

The following objects are masked from ‘package:stats’:

    filter, lag

The following objects are masked from ‘package:base’:

    intersect, setdiff, setequal, union


Attaching package: ‘geex’

The following object is masked from ‘package:methods’:

    show

[1] 1000
Maximizing -- use negfn and neggr
[1] "starting mle"
1480.486 sec elapsed
$beta_est
                                 psi_updated
[1,] 0.9928804 1.948138 2.999071   0.9933869

$se_est
           [,1]       [,2]       [,3]
[1,] 0.04659909 0.04727426 0.03417423

