SLURM_JOBID:  39543536
SLURM_ARRAY_TASK_ID:  541
SLURM_ARRAY_JOB_ID:  39542290

Attaching package: ‘dplyr’

The following objects are masked from ‘package:stats’:

    filter, lag

The following objects are masked from ‘package:base’:

    intersect, setdiff, setequal, union


Attaching package: ‘geex’

The following object is masked from ‘package:methods’:

    show

[1] 1000
Maximizing -- use negfn and neggr
[1] "starting mle"
1460.95 sec elapsed
$beta_est
                                 psi_updated
[1,] 0.9869665 2.055329 2.977126    1.025118

$se_est
           [,1]       [,2]       [,3]
[1,] 0.04748575 0.04601724 0.03409446

