SLURM_JOBID:  39542431
SLURM_ARRAY_TASK_ID:  65
SLURM_ARRAY_JOB_ID:  39542290

Attaching package: ‘dplyr’

The following objects are masked from ‘package:stats’:

    filter, lag

The following objects are masked from ‘package:base’:

    intersect, setdiff, setequal, union


Attaching package: ‘geex’

The following object is masked from ‘package:methods’:

    show

[1] 1000
Maximizing -- use negfn and neggr
[1] "starting mle"
2724.318 sec elapsed
$beta_est
                                psi_updated
[1,] 1.034917 1.975333 2.994431    1.025447

$se_est
           [,1]      [,2]       [,3]
[1,] 0.04838982 0.0503036 0.03348339

