SLURM_JOBID:  39542460
SLURM_ARRAY_TASK_ID:  94
SLURM_ARRAY_JOB_ID:  39542290

Attaching package: ‘dplyr’

The following objects are masked from ‘package:stats’:

    filter, lag

The following objects are masked from ‘package:base’:

    intersect, setdiff, setequal, union


Attaching package: ‘geex’

The following object is masked from ‘package:methods’:

    show

[1] 1000
Maximizing -- use negfn and neggr
[1] "starting mle"
1488.358 sec elapsed
$beta_est
                                psi_updated
[1,] 1.005358 2.068649 3.067434   0.9476316

$se_est
           [,1]       [,2]      [,3]
[1,] 0.04554552 0.04523345 0.0319772

