SLURM_JOBID:  39544575
SLURM_ARRAY_TASK_ID:  851
SLURM_ARRAY_JOB_ID:  39542290

Attaching package: ‘dplyr’

The following objects are masked from ‘package:stats’:

    filter, lag

The following objects are masked from ‘package:base’:

    intersect, setdiff, setequal, union


Attaching package: ‘geex’

The following object is masked from ‘package:methods’:

    show

[1] 1000
Maximizing -- use negfn and neggr
[1] "starting mle"
1351.272 sec elapsed
$beta_est
                                 psi_updated
[1,] 0.9989031 1.991576 3.013082   0.9715142

$se_est
           [,1]       [,2]       [,3]
[1,] 0.04395489 0.04450153 0.02976911

