SLURM_JOBID:  39543073
SLURM_ARRAY_TASK_ID:  390
SLURM_ARRAY_JOB_ID:  39542290

Attaching package: ‘dplyr’

The following objects are masked from ‘package:stats’:

    filter, lag

The following objects are masked from ‘package:base’:

    intersect, setdiff, setequal, union


Attaching package: ‘geex’

The following object is masked from ‘package:methods’:

    show

[1] 1000
Maximizing -- use negfn and neggr
[1] "starting mle"
1473.977 sec elapsed
$beta_est
                                 psi_updated
[1,] 0.9951818 2.012758 3.005254   0.9701994

$se_est
           [,1]       [,2]       [,3]
[1,] 0.04390507 0.04446424 0.03245815

