SLURM_JOBID:  39543002
SLURM_ARRAY_TASK_ID:  319
SLURM_ARRAY_JOB_ID:  39542290

Attaching package: ‘dplyr’

The following objects are masked from ‘package:stats’:

    filter, lag

The following objects are masked from ‘package:base’:

    intersect, setdiff, setequal, union


Attaching package: ‘geex’

The following object is masked from ‘package:methods’:

    show

[1] 1000
Maximizing -- use negfn and neggr
[1] "starting mle"
1520.009 sec elapsed
$beta_est
                                 psi_updated
[1,] 0.9960179 2.001007 3.049084   0.9809066

$se_est
           [,1]       [,2]       [,3]
[1,] 0.04519869 0.04685458 0.03624195

