SLURM_JOBID:  39543603
SLURM_ARRAY_TASK_ID:  604
SLURM_ARRAY_JOB_ID:  39542290

Attaching package: ‘dplyr’

The following objects are masked from ‘package:stats’:

    filter, lag

The following objects are masked from ‘package:base’:

    intersect, setdiff, setequal, union


Attaching package: ‘geex’

The following object is masked from ‘package:methods’:

    show

[1] 1000
Maximizing -- use negfn and neggr
[1] "starting mle"
1493.798 sec elapsed
$beta_est
                                psi_updated
[1,] 1.032575 2.043766 3.019107    0.942821

$se_est
           [,1]       [,2]       [,3]
[1,] 0.04430174 0.04016773 0.03143527

