SLURM_JOBID:  39545244
SLURM_ARRAY_TASK_ID:  1115
SLURM_ARRAY_JOB_ID:  39542290

Attaching package: ‘dplyr’

The following objects are masked from ‘package:stats’:

    filter, lag

The following objects are masked from ‘package:base’:

    intersect, setdiff, setequal, union


Attaching package: ‘geex’

The following object is masked from ‘package:methods’:

    show

[1] 1000
Maximizing -- use negfn and neggr
[1] "starting mle"
1388.006 sec elapsed
$beta_est
                               psi_updated
[1,] 1.052962 1.96471 2.995966   0.9303221

$se_est
           [,1]       [,2]      [,3]
[1,] 0.04235355 0.05033775 0.0332728

