SLURM_JOBID:  39542418
SLURM_ARRAY_TASK_ID:  52
SLURM_ARRAY_JOB_ID:  39542290

Attaching package: ‘dplyr’

The following objects are masked from ‘package:stats’:

    filter, lag

The following objects are masked from ‘package:base’:

    intersect, setdiff, setequal, union


Attaching package: ‘geex’

The following object is masked from ‘package:methods’:

    show

[1] 1000
Maximizing -- use negfn and neggr
[1] "starting mle"
1529.317 sec elapsed
$beta_est
                                psi_updated
[1,] 1.006894 1.928142 3.033098    1.027091

$se_est
           [,1]       [,2]       [,3]
[1,] 0.04750301 0.04808956 0.03386709

