SLURM_JOBID:  39544467
SLURM_ARRAY_TASK_ID:  816
SLURM_ARRAY_JOB_ID:  39542290

Attaching package: ‘dplyr’

The following objects are masked from ‘package:stats’:

    filter, lag

The following objects are masked from ‘package:base’:

    intersect, setdiff, setequal, union


Attaching package: ‘geex’

The following object is masked from ‘package:methods’:

    show

[1] 1000
Maximizing -- use negfn and neggr
[1] "starting mle"
1383.57 sec elapsed
$beta_est
                              psi_updated
[1,] 1.02802 1.971179 2.98854    1.019579

$se_est
           [,1]       [,2]      [,3]
[1,] 0.04721556 0.05252322 0.0369706

