SLURM_JOBID:  39542717
SLURM_ARRAY_TASK_ID:  177
SLURM_ARRAY_JOB_ID:  39542290

Attaching package: ‘dplyr’

The following objects are masked from ‘package:stats’:

    filter, lag

The following objects are masked from ‘package:base’:

    intersect, setdiff, setequal, union


Attaching package: ‘geex’

The following object is masked from ‘package:methods’:

    show

[1] 1000
Maximizing -- use negfn and neggr
[1] "starting mle"
3065.494 sec elapsed
$beta_est
                                psi_updated
[1,] 1.025026 1.920013 2.931183   0.9782171

$se_est
           [,1]       [,2]       [,3]
[1,] 0.04427632 0.04791111 0.03502972

