SLURM_JOBID:  39542703
SLURM_ARRAY_TASK_ID:  163
SLURM_ARRAY_JOB_ID:  39542290

Attaching package: ‘dplyr’

The following objects are masked from ‘package:stats’:

    filter, lag

The following objects are masked from ‘package:base’:

    intersect, setdiff, setequal, union


Attaching package: ‘geex’

The following object is masked from ‘package:methods’:

    show

[1] 1000
Maximizing -- use negfn and neggr
[1] "starting mle"
2801.215 sec elapsed
$beta_est
                               psi_updated
[1,] 1.016318 2.011444 3.02626   0.9383199

$se_est
           [,1]       [,2]       [,3]
[1,] 0.04377397 0.04312824 0.03642423

