SLURM_JOBID:  39542414
SLURM_ARRAY_TASK_ID:  48
SLURM_ARRAY_JOB_ID:  39542290

Attaching package: ‘dplyr’

The following objects are masked from ‘package:stats’:

    filter, lag

The following objects are masked from ‘package:base’:

    intersect, setdiff, setequal, union


Attaching package: ‘geex’

The following object is masked from ‘package:methods’:

    show

[1] 1000
Maximizing -- use negfn and neggr
[1] "starting mle"
1469.459 sec elapsed
$beta_est
                               psi_updated
[1,] 1.093992 1.951807 2.97313   0.9678866

$se_est
           [,1]       [,2]      [,3]
[1,] 0.04391785 0.05287578 0.0354325

