SLURM_JOBID:  39542438
SLURM_ARRAY_TASK_ID:  72
SLURM_ARRAY_JOB_ID:  39542290

Attaching package: ‘dplyr’

The following objects are masked from ‘package:stats’:

    filter, lag

The following objects are masked from ‘package:base’:

    intersect, setdiff, setequal, union


Attaching package: ‘geex’

The following object is masked from ‘package:methods’:

    show

[1] 1000
Maximizing -- use negfn and neggr
[1] "starting mle"
2771.164 sec elapsed
$beta_est
                                psi_updated
[1,] 1.006507 1.956205 2.971379   0.9688876

$se_est
           [,1]       [,2]       [,3]
[1,] 0.04516641 0.04910545 0.03385077

