SLURM_JOBID:  39543533
SLURM_ARRAY_TASK_ID:  538
SLURM_ARRAY_JOB_ID:  39542290

Attaching package: ‘dplyr’

The following objects are masked from ‘package:stats’:

    filter, lag

The following objects are masked from ‘package:base’:

    intersect, setdiff, setequal, union


Attaching package: ‘geex’

The following object is masked from ‘package:methods’:

    show

[1] 1000
Maximizing -- use negfn and neggr
[1] "starting mle"
2702.68 sec elapsed
$beta_est
                                 psi_updated
[1,] 0.9753186 1.983807 2.999956    1.054952

$se_est
           [,1]       [,2]       [,3]
[1,] 0.04740779 0.04956848 0.03624479

