SLURM_JOBID:  39544791
SLURM_ARRAY_TASK_ID:  1003
SLURM_ARRAY_JOB_ID:  39542290

Attaching package: ‘dplyr’

The following objects are masked from ‘package:stats’:

    filter, lag

The following objects are masked from ‘package:base’:

    intersect, setdiff, setequal, union


Attaching package: ‘geex’

The following object is masked from ‘package:methods’:

    show

[1] 1000
Maximizing -- use negfn and neggr
[1] "starting mle"
1518.883 sec elapsed
$beta_est
                                 psi_updated
[1,] 0.9993693 2.057185 2.996581    1.010868

$se_est
           [,1]       [,2]       [,3]
[1,] 0.04759632 0.05167551 0.03952883

