SLURM_JOBID:  39544894
SLURM_ARRAY_TASK_ID:  1036
SLURM_ARRAY_JOB_ID:  39542290

Attaching package: ‘dplyr’

The following objects are masked from ‘package:stats’:

    filter, lag

The following objects are masked from ‘package:base’:

    intersect, setdiff, setequal, union


Attaching package: ‘geex’

The following object is masked from ‘package:methods’:

    show

[1] 1000
Maximizing -- use negfn and neggr
[1] "starting mle"
2661.628 sec elapsed
$beta_est
                                psi_updated
[1,] 0.9615127 2.03595 3.058156   0.9819306

$se_est
           [,1]       [,2]       [,3]
[1,] 0.04428287 0.04550554 0.03153639

