SLURM_JOBID:  39545210
SLURM_ARRAY_TASK_ID:  1098
SLURM_ARRAY_JOB_ID:  39542290

Attaching package: ‘dplyr’

The following objects are masked from ‘package:stats’:

    filter, lag

The following objects are masked from ‘package:base’:

    intersect, setdiff, setequal, union


Attaching package: ‘geex’

The following object is masked from ‘package:methods’:

    show

[1] 1000
Maximizing -- use negfn and neggr
[1] "starting mle"
1423.59 sec elapsed
$beta_est
                                psi_updated
[1,] 0.954734 2.063941 2.972679    1.007516

$se_est
           [,1]       [,2]       [,3]
[1,] 0.04816684 0.04986094 0.03531307

