SLURM_JOBID:  39543735
SLURM_ARRAY_TASK_ID:  735
SLURM_ARRAY_JOB_ID:  39542290

Attaching package: ‘dplyr’

The following objects are masked from ‘package:stats’:

    filter, lag

The following objects are masked from ‘package:base’:

    intersect, setdiff, setequal, union


Attaching package: ‘geex’

The following object is masked from ‘package:methods’:

    show

[1] 1000
Maximizing -- use negfn and neggr
[1] "starting mle"
1741.494 sec elapsed
$beta_est
                                 psi_updated
[1,] 0.9098394 2.057988 3.030758   0.9311611

$se_est
           [,1]       [,2]      [,3]
[1,] 0.04317598 0.04746493 0.0332416

