SLURM_JOBID:  39545165
SLURM_ARRAY_TASK_ID:  1071
SLURM_ARRAY_JOB_ID:  39542290

Attaching package: ‘dplyr’

The following objects are masked from ‘package:stats’:

    filter, lag

The following objects are masked from ‘package:base’:

    intersect, setdiff, setequal, union


Attaching package: ‘geex’

The following object is masked from ‘package:methods’:

    show

[1] 1000
Maximizing -- use negfn and neggr
[1] "starting mle"
1392.675 sec elapsed
$beta_est
                               psi_updated
[1,] 1.029081 2.017941 3.00239    1.022512

$se_est
           [,1]       [,2]       [,3]
[1,] 0.04605876 0.04816211 0.03719361

