SLURM_JOBID:  39543705
SLURM_ARRAY_TASK_ID:  705
SLURM_ARRAY_JOB_ID:  39542290

Attaching package: ‘dplyr’

The following objects are masked from ‘package:stats’:

    filter, lag

The following objects are masked from ‘package:base’:

    intersect, setdiff, setequal, union


Attaching package: ‘geex’

The following object is masked from ‘package:methods’:

    show

[1] 1000
Maximizing -- use negfn and neggr
[1] "starting mle"
2873.23 sec elapsed
$beta_est
                                 psi_updated
[1,] 0.9609319 2.027232 2.971282   0.9988038

$se_est
          [,1]       [,2]      [,3]
[1,] 0.0435649 0.04283022 0.0300619

