SLURM_JOBID:  39542676
SLURM_ARRAY_TASK_ID:  136
SLURM_ARRAY_JOB_ID:  39542290

Attaching package: ‘dplyr’

The following objects are masked from ‘package:stats’:

    filter, lag

The following objects are masked from ‘package:base’:

    intersect, setdiff, setequal, union


Attaching package: ‘geex’

The following object is masked from ‘package:methods’:

    show

[1] 1000
Maximizing -- use negfn and neggr
[1] "starting mle"
2850.147 sec elapsed
$beta_est
                               psi_updated
[1,] 1.022741 1.929995 2.92872   0.9719628

$se_est
           [,1]       [,2]       [,3]
[1,] 0.04584595 0.04599392 0.03671754

