SLURM_JOBID:  39543128
SLURM_ARRAY_TASK_ID:  443
SLURM_ARRAY_JOB_ID:  39542290

Attaching package: ‘dplyr’

The following objects are masked from ‘package:stats’:

    filter, lag

The following objects are masked from ‘package:base’:

    intersect, setdiff, setequal, union


Attaching package: ‘geex’

The following object is masked from ‘package:methods’:

    show

[1] 1000
Maximizing -- use negfn and neggr
[1] "starting mle"
3594.227 sec elapsed
$beta_est
                                psi_updated
[1,] 1.043928 2.038756 3.037968   0.9673364

$se_est
           [,1]       [,2]     [,3]
[1,] 0.04525019 0.04730293 0.033888

