SLURM_JOBID:  39543159
SLURM_ARRAY_TASK_ID:  474
SLURM_ARRAY_JOB_ID:  39542290

Attaching package: ‘dplyr’

The following objects are masked from ‘package:stats’:

    filter, lag

The following objects are masked from ‘package:base’:

    intersect, setdiff, setequal, union


Attaching package: ‘geex’

The following object is masked from ‘package:methods’:

    show

[1] 1000
Maximizing -- use negfn and neggr
[1] "starting mle"
2965.061 sec elapsed
$beta_est
                                 psi_updated
[1,] 0.9268541 1.984235 3.041322    1.018811

$se_est
           [,1]       [,2]       [,3]
[1,] 0.04799982 0.04729638 0.03752343

