SLURM_JOBID:  39542883
SLURM_ARRAY_TASK_ID:  203
SLURM_ARRAY_JOB_ID:  39542290

Attaching package: ‘dplyr’

The following objects are masked from ‘package:stats’:

    filter, lag

The following objects are masked from ‘package:base’:

    intersect, setdiff, setequal, union


Attaching package: ‘geex’

The following object is masked from ‘package:methods’:

    show

[1] 1000
Maximizing -- use negfn and neggr
[1] "starting mle"
Warning message:
In stode(y, times, func, parms = parms, ...) : steady-state not reached
18364.342 sec elapsed
$beta_est
                                psi_updated
[1,] 1.074496 2.024152 2.972423   0.9737933

$se_est
          [,1]       [,2]       [,3]
[1,] 0.0423055 0.04461087 0.03135998

