SLURM_JOBID:  39542719
SLURM_ARRAY_TASK_ID:  179
SLURM_ARRAY_JOB_ID:  39542290

Attaching package: ‘dplyr’

The following objects are masked from ‘package:stats’:

    filter, lag

The following objects are masked from ‘package:base’:

    intersect, setdiff, setequal, union


Attaching package: ‘geex’

The following object is masked from ‘package:methods’:

    show

[1] 1000
Maximizing -- use negfn and neggr
[1] "starting mle"
1360.943 sec elapsed
$beta_est
                               psi_updated
[1,] 1.055685 2.007201 3.02209    1.024651

$se_est
           [,1]       [,2]      [,3]
[1,] 0.04578283 0.04616624 0.0316309

