SLURM_JOBID:  39543602
SLURM_ARRAY_TASK_ID:  603
SLURM_ARRAY_JOB_ID:  39542290

Attaching package: ‘dplyr’

The following objects are masked from ‘package:stats’:

    filter, lag

The following objects are masked from ‘package:base’:

    intersect, setdiff, setequal, union


Attaching package: ‘geex’

The following object is masked from ‘package:methods’:

    show

[1] 1000
Maximizing -- use negfn and neggr
[1] "starting mle"
1424.757 sec elapsed
$beta_est
                                psi_updated
[1,] 0.9620476 2.04136 3.040128   0.9820418

$se_est
          [,1]       [,2]       [,3]
[1,] 0.0463971 0.04937505 0.03407483

