SLURM_JOBID:  39544879
SLURM_ARRAY_TASK_ID:  1031
SLURM_ARRAY_JOB_ID:  39542290

Attaching package: ‘dplyr’

The following objects are masked from ‘package:stats’:

    filter, lag

The following objects are masked from ‘package:base’:

    intersect, setdiff, setequal, union


Attaching package: ‘geex’

The following object is masked from ‘package:methods’:

    show

[1] 1000
Maximizing -- use negfn and neggr
[1] "starting mle"
1372.233 sec elapsed
$beta_est
                                 psi_updated
[1,] 0.9863168 2.038848 2.986904    1.025884

$se_est
           [,1]      [,2]       [,3]
[1,] 0.04653853 0.0522383 0.03779882

