SLURM_JOBID:  39542997
SLURM_ARRAY_TASK_ID:  314
SLURM_ARRAY_JOB_ID:  39542290

Attaching package: ‘dplyr’

The following objects are masked from ‘package:stats’:

    filter, lag

The following objects are masked from ‘package:base’:

    intersect, setdiff, setequal, union


Attaching package: ‘geex’

The following object is masked from ‘package:methods’:

    show

[1] 1000
Maximizing -- use negfn and neggr
[1] "starting mle"
2858.096 sec elapsed
$beta_est
                                 psi_updated
[1,] 0.9559575 1.895073 2.993812    1.011045

$se_est
           [,1]       [,2]       [,3]
[1,] 0.04685155 0.05195155 0.03563275

