SLURM_JOBID:  39544923
SLURM_ARRAY_TASK_ID:  1048
SLURM_ARRAY_JOB_ID:  39542290

Attaching package: ‘dplyr’

The following objects are masked from ‘package:stats’:

    filter, lag

The following objects are masked from ‘package:base’:

    intersect, setdiff, setequal, union


Attaching package: ‘geex’

The following object is masked from ‘package:methods’:

    show

[1] 1000
Maximizing -- use negfn and neggr
[1] "starting mle"
1334.499 sec elapsed
$beta_est
                                psi_updated
[1,] 1.012534 1.965629 3.006045    1.003415

$se_est
          [,1]       [,2]      [,3]
[1,] 0.0458356 0.04685537 0.0359317

