SLURM_JOBID:  39544592
SLURM_ARRAY_TASK_ID:  868
SLURM_ARRAY_JOB_ID:  39542290

Attaching package: ‘dplyr’

The following objects are masked from ‘package:stats’:

    filter, lag

The following objects are masked from ‘package:base’:

    intersect, setdiff, setequal, union


Attaching package: ‘geex’

The following object is masked from ‘package:methods’:

    show

[1] 1000
Maximizing -- use negfn and neggr
[1] "starting mle"
2819.329 sec elapsed
$beta_est
                                 psi_updated
[1,] 0.9824743 1.930311 2.982689   0.9876755

$se_est
           [,1]       [,2]       [,3]
[1,] 0.04694289 0.04730406 0.03728316

