SLURM_JOBID:  39543062
SLURM_ARRAY_TASK_ID:  379
SLURM_ARRAY_JOB_ID:  39542290

Attaching package: ‘dplyr’

The following objects are masked from ‘package:stats’:

    filter, lag

The following objects are masked from ‘package:base’:

    intersect, setdiff, setequal, union


Attaching package: ‘geex’

The following object is masked from ‘package:methods’:

    show

[1] 1000
Maximizing -- use negfn and neggr
[1] "starting mle"
2727.051 sec elapsed
$beta_est
                                psi_updated
[1,] 1.067178 1.930806 3.000021    1.053807

$se_est
           [,1]       [,2]      [,3]
[1,] 0.04936618 0.04874221 0.0376982

