SLURM_JOBID:  39543184
SLURM_ARRAY_TASK_ID:  499
SLURM_ARRAY_JOB_ID:  39542290

Attaching package: ‘dplyr’

The following objects are masked from ‘package:stats’:

    filter, lag

The following objects are masked from ‘package:base’:

    intersect, setdiff, setequal, union


Attaching package: ‘geex’

The following object is masked from ‘package:methods’:

    show

[1] 1000
Maximizing -- use negfn and neggr
[1] "starting mle"
2821.898 sec elapsed
$beta_est
                               psi_updated
[1,] 0.9442789 2.0804 3.032455   0.9754325

$se_est
          [,1]       [,2]      [,3]
[1,] 0.0433816 0.04724515 0.0304721

