SLURM_JOBID:  39543610
SLURM_ARRAY_TASK_ID:  611
SLURM_ARRAY_JOB_ID:  39542290

Attaching package: ‘dplyr’

The following objects are masked from ‘package:stats’:

    filter, lag

The following objects are masked from ‘package:base’:

    intersect, setdiff, setequal, union


Attaching package: ‘geex’

The following object is masked from ‘package:methods’:

    show

[1] 1000
Maximizing -- use negfn and neggr
[1] "starting mle"
2835.262 sec elapsed
$beta_est
                                 psi_updated
[1,] 0.9640437 1.960056 2.975114   0.9959324

$se_est
           [,1]      [,2]       [,3]
[1,] 0.04438469 0.0423252 0.03259966

