SLURM_JOBID:  39542375
SLURM_ARRAY_TASK_ID:  9
SLURM_ARRAY_JOB_ID:  39542290

Attaching package: ‘dplyr’

The following objects are masked from ‘package:stats’:

    filter, lag

The following objects are masked from ‘package:base’:

    intersect, setdiff, setequal, union


Attaching package: ‘geex’

The following object is masked from ‘package:methods’:

    show

[1] 1000
Maximizing -- use negfn and neggr
[1] "starting mle"
1338.721 sec elapsed
$beta_est
                                psi_updated
[1,] 1.015439 2.020095 2.981961   0.9638978

$se_est
           [,1]       [,2]       [,3]
[1,] 0.04526312 0.04753007 0.03423847

