SLURM_JOBID:  39542446
SLURM_ARRAY_TASK_ID:  80
SLURM_ARRAY_JOB_ID:  39542290

Attaching package: ‘dplyr’

The following objects are masked from ‘package:stats’:

    filter, lag

The following objects are masked from ‘package:base’:

    intersect, setdiff, setequal, union


Attaching package: ‘geex’

The following object is masked from ‘package:methods’:

    show

[1] 1000
Maximizing -- use negfn and neggr
[1] "starting mle"
1452.663 sec elapsed
$beta_est
                               psi_updated
[1,] 1.000216 1.96683 3.050867   0.9475476

$se_est
           [,1]       [,2]       [,3]
[1,] 0.04427784 0.04590344 0.03574782

