SLURM_JOBID:  39543167
SLURM_ARRAY_TASK_ID:  482
SLURM_ARRAY_JOB_ID:  39542290

Attaching package: ‘dplyr’

The following objects are masked from ‘package:stats’:

    filter, lag

The following objects are masked from ‘package:base’:

    intersect, setdiff, setequal, union


Attaching package: ‘geex’

The following object is masked from ‘package:methods’:

    show

[1] 1000
Maximizing -- use negfn and neggr
[1] "starting mle"
1491.562 sec elapsed
$beta_est
                                psi_updated
[1,] 0.9504622 1.95019 2.988583    1.017646

$se_est
           [,1]       [,2]       [,3]
[1,] 0.04604276 0.04744044 0.03321647

