SLURM_JOBID:  39543530
SLURM_ARRAY_TASK_ID:  535
SLURM_ARRAY_JOB_ID:  39542290

Attaching package: ‘dplyr’

The following objects are masked from ‘package:stats’:

    filter, lag

The following objects are masked from ‘package:base’:

    intersect, setdiff, setequal, union


Attaching package: ‘geex’

The following object is masked from ‘package:methods’:

    show

[1] 1000
Maximizing -- use negfn and neggr
[1] "starting mle"
2837.413 sec elapsed
$beta_est
                                 psi_updated
[1,] 0.9906362 1.957378 2.985051    1.042214

$se_est
           [,1]       [,2]       [,3]
[1,] 0.04911549 0.05000099 0.03453831

