SLURM_JOBID:  39543120
SLURM_ARRAY_TASK_ID:  435
SLURM_ARRAY_JOB_ID:  39542290

Attaching package: ‘dplyr’

The following objects are masked from ‘package:stats’:

    filter, lag

The following objects are masked from ‘package:base’:

    intersect, setdiff, setequal, union


Attaching package: ‘geex’

The following object is masked from ‘package:methods’:

    show

[1] 1000
Maximizing -- use negfn and neggr
[1] "starting mle"
2880.385 sec elapsed
$beta_est
                                 psi_updated
[1,] 0.9790044 1.964308 2.984903    1.003939

$se_est
           [,1]       [,2]       [,3]
[1,] 0.04423776 0.04861989 0.03153368

