SLURM_JOBID:  39544609
SLURM_ARRAY_TASK_ID:  882
SLURM_ARRAY_JOB_ID:  39542290

Attaching package: ‘dplyr’

The following objects are masked from ‘package:stats’:

    filter, lag

The following objects are masked from ‘package:base’:

    intersect, setdiff, setequal, union


Attaching package: ‘geex’

The following object is masked from ‘package:methods’:

    show

[1] 1000
Maximizing -- use negfn and neggr
[1] "starting mle"
3163.95 sec elapsed
$beta_est
                                 psi_updated
[1,] 0.9752118 2.065605 3.046152   0.9215884

$se_est
           [,1]       [,2]       [,3]
[1,] 0.04096661 0.04280835 0.03067457

