SLURM_JOBID:  39542650
SLURM_ARRAY_TASK_ID:  110
SLURM_ARRAY_JOB_ID:  39542290

Attaching package: ‘dplyr’

The following objects are masked from ‘package:stats’:

    filter, lag

The following objects are masked from ‘package:base’:

    intersect, setdiff, setequal, union


Attaching package: ‘geex’

The following object is masked from ‘package:methods’:

    show

[1] 1000
Maximizing -- use negfn and neggr
[1] "starting mle"
1403.444 sec elapsed
$beta_est
                                psi_updated
[1,] 0.9702291 1.93676 3.029594    1.036189

$se_est
           [,1]       [,2]       [,3]
[1,] 0.04860153 0.04621296 0.03831417

