SLURM_JOBID:  39542391
SLURM_ARRAY_TASK_ID:  25
SLURM_ARRAY_JOB_ID:  39542290

Attaching package: ‘dplyr’

The following objects are masked from ‘package:stats’:

    filter, lag

The following objects are masked from ‘package:base’:

    intersect, setdiff, setequal, union


Attaching package: ‘geex’

The following object is masked from ‘package:methods’:

    show

[1] 1000
Maximizing -- use negfn and neggr
[1] "starting mle"
1355.783 sec elapsed
$beta_est
                               psi_updated
[1,] 1.02962 1.947962 3.002966    1.034819

$se_est
           [,1]       [,2]       [,3]
[1,] 0.04740892 0.05104734 0.03430881

