SLURM_JOBID:  39542383
SLURM_ARRAY_TASK_ID:  17
SLURM_ARRAY_JOB_ID:  39542290

Attaching package: ‘dplyr’

The following objects are masked from ‘package:stats’:

    filter, lag

The following objects are masked from ‘package:base’:

    intersect, setdiff, setequal, union


Attaching package: ‘geex’

The following object is masked from ‘package:methods’:

    show

[1] 1000
Maximizing -- use negfn and neggr
[1] "starting mle"
1486.005 sec elapsed
$beta_est
                                 psi_updated
[1,] 0.8585547 2.015084 3.103632   0.9585213

$se_est
          [,1]      [,2]       [,3]
[1,] 0.0427546 0.0428121 0.03161062

