SLURM_JOBID:  39543708
SLURM_ARRAY_TASK_ID:  708
SLURM_ARRAY_JOB_ID:  39542290

Attaching package: ‘dplyr’

The following objects are masked from ‘package:stats’:

    filter, lag

The following objects are masked from ‘package:base’:

    intersect, setdiff, setequal, union


Attaching package: ‘geex’

The following object is masked from ‘package:methods’:

    show

[1] 1000
Maximizing -- use negfn and neggr
[1] "starting mle"
2791.154 sec elapsed
$beta_est
                                 psi_updated
[1,] 0.9639986 1.929506 2.926517    1.000504

$se_est
           [,1]       [,2]       [,3]
[1,] 0.04663562 0.05184746 0.03524521

