SLURM_JOBID:  39543629
SLURM_ARRAY_TASK_ID:  630
SLURM_ARRAY_JOB_ID:  39542290

Attaching package: ‘dplyr’

The following objects are masked from ‘package:stats’:

    filter, lag

The following objects are masked from ‘package:base’:

    intersect, setdiff, setequal, union


Attaching package: ‘geex’

The following object is masked from ‘package:methods’:

    show

[1] 1000
Maximizing -- use negfn and neggr
[1] "starting mle"
Warning message:
In stode(y, times, func, parms = parms, ...) : steady-state not reached
20656.021 sec elapsed
$beta_est
                                psi_updated
[1,] 1.055854 1.931037 2.977232   0.9461836

$se_est
           [,1]       [,2]       [,3]
[1,] 0.04318862 0.04399732 0.03247224

