SLURM_JOBID:  39543562
SLURM_ARRAY_TASK_ID:  567
SLURM_ARRAY_JOB_ID:  39542290

Attaching package: ‘dplyr’

The following objects are masked from ‘package:stats’:

    filter, lag

The following objects are masked from ‘package:base’:

    intersect, setdiff, setequal, union


Attaching package: ‘geex’

The following object is masked from ‘package:methods’:

    show

[1] 1000
Maximizing -- use negfn and neggr
[1] "starting mle"
2870.086 sec elapsed
$beta_est
                                 psi_updated
[1,] 0.9971325 1.971119 2.996556    0.963337

$se_est
           [,1]       [,2]       [,3]
[1,] 0.04494118 0.04664822 0.03198278

