SLURM_JOBID:  39545335
SLURM_ARRAY_TASK_ID:  1197
SLURM_ARRAY_JOB_ID:  39542290

Attaching package: ‘dplyr’

The following objects are masked from ‘package:stats’:

    filter, lag

The following objects are masked from ‘package:base’:

    intersect, setdiff, setequal, union


Attaching package: ‘geex’

The following object is masked from ‘package:methods’:

    show

[1] 1000
Maximizing -- use negfn and neggr
[1] "starting mle"
1462.614 sec elapsed
$beta_est
                               psi_updated
[1,] 1.093626 2.01337 2.964672   0.9710668

$se_est
           [,1]       [,2]       [,3]
[1,] 0.04464356 0.04690288 0.03280824

