SLURM_JOBID:  39542979
SLURM_ARRAY_TASK_ID:  299
SLURM_ARRAY_JOB_ID:  39542290

Attaching package: ‘dplyr’

The following objects are masked from ‘package:stats’:

    filter, lag

The following objects are masked from ‘package:base’:

    intersect, setdiff, setequal, union


Attaching package: ‘geex’

The following object is masked from ‘package:methods’:

    show

[1] 1000
Maximizing -- use negfn and neggr
[1] "starting mle"
2117.386 sec elapsed
$beta_est
                               psi_updated
[1,] 1.003033 1.92349 2.951671    0.999648

$se_est
           [,1]       [,2]       [,3]
[1,] 0.04568941 0.04676197 0.03401985

