SLURM_JOBID:  39543070
SLURM_ARRAY_TASK_ID:  387
SLURM_ARRAY_JOB_ID:  39542290

Attaching package: ‘dplyr’

The following objects are masked from ‘package:stats’:

    filter, lag

The following objects are masked from ‘package:base’:

    intersect, setdiff, setequal, union


Attaching package: ‘geex’

The following object is masked from ‘package:methods’:

    show

[1] 1000
Maximizing -- use negfn and neggr
[1] "starting mle"
2835.318 sec elapsed
$beta_est
                                 psi_updated
[1,] 0.9782135 1.939939 3.018231   0.9969845

$se_est
           [,1]      [,2]       [,3]
[1,] 0.04732386 0.0501088 0.03782526

