SLURM_JOBID:  39542696
SLURM_ARRAY_TASK_ID:  156
SLURM_ARRAY_JOB_ID:  39542290

Attaching package: ‘dplyr’

The following objects are masked from ‘package:stats’:

    filter, lag

The following objects are masked from ‘package:base’:

    intersect, setdiff, setequal, union


Attaching package: ‘geex’

The following object is masked from ‘package:methods’:

    show

[1] 1000
Maximizing -- use negfn and neggr
[1] "starting mle"
1423.623 sec elapsed
$beta_est
                               psi_updated
[1,] 1.01317 2.002977 3.005566    0.980099

$se_est
           [,1]       [,2]       [,3]
[1,] 0.04658953 0.04064064 0.03506517

