SLURM_JOBID:  39543080
SLURM_ARRAY_TASK_ID:  397
SLURM_ARRAY_JOB_ID:  39542290

Attaching package: ‘dplyr’

The following objects are masked from ‘package:stats’:

    filter, lag

The following objects are masked from ‘package:base’:

    intersect, setdiff, setequal, union


Attaching package: ‘geex’

The following object is masked from ‘package:methods’:

    show

[1] 1000
Maximizing -- use negfn and neggr
[1] "starting mle"
Warning message:
In stode(y, times, func, parms = parms, ...) : steady-state not reached
18790.022 sec elapsed
$beta_est
                                 psi_updated
[1,] 0.9015812 1.942099 2.955934    1.019743

$se_est
           [,1]       [,2]       [,3]
[1,] 0.04605448 0.05080433 0.04006749

