SLURM_JOBID:  39544611
SLURM_ARRAY_TASK_ID:  884
SLURM_ARRAY_JOB_ID:  39542290

Attaching package: ‘dplyr’

The following objects are masked from ‘package:stats’:

    filter, lag

The following objects are masked from ‘package:base’:

    intersect, setdiff, setequal, union


Attaching package: ‘geex’

The following object is masked from ‘package:methods’:

    show

[1] 1000
Maximizing -- use negfn and neggr
[1] "starting mle"
1467.009 sec elapsed
$beta_est
                                 psi_updated
[1,] 0.9235306 2.114719 3.053555   0.9895881

$se_est
           [,1]       [,2]       [,3]
[1,] 0.04450663 0.04544243 0.03668407

