SLURM_JOBID:  39542998
SLURM_ARRAY_TASK_ID:  315
SLURM_ARRAY_JOB_ID:  39542290

Attaching package: ‘dplyr’

The following objects are masked from ‘package:stats’:

    filter, lag

The following objects are masked from ‘package:base’:

    intersect, setdiff, setequal, union


Attaching package: ‘geex’

The following object is masked from ‘package:methods’:

    show

[1] 1000
Maximizing -- use negfn and neggr
[1] "starting mle"
3043.894 sec elapsed
$beta_est
                               psi_updated
[1,] 1.026757 2.04172 3.018968   0.9611412

$se_est
           [,1]       [,2]       [,3]
[1,] 0.04503095 0.04883008 0.03383815

