SLURM_JOBID:  39544504
SLURM_ARRAY_TASK_ID:  835
SLURM_ARRAY_JOB_ID:  39542290

Attaching package: ‘dplyr’

The following objects are masked from ‘package:stats’:

    filter, lag

The following objects are masked from ‘package:base’:

    intersect, setdiff, setequal, union


Attaching package: ‘geex’

The following object is masked from ‘package:methods’:

    show

[1] 1000
Maximizing -- use negfn and neggr
[1] "starting mle"
1286.091 sec elapsed
$beta_est
                                 psi_updated
[1,] 0.9468053 1.992307 2.947638    1.015052

$se_est
           [,1]       [,2]       [,3]
[1,] 0.04718234 0.05024566 0.03172564

