SLURM_JOBID:  39542964
SLURM_ARRAY_TASK_ID:  284
SLURM_ARRAY_JOB_ID:  39542290

Attaching package: ‘dplyr’

The following objects are masked from ‘package:stats’:

    filter, lag

The following objects are masked from ‘package:base’:

    intersect, setdiff, setequal, union


Attaching package: ‘geex’

The following object is masked from ‘package:methods’:

    show

[1] 1000
Maximizing -- use negfn and neggr
[1] "starting mle"
2823.682 sec elapsed
$beta_est
                                 psi_updated
[1,] 0.9954197 2.074488 3.030864   0.9455298

$se_est
           [,1]       [,2]       [,3]
[1,] 0.04310228 0.04572903 0.03251618

