SLURM_JOBID:  39542699
SLURM_ARRAY_TASK_ID:  159
SLURM_ARRAY_JOB_ID:  39542290

Attaching package: ‘dplyr’

The following objects are masked from ‘package:stats’:

    filter, lag

The following objects are masked from ‘package:base’:

    intersect, setdiff, setequal, union


Attaching package: ‘geex’

The following object is masked from ‘package:methods’:

    show

[1] 1000
Maximizing -- use negfn and neggr
[1] "starting mle"
2831.555 sec elapsed
$beta_est
                                psi_updated
[1,] 1.027373 2.051841 2.987585    1.012438

$se_est
           [,1]       [,2]       [,3]
[1,] 0.04619465 0.04644073 0.03376839

