SLURM_JOBID:  39544638
SLURM_ARRAY_TASK_ID:  907
SLURM_ARRAY_JOB_ID:  39542290

Attaching package: ‘dplyr’

The following objects are masked from ‘package:stats’:

    filter, lag

The following objects are masked from ‘package:base’:

    intersect, setdiff, setequal, union


Attaching package: ‘geex’

The following object is masked from ‘package:methods’:

    show

[1] 1000
Maximizing -- use negfn and neggr
[1] "starting mle"
1510.365 sec elapsed
$beta_est
                                 psi_updated
[1,] 0.9904257 2.017051 2.967239    1.026099

$se_est
           [,1]       [,2]      [,3]
[1,] 0.04653328 0.05145303 0.0360062

