SLURM_JOBID:  39542702
SLURM_ARRAY_TASK_ID:  162
SLURM_ARRAY_JOB_ID:  39542290

Attaching package: ‘dplyr’

The following objects are masked from ‘package:stats’:

    filter, lag

The following objects are masked from ‘package:base’:

    intersect, setdiff, setequal, union


Attaching package: ‘geex’

The following object is masked from ‘package:methods’:

    show

[1] 1000
Maximizing -- use negfn and neggr
[1] "starting mle"
Warning message:
In stode(y, times, func, parms = parms, ...) : steady-state not reached
18948.82 sec elapsed
$beta_est
                                 psi_updated
[1,] 0.9404021 2.045463 3.029883    1.016161

$se_est
           [,1]      [,2]       [,3]
[1,] 0.04507218 0.0469741 0.03539893

