SLURM_JOBID:  39544763
SLURM_ARRAY_TASK_ID:  977
SLURM_ARRAY_JOB_ID:  39542290

Attaching package: ‘dplyr’

The following objects are masked from ‘package:stats’:

    filter, lag

The following objects are masked from ‘package:base’:

    intersect, setdiff, setequal, union


Attaching package: ‘geex’

The following object is masked from ‘package:methods’:

    show

[1] 1000
Maximizing -- use negfn and neggr
[1] "starting mle"
1443.832 sec elapsed
$beta_est
                                psi_updated
[1,] 1.000734 1.983227 2.952051   0.9739127

$se_est
           [,1]       [,2]      [,3]
[1,] 0.04264381 0.04426829 0.0325706

