SLURM_JOBID:  39545258
SLURM_ARRAY_TASK_ID:  1129
SLURM_ARRAY_JOB_ID:  39542290

Attaching package: ‘dplyr’

The following objects are masked from ‘package:stats’:

    filter, lag

The following objects are masked from ‘package:base’:

    intersect, setdiff, setequal, union


Attaching package: ‘geex’

The following object is masked from ‘package:methods’:

    show

[1] 1000
Maximizing -- use negfn and neggr
[1] "starting mle"
1349.029 sec elapsed
$beta_est
                               psi_updated
[1,] 1.01794 2.068796 3.038381    1.037221

$se_est
         [,1]       [,2]      [,3]
[1,] 0.046092 0.04785595 0.0342186

