SLURM_JOBID:  39543592
SLURM_ARRAY_TASK_ID:  597
SLURM_ARRAY_JOB_ID:  39542290

Attaching package: ‘dplyr’

The following objects are masked from ‘package:stats’:

    filter, lag

The following objects are masked from ‘package:base’:

    intersect, setdiff, setequal, union


Attaching package: ‘geex’

The following object is masked from ‘package:methods’:

    show

[1] 1000
Maximizing -- use negfn and neggr
[1] "starting mle"
2746.782 sec elapsed
$beta_est
                               psi_updated
[1,] 1.00592 2.043576 2.954917    1.009583

$se_est
           [,1]       [,2]       [,3]
[1,] 0.04693801 0.05153619 0.03572111

