SLURM_JOBID:  39542395
SLURM_ARRAY_TASK_ID:  29
SLURM_ARRAY_JOB_ID:  39542290

Attaching package: ‘dplyr’

The following objects are masked from ‘package:stats’:

    filter, lag

The following objects are masked from ‘package:base’:

    intersect, setdiff, setequal, union


Attaching package: ‘geex’

The following object is masked from ‘package:methods’:

    show

[1] 1000
Maximizing -- use negfn and neggr
[1] "starting mle"
1419.914 sec elapsed
$beta_est
                                psi_updated
[1,] 1.089925 2.013994 2.981457   0.9710928

$se_est
           [,1]       [,2]       [,3]
[1,] 0.04447793 0.04856449 0.03276081

