SLURM_JOBID:  39544607
SLURM_ARRAY_TASK_ID:  880
SLURM_ARRAY_JOB_ID:  39542290

Attaching package: ‘dplyr’

The following objects are masked from ‘package:stats’:

    filter, lag

The following objects are masked from ‘package:base’:

    intersect, setdiff, setequal, union


Attaching package: ‘geex’

The following object is masked from ‘package:methods’:

    show

[1] 1000
Maximizing -- use negfn and neggr
[1] "starting mle"
1405.129 sec elapsed
$beta_est
                                 psi_updated
[1,] 0.9698058 1.989712 3.045943    1.010211

$se_est
           [,1]       [,2]       [,3]
[1,] 0.04480691 0.05056678 0.03829612

