SLURM_JOBID:  39542661
SLURM_ARRAY_TASK_ID:  121
SLURM_ARRAY_JOB_ID:  39542290

Attaching package: ‘dplyr’

The following objects are masked from ‘package:stats’:

    filter, lag

The following objects are masked from ‘package:base’:

    intersect, setdiff, setequal, union


Attaching package: ‘geex’

The following object is masked from ‘package:methods’:

    show

[1] 1000
Maximizing -- use negfn and neggr
[1] "starting mle"
2937.146 sec elapsed
$beta_est
                                psi_updated
[1,] 1.017906 1.987783 3.000344   0.9962888

$se_est
           [,1]       [,2]       [,3]
[1,] 0.04473447 0.04335702 0.03365931

