SLURM_JOBID:  39542423
SLURM_ARRAY_TASK_ID:  57
SLURM_ARRAY_JOB_ID:  39542290

Attaching package: ‘dplyr’

The following objects are masked from ‘package:stats’:

    filter, lag

The following objects are masked from ‘package:base’:

    intersect, setdiff, setequal, union


Attaching package: ‘geex’

The following object is masked from ‘package:methods’:

    show

[1] 1000
Maximizing -- use negfn and neggr
[1] "starting mle"
1402.279 sec elapsed
$beta_est
                                psi_updated
[1,] 0.9689982 1.990718 3.01587    1.033748

$se_est
          [,1]       [,2]       [,3]
[1,] 0.0480592 0.05062612 0.03477467

