SLURM_JOBID:  39544766
SLURM_ARRAY_TASK_ID:  980
SLURM_ARRAY_JOB_ID:  39542290

Attaching package: ‘dplyr’

The following objects are masked from ‘package:stats’:

    filter, lag

The following objects are masked from ‘package:base’:

    intersect, setdiff, setequal, union


Attaching package: ‘geex’

The following object is masked from ‘package:methods’:

    show

[1] 1000
Maximizing -- use negfn and neggr
[1] "starting mle"
1379.281 sec elapsed
$beta_est
                                psi_updated
[1,] 1.017432 1.965339 3.023731    1.013273

$se_est
          [,1]       [,2]       [,3]
[1,] 0.0446066 0.04812528 0.03641604

