SLURM_JOBID:  39545251
SLURM_ARRAY_TASK_ID:  1122
SLURM_ARRAY_JOB_ID:  39542290

Attaching package: ‘dplyr’

The following objects are masked from ‘package:stats’:

    filter, lag

The following objects are masked from ‘package:base’:

    intersect, setdiff, setequal, union


Attaching package: ‘geex’

The following object is masked from ‘package:methods’:

    show

[1] 1000
Maximizing -- use negfn and neggr
[1] "starting mle"
1394.901 sec elapsed
$beta_est
                             psi_updated
[1,] 1.016141 1.9935 2.98779   0.9885267

$se_est
           [,1]       [,2]       [,3]
[1,] 0.04617827 0.04323392 0.03415975

