SLURM_JOBID:  39544759
SLURM_ARRAY_TASK_ID:  973
SLURM_ARRAY_JOB_ID:  39542290

Attaching package: ‘dplyr’

The following objects are masked from ‘package:stats’:

    filter, lag

The following objects are masked from ‘package:base’:

    intersect, setdiff, setequal, union


Attaching package: ‘geex’

The following object is masked from ‘package:methods’:

    show

[1] 1000
Maximizing -- use negfn and neggr
[1] "starting mle"
1442.77 sec elapsed
$beta_est
                                psi_updated
[1,] 1.070542 2.022132 2.985701   0.9607535

$se_est
           [,1]       [,2]       [,3]
[1,] 0.04656694 0.04283011 0.03344631

