SLURM_JOBID:  39543082
SLURM_ARRAY_TASK_ID:  399
SLURM_ARRAY_JOB_ID:  39542290

Attaching package: ‘dplyr’

The following objects are masked from ‘package:stats’:

    filter, lag

The following objects are masked from ‘package:base’:

    intersect, setdiff, setequal, union


Attaching package: ‘geex’

The following object is masked from ‘package:methods’:

    show

[1] 1000
Maximizing -- use negfn and neggr
[1] "starting mle"
1667.306 sec elapsed
$beta_est
                                 psi_updated
[1,] 0.9847244 2.025864 3.007025   0.9507812

$se_est
           [,1]       [,2]       [,3]
[1,] 0.04260635 0.04367192 0.03294686

