SLURM_JOBID:  39544773
SLURM_ARRAY_TASK_ID:  987
SLURM_ARRAY_JOB_ID:  39542290

Attaching package: ‘dplyr’

The following objects are masked from ‘package:stats’:

    filter, lag

The following objects are masked from ‘package:base’:

    intersect, setdiff, setequal, union


Attaching package: ‘geex’

The following object is masked from ‘package:methods’:

    show

[1] 1000
Maximizing -- use negfn and neggr
[1] "starting mle"
2928.458 sec elapsed
$beta_est
                               psi_updated
[1,] 1.05157 1.936165 2.982046    0.971214

$se_est
           [,1]       [,2]       [,3]
[1,] 0.04530159 0.05070102 0.03437525

