SLURM_JOBID:  39544881
SLURM_ARRAY_TASK_ID:  1033
SLURM_ARRAY_JOB_ID:  39542290

Attaching package: ‘dplyr’

The following objects are masked from ‘package:stats’:

    filter, lag

The following objects are masked from ‘package:base’:

    intersect, setdiff, setequal, union


Attaching package: ‘geex’

The following object is masked from ‘package:methods’:

    show

[1] 1000
Maximizing -- use negfn and neggr
[1] "starting mle"
1329.438 sec elapsed
$beta_est
                                psi_updated
[1,] 1.009251 2.036665 3.020361    1.021851

$se_est
           [,1]       [,2]       [,3]
[1,] 0.04635077 0.04572112 0.03515399

