SLURM_JOBID:  39544608
SLURM_ARRAY_TASK_ID:  881
SLURM_ARRAY_JOB_ID:  39542290

Attaching package: ‘dplyr’

The following objects are masked from ‘package:stats’:

    filter, lag

The following objects are masked from ‘package:base’:

    intersect, setdiff, setequal, union


Attaching package: ‘geex’

The following object is masked from ‘package:methods’:

    show

[1] 1000
Maximizing -- use negfn and neggr
[1] "starting mle"
1378.532 sec elapsed
$beta_est
                               psi_updated
[1,] 0.9856466 2.0371 3.037166   0.9389082

$se_est
           [,1]      [,2]       [,3]
[1,] 0.04469338 0.0451219 0.03275939

