SLURM_JOBID:  39545184
SLURM_ARRAY_TASK_ID:  1087
SLURM_ARRAY_JOB_ID:  39542290

Attaching package: ‘dplyr’

The following objects are masked from ‘package:stats’:

    filter, lag

The following objects are masked from ‘package:base’:

    intersect, setdiff, setequal, union


Attaching package: ‘geex’

The following object is masked from ‘package:methods’:

    show

[1] 1000
Maximizing -- use negfn and neggr
[1] "starting mle"
2782.092 sec elapsed
$beta_est
                                 psi_updated
[1,] 0.9951811 2.027518 2.997583   0.9987955

$se_est
           [,1]      [,2]       [,3]
[1,] 0.04442202 0.0424661 0.03412796

