SLURM_JOBID:  39543651
SLURM_ARRAY_TASK_ID:  652
SLURM_ARRAY_JOB_ID:  39542290

Attaching package: ‘dplyr’

The following objects are masked from ‘package:stats’:

    filter, lag

The following objects are masked from ‘package:base’:

    intersect, setdiff, setequal, union


Attaching package: ‘geex’

The following object is masked from ‘package:methods’:

    show

[1] 1000
Maximizing -- use negfn and neggr
[1] "starting mle"
2941.787 sec elapsed
$beta_est
                                psi_updated
[1,] 1.042456 1.985708 3.010415    1.017347

$se_est
           [,1]       [,2]       [,3]
[1,] 0.04683183 0.04725207 0.03520917

