SLURM_JOBID:  39544585
SLURM_ARRAY_TASK_ID:  861
SLURM_ARRAY_JOB_ID:  39542290

Attaching package: ‘dplyr’

The following objects are masked from ‘package:stats’:

    filter, lag

The following objects are masked from ‘package:base’:

    intersect, setdiff, setequal, union


Attaching package: ‘geex’

The following object is masked from ‘package:methods’:

    show

[1] 1000
Maximizing -- use negfn and neggr
[1] "starting mle"
1390.157 sec elapsed
$beta_est
                                 psi_updated
[1,] 0.9690946 2.067084 3.017906    1.022341

$se_est
           [,1]      [,2]       [,3]
[1,] 0.04516245 0.0470425 0.03526837

