SLURM_JOBID:  39545323
SLURM_ARRAY_TASK_ID:  1187
SLURM_ARRAY_JOB_ID:  39542290

Attaching package: ‘dplyr’

The following objects are masked from ‘package:stats’:

    filter, lag

The following objects are masked from ‘package:base’:

    intersect, setdiff, setequal, union


Attaching package: ‘geex’

The following object is masked from ‘package:methods’:

    show

[1] 1000
Maximizing -- use negfn and neggr
[1] "starting mle"
2760.436 sec elapsed
$beta_est
                                 psi_updated
[1,] 0.9980943 2.042461 2.996686    1.004462

$se_est
          [,1]       [,2]       [,3]
[1,] 0.0445333 0.04820203 0.03428738

