SLURM_JOBID:  39543108
SLURM_ARRAY_TASK_ID:  423
SLURM_ARRAY_JOB_ID:  39542290

Attaching package: ‘dplyr’

The following objects are masked from ‘package:stats’:

    filter, lag

The following objects are masked from ‘package:base’:

    intersect, setdiff, setequal, union


Attaching package: ‘geex’

The following object is masked from ‘package:methods’:

    show

[1] 1000
Maximizing -- use negfn and neggr
[1] "starting mle"
1852.386 sec elapsed
$beta_est
                                psi_updated
[1,] 1.003545 1.998866 2.995302    0.996199

$se_est
          [,1]       [,2]       [,3]
[1,] 0.0452949 0.04711027 0.03548079

