SLURM_JOBID:  39542911
SLURM_ARRAY_TASK_ID:  231
SLURM_ARRAY_JOB_ID:  39542290

Attaching package: ‘dplyr’

The following objects are masked from ‘package:stats’:

    filter, lag

The following objects are masked from ‘package:base’:

    intersect, setdiff, setequal, union


Attaching package: ‘geex’

The following object is masked from ‘package:methods’:

    show

[1] 1000
Maximizing -- use negfn and neggr
[1] "starting mle"
3090.422 sec elapsed
$beta_est
                                psi_updated
[1,] 1.037564 1.992566 3.082311     0.94105

$se_est
           [,1]       [,2]       [,3]
[1,] 0.04216556 0.04316304 0.03026028

