SLURM_JOBID:  39543170
SLURM_ARRAY_TASK_ID:  485
SLURM_ARRAY_JOB_ID:  39542290

Attaching package: ‘dplyr’

The following objects are masked from ‘package:stats’:

    filter, lag

The following objects are masked from ‘package:base’:

    intersect, setdiff, setequal, union


Attaching package: ‘geex’

The following object is masked from ‘package:methods’:

    show

[1] 1000
Maximizing -- use negfn and neggr
[1] "starting mle"
2987.062 sec elapsed
$beta_est
                                 psi_updated
[1,] 0.8911562 1.971125 3.005427   0.9924287

$se_est
           [,1]       [,2]      [,3]
[1,] 0.04448416 0.04406922 0.0364227

