SLURM_JOBID:  39544472
SLURM_ARRAY_TASK_ID:  821
SLURM_ARRAY_JOB_ID:  39542290

Attaching package: ‘dplyr’

The following objects are masked from ‘package:stats’:

    filter, lag

The following objects are masked from ‘package:base’:

    intersect, setdiff, setequal, union


Attaching package: ‘geex’

The following object is masked from ‘package:methods’:

    show

[1] 1000
Maximizing -- use negfn and neggr
[1] "starting mle"
Warning message:
In stode(y, times, func, parms = parms, ...) : steady-state not reached
9052.896 sec elapsed
$beta_est
                                psi_updated
[1,] 1.096132 2.004283 3.001142    0.999218

$se_est
           [,1]       [,2]       [,3]
[1,] 0.04462129 0.05014529 0.03192403

