SLURM_JOBID:  39543579
SLURM_ARRAY_TASK_ID:  584
SLURM_ARRAY_JOB_ID:  39542290

Attaching package: ‘dplyr’

The following objects are masked from ‘package:stats’:

    filter, lag

The following objects are masked from ‘package:base’:

    intersect, setdiff, setequal, union


Attaching package: ‘geex’

The following object is masked from ‘package:methods’:

    show

[1] 1000
Maximizing -- use negfn and neggr
[1] "starting mle"
1348.452 sec elapsed
$beta_est
                                 psi_updated
[1,] 0.9173976 2.000914 3.036323    1.058993

$se_est
           [,1]       [,2]       [,3]
[1,] 0.04945127 0.05193521 0.03688046

