SLURM_JOBID:  39542945
SLURM_ARRAY_TASK_ID:  265
SLURM_ARRAY_JOB_ID:  39542290

Attaching package: ‘dplyr’

The following objects are masked from ‘package:stats’:

    filter, lag

The following objects are masked from ‘package:base’:

    intersect, setdiff, setequal, union


Attaching package: ‘geex’

The following object is masked from ‘package:methods’:

    show

[1] 1000
Maximizing -- use negfn and neggr
[1] "starting mle"
1431.248 sec elapsed
$beta_est
                                psi_updated
[1,] 1.023618 1.964772 2.996401    1.046604

$se_est
           [,1]       [,2]       [,3]
[1,] 0.04748687 0.05160108 0.04123184

