SLURM_JOBID:  39542409
SLURM_ARRAY_TASK_ID:  43
SLURM_ARRAY_JOB_ID:  39542290

Attaching package: ‘dplyr’

The following objects are masked from ‘package:stats’:

    filter, lag

The following objects are masked from ‘package:base’:

    intersect, setdiff, setequal, union


Attaching package: ‘geex’

The following object is masked from ‘package:methods’:

    show

[1] 1000
Maximizing -- use negfn and neggr
[1] "starting mle"
1504.195 sec elapsed
$beta_est
                               psi_updated
[1,] 1.030157 1.998146 2.98626   0.9185977

$se_est
           [,1]       [,2]       [,3]
[1,] 0.04112022 0.04236618 0.03702614

