SLURM_JOBID:  39544862
SLURM_ARRAY_TASK_ID:  1020
SLURM_ARRAY_JOB_ID:  39542290

Attaching package: ‘dplyr’

The following objects are masked from ‘package:stats’:

    filter, lag

The following objects are masked from ‘package:base’:

    intersect, setdiff, setequal, union


Attaching package: ‘geex’

The following object is masked from ‘package:methods’:

    show

[1] 1000
Maximizing -- use negfn and neggr
[1] "starting mle"
2764.151 sec elapsed
$beta_est
                                psi_updated
[1,] 1.001049 1.974524 3.020852    1.048227

$se_est
           [,1]       [,2]       [,3]
[1,] 0.04743024 0.05335457 0.03638011

