SLURM_JOBID:  39542655
SLURM_ARRAY_TASK_ID:  115
SLURM_ARRAY_JOB_ID:  39542290

Attaching package: ‘dplyr’

The following objects are masked from ‘package:stats’:

    filter, lag

The following objects are masked from ‘package:base’:

    intersect, setdiff, setequal, union


Attaching package: ‘geex’

The following object is masked from ‘package:methods’:

    show

[1] 1000
Maximizing -- use negfn and neggr
[1] "starting mle"
2700.45 sec elapsed
$beta_est
                                psi_updated
[1,] 1.024776 2.025175 2.965422   0.9894303

$se_est
           [,1]       [,2]       [,3]
[1,] 0.04616982 0.04495752 0.03343163

