SLURM_JOBID:  39545163
SLURM_ARRAY_TASK_ID:  1069
SLURM_ARRAY_JOB_ID:  39542290

Attaching package: ‘dplyr’

The following objects are masked from ‘package:stats’:

    filter, lag

The following objects are masked from ‘package:base’:

    intersect, setdiff, setequal, union


Attaching package: ‘geex’

The following object is masked from ‘package:methods’:

    show

[1] 1000
Maximizing -- use negfn and neggr
[1] "starting mle"
2681.055 sec elapsed
$beta_est
                                psi_updated
[1,] 1.030887 2.011675 2.972393    1.027133

$se_est
          [,1]       [,2]       [,3]
[1,] 0.0462028 0.04634539 0.03372024

