SLURM_JOBID:  39543771
SLURM_ARRAY_TASK_ID:  771
SLURM_ARRAY_JOB_ID:  39542290

Attaching package: ‘dplyr’

The following objects are masked from ‘package:stats’:

    filter, lag

The following objects are masked from ‘package:base’:

    intersect, setdiff, setequal, union


Attaching package: ‘geex’

The following object is masked from ‘package:methods’:

    show

[1] 1000
Maximizing -- use negfn and neggr
[1] "starting mle"
2894.781 sec elapsed
$beta_est
                               psi_updated
[1,] 1.002606 2.017254 3.02092    1.031364

$se_est
           [,1]       [,2]       [,3]
[1,] 0.04718634 0.05174228 0.03535292

