SLURM_JOBID:  39542396
SLURM_ARRAY_TASK_ID:  30
SLURM_ARRAY_JOB_ID:  39542290

Attaching package: ‘dplyr’

The following objects are masked from ‘package:stats’:

    filter, lag

The following objects are masked from ‘package:base’:

    intersect, setdiff, setequal, union


Attaching package: ‘geex’

The following object is masked from ‘package:methods’:

    show

[1] 1000
Maximizing -- use negfn and neggr
[1] "starting mle"
2671.265 sec elapsed
$beta_est
                                psi_updated
[1,] 0.998564 2.007815 3.005763   0.9766461

$se_est
           [,1]       [,2]       [,3]
[1,] 0.04660994 0.04376612 0.03706921

