SLURM_JOBID:  39543765
SLURM_ARRAY_TASK_ID:  765
SLURM_ARRAY_JOB_ID:  39542290

Attaching package: ‘dplyr’

The following objects are masked from ‘package:stats’:

    filter, lag

The following objects are masked from ‘package:base’:

    intersect, setdiff, setequal, union


Attaching package: ‘geex’

The following object is masked from ‘package:methods’:

    show

[1] 1000
Maximizing -- use negfn and neggr
[1] "starting mle"
2833.194 sec elapsed
$beta_est
                                 psi_updated
[1,] 0.9850817 2.038852 3.060983    1.014371

$se_est
           [,1]       [,2]       [,3]
[1,] 0.04514149 0.04338726 0.03230585

