SLURM_JOBID:  39542898
SLURM_ARRAY_TASK_ID:  218
SLURM_ARRAY_JOB_ID:  39542290

Attaching package: ‘dplyr’

The following objects are masked from ‘package:stats’:

    filter, lag

The following objects are masked from ‘package:base’:

    intersect, setdiff, setequal, union


Attaching package: ‘geex’

The following object is masked from ‘package:methods’:

    show

[1] 1000
Maximizing -- use negfn and neggr
[1] "starting mle"
2884.519 sec elapsed
$beta_est
                                 psi_updated
[1,] 0.9688624 1.970291 2.986649   0.8905404

$se_est
           [,1]       [,2]       [,3]
[1,] 0.03981301 0.04307369 0.03103028

