SLURM_JOBID:  39544868
SLURM_ARRAY_TASK_ID:  1025
SLURM_ARRAY_JOB_ID:  39542290

Attaching package: ‘dplyr’

The following objects are masked from ‘package:stats’:

    filter, lag

The following objects are masked from ‘package:base’:

    intersect, setdiff, setequal, union


Attaching package: ‘geex’

The following object is masked from ‘package:methods’:

    show

[1] 1000
Maximizing -- use negfn and neggr
[1] "starting mle"
1429.508 sec elapsed
$beta_est
                                 psi_updated
[1,] 0.9754226 2.004227 3.037911   0.9951247

$se_est
           [,1]       [,2]       [,3]
[1,] 0.04581116 0.04701241 0.03468278

