SLURM_JOBID:  39545268
SLURM_ARRAY_TASK_ID:  1138
SLURM_ARRAY_JOB_ID:  39542290

Attaching package: ‘dplyr’

The following objects are masked from ‘package:stats’:

    filter, lag

The following objects are masked from ‘package:base’:

    intersect, setdiff, setequal, union


Attaching package: ‘geex’

The following object is masked from ‘package:methods’:

    show

[1] 1000
Maximizing -- use negfn and neggr
[1] "starting mle"
2916.578 sec elapsed
$beta_est
                                psi_updated
[1,] 1.011244 2.052432 2.988305   0.9897022

$se_est
           [,1]       [,2]       [,3]
[1,] 0.04453338 0.04666233 0.03135987

