SLURM_JOBID:  39544506
SLURM_ARRAY_TASK_ID:  837
SLURM_ARRAY_JOB_ID:  39542290

Attaching package: ‘dplyr’

The following objects are masked from ‘package:stats’:

    filter, lag

The following objects are masked from ‘package:base’:

    intersect, setdiff, setequal, union


Attaching package: ‘geex’

The following object is masked from ‘package:methods’:

    show

[1] 1000
Maximizing -- use negfn and neggr
[1] "starting mle"
1413.856 sec elapsed
$beta_est
                              psi_updated
[1,] 1.114931 1.93225 2.95244   0.9758323

$se_est
           [,1]      [,2]       [,3]
[1,] 0.04317431 0.0433061 0.02972165

