SLURM_JOBID:  39544867
SLURM_ARRAY_TASK_ID:  1024
SLURM_ARRAY_JOB_ID:  39542290

Attaching package: ‘dplyr’

The following objects are masked from ‘package:stats’:

    filter, lag

The following objects are masked from ‘package:base’:

    intersect, setdiff, setequal, union


Attaching package: ‘geex’

The following object is masked from ‘package:methods’:

    show

[1] 1000
Maximizing -- use negfn and neggr
[1] "starting mle"
1553.357 sec elapsed
$beta_est
                                psi_updated
[1,] 1.040899 1.922802 2.966038     1.00616

$se_est
           [,1]       [,2]       [,3]
[1,] 0.04511458 0.04604007 0.03549667

