SLURM_JOBID:  39543769
SLURM_ARRAY_TASK_ID:  769
SLURM_ARRAY_JOB_ID:  39542290

Attaching package: ‘dplyr’

The following objects are masked from ‘package:stats’:

    filter, lag

The following objects are masked from ‘package:base’:

    intersect, setdiff, setequal, union


Attaching package: ‘geex’

The following object is masked from ‘package:methods’:

    show

[1] 1000
Maximizing -- use negfn and neggr
[1] "starting mle"
3001.918 sec elapsed
$beta_est
                               psi_updated
[1,] 1.081321 2.000121 2.95257   0.9308881

$se_est
           [,1]       [,2]       [,3]
[1,] 0.04410154 0.04754986 0.03560925

