SLURM_JOBID:  39544714
SLURM_ARRAY_TASK_ID:  935
SLURM_ARRAY_JOB_ID:  39542290

Attaching package: ‘dplyr’

The following objects are masked from ‘package:stats’:

    filter, lag

The following objects are masked from ‘package:base’:

    intersect, setdiff, setequal, union


Attaching package: ‘geex’

The following object is masked from ‘package:methods’:

    show

[1] 1000
Maximizing -- use negfn and neggr
[1] "starting mle"
1388.59 sec elapsed
$beta_est
                                 psi_updated
[1,] 0.8744899 2.027965 3.024519     1.03116

$se_est
           [,1]       [,2]       [,3]
[1,] 0.04761977 0.04687693 0.03790289

