SLURM_JOBID:  39542942
SLURM_ARRAY_TASK_ID:  262
SLURM_ARRAY_JOB_ID:  39542290

Attaching package: ‘dplyr’

The following objects are masked from ‘package:stats’:

    filter, lag

The following objects are masked from ‘package:base’:

    intersect, setdiff, setequal, union


Attaching package: ‘geex’

The following object is masked from ‘package:methods’:

    show

[1] 1000
Maximizing -- use negfn and neggr
[1] "starting mle"
2857.328 sec elapsed
$beta_est
                                psi_updated
[1,] 0.9568351 2.04234 2.964238   0.9583407

$se_est
           [,1]       [,2]       [,3]
[1,] 0.04696245 0.05090002 0.03358759

