SLURM_JOBID:  39543652
SLURM_ARRAY_TASK_ID:  653
SLURM_ARRAY_JOB_ID:  39542290

Attaching package: ‘dplyr’

The following objects are masked from ‘package:stats’:

    filter, lag

The following objects are masked from ‘package:base’:

    intersect, setdiff, setequal, union


Attaching package: ‘geex’

The following object is masked from ‘package:methods’:

    show

[1] 1000
Maximizing -- use negfn and neggr
[1] "starting mle"
2740.603 sec elapsed
$beta_est
                                psi_updated
[1,] 0.9477986 2.049468 3.02549    1.029553

$se_est
           [,1]       [,2]       [,3]
[1,] 0.04687993 0.04659339 0.03338647

