SLURM_JOBID:  39542448
SLURM_ARRAY_TASK_ID:  82
SLURM_ARRAY_JOB_ID:  39542290

Attaching package: ‘dplyr’

The following objects are masked from ‘package:stats’:

    filter, lag

The following objects are masked from ‘package:base’:

    intersect, setdiff, setequal, union


Attaching package: ‘geex’

The following object is masked from ‘package:methods’:

    show

[1] 1000
Maximizing -- use negfn and neggr
[1] "starting mle"
1449.984 sec elapsed
$beta_est
                                 psi_updated
[1,] 0.9821728 2.022047 2.957103   0.9363759

$se_est
           [,1]      [,2]       [,3]
[1,] 0.04259134 0.0436896 0.03457341

