SLURM_JOBID:  39545178
SLURM_ARRAY_TASK_ID:  1081
SLURM_ARRAY_JOB_ID:  39542290

Attaching package: ‘dplyr’

The following objects are masked from ‘package:stats’:

    filter, lag

The following objects are masked from ‘package:base’:

    intersect, setdiff, setequal, union


Attaching package: ‘geex’

The following object is masked from ‘package:methods’:

    show

[1] 1000
Maximizing -- use negfn and neggr
[1] "starting mle"
1438.883 sec elapsed
$beta_est
                                 psi_updated
[1,] 0.9964354 2.017878 2.981578   0.9375468

$se_est
           [,1]       [,2]       [,3]
[1,] 0.04262088 0.03973323 0.03355581

