SLURM_JOBID:  39543030
SLURM_ARRAY_TASK_ID:  347
SLURM_ARRAY_JOB_ID:  39542290

Attaching package: ‘dplyr’

The following objects are masked from ‘package:stats’:

    filter, lag

The following objects are masked from ‘package:base’:

    intersect, setdiff, setequal, union


Attaching package: ‘geex’

The following object is masked from ‘package:methods’:

    show

[1] 1000
Maximizing -- use negfn and neggr
[1] "starting mle"
2990.669 sec elapsed
$beta_est
                                psi_updated
[1,] 0.970303 2.112155 3.019855   0.9100847

$se_est
           [,1]       [,2]       [,3]
[1,] 0.04218752 0.04249378 0.03341512

