SLURM_JOBID:  39544449
SLURM_ARRAY_TASK_ID:  801
SLURM_ARRAY_JOB_ID:  39542290

Attaching package: ‘dplyr’

The following objects are masked from ‘package:stats’:

    filter, lag

The following objects are masked from ‘package:base’:

    intersect, setdiff, setequal, union


Attaching package: ‘geex’

The following object is masked from ‘package:methods’:

    show

[1] 1000
Maximizing -- use negfn and neggr
[1] "starting mle"
2771.922 sec elapsed
$beta_est
                               psi_updated
[1,] 1.027964 2.039383 3.00994   0.9885239

$se_est
           [,1]       [,2]       [,3]
[1,] 0.04727425 0.04810825 0.03547719

