SLURM_JOBID:  39543032
SLURM_ARRAY_TASK_ID:  349
SLURM_ARRAY_JOB_ID:  39542290

Attaching package: ‘dplyr’

The following objects are masked from ‘package:stats’:

    filter, lag

The following objects are masked from ‘package:base’:

    intersect, setdiff, setequal, union


Attaching package: ‘geex’

The following object is masked from ‘package:methods’:

    show

[1] 1000
Maximizing -- use negfn and neggr
[1] "starting mle"
2806.418 sec elapsed
$beta_est
                               psi_updated
[1,] 0.97414 2.040346 3.018691    1.022207

$se_est
           [,1]       [,2]       [,3]
[1,] 0.04760526 0.05466973 0.03635744

