SLURM_JOBID:  39544851
SLURM_ARRAY_TASK_ID:  1009
SLURM_ARRAY_JOB_ID:  39542290

Attaching package: ‘dplyr’

The following objects are masked from ‘package:stats’:

    filter, lag

The following objects are masked from ‘package:base’:

    intersect, setdiff, setequal, union


Attaching package: ‘geex’

The following object is masked from ‘package:methods’:

    show

[1] 1000
Maximizing -- use negfn and neggr
[1] "starting mle"
1593.732 sec elapsed
$beta_est
                                 psi_updated
[1,] 0.9770986 2.028986 2.988973    1.023976

$se_est
           [,1]       [,2]       [,3]
[1,] 0.04870541 0.04632675 0.03395077

