SLURM_JOBID:  39542400
SLURM_ARRAY_TASK_ID:  34
SLURM_ARRAY_JOB_ID:  39542290

Attaching package: ‘dplyr’

The following objects are masked from ‘package:stats’:

    filter, lag

The following objects are masked from ‘package:base’:

    intersect, setdiff, setequal, union


Attaching package: ‘geex’

The following object is masked from ‘package:methods’:

    show

[1] 1000
Maximizing -- use negfn and neggr
[1] "starting mle"
2751.491 sec elapsed
$beta_est
                                 psi_updated
[1,] 0.9140703 1.970255 3.011088   0.9830864

$se_est
           [,1]       [,2]       [,3]
[1,] 0.04388002 0.04823683 0.03241759

