SLURM_JOBID:  39545166
SLURM_ARRAY_TASK_ID:  1072
SLURM_ARRAY_JOB_ID:  39542290

Attaching package: ‘dplyr’

The following objects are masked from ‘package:stats’:

    filter, lag

The following objects are masked from ‘package:base’:

    intersect, setdiff, setequal, union


Attaching package: ‘geex’

The following object is masked from ‘package:methods’:

    show

[1] 1000
Maximizing -- use negfn and neggr
[1] "starting mle"
2991.026 sec elapsed
$beta_est
                                 psi_updated
[1,] 0.8427472 2.002124 3.049851    0.964228

$se_est
           [,1]       [,2]       [,3]
[1,] 0.04614103 0.05100673 0.03464498

