SLURM_JOBID:  39542934
SLURM_ARRAY_TASK_ID:  254
SLURM_ARRAY_JOB_ID:  39542290

Attaching package: ‘dplyr’

The following objects are masked from ‘package:stats’:

    filter, lag

The following objects are masked from ‘package:base’:

    intersect, setdiff, setequal, union


Attaching package: ‘geex’

The following object is masked from ‘package:methods’:

    show

[1] 1000
Maximizing -- use negfn and neggr
[1] "starting mle"
1476.863 sec elapsed
$beta_est
                                 psi_updated
[1,] 0.9135679 2.045458 3.059004   0.9907347

$se_est
           [,1]       [,2]       [,3]
[1,] 0.04647156 0.04782153 0.03841025

