SLURM_JOBID:  39545271
SLURM_ARRAY_TASK_ID:  1141
SLURM_ARRAY_JOB_ID:  39542290

Attaching package: ‘dplyr’

The following objects are masked from ‘package:stats’:

    filter, lag

The following objects are masked from ‘package:base’:

    intersect, setdiff, setequal, union


Attaching package: ‘geex’

The following object is masked from ‘package:methods’:

    show

[1] 1000
Maximizing -- use negfn and neggr
[1] "starting mle"
1340.064 sec elapsed
$beta_est
                                psi_updated
[1,] 1.002589 1.942976 2.977849      1.0322

$se_est
           [,1]       [,2]       [,3]
[1,] 0.04746831 0.05258852 0.03775209

