SLURM_JOBID:  39542972
SLURM_ARRAY_TASK_ID:  292
SLURM_ARRAY_JOB_ID:  39542290

Attaching package: ‘dplyr’

The following objects are masked from ‘package:stats’:

    filter, lag

The following objects are masked from ‘package:base’:

    intersect, setdiff, setequal, union


Attaching package: ‘geex’

The following object is masked from ‘package:methods’:

    show

[1] 1000
Maximizing -- use negfn and neggr
[1] "starting mle"
2812.174 sec elapsed
$beta_est
                                 psi_updated
[1,] 0.9957389 1.917811 2.968266    1.021267

$se_est
           [,1]       [,2]       [,3]
[1,] 0.04671778 0.04618725 0.03307222

