SLURM_JOBID:  39544859
SLURM_ARRAY_TASK_ID:  1017
SLURM_ARRAY_JOB_ID:  39542290

Attaching package: ‘dplyr’

The following objects are masked from ‘package:stats’:

    filter, lag

The following objects are masked from ‘package:base’:

    intersect, setdiff, setequal, union


Attaching package: ‘geex’

The following object is masked from ‘package:methods’:

    show

[1] 1000
Maximizing -- use negfn and neggr
[1] "starting mle"
1838.729 sec elapsed
$beta_est
                                psi_updated
[1,] 1.022635 1.978322 3.021285   0.9235619

$se_est
          [,1]       [,2]       [,3]
[1,] 0.0416409 0.04712747 0.03193339

