SLURM_JOBID:  39542402
SLURM_ARRAY_TASK_ID:  36
SLURM_ARRAY_JOB_ID:  39542290

Attaching package: ‘dplyr’

The following objects are masked from ‘package:stats’:

    filter, lag

The following objects are masked from ‘package:base’:

    intersect, setdiff, setequal, union


Attaching package: ‘geex’

The following object is masked from ‘package:methods’:

    show

[1] 1000
Maximizing -- use negfn and neggr
[1] "starting mle"
2640.268 sec elapsed
$beta_est
                                psi_updated
[1,] 0.983802 1.942493 2.997114   0.9727963

$se_est
           [,1]       [,2]       [,3]
[1,] 0.04432786 0.04310982 0.02848119

