SLURM_JOBID:  39543011
SLURM_ARRAY_TASK_ID:  328
SLURM_ARRAY_JOB_ID:  39542290

Attaching package: ‘dplyr’

The following objects are masked from ‘package:stats’:

    filter, lag

The following objects are masked from ‘package:base’:

    intersect, setdiff, setequal, union


Attaching package: ‘geex’

The following object is masked from ‘package:methods’:

    show

[1] 1000
Maximizing -- use negfn and neggr
[1] "starting mle"
3055.763 sec elapsed
$beta_est
                                 psi_updated
[1,] 0.8932305 1.949265 3.040274    1.030421

$se_est
           [,1]      [,2]      [,3]
[1,] 0.04708083 0.0463869 0.0341625

