SLURM_JOBID:  39542413
SLURM_ARRAY_TASK_ID:  47
SLURM_ARRAY_JOB_ID:  39542290

Attaching package: ‘dplyr’

The following objects are masked from ‘package:stats’:

    filter, lag

The following objects are masked from ‘package:base’:

    intersect, setdiff, setequal, union


Attaching package: ‘geex’

The following object is masked from ‘package:methods’:

    show

[1] 1000
Maximizing -- use negfn and neggr
[1] "starting mle"
1471.964 sec elapsed
$beta_est
                                psi_updated
[1,] 1.006249 1.924173 3.020809   0.9886718

$se_est
          [,1]       [,2]       [,3]
[1,] 0.0456317 0.04596875 0.02972644

