SLURM_JOBID:  39543527
SLURM_ARRAY_TASK_ID:  532
SLURM_ARRAY_JOB_ID:  39542290

Attaching package: ‘dplyr’

The following objects are masked from ‘package:stats’:

    filter, lag

The following objects are masked from ‘package:base’:

    intersect, setdiff, setequal, union


Attaching package: ‘geex’

The following object is masked from ‘package:methods’:

    show

[1] 1000
Maximizing -- use negfn and neggr
[1] "starting mle"
2946.479 sec elapsed
$beta_est
                                 psi_updated
[1,] 0.9976075 2.022358 2.974412   0.9846765

$se_est
           [,1]       [,2]       [,3]
[1,] 0.04508111 0.05019834 0.03310735

