SLURM_JOBID:  39542948
SLURM_ARRAY_TASK_ID:  268
SLURM_ARRAY_JOB_ID:  39542290

Attaching package: ‘dplyr’

The following objects are masked from ‘package:stats’:

    filter, lag

The following objects are masked from ‘package:base’:

    intersect, setdiff, setequal, union


Attaching package: ‘geex’

The following object is masked from ‘package:methods’:

    show

[1] 1000
Maximizing -- use negfn and neggr
[1] "starting mle"
1520.4 sec elapsed
$beta_est
                                 psi_updated
[1,] 0.9583158 2.002675 3.041842    0.930049

$se_est
          [,1]       [,2]       [,3]
[1,] 0.0428216 0.04516834 0.03419571

