SLURM_JOBID:  39544775
SLURM_ARRAY_TASK_ID:  989
SLURM_ARRAY_JOB_ID:  39542290

Attaching package: ‘dplyr’

The following objects are masked from ‘package:stats’:

    filter, lag

The following objects are masked from ‘package:base’:

    intersect, setdiff, setequal, union


Attaching package: ‘geex’

The following object is masked from ‘package:methods’:

    show

[1] 1000
Maximizing -- use negfn and neggr
[1] "starting mle"
2145.595 sec elapsed
$beta_est
                                psi_updated
[1,] 1.040195 1.986414 3.003021    1.094317

$se_est
           [,1]       [,2]       [,3]
[1,] 0.05153686 0.04986464 0.03863794

