SLURM_JOBID:  39542397
SLURM_ARRAY_TASK_ID:  31
SLURM_ARRAY_JOB_ID:  39542290

Attaching package: ‘dplyr’

The following objects are masked from ‘package:stats’:

    filter, lag

The following objects are masked from ‘package:base’:

    intersect, setdiff, setequal, union


Attaching package: ‘geex’

The following object is masked from ‘package:methods’:

    show

[1] 1000
Maximizing -- use negfn and neggr
[1] "starting mle"
2654.963 sec elapsed
$beta_est
                                psi_updated
[1,] 0.9607403 1.973369 2.91063    1.037158

$se_est
           [,1]       [,2]       [,3]
[1,] 0.04686686 0.04994333 0.03658379

