SLURM_JOBID:  39545218
SLURM_ARRAY_TASK_ID:  1106
SLURM_ARRAY_JOB_ID:  39542290

Attaching package: ‘dplyr’

The following objects are masked from ‘package:stats’:

    filter, lag

The following objects are masked from ‘package:base’:

    intersect, setdiff, setequal, union


Attaching package: ‘geex’

The following object is masked from ‘package:methods’:

    show

[1] 1000
Maximizing -- use negfn and neggr
[1] "starting mle"
1492.357 sec elapsed
$beta_est
                                 psi_updated
[1,] 0.9993173 2.070748 2.975435   0.9931211

$se_est
           [,1]       [,2]       [,3]
[1,] 0.04515229 0.04930404 0.03408777

