SLURM_JOBID:  39543642
SLURM_ARRAY_TASK_ID:  643
SLURM_ARRAY_JOB_ID:  39542290

Attaching package: ‘dplyr’

The following objects are masked from ‘package:stats’:

    filter, lag

The following objects are masked from ‘package:base’:

    intersect, setdiff, setequal, union


Attaching package: ‘geex’

The following object is masked from ‘package:methods’:

    show

[1] 1000
Maximizing -- use negfn and neggr
[1] "starting mle"
2982.819 sec elapsed
$beta_est
                               psi_updated
[1,] 1.06867 2.047218 2.997613    1.036513

$se_est
           [,1]       [,2]       [,3]
[1,] 0.04626909 0.04912205 0.03442278

