SLURM_JOBID:  39542426
SLURM_ARRAY_TASK_ID:  60
SLURM_ARRAY_JOB_ID:  39542290

Attaching package: ‘dplyr’

The following objects are masked from ‘package:stats’:

    filter, lag

The following objects are masked from ‘package:base’:

    intersect, setdiff, setequal, union


Attaching package: ‘geex’

The following object is masked from ‘package:methods’:

    show

[1] 1000
Maximizing -- use negfn and neggr
[1] "starting mle"
2736.721 sec elapsed
$beta_est
                                psi_updated
[1,] 1.010247 2.020842 2.996172    1.049794

$se_est
           [,1]       [,2]       [,3]
[1,] 0.04683819 0.04615372 0.03519845

