SLURM_JOBID:  39543740
SLURM_ARRAY_TASK_ID:  740
SLURM_ARRAY_JOB_ID:  39542290

Attaching package: ‘dplyr’

The following objects are masked from ‘package:stats’:

    filter, lag

The following objects are masked from ‘package:base’:

    intersect, setdiff, setequal, union


Attaching package: ‘geex’

The following object is masked from ‘package:methods’:

    show

[1] 1000
Maximizing -- use negfn and neggr
[1] "starting mle"
2843.846 sec elapsed
$beta_est
                               psi_updated
[1,] 1.02603 2.047371 2.987315    1.010308

$se_est
           [,1]       [,2]       [,3]
[1,] 0.04569772 0.05037271 0.03369875

