SLURM_JOBID:  39543059
SLURM_ARRAY_TASK_ID:  376
SLURM_ARRAY_JOB_ID:  39542290

Attaching package: ‘dplyr’

The following objects are masked from ‘package:stats’:

    filter, lag

The following objects are masked from ‘package:base’:

    intersect, setdiff, setequal, union


Attaching package: ‘geex’

The following object is masked from ‘package:methods’:

    show

[1] 1000
Maximizing -- use negfn and neggr
[1] "starting mle"
3007.101 sec elapsed
$beta_est
                                psi_updated
[1,] 1.065499 2.047338 3.007157    1.035765

$se_est
           [,1]       [,2]       [,3]
[1,] 0.04740522 0.05024938 0.03504548

