SLURM_JOBID:  39542379
SLURM_ARRAY_TASK_ID:  13
SLURM_ARRAY_JOB_ID:  39542290

Attaching package: ‘dplyr’

The following objects are masked from ‘package:stats’:

    filter, lag

The following objects are masked from ‘package:base’:

    intersect, setdiff, setequal, union


Attaching package: ‘geex’

The following object is masked from ‘package:methods’:

    show

[1] 1000
Maximizing -- use negfn and neggr
[1] "starting mle"
1399.969 sec elapsed
$beta_est
                                 psi_updated
[1,] 0.9760876 2.023121 2.999949   0.9911894

$se_est
           [,1]       [,2]       [,3]
[1,] 0.04632169 0.04888137 0.03567977

