SLURM_JOBID:  39542903
SLURM_ARRAY_TASK_ID:  223
SLURM_ARRAY_JOB_ID:  39542290

Attaching package: ‘dplyr’

The following objects are masked from ‘package:stats’:

    filter, lag

The following objects are masked from ‘package:base’:

    intersect, setdiff, setequal, union


Attaching package: ‘geex’

The following object is masked from ‘package:methods’:

    show

[1] 1000
Maximizing -- use negfn and neggr
[1] "starting mle"
1417.903 sec elapsed
$beta_est
                                psi_updated
[1,] 1.021125 2.011331 3.000951    1.026667

$se_est
           [,1]       [,2]       [,3]
[1,] 0.04847261 0.04703074 0.03479201

