SLURM_JOBID:  39542384
SLURM_ARRAY_TASK_ID:  18
SLURM_ARRAY_JOB_ID:  39542290

Attaching package: ‘dplyr’

The following objects are masked from ‘package:stats’:

    filter, lag

The following objects are masked from ‘package:base’:

    intersect, setdiff, setequal, union


Attaching package: ‘geex’

The following object is masked from ‘package:methods’:

    show

[1] 1000
Maximizing -- use negfn and neggr
[1] "starting mle"
1381.707 sec elapsed
$beta_est
                               psi_updated
[1,] 0.980713 1.98059 2.979818   0.9601361

$se_est
           [,1]       [,2]       [,3]
[1,] 0.04469666 0.04610787 0.03342837

