SLURM_JOBID:  39543780
SLURM_ARRAY_TASK_ID:  780
SLURM_ARRAY_JOB_ID:  39542290

Attaching package: ‘dplyr’

The following objects are masked from ‘package:stats’:

    filter, lag

The following objects are masked from ‘package:base’:

    intersect, setdiff, setequal, union


Attaching package: ‘geex’

The following object is masked from ‘package:methods’:

    show

[1] 1000
Maximizing -- use negfn and neggr
[1] "starting mle"
1402.422 sec elapsed
$beta_est
                                 psi_updated
[1,] 0.9387373 2.047052 3.009073    0.976373

$se_est
           [,1]       [,2]       [,3]
[1,] 0.04370955 0.04550687 0.03199614

