SLURM_JOBID:  39542996
SLURM_ARRAY_TASK_ID:  313
SLURM_ARRAY_JOB_ID:  39542290

Attaching package: ‘dplyr’

The following objects are masked from ‘package:stats’:

    filter, lag

The following objects are masked from ‘package:base’:

    intersect, setdiff, setequal, union


Attaching package: ‘geex’

The following object is masked from ‘package:methods’:

    show

[1] 1000
Maximizing -- use negfn and neggr
[1] "starting mle"
2874.364 sec elapsed
$beta_est
                                 psi_updated
[1,] 0.9610099 1.983202 2.969325   0.9975929

$se_est
           [,1]       [,2]      [,3]
[1,] 0.04621568 0.04538369 0.0336876

