SLURM_JOBID:  39542670
SLURM_ARRAY_TASK_ID:  130
SLURM_ARRAY_JOB_ID:  39542290

Attaching package: ‘dplyr’

The following objects are masked from ‘package:stats’:

    filter, lag

The following objects are masked from ‘package:base’:

    intersect, setdiff, setequal, union


Attaching package: ‘geex’

The following object is masked from ‘package:methods’:

    show

[1] 1000
Maximizing -- use negfn and neggr
[1] "starting mle"
1325.712 sec elapsed
$beta_est
                                psi_updated
[1,] 0.9487608 1.989212 3.07138    1.008041

$se_est
           [,1]       [,2]       [,3]
[1,] 0.04543653 0.04726198 0.03256438

