SLURM_JOBID:  39542698
SLURM_ARRAY_TASK_ID:  158
SLURM_ARRAY_JOB_ID:  39542290

Attaching package: ‘dplyr’

The following objects are masked from ‘package:stats’:

    filter, lag

The following objects are masked from ‘package:base’:

    intersect, setdiff, setequal, union


Attaching package: ‘geex’

The following object is masked from ‘package:methods’:

    show

[1] 1000
Maximizing -- use negfn and neggr
[1] "starting mle"
1390.711 sec elapsed
$beta_est
                                psi_updated
[1,] 1.049625 1.981874 2.993348    1.038455

$se_est
           [,1]       [,2]       [,3]
[1,] 0.05104404 0.05430438 0.03757606

