SLURM_JOBID:  39544752
SLURM_ARRAY_TASK_ID:  970
SLURM_ARRAY_JOB_ID:  39542290

Attaching package: ‘dplyr’

The following objects are masked from ‘package:stats’:

    filter, lag

The following objects are masked from ‘package:base’:

    intersect, setdiff, setequal, union


Attaching package: ‘geex’

The following object is masked from ‘package:methods’:

    show

[1] 1000
Maximizing -- use negfn and neggr
[1] "starting mle"
1464.509 sec elapsed
$beta_est
                                 psi_updated
[1,] 0.9530021 2.045768 3.080946   0.9734851

$se_est
           [,1]       [,2]       [,3]
[1,] 0.04514963 0.04641645 0.03291338

