SLURM_JOBID:  39543627
SLURM_ARRAY_TASK_ID:  628
SLURM_ARRAY_JOB_ID:  39542290

Attaching package: ‘dplyr’

The following objects are masked from ‘package:stats’:

    filter, lag

The following objects are masked from ‘package:base’:

    intersect, setdiff, setequal, union


Attaching package: ‘geex’

The following object is masked from ‘package:methods’:

    show

[1] 1000
Maximizing -- use negfn and neggr
[1] "starting mle"
2989.188 sec elapsed
$beta_est
                                psi_updated
[1,] 0.9647157 1.88972 2.977214   0.9242271

$se_est
           [,1]       [,2]       [,3]
[1,] 0.04331257 0.04947001 0.03294302

