SLURM_JOBID:  39542900
SLURM_ARRAY_TASK_ID:  220
SLURM_ARRAY_JOB_ID:  39542290

Attaching package: ‘dplyr’

The following objects are masked from ‘package:stats’:

    filter, lag

The following objects are masked from ‘package:base’:

    intersect, setdiff, setequal, union


Attaching package: ‘geex’

The following object is masked from ‘package:methods’:

    show

[1] 1000
Maximizing -- use negfn and neggr
[1] "starting mle"
2758.739 sec elapsed
$beta_est
                                 psi_updated
[1,] 0.9895458 1.920981 2.989294    1.035473

$se_est
           [,1]       [,2]      [,3]
[1,] 0.04748427 0.05044098 0.0381385

