SLURM_JOBID:  39543507
SLURM_ARRAY_TASK_ID:  512
SLURM_ARRAY_JOB_ID:  39542290

Attaching package: ‘dplyr’

The following objects are masked from ‘package:stats’:

    filter, lag

The following objects are masked from ‘package:base’:

    intersect, setdiff, setequal, union


Attaching package: ‘geex’

The following object is masked from ‘package:methods’:

    show

[1] 1000
Maximizing -- use negfn and neggr
[1] "starting mle"
2709.902 sec elapsed
$beta_est
                                psi_updated
[1,] 1.026663 2.053929 3.052846    0.956118

$se_est
           [,1]       [,2]       [,3]
[1,] 0.04518366 0.05260507 0.03348777

