SLURM_JOBID:  39544512
SLURM_ARRAY_TASK_ID:  843
SLURM_ARRAY_JOB_ID:  39542290

Attaching package: ‘dplyr’

The following objects are masked from ‘package:stats’:

    filter, lag

The following objects are masked from ‘package:base’:

    intersect, setdiff, setequal, union


Attaching package: ‘geex’

The following object is masked from ‘package:methods’:

    show

[1] 1000
Maximizing -- use negfn and neggr
[1] "starting mle"
1410.427 sec elapsed
$beta_est
                                 psi_updated
[1,] 0.9411862 2.080955 3.019155    1.037881

$se_est
           [,1]       [,2]       [,3]
[1,] 0.04724499 0.05403667 0.03457409

