SLURM_JOBID:  39545269
SLURM_ARRAY_TASK_ID:  1139
SLURM_ARRAY_JOB_ID:  39542290

Attaching package: ‘dplyr’

The following objects are masked from ‘package:stats’:

    filter, lag

The following objects are masked from ‘package:base’:

    intersect, setdiff, setequal, union


Attaching package: ‘geex’

The following object is masked from ‘package:methods’:

    show

[1] 1000
Maximizing -- use negfn and neggr
[1] "starting mle"
2902.692 sec elapsed
$beta_est
                                 psi_updated
[1,] 0.9919175 2.053791 3.061458   0.9985233

$se_est
           [,1]       [,2]       [,3]
[1,] 0.04495179 0.04664984 0.03796695

