SLURM_JOBID:  39545287
SLURM_ARRAY_TASK_ID:  1157
SLURM_ARRAY_JOB_ID:  39542290

Attaching package: ‘dplyr’

The following objects are masked from ‘package:stats’:

    filter, lag

The following objects are masked from ‘package:base’:

    intersect, setdiff, setequal, union


Attaching package: ‘geex’

The following object is masked from ‘package:methods’:

    show

[1] 1000
Maximizing -- use negfn and neggr
[1] "starting mle"
2614.272 sec elapsed
$beta_est
                                 psi_updated
[1,] 0.9932042 2.020828 3.021266    1.012215

$se_est
           [,1]       [,2]       [,3]
[1,] 0.04639786 0.04385728 0.03357186

