SLURM_JOBID:  39544581
SLURM_ARRAY_TASK_ID:  857
SLURM_ARRAY_JOB_ID:  39542290

Attaching package: ‘dplyr’

The following objects are masked from ‘package:stats’:

    filter, lag

The following objects are masked from ‘package:base’:

    intersect, setdiff, setequal, union


Attaching package: ‘geex’

The following object is masked from ‘package:methods’:

    show

[1] 1000
Maximizing -- use negfn and neggr
[1] "starting mle"
1426.379 sec elapsed
$beta_est
                                psi_updated
[1,] 0.9350422 2.086925 3.03591   0.9924335

$se_est
           [,1]      [,2]       [,3]
[1,] 0.04507071 0.0458478 0.03312269

