SLURM_JOBID:  39543619
SLURM_ARRAY_TASK_ID:  620
SLURM_ARRAY_JOB_ID:  39542290

Attaching package: ‘dplyr’

The following objects are masked from ‘package:stats’:

    filter, lag

The following objects are masked from ‘package:base’:

    intersect, setdiff, setequal, union


Attaching package: ‘geex’

The following object is masked from ‘package:methods’:

    show

[1] 1000
Maximizing -- use negfn and neggr
[1] "starting mle"
2890.405 sec elapsed
$beta_est
                               psi_updated
[1,] 1.001643 1.91458 2.936988   0.9857316

$se_est
           [,1]       [,2]       [,3]
[1,] 0.04356217 0.04437891 0.03682735

