SLURM_JOBID:  39542652
SLURM_ARRAY_TASK_ID:  112
SLURM_ARRAY_JOB_ID:  39542290

Attaching package: ‘dplyr’

The following objects are masked from ‘package:stats’:

    filter, lag

The following objects are masked from ‘package:base’:

    intersect, setdiff, setequal, union


Attaching package: ‘geex’

The following object is masked from ‘package:methods’:

    show

[1] 1000
Maximizing -- use negfn and neggr
[1] "starting mle"
1448.934 sec elapsed
$beta_est
                                 psi_updated
[1,] 0.9905945 1.994344 2.966299   0.9809155

$se_est
           [,1]       [,2]       [,3]
[1,] 0.04422256 0.04380622 0.03513429

