SLURM_JOBID:  39543778
SLURM_ARRAY_TASK_ID:  778
SLURM_ARRAY_JOB_ID:  39542290

Attaching package: ‘dplyr’

The following objects are masked from ‘package:stats’:

    filter, lag

The following objects are masked from ‘package:base’:

    intersect, setdiff, setequal, union


Attaching package: ‘geex’

The following object is masked from ‘package:methods’:

    show

[1] 1000
Maximizing -- use negfn and neggr
[1] "starting mle"
2688.129 sec elapsed
$beta_est
                               psi_updated
[1,] 1.006432 1.986012 3.02631    1.009338

$se_est
           [,1]      [,2]       [,3]
[1,] 0.04560866 0.0476082 0.03441324

