SLURM_JOBID:  39545174
SLURM_ARRAY_TASK_ID:  1077
SLURM_ARRAY_JOB_ID:  39542290

Attaching package: ‘dplyr’

The following objects are masked from ‘package:stats’:

    filter, lag

The following objects are masked from ‘package:base’:

    intersect, setdiff, setequal, union


Attaching package: ‘geex’

The following object is masked from ‘package:methods’:

    show

[1] 1000
Maximizing -- use negfn and neggr
[1] "starting mle"
1327.057 sec elapsed
$beta_est
                                psi_updated
[1,] 1.000144 2.050589 2.968223   0.9805284

$se_est
           [,1]       [,2]       [,3]
[1,] 0.04479878 0.04518006 0.03468122

