SLURM_JOBID:  39542919
SLURM_ARRAY_TASK_ID:  239
SLURM_ARRAY_JOB_ID:  39542290

Attaching package: ‘dplyr’

The following objects are masked from ‘package:stats’:

    filter, lag

The following objects are masked from ‘package:base’:

    intersect, setdiff, setequal, union


Attaching package: ‘geex’

The following object is masked from ‘package:methods’:

    show

[1] 1000
Maximizing -- use negfn and neggr
[1] "starting mle"
2814.461 sec elapsed
$beta_est
                                psi_updated
[1,] 0.985205 1.956125 2.988836    1.017604

$se_est
           [,1]       [,2]       [,3]
[1,] 0.04660822 0.05042261 0.03379426

