SLURM_JOBID:  39544501
SLURM_ARRAY_TASK_ID:  832
SLURM_ARRAY_JOB_ID:  39542290

Attaching package: ‘dplyr’

The following objects are masked from ‘package:stats’:

    filter, lag

The following objects are masked from ‘package:base’:

    intersect, setdiff, setequal, union


Attaching package: ‘geex’

The following object is masked from ‘package:methods’:

    show

[1] 1000
Maximizing -- use negfn and neggr
[1] "starting mle"
1493.775 sec elapsed
$beta_est
                                 psi_updated
[1,] 0.9253011 2.120741 3.004387   0.9599526

$se_est
           [,1]       [,2]       [,3]
[1,] 0.04384555 0.04214727 0.03495978

