SLURM_JOBID:  39543107
SLURM_ARRAY_TASK_ID:  422
SLURM_ARRAY_JOB_ID:  39542290

Attaching package: ‘dplyr’

The following objects are masked from ‘package:stats’:

    filter, lag

The following objects are masked from ‘package:base’:

    intersect, setdiff, setequal, union


Attaching package: ‘geex’

The following object is masked from ‘package:methods’:

    show

[1] 1000
Maximizing -- use negfn and neggr
[1] "starting mle"
1567.553 sec elapsed
$beta_est
                                 psi_updated
[1,] 0.9747803 2.012562 2.927004    1.023802

$se_est
           [,1]       [,2]       [,3]
[1,] 0.04665723 0.04686734 0.03850738

