SLURM_JOBID:  39542410
SLURM_ARRAY_TASK_ID:  44
SLURM_ARRAY_JOB_ID:  39542290

Attaching package: ‘dplyr’

The following objects are masked from ‘package:stats’:

    filter, lag

The following objects are masked from ‘package:base’:

    intersect, setdiff, setequal, union


Attaching package: ‘geex’

The following object is masked from ‘package:methods’:

    show

[1] 1000
Maximizing -- use negfn and neggr
[1] "starting mle"
1366.714 sec elapsed
$beta_est
                                psi_updated
[1,] 1.031178 1.978266 2.941358    1.047915

$se_est
           [,1]       [,2]      [,3]
[1,] 0.04876329 0.05159816 0.0410276

