SLURM_JOBID:  39542986
SLURM_ARRAY_TASK_ID:  303
SLURM_ARRAY_JOB_ID:  39542290

Attaching package: ‘dplyr’

The following objects are masked from ‘package:stats’:

    filter, lag

The following objects are masked from ‘package:base’:

    intersect, setdiff, setequal, union


Attaching package: ‘geex’

The following object is masked from ‘package:methods’:

    show

[1] 1000
Maximizing -- use negfn and neggr
[1] "starting mle"
2836.193 sec elapsed
$beta_est
                                psi_updated
[1,] 1.022947 1.953587 2.930623    1.004047

$se_est
          [,1]       [,2]       [,3]
[1,] 0.0447627 0.04920296 0.03312772

