SLURM_JOBID:  39543089
SLURM_ARRAY_TASK_ID:  404
SLURM_ARRAY_JOB_ID:  39542290

Attaching package: ‘dplyr’

The following objects are masked from ‘package:stats’:

    filter, lag

The following objects are masked from ‘package:base’:

    intersect, setdiff, setequal, union


Attaching package: ‘geex’

The following object is masked from ‘package:methods’:

    show

[1] 1000
Maximizing -- use negfn and neggr
[1] "starting mle"
1349.119 sec elapsed
$beta_est
                              psi_updated
[1,] 1.129086 1.9825 2.971335   0.9511777

$se_est
           [,1]       [,2]       [,3]
[1,] 0.04329174 0.04475741 0.03160659

