SLURM_JOBID:  39543551
SLURM_ARRAY_TASK_ID:  556
SLURM_ARRAY_JOB_ID:  39542290

Attaching package: ‘dplyr’

The following objects are masked from ‘package:stats’:

    filter, lag

The following objects are masked from ‘package:base’:

    intersect, setdiff, setequal, union


Attaching package: ‘geex’

The following object is masked from ‘package:methods’:

    show

[1] 1000
Maximizing -- use negfn and neggr
[1] "starting mle"
Warning message:
In stode(y, times, func, parms = parms, ...) : steady-state not reached
18340.848 sec elapsed
$beta_est
                                psi_updated
[1,] 1.008392 2.020438 3.051724   0.9985209

$se_est
           [,1]       [,2]       [,3]
[1,] 0.04565708 0.05173045 0.03762533

