SLURM_JOBID:  39542940
SLURM_ARRAY_TASK_ID:  260
SLURM_ARRAY_JOB_ID:  39542290

Attaching package: ‘dplyr’

The following objects are masked from ‘package:stats’:

    filter, lag

The following objects are masked from ‘package:base’:

    intersect, setdiff, setequal, union


Attaching package: ‘geex’

The following object is masked from ‘package:methods’:

    show

[1] 1000
Maximizing -- use negfn and neggr
[1] "starting mle"
1655.215 sec elapsed
$beta_est
                                psi_updated
[1,] 0.9238459 1.902808 3.02381   0.9983376

$se_est
           [,1]       [,2]       [,3]
[1,] 0.04435591 0.04261474 0.03080893

