SLURM_JOBID:  39543015
SLURM_ARRAY_TASK_ID:  332
SLURM_ARRAY_JOB_ID:  39542290

Attaching package: ‘dplyr’

The following objects are masked from ‘package:stats’:

    filter, lag

The following objects are masked from ‘package:base’:

    intersect, setdiff, setequal, union


Attaching package: ‘geex’

The following object is masked from ‘package:methods’:

    show

[1] 1000
Maximizing -- use negfn and neggr
[1] "starting mle"
2840.582 sec elapsed
$beta_est
                                psi_updated
[1,] 0.987491 2.044445 3.052143    1.033544

$se_est
           [,1]       [,2]       [,3]
[1,] 0.04780797 0.04664963 0.03863663

