SLURM_JOBID:  39543653
SLURM_ARRAY_TASK_ID:  654
SLURM_ARRAY_JOB_ID:  39542290

Attaching package: ‘dplyr’

The following objects are masked from ‘package:stats’:

    filter, lag

The following objects are masked from ‘package:base’:

    intersect, setdiff, setequal, union


Attaching package: ‘geex’

The following object is masked from ‘package:methods’:

    show

[1] 1000
Maximizing -- use negfn and neggr
[1] "starting mle"
2890.792 sec elapsed
$beta_est
                                 psi_updated
[1,] 0.9839202 1.999803 3.056902    1.009317

$se_est
          [,1]       [,2]       [,3]
[1,] 0.0449187 0.04757822 0.03362663

