SLURM_JOBID:  39543684
SLURM_ARRAY_TASK_ID:  685
SLURM_ARRAY_JOB_ID:  39542290

Attaching package: ‘dplyr’

The following objects are masked from ‘package:stats’:

    filter, lag

The following objects are masked from ‘package:base’:

    intersect, setdiff, setequal, union


Attaching package: ‘geex’

The following object is masked from ‘package:methods’:

    show

[1] 1000
Maximizing -- use negfn and neggr
[1] "starting mle"
2852.1 sec elapsed
$beta_est
                                psi_updated
[1,] 1.048685 2.033496 2.990722   0.9927941

$se_est
           [,1]      [,2]       [,3]
[1,] 0.04567822 0.0428268 0.03037094

