SLURM_JOBID:  39544646
SLURM_ARRAY_TASK_ID:  915
SLURM_ARRAY_JOB_ID:  39542290

Attaching package: ‘dplyr’

The following objects are masked from ‘package:stats’:

    filter, lag

The following objects are masked from ‘package:base’:

    intersect, setdiff, setequal, union


Attaching package: ‘geex’

The following object is masked from ‘package:methods’:

    show

[1] 1000
Maximizing -- use negfn and neggr
[1] "starting mle"
3025.122 sec elapsed
$beta_est
                                 psi_updated
[1,] 0.9861348 1.947393 3.017002    1.019675

$se_est
           [,1]       [,2]      [,3]
[1,] 0.04676517 0.04899162 0.0323289

