SLURM_JOBID:  39543781
SLURM_ARRAY_TASK_ID:  781
SLURM_ARRAY_JOB_ID:  39542290

Attaching package: ‘dplyr’

The following objects are masked from ‘package:stats’:

    filter, lag

The following objects are masked from ‘package:base’:

    intersect, setdiff, setequal, union


Attaching package: ‘geex’

The following object is masked from ‘package:methods’:

    show

[1] 1000
Maximizing -- use negfn and neggr
[1] "starting mle"
2998.559 sec elapsed
$beta_est
                                psi_updated
[1,] 0.9888947 1.998477 3.01597   0.9831711

$se_est
           [,1]       [,2]       [,3]
[1,] 0.04483374 0.04967387 0.03376544

