SLURM_JOBID:  39544476
SLURM_ARRAY_TASK_ID:  825
SLURM_ARRAY_JOB_ID:  39542290

Attaching package: ‘dplyr’

The following objects are masked from ‘package:stats’:

    filter, lag

The following objects are masked from ‘package:base’:

    intersect, setdiff, setequal, union


Attaching package: ‘geex’

The following object is masked from ‘package:methods’:

    show

[1] 1000
Maximizing -- use negfn and neggr
[1] "starting mle"
1335.273 sec elapsed
$beta_est
                                 psi_updated
[1,] 0.9962538 2.025583 2.971466   0.9823965

$se_est
           [,1]       [,2]       [,3]
[1,] 0.04420509 0.04518382 0.03057733

