SLURM_JOBID:  39542933
SLURM_ARRAY_TASK_ID:  253
SLURM_ARRAY_JOB_ID:  39542290

Attaching package: ‘dplyr’

The following objects are masked from ‘package:stats’:

    filter, lag

The following objects are masked from ‘package:base’:

    intersect, setdiff, setequal, union


Attaching package: ‘geex’

The following object is masked from ‘package:methods’:

    show

[1] 1000
Maximizing -- use negfn and neggr
[1] "starting mle"
2855.702 sec elapsed
$beta_est
                                psi_updated
[1,] 1.032834 2.074784 2.970003   0.9593172

$se_est
           [,1]       [,2]       [,3]
[1,] 0.04583328 0.04707988 0.03583859

