SLURM_JOBID:  39543158
SLURM_ARRAY_TASK_ID:  473
SLURM_ARRAY_JOB_ID:  39542290

Attaching package: ‘dplyr’

The following objects are masked from ‘package:stats’:

    filter, lag

The following objects are masked from ‘package:base’:

    intersect, setdiff, setequal, union


Attaching package: ‘geex’

The following object is masked from ‘package:methods’:

    show

[1] 1000
Maximizing -- use negfn and neggr
[1] "starting mle"
1688.511 sec elapsed
$beta_est
                                psi_updated
[1,] 1.017747 2.023841 3.096815    1.012704

$se_est
           [,1]       [,2]       [,3]
[1,] 0.04643674 0.04617477 0.03489266

