SLURM_JOBID:  39544730
SLURM_ARRAY_TASK_ID:  951
SLURM_ARRAY_JOB_ID:  39542290

Attaching package: ‘dplyr’

The following objects are masked from ‘package:stats’:

    filter, lag

The following objects are masked from ‘package:base’:

    intersect, setdiff, setequal, union


Attaching package: ‘geex’

The following object is masked from ‘package:methods’:

    show

[1] 1000
Maximizing -- use negfn and neggr
[1] "starting mle"
1454.009 sec elapsed
$beta_est
                                psi_updated
[1,] 0.9808168 2.002839 2.99591   0.9982985

$se_est
           [,1]       [,2]       [,3]
[1,] 0.04660466 0.04609203 0.03648462

