SLURM_JOBID:  39543649
SLURM_ARRAY_TASK_ID:  650
SLURM_ARRAY_JOB_ID:  39542290

Attaching package: ‘dplyr’

The following objects are masked from ‘package:stats’:

    filter, lag

The following objects are masked from ‘package:base’:

    intersect, setdiff, setequal, union


Attaching package: ‘geex’

The following object is masked from ‘package:methods’:

    show

[1] 1000
Maximizing -- use negfn and neggr
[1] "starting mle"
2749.589 sec elapsed
$beta_est
                               psi_updated
[1,] 1.04827 2.007828 2.943237   0.9555718

$se_est
           [,1]       [,2]       [,3]
[1,] 0.04384668 0.04343912 0.03053448

