SLURM_JOBID:  47965394
SLURM_ARRAY_TASK_ID:  12
SLURM_ARRAY_JOB_ID:  47963533

Attaching package: ‘dplyr’

The following objects are masked from ‘package:stats’:

    filter, lag

The following objects are masked from ‘package:base’:

    intersect, setdiff, setequal, union


Attaching package: ‘geex’

The following object is masked from ‘package:methods’:

    show

[1] 1000
[1] 0.488
[1] "starting acc"
Warning message:
In stode(y, times, func, parms = parms, ...) : steady-state not reached
[1] "starting macc"
[1] "starting aipw"
Warning message:
In stode(y, times, func, parms = parms, ...) : steady-state not reached
[1] "starting mle"
33361.35 sec elapsed
