SLURM_JOBID:  39328262
SLURM_ARRAY_TASK_ID:  534
SLURM_ARRAY_JOB_ID:  39324208

Attaching package: ‘dplyr’

The following objects are masked from ‘package:stats’:

    filter, lag

The following objects are masked from ‘package:base’:

    intersect, setdiff, setequal, union


Attaching package: ‘geex’

The following object is masked from ‘package:methods’:

    show

[1] 1000
Maximizing -- use negfn and neggr
[1] "A is done"
           [,1]       [,2]       [,3]
[1,] 0.04999255 0.03359132 0.04499614
[2,] 0.02004037 0.02250206 0.01418806
[3,] 0.08841905 0.03476072 0.08690695
[1] "A is done"
            [,1]       [,2]        [,3]
[1,]  0.02661353 0.01415513  0.02401726
[2,] -0.01621985 0.03205890 -0.02359646
[3,]  0.08023847 0.01712469  0.09466696
13604.232 sec elapsed
