SLURM_JOBID:  39328173
SLURM_ARRAY_TASK_ID:  484
SLURM_ARRAY_JOB_ID:  39324208

Attaching package: ‘dplyr’

The following objects are masked from ‘package:stats’:

    filter, lag

The following objects are masked from ‘package:base’:

    intersect, setdiff, setequal, union


Attaching package: ‘geex’

The following object is masked from ‘package:methods’:

    show

[1] 1000
Maximizing -- use negfn and neggr
[1] "A is done"
            [,1]         [,2]        [,3]
[1,]  0.01768647  0.004749393  0.01364045
[2,] -0.01464539 -0.005405608 -0.01488232
[3,]  0.05140344 -0.018170457  0.06065123
[1] "A is done"
             [,1]          [,2]         [,3]
[1,] -0.018278355 -0.0008181366 -0.026536442
[2,]  0.006492645  0.0079460128  0.006419576
[3,]  0.171783173  0.0150400579  0.205838889
19767.822 sec elapsed
