SLURM_JOBID:  39328031
SLURM_ARRAY_TASK_ID:  361
SLURM_ARRAY_JOB_ID:  39324208

Attaching package: ‘dplyr’

The following objects are masked from ‘package:stats’:

    filter, lag

The following objects are masked from ‘package:base’:

    intersect, setdiff, setequal, union


Attaching package: ‘geex’

The following object is masked from ‘package:methods’:

    show

[1] 1000
Maximizing -- use negfn and neggr
[1] "A is done"
           [,1]          [,2]       [,3]
[1,] 0.14888957 -0.0008728968 0.13353805
[2,] 0.06517959  0.0120256245 0.07366846
[3,] 0.51584029  0.0394750437 0.50768085
[1] "A is done"
           [,1]        [,2]       [,3]
[1,]  0.3637030  0.01025281  0.3691286
[2,]  0.7499393  0.09286362  0.8506782
[3,] -1.8535053 -0.14269987 -1.9951912
14651.555 sec elapsed
