SLURM_JOBID:  39329458
SLURM_ARRAY_TASK_ID:  788
SLURM_ARRAY_JOB_ID:  39324208

Attaching package: ‘dplyr’

The following objects are masked from ‘package:stats’:

    filter, lag

The following objects are masked from ‘package:base’:

    intersect, setdiff, setequal, union


Attaching package: ‘geex’

The following object is masked from ‘package:methods’:

    show

[1] 1000
Maximizing -- use negfn and neggr
[1] "A is done"
            [,1]        [,2]        [,3]
[1,]  0.03724568 0.002067095 0.017841256
[2,] -0.00595662 0.008329234 0.000230005
[3,]  0.05180144 0.012138150 0.028280196
[1] "A is done"
            [,1]         [,2]        [,3]
[1,]  0.05715551 -0.007978748 0.025196144
[2,] -0.01466136  0.029019133 0.003857227
[3,]  0.04916061  0.029033974 0.036965781
14702.505 sec elapsed
