SLURM_JOBID:  39328278
SLURM_ARRAY_TASK_ID:  544
SLURM_ARRAY_JOB_ID:  39324208

Attaching package: ‘dplyr’

The following objects are masked from ‘package:stats’:

    filter, lag

The following objects are masked from ‘package:base’:

    intersect, setdiff, setequal, union


Attaching package: ‘geex’

The following object is masked from ‘package:methods’:

    show

[1] 1000
Maximizing -- use negfn and neggr
[1] "A is done"
            [,1]         [,2]        [,3]
[1,]  0.05535022 -0.002591083  0.02807102
[2,] -0.03616958  0.005054167 -0.02019484
[3,]  0.07076050 -0.009302134  0.04006504
[1] "A is done"
             [,1]         [,2]        [,3]
[1,]  0.061411706  0.001483947  0.03175870
[2,] -0.071931798  0.006782611 -0.04313992
[3,] -0.001515069 -0.017118847  0.00918360
6765.638 sec elapsed
