SLURM_JOBID:  39327823
SLURM_ARRAY_TASK_ID:  188
SLURM_ARRAY_JOB_ID:  39324208

Attaching package: ‘dplyr’

The following objects are masked from ‘package:stats’:

    filter, lag

The following objects are masked from ‘package:base’:

    intersect, setdiff, setequal, union


Attaching package: ‘geex’

The following object is masked from ‘package:methods’:

    show

[1] 1000
Maximizing -- use negfn and neggr
[1] "A is done"
             [,1]        [,2]         [,3]
[1,]  0.037769138 0.003656605  0.003026642
[2,] -0.008510905 0.001957616 -0.033482637
[3,]  0.018997779 0.045516426  0.160630010
[1] "A is done"
            [,1]        [,2]        [,3]
[1,]  0.03891876 -0.01443712 -0.05299827
[2,] -0.01819471 -0.01223069 -0.08947332
[3,]  0.07287406  0.06907141  0.27246327
14342.972 sec elapsed
