SLURM_JOBID:  39332475
SLURM_ARRAY_TASK_ID:  860
SLURM_ARRAY_JOB_ID:  39324208

Attaching package: ‘dplyr’

The following objects are masked from ‘package:stats’:

    filter, lag

The following objects are masked from ‘package:base’:

    intersect, setdiff, setequal, union


Attaching package: ‘geex’

The following object is masked from ‘package:methods’:

    show

[1] 1000
Maximizing -- use negfn and neggr
[1] "A is done"
             [,1]       [,2]        [,3]
[1,]  0.069215000 0.03598671 0.051968438
[2,] -0.007765548 0.03032832 0.008044386
[3,]  0.201509375 0.15124468 0.178227440
[1] "A is done"
            [,1]       [,2]         [,3]
[1,]  0.01346235 -0.0324005 -0.008429716
[2,] -0.03966688 -0.0163857 -0.029742190
[3,]  0.24050440  0.2300139  0.250667600
8685.851 sec elapsed
