SLURM_JOBID:  39328379
SLURM_ARRAY_TASK_ID:  591
SLURM_ARRAY_JOB_ID:  39324208

Attaching package: ‘dplyr’

The following objects are masked from ‘package:stats’:

    filter, lag

The following objects are masked from ‘package:base’:

    intersect, setdiff, setequal, union


Attaching package: ‘geex’

The following object is masked from ‘package:methods’:

    show

[1] 1000
Maximizing -- use negfn and neggr
[1] "A is done"
             [,1]         [,2]          [,3]
[1,]  0.058578454 -0.006659075  0.0183713325
[2,] -0.002436679  0.005890937 -0.0001718375
[3,]  0.023341708 -0.011428150  0.0058240127
[1] "A is done"
           [,1]        [,2]        [,3]
[1,] 0.04186722 0.002473479 0.015157977
[2,] 0.01262677 0.022404515 0.008141897
[3,] 0.05772513 0.007344266 0.024622889
13259.9 sec elapsed
