SLURM_JOBID:  39327988
SLURM_ARRAY_TASK_ID:  327
SLURM_ARRAY_JOB_ID:  39324208

Attaching package: ‘dplyr’

The following objects are masked from ‘package:stats’:

    filter, lag

The following objects are masked from ‘package:base’:

    intersect, setdiff, setequal, union


Attaching package: ‘geex’

The following object is masked from ‘package:methods’:

    show

[1] 1000
Maximizing -- use negfn and neggr
[1] "A is done"
              [,1]         [,2]        [,3]
[1,]  0.0493866745 0.0121825789 0.020181027
[2,] -0.0006442824 0.0144673087 0.001395397
[3,]  0.0206952127 0.0007392081 0.008358465
[1] "A is done"
           [,1]        [,2]        [,3]
[1,] 0.04876066 0.008045641 0.021909285
[2,] 0.01161640 0.023072190 0.007380529
[3,] 0.01646037 0.005701099 0.009939115
15048.601 sec elapsed
