SLURM_JOBID:  39328346
SLURM_ARRAY_TASK_ID:  576
SLURM_ARRAY_JOB_ID:  39324208

Attaching package: ‘dplyr’

The following objects are masked from ‘package:stats’:

    filter, lag

The following objects are masked from ‘package:base’:

    intersect, setdiff, setequal, union


Attaching package: ‘geex’

The following object is masked from ‘package:methods’:

    show

[1] 1000
Maximizing -- use negfn and neggr
[1] "A is done"
            [,1]          [,2]        [,3]
[1,]  0.02122433 -0.0001461591  0.01207860
[2,] -0.01270273  0.0057568290 -0.01187297
[3,]  0.06165669 -0.0086532096  0.06060806
[1] "A is done"
             [,1]        [,2]        [,3]
[1,]  0.003944312  0.00513192 -0.01375679
[2,] -0.019933382  0.02067901 -0.02640879
[3,]  0.091197326 -0.02569473  0.12670170
13784.848 sec elapsed
