SLURM_JOBID:  39328097
SLURM_ARRAY_TASK_ID:  418
SLURM_ARRAY_JOB_ID:  39324208

Attaching package: ‘dplyr’

The following objects are masked from ‘package:stats’:

    filter, lag

The following objects are masked from ‘package:base’:

    intersect, setdiff, setequal, union


Attaching package: ‘geex’

The following object is masked from ‘package:methods’:

    show

[1] 1000
Maximizing -- use negfn and neggr
[1] "A is done"
              [,1]        [,2]         [,3]
[1,]  0.0724107555 0.024864961  0.035996879
[2,] -0.0005962093 0.005027947 -0.001017756
[3,]  0.1483584235 0.048095322  0.083086411
[1] "A is done"
              [,1]         [,2]         [,3]
[1,] -0.0008537199 -0.004299906 -0.006644267
[2,] -0.0064688274  0.002263756 -0.003028345
[3,]  0.1822301211  0.078435074  0.123212159
13748.323 sec elapsed
