SLURM_JOBID:  39328116
SLURM_ARRAY_TASK_ID:  437
SLURM_ARRAY_JOB_ID:  39324208

Attaching package: ‘dplyr’

The following objects are masked from ‘package:stats’:

    filter, lag

The following objects are masked from ‘package:base’:

    intersect, setdiff, setequal, union


Attaching package: ‘geex’

The following object is masked from ‘package:methods’:

    show

[1] 1000
Maximizing -- use negfn and neggr
[1] "A is done"
             [,1]        [,2]          [,3]
[1,]  0.007617564 0.005412267  0.0008406368
[2,] -0.004996824 0.016592091 -0.0103931837
[3,]  0.054239700 0.008269122  0.0629354318
[1] "A is done"
             [,1]        [,2]        [,3]
[1,] -0.019768663 -0.01269007 -0.03698011
[2,] -0.006102242  0.01252739 -0.01048312
[3,]  0.162942747  0.09375907  0.20924159
14688.01 sec elapsed
