SLURM_JOBID:  39327700
SLURM_ARRAY_TASK_ID:  78
SLURM_ARRAY_JOB_ID:  39324208

Attaching package: ‘dplyr’

The following objects are masked from ‘package:stats’:

    filter, lag

The following objects are masked from ‘package:base’:

    intersect, setdiff, setequal, union


Attaching package: ‘geex’

The following object is masked from ‘package:methods’:

    show

[1] 1000
Maximizing -- use negfn and neggr
[1] "A is done"
           [,1]       [,2]       [,3]
[1,] 0.03016166 0.02107902 0.01905726
[2,] 0.02017030 0.04433854 0.02973887
[3,] 0.05343237 0.08696243 0.06175662
[1] "A is done"
           [,1]        [,2]        [,3]
[1,] 0.02452516 0.002996593 0.005486781
[2,] 0.03494721 0.062715785 0.049885938
[3,] 0.05215051 0.114733961 0.089253709
9318.058 sec elapsed
