SLURM_JOBID:  39327683
SLURM_ARRAY_TASK_ID:  69
SLURM_ARRAY_JOB_ID:  39324208

Attaching package: ‘dplyr’

The following objects are masked from ‘package:stats’:

    filter, lag

The following objects are masked from ‘package:base’:

    intersect, setdiff, setequal, union


Attaching package: ‘geex’

The following object is masked from ‘package:methods’:

    show

[1] 1000
Maximizing -- use negfn and neggr
[1] "A is done"
            [,1]        [,2]        [,3]
[1,]  0.09421357 0.008267709  0.05862027
[2,] -0.02319977 0.005769304 -0.01000586
[3,]  0.14499383 0.027858325  0.09888036
[1] "A is done"
            [,1]        [,2]       [,3]
[1,] 0.070351515 0.009399648 0.05187509
[2,] 0.009771485 0.032945481 0.01780376
[3,] 0.143060065 0.026474207 0.09803569
14089.245 sec elapsed
