SLURM_JOBID:  39328396
SLURM_ARRAY_TASK_ID:  599
SLURM_ARRAY_JOB_ID:  39324208

Attaching package: ‘dplyr’

The following objects are masked from ‘package:stats’:

    filter, lag

The following objects are masked from ‘package:base’:

    intersect, setdiff, setequal, union


Attaching package: ‘geex’

The following object is masked from ‘package:methods’:

    show

[1] 1000
Maximizing -- use negfn and neggr
[1] "A is done"
             [,1]        [,2]        [,3]
[1,]  0.042018367 0.025054409  0.02235066
[2,] -0.009046674 0.001684515 -0.02128776
[3,]  0.118340742 0.030725811  0.15567198
[1] "A is done"
              [,1]         [,2]        [,3]
[1,] -0.0091335665  0.004000173 -0.05182431
[2,]  0.0007207981 -0.002196441 -0.01281047
[3,]  0.1865267180  0.079868773  0.31348092
15307.176 sec elapsed
