SLURM_JOBID:  39328101
SLURM_ARRAY_TASK_ID:  422
SLURM_ARRAY_JOB_ID:  39324208

Attaching package: ‘dplyr’

The following objects are masked from ‘package:stats’:

    filter, lag

The following objects are masked from ‘package:base’:

    intersect, setdiff, setequal, union


Attaching package: ‘geex’

The following object is masked from ‘package:methods’:

    show

[1] 1000
Maximizing -- use negfn and neggr
[1] "A is done"
             [,1]         [,2]         [,3]
[1,]  0.041143662 -0.003763947  0.019874205
[2,] -0.009257363  0.003413655 -0.005008825
[3,]  0.026959061 -0.005581071  0.013753599
[1] "A is done"
            [,1]         [,2]        [,3]
[1,]  0.04252036 -0.002824852  0.02240896
[2,] -0.03503019  0.011876215 -0.02092909
[3,] -0.02109337 -0.006136651 -0.00964834
13549.35 sec elapsed
