SLURM_JOBID:  39329430
SLURM_ARRAY_TASK_ID:  772
SLURM_ARRAY_JOB_ID:  39324208

Attaching package: ‘dplyr’

The following objects are masked from ‘package:stats’:

    filter, lag

The following objects are masked from ‘package:base’:

    intersect, setdiff, setequal, union


Attaching package: ‘geex’

The following object is masked from ‘package:methods’:

    show

[1] 1000
Maximizing -- use negfn and neggr
[1] "A is done"
           [,1]       [,2]       [,3]
[1,] 0.04923261 0.01043192 0.02812782
[2,] 0.03399265 0.04247201 0.03811512
[3,] 0.14683160 0.09534134 0.12320040
[1] "A is done"
            [,1]        [,2]        [,3]
[1,] -0.01395756 -0.03807979 -0.03674684
[2,]  0.03046280  0.04826564  0.04214010
[3,]  0.20556785  0.15167786  0.21789201
13534.585 sec elapsed
