SLURM_JOBID:  39329135
SLURM_ARRAY_TASK_ID:  659
SLURM_ARRAY_JOB_ID:  39324208

Attaching package: ‘dplyr’

The following objects are masked from ‘package:stats’:

    filter, lag

The following objects are masked from ‘package:base’:

    intersect, setdiff, setequal, union


Attaching package: ‘geex’

The following object is masked from ‘package:methods’:

    show

[1] 1000
Maximizing -- use negfn and neggr
[1] "A is done"
            [,1]        [,2]         [,3]
[1,] -0.02252615 -0.01521323 -0.052969685
[2,]  0.00859078  0.01215823  0.009627864
[3,]  0.05312661  0.03457006  0.123583996
[1] "A is done"
            [,1]        [,2]        [,3]
[1,] -0.01837841 -0.02458260 -0.09180525
[2,]  0.01828133  0.03051431  0.03235253
[3,]  0.06367623  0.07412769  0.23780636
13899.246 sec elapsed
