SLURM_JOBID:  39328197
SLURM_ARRAY_TASK_ID:  498
SLURM_ARRAY_JOB_ID:  39324208

Attaching package: ‘dplyr’

The following objects are masked from ‘package:stats’:

    filter, lag

The following objects are masked from ‘package:base’:

    intersect, setdiff, setequal, union


Attaching package: ‘geex’

The following object is masked from ‘package:methods’:

    show

[1] 1000
Maximizing -- use negfn and neggr
[1] "A is done"
           [,1]         [,2]        [,3]
[1,] 0.01659929 0.0019330247 0.007220171
[2,] 0.00708967 0.0045180603 0.003816986
[3,] 0.01966511 0.0007742888 0.008234031
[1] "A is done"
            [,1]        [,2]        [,3]
[1,] -0.05446641 -0.02508593 -0.03015791
[2,] -0.19322499 -0.07216796 -0.10310910
[3,]  0.24759661  0.05374458  0.12412993
6616.483 sec elapsed
