SLURM_JOBID:  39332418
SLURM_ARRAY_TASK_ID:  853
SLURM_ARRAY_JOB_ID:  39324208

Attaching package: ‘dplyr’

The following objects are masked from ‘package:stats’:

    filter, lag

The following objects are masked from ‘package:base’:

    intersect, setdiff, setequal, union


Attaching package: ‘geex’

The following object is masked from ‘package:methods’:

    show

[1] 1000
Maximizing -- use negfn and neggr
[1] "A is done"
            [,1]        [,2]        [,3]
[1,]  0.04038608 0.005493948  0.02675956
[2,] -0.02216895 0.006541772 -0.01272530
[3,]  0.13782605 0.053190775  0.10309585
[1] "A is done"
             [,1]        [,2]         [,3]
[1,] -0.008445204 -0.01336096 -0.012462539
[2,] -0.015887966  0.01790935 -0.006530818
[3,]  0.206721382  0.10280273  0.192811938
6562.084 sec elapsed
