SLURM_JOBID:  39333382
SLURM_ARRAY_TASK_ID:  920
SLURM_ARRAY_JOB_ID:  39324208

Attaching package: ‘dplyr’

The following objects are masked from ‘package:stats’:

    filter, lag

The following objects are masked from ‘package:base’:

    intersect, setdiff, setequal, union


Attaching package: ‘geex’

The following object is masked from ‘package:methods’:

    show

[1] 1000
Maximizing -- use negfn and neggr
[1] "A is done"
            [,1]        [,2]         [,3]
[1,]  0.02094534 -0.01020260 -0.002006559
[2,] -0.01847128 -0.01160864 -0.023914136
[3,]  0.02521492  0.01218386  0.027357946
[1] "A is done"
             [,1]          [,2]         [,3]
[1,]  0.041630421  0.0057551743  0.018375284
[2,] -0.007703126  0.0006421983 -0.004163381
[3,]  0.001681782 -0.0087871296  0.011529956
6708.831 sec elapsed
