SLURM_JOBID:  39329396
SLURM_ARRAY_TASK_ID:  758
SLURM_ARRAY_JOB_ID:  39324208

Attaching package: ‘dplyr’

The following objects are masked from ‘package:stats’:

    filter, lag

The following objects are masked from ‘package:base’:

    intersect, setdiff, setequal, union


Attaching package: ‘geex’

The following object is masked from ‘package:methods’:

    show

[1] 1000
Maximizing -- use negfn and neggr
[1] "A is done"
            [,1]         [,2]         [,3]
[1,]  0.02983207 -0.011693632 -0.002907235
[2,] -0.02996431 -0.003659432 -0.029515886
[3,]  0.08845567  0.040461769  0.099696826
[1] "A is done"
            [,1]         [,2]         [,3]
[1,]  0.03673529 -0.018675436  0.003750058
[2,] -0.03644272 -0.005982441 -0.024622832
[3,]  0.21697939  0.141319134  0.274573969
12285.488 sec elapsed
