SLURM_JOBID:  39329187
SLURM_ARRAY_TASK_ID:  685
SLURM_ARRAY_JOB_ID:  39324208

Attaching package: ‘dplyr’

The following objects are masked from ‘package:stats’:

    filter, lag

The following objects are masked from ‘package:base’:

    intersect, setdiff, setequal, union


Attaching package: ‘geex’

The following object is masked from ‘package:methods’:

    show

[1] 1000
Maximizing -- use negfn and neggr
[1] "A is done"
              [,1]         [,2]        [,3]
[1,]  0.1178726825  0.029574950 0.086023490
[2,] -0.0002873867 -0.003026722 0.000198405
[3,]  0.1863949310  0.042402607 0.142053270
[1] "A is done"
            [,1]         [,2]        [,3]
[1,]  0.11180885  0.022188482  0.08851919
[2,] -0.04531524 -0.004041859 -0.03547634
[3,]  0.29062091  0.081939614  0.26877268
8329.304 sec elapsed
