SLURM_JOBID:  39333937
SLURM_ARRAY_TASK_ID:  938
SLURM_ARRAY_JOB_ID:  39324208

Attaching package: ‘dplyr’

The following objects are masked from ‘package:stats’:

    filter, lag

The following objects are masked from ‘package:base’:

    intersect, setdiff, setequal, union


Attaching package: ‘geex’

The following object is masked from ‘package:methods’:

    show

[1] 1000
Maximizing -- use negfn and neggr
[1] "A is done"
            [,1]        [,2]         [,3]
[1,]  0.12249281 0.003661334  0.047202268
[2,] -0.02421081 0.014541280 -0.005170454
[3,]  0.10439488 0.019754667  0.045645146
[1] "A is done"
            [,1]        [,2]        [,3]
[1,]  0.09553581 -0.01854119  0.03400183
[2,] -0.07581034 -0.02508222 -0.04093303
[3,]  0.20714853  0.06928761  0.11317051
14256.589 sec elapsed
