SLURM_JOBID:  39332278
SLURM_ARRAY_TASK_ID:  838
SLURM_ARRAY_JOB_ID:  39324208

Attaching package: ‘dplyr’

The following objects are masked from ‘package:stats’:

    filter, lag

The following objects are masked from ‘package:base’:

    intersect, setdiff, setequal, union


Attaching package: ‘geex’

The following object is masked from ‘package:methods’:

    show

[1] 1000
Maximizing -- use negfn and neggr
[1] "A is done"
            [,1]        [,2]        [,3]
[1,]  0.28603874  0.10597718  0.07563672
[2,]  0.06471853  0.04215213  0.02107275
[3,] -0.12884877 -0.04286173 -0.03299979
[1] "A is done"
           [,1]        [,2]       [,3]
[1,]  0.4138752  0.15376481  0.1213980
[2,]  0.1070664  0.06256159  0.0343085
[3,] -0.5893455 -0.24491688 -0.1877087
12997.961 sec elapsed
