SLURM_JOBID:  39329108
SLURM_ARRAY_TASK_ID:  651
SLURM_ARRAY_JOB_ID:  39324208

Attaching package: ‘dplyr’

The following objects are masked from ‘package:stats’:

    filter, lag

The following objects are masked from ‘package:base’:

    intersect, setdiff, setequal, union


Attaching package: ‘geex’

The following object is masked from ‘package:methods’:

    show

[1] 1000
Maximizing -- use negfn and neggr
[1] "A is done"
            [,1]        [,2]        [,3]
[1,] 0.003492847 0.003392171 0.002632229
[2,] 0.003726176 0.014640669 0.007202148
[3,] 0.066722087 0.084399114 0.112237060
[1] "A is done"
             [,1]         [,2]        [,3]
[1,] -0.012622614 -0.027991992 -0.03355744
[2,] -0.002759309 -0.007124298 -0.00712296
[3,]  0.096361389  0.183892061  0.22292541
7352.609 sec elapsed
