SLURM_JOBID:  39328044
SLURM_ARRAY_TASK_ID:  374
SLURM_ARRAY_JOB_ID:  39324208

Attaching package: ‘dplyr’

The following objects are masked from ‘package:stats’:

    filter, lag

The following objects are masked from ‘package:base’:

    intersect, setdiff, setequal, union


Attaching package: ‘geex’

The following object is masked from ‘package:methods’:

    show

[1] 1000
Maximizing -- use negfn and neggr
[1] "A is done"
           [,1]       [,2]       [,3]
[1,] 0.16165645 0.06194755 0.08312792
[2,] 0.03537938 0.02078962 0.02122803
[3,] 0.12178645 0.06941489 0.09142675
[1] "A is done"
           [,1]       [,2]       [,3]
[1,] 0.19500097 0.08690749 0.10584869
[2,] 0.11430498 0.07315977 0.07498330
[3,] 0.09395375 0.06159303 0.09310024
14075.593 sec elapsed
