SLURM_JOBID:  39329321
SLURM_ARRAY_TASK_ID:  724
SLURM_ARRAY_JOB_ID:  39324208

Attaching package: ‘dplyr’

The following objects are masked from ‘package:stats’:

    filter, lag

The following objects are masked from ‘package:base’:

    intersect, setdiff, setequal, union


Attaching package: ‘geex’

The following object is masked from ‘package:methods’:

    show

[1] 1000
Maximizing -- use negfn and neggr
[1] "A is done"
            [,1]        [,2]        [,3]
[1,]  0.02163875 0.002787798 -0.04523658
[2,] -0.04892635 0.034123797 -0.08983798
[3,]  0.30465323 0.061737049  0.51668306
[1] "A is done"
           [,1]        [,2]       [,3]
[1,] -0.0191029 -0.01431068 -0.1811331
[2,] -0.0416732  0.04085288 -0.1137165
[3,]  0.3048872  0.08426795  0.7204418
13805.852 sec elapsed
