SLURM_JOBID:  39327835
SLURM_ARRAY_TASK_ID:  200
SLURM_ARRAY_JOB_ID:  39324208

Attaching package: ‘dplyr’

The following objects are masked from ‘package:stats’:

    filter, lag

The following objects are masked from ‘package:base’:

    intersect, setdiff, setequal, union


Attaching package: ‘geex’

The following object is masked from ‘package:methods’:

    show

[1] 1000
Maximizing -- use negfn and neggr
[1] "A is done"
           [,1]        [,2]       [,3]
[1,] 0.37082198 0.007669178 0.05679383
[2,] 0.01992246 0.152537584 0.09477522
[3,] 0.11818396 0.204181614 0.17713407
[1] "A is done"
            [,1]       [,2]        [,3]
[1,]  0.44431970 -0.1167817 -0.02478685
[2,] -0.03817854  0.2271525  0.12628071
[3,] -0.02891902  0.3259920  0.26600750
13951.795 sec elapsed
