SLURM_JOBID:  39328176
SLURM_ARRAY_TASK_ID:  487
SLURM_ARRAY_JOB_ID:  39324208

Attaching package: ‘dplyr’

The following objects are masked from ‘package:stats’:

    filter, lag

The following objects are masked from ‘package:base’:

    intersect, setdiff, setequal, union


Attaching package: ‘geex’

The following object is masked from ‘package:methods’:

    show

[1] 1000
Maximizing -- use negfn and neggr
[1] "A is done"
            [,1]        [,2]        [,3]
[1,]  0.03251482 0.005198095  0.01784672
[2,] -0.03088041 0.013282763 -0.01750844
[3,]  0.08610865 0.013948159  0.05173343
[1] "A is done"
             [,1]        [,2]         [,3]
[1,] -0.008769146 0.002995874 -0.007214074
[2,] -0.014093514 0.009852566 -0.009961102
[3,]  0.223527669 0.069955051  0.151737398
20631.132 sec elapsed
