SLURM_JOBID:  39328008
SLURM_ARRAY_TASK_ID:  338
SLURM_ARRAY_JOB_ID:  39324208

Attaching package: ‘dplyr’

The following objects are masked from ‘package:stats’:

    filter, lag

The following objects are masked from ‘package:base’:

    intersect, setdiff, setequal, union


Attaching package: ‘geex’

The following object is masked from ‘package:methods’:

    show

[1] 1000
Maximizing -- use negfn and neggr
[1] "A is done"
            [,1]          [,2]         [,3]
[1,]  0.01140230  0.0001360385  0.005112794
[2,]  0.01672753  0.0053042493  0.011360253
[3,] -0.01221191 -0.0052416836 -0.009423534
[1] "A is done"
            [,1]        [,2]         [,3]
[1,]  0.03604703  0.01488602  0.028970065
[2,] -0.02770509  0.01456553 -0.006483414
[3,]  0.04797035 -0.01826596  0.013452890
11746.619 sec elapsed
