SLURM_JOBID:  39328230
SLURM_ARRAY_TASK_ID:  516
SLURM_ARRAY_JOB_ID:  39324208

Attaching package: ‘dplyr’

The following objects are masked from ‘package:stats’:

    filter, lag

The following objects are masked from ‘package:base’:

    intersect, setdiff, setequal, union


Attaching package: ‘geex’

The following object is masked from ‘package:methods’:

    show

[1] 1000
Maximizing -- use negfn and neggr
[1] "A is done"
             [,1]         [,2]         [,3]
[1,] -0.001743130 -0.002716208 -0.004634659
[2,] -0.002912366  0.005379696 -0.012068989
[3,]  0.018935424  0.010096385  0.056942584
[1] "A is done"
              [,1]        [,2]        [,3]
[1,] -0.0065047339 0.003198025 -0.01622661
[2,]  0.0007088549 0.005509820 -0.02639496
[3,]  0.0118480103 0.001292249  0.06199192
18868.387 sec elapsed
