SLURM_JOBID:  39327963
SLURM_ARRAY_TASK_ID:  302
SLURM_ARRAY_JOB_ID:  39324208

Attaching package: ‘dplyr’

The following objects are masked from ‘package:stats’:

    filter, lag

The following objects are masked from ‘package:base’:

    intersect, setdiff, setequal, union


Attaching package: ‘geex’

The following object is masked from ‘package:methods’:

    show

[1] 1000
Maximizing -- use negfn and neggr
[1] "A is done"
            [,1]        [,2]        [,3]
[1,]  0.10775578 -0.01233658  0.03293231
[2,] -0.02433951  0.04218336 -0.00381373
[3,]  0.04177099 -0.01299377  0.02071972
[1] "A is done"
            [,1]        [,2]        [,3]
[1,]  0.11208525 -0.01703459  0.02612571
[2,] -0.04032286  0.04130965 -0.01554819
[3,]  0.11026504  0.03438764  0.11923447
14475.688 sec elapsed
