SLURM_JOBID:  39327728
SLURM_ARRAY_TASK_ID:  106
SLURM_ARRAY_JOB_ID:  39324208

Attaching package: ‘dplyr’

The following objects are masked from ‘package:stats’:

    filter, lag

The following objects are masked from ‘package:base’:

    intersect, setdiff, setequal, union


Attaching package: ‘geex’

The following object is masked from ‘package:methods’:

    show

[1] 1000
Maximizing -- use negfn and neggr
[1] "A is done"
            [,1]          [,2]         [,3]
[1,] -0.01290842 -0.0050041735 -0.015441400
[2,]  0.00236142  0.0004820019  0.005482152
[3,]  0.04612659  0.0194097102  0.057579342
[1] "A is done"
            [,1]        [,2]        [,3]
[1,] -0.04988111 -0.03931544 -0.08221599
[2,]  0.01035385  0.01305472  0.02462742
[3,]  0.16435748  0.12142787  0.26695247
14423.043 sec elapsed
