SLURM_JOBID:  39332118
SLURM_ARRAY_TASK_ID:  811
SLURM_ARRAY_JOB_ID:  39324208

Attaching package: ‘dplyr’

The following objects are masked from ‘package:stats’:

    filter, lag

The following objects are masked from ‘package:base’:

    intersect, setdiff, setequal, union


Attaching package: ‘geex’

The following object is masked from ‘package:methods’:

    show

[1] 1000
Maximizing -- use negfn and neggr
[1] "A is done"
            [,1]          [,2]        [,3]
[1,]  0.13536294 -0.0008733773  0.05492853
[2,] -0.05582429  0.0257261628 -0.02518592
[3,]  0.25696553  0.0294574769  0.15221758
[1] "A is done"
            [,1]         [,2]        [,3]
[1,]  0.10792364 -0.019427386  0.04084941
[2,] -0.07525223  0.007025775 -0.03338916
[3,]  0.43914808  0.147940023  0.32212242
14430.519 sec elapsed
