SLURM_JOBID:  39327883
SLURM_ARRAY_TASK_ID:  235
SLURM_ARRAY_JOB_ID:  39324208

Attaching package: ‘dplyr’

The following objects are masked from ‘package:stats’:

    filter, lag

The following objects are masked from ‘package:base’:

    intersect, setdiff, setequal, union


Attaching package: ‘geex’

The following object is masked from ‘package:methods’:

    show

[1] 1000
Maximizing -- use negfn and neggr
[1] "A is done"
            [,1]       [,2]       [,3]
[1,] 0.020297097 0.01145551 0.01092404
[2,] 0.009504215 0.04927927 0.01572774
[3,] 0.026895738 0.02080408 0.03354666
[1] "A is done"
           [,1]         [,2]         [,3]
[1,] 0.00267866  0.007928896 -0.009264434
[2,] 0.01182245  0.030493248  0.009726917
[3,] 0.02017945 -0.002569713  0.041188359
14165.793 sec elapsed
