SLURM_JOBID:  39329389
SLURM_ARRAY_TASK_ID:  751
SLURM_ARRAY_JOB_ID:  39324208

Attaching package: ‘dplyr’

The following objects are masked from ‘package:stats’:

    filter, lag

The following objects are masked from ‘package:base’:

    intersect, setdiff, setequal, union


Attaching package: ‘geex’

The following object is masked from ‘package:methods’:

    show

[1] 1000
Maximizing -- use negfn and neggr
[1] "A is done"
           [,1]       [,2]       [,3]
[1,] 0.15654318 0.04831211 0.07793522
[2,] 0.04948415 0.01766869 0.02553698
[3,] 0.13469659 0.04266096 0.06748704
[1] "A is done"
          [,1]       [,2]       [,3]
[1,] 0.1174051 0.04335799 0.06429608
[2,] 0.1425378 0.03144485 0.09177965
[3,] 0.1874382 0.06019008 0.11222453
13955.236 sec elapsed
