SLURM_JOBID:  39334083
SLURM_ARRAY_TASK_ID:  944
SLURM_ARRAY_JOB_ID:  39324208

Attaching package: ‘dplyr’

The following objects are masked from ‘package:stats’:

    filter, lag

The following objects are masked from ‘package:base’:

    intersect, setdiff, setequal, union


Attaching package: ‘geex’

The following object is masked from ‘package:methods’:

    show

[1] 1000
Maximizing -- use negfn and neggr
[1] "A is done"
            [,1]       [,2]        [,3]
[1,] 0.085501009 0.04021835 0.058173926
[2,] 0.007128443 0.00969098 0.002228081
[3,] 0.123429225 0.05412468 0.094485865
[1] "A is done"
            [,1]        [,2]        [,3]
[1,]  0.05739660  0.02649888  0.04082183
[2,] -0.05705378 -0.01217518 -0.05851565
[3,]  0.18439529  0.08856430  0.17630494
10711.448 sec elapsed
