SLURM_JOBID:  39328413
SLURM_ARRAY_TASK_ID:  609
SLURM_ARRAY_JOB_ID:  39324208

Attaching package: ‘dplyr’

The following objects are masked from ‘package:stats’:

    filter, lag

The following objects are masked from ‘package:base’:

    intersect, setdiff, setequal, union


Attaching package: ‘geex’

The following object is masked from ‘package:methods’:

    show

[1] 1000
Maximizing -- use negfn and neggr
[1] "A is done"
            [,1]        [,2]        [,3]
[1,]  0.06295817 0.005347817  0.02947947
[2,] -0.01578663 0.003705803 -0.00766814
[3,]  0.15908839 0.010424540  0.07464995
[1] "A is done"
            [,1]         [,2]        [,3]
[1,] -0.03070068 -0.006119633 -0.01889176
[2,] -0.06022703 -0.001978688 -0.03083113
[3,]  0.39031848  0.044076843  0.21407200
7082.921 sec elapsed
