SLURM_JOBID:  39333412
SLURM_ARRAY_TASK_ID:  923
SLURM_ARRAY_JOB_ID:  39324208

Attaching package: ‘dplyr’

The following objects are masked from ‘package:stats’:

    filter, lag

The following objects are masked from ‘package:base’:

    intersect, setdiff, setequal, union


Attaching package: ‘geex’

The following object is masked from ‘package:methods’:

    show

[1] 1000
Maximizing -- use negfn and neggr
[1] "A is done"
           [,1]       [,2]       [,3]
[1,] 0.05248987 0.02924360 0.04070627
[2,] 0.03355336 0.02007019 0.02766213
[3,] 0.08661580 0.03461398 0.07259834
[1] "A is done"
            [,1]        [,2]         [,3]
[1,] 0.004186392 0.007446341 -0.003439607
[2,] 0.026228303 0.035454780  0.013581632
[3,] 0.147271298 0.062717312  0.169372904
10036.872 sec elapsed
