SLURM_JOBID:  39329314
SLURM_ARRAY_TASK_ID:  721
SLURM_ARRAY_JOB_ID:  39324208

Attaching package: ‘dplyr’

The following objects are masked from ‘package:stats’:

    filter, lag

The following objects are masked from ‘package:base’:

    intersect, setdiff, setequal, union


Attaching package: ‘geex’

The following object is masked from ‘package:methods’:

    show

[1] 1000
Maximizing -- use negfn and neggr
[1] "A is done"
            [,1]         [,2]         [,3]
[1,] 0.003337701 -0.006105338 -0.008271664
[2,] 0.044966426  0.021627811  0.043190228
[3,] 0.022647986  0.009802776  0.017708429
[1] "A is done"
            [,1]        [,2]          [,3]
[1,] 0.024024126 -0.00204474  7.139640e-04
[2,] 0.001556518  0.01624826 -6.427768e-06
[3,] 0.158961464  0.08202812  2.085213e-01
14402.159 sec elapsed
