SLURM_JOBID:  39332613
SLURM_ARRAY_TASK_ID:  882
SLURM_ARRAY_JOB_ID:  39324208

Attaching package: ‘dplyr’

The following objects are masked from ‘package:stats’:

    filter, lag

The following objects are masked from ‘package:base’:

    intersect, setdiff, setequal, union


Attaching package: ‘geex’

The following object is masked from ‘package:methods’:

    show

[1] 1000
Maximizing -- use negfn and neggr
[1] "A is done"
             [,1]          [,2]          [,3]
[1,]  0.002828638 -0.0003302625 -0.0007904821
[2,] -0.023506340 -0.0075977701 -0.0338036923
[3,]  0.060340011  0.0335231027  0.0894860612
[1] "A is done"
            [,1]        [,2]        [,3]
[1,] -0.01178828 -0.01001228 -0.03875433
[2,] -0.03454142 -0.01714971 -0.09644138
[3,]  0.07428582  0.05412529  0.18044910
14695.56 sec elapsed
