SLURM_JOBID:  39327906
SLURM_ARRAY_TASK_ID:  258
SLURM_ARRAY_JOB_ID:  39324208

Attaching package: ‘dplyr’

The following objects are masked from ‘package:stats’:

    filter, lag

The following objects are masked from ‘package:base’:

    intersect, setdiff, setequal, union


Attaching package: ‘geex’

The following object is masked from ‘package:methods’:

    show

[1] 1000
Maximizing -- use negfn and neggr
[1] "A is done"
            [,1]         [,2]        [,3]
[1,]  0.10653087 -0.005129540  0.04767694
[2,] -0.05264484 -0.001013604 -0.02727050
[3,]  0.17993583  0.060719910  0.13553096
[1] "A is done"
            [,1]        [,2]         [,3]
[1,]  0.06018299 -0.02905226  0.007798003
[2,] -0.06632071  0.02646800 -0.021706710
[3,]  0.28917846  0.13074397  0.280090969
14394.368 sec elapsed
