SLURM_JOBID:  39327665
SLURM_ARRAY_TASK_ID:  51
SLURM_ARRAY_JOB_ID:  39324208

Attaching package: ‘dplyr’

The following objects are masked from ‘package:stats’:

    filter, lag

The following objects are masked from ‘package:base’:

    intersect, setdiff, setequal, union


Attaching package: ‘geex’

The following object is masked from ‘package:methods’:

    show

[1] 1000
Maximizing -- use negfn and neggr
[1] "A is done"
           [,1]       [,2]       [,3]
[1,] 0.03274494 0.02671381 0.02175144
[2,] 0.02467805 0.02687519 0.01698304
[3,] 0.05867810 0.04283808 0.03942243
[1] "A is done"
             [,1]          [,2]         [,3]
[1,] -0.003707535 -0.0009936314 -0.003722929
[2,]  0.022322381  0.0188890662  0.017745530
[3,]  0.131555863  0.1061241392  0.105390938
13913.943 sec elapsed
