SLURM_JOBID:  39328277
SLURM_ARRAY_TASK_ID:  543
SLURM_ARRAY_JOB_ID:  39324208

Attaching package: ‘dplyr’

The following objects are masked from ‘package:stats’:

    filter, lag

The following objects are masked from ‘package:base’:

    intersect, setdiff, setequal, union


Attaching package: ‘geex’

The following object is masked from ‘package:methods’:

    show

[1] 1000
Maximizing -- use negfn and neggr
[1] "A is done"
            [,1]         [,2]         [,3]
[1,]  0.06160135 -0.004493697  0.027880200
[2,] -0.01284204  0.023957640 -0.006567773
[3,]  0.05447548 -0.014055482  0.024954959
[1] "A is done"
           [,1]        [,2]        [,3]
[1,] 0.02042345 0.001184238 0.008833749
[2,] 0.01746073 0.010749005 0.008622078
[3,] 0.09238260 0.012999789 0.049720211
12138.828 sec elapsed
