SLURM_JOBID:  39329145
SLURM_ARRAY_TASK_ID:  662
SLURM_ARRAY_JOB_ID:  39324208

Attaching package: ‘dplyr’

The following objects are masked from ‘package:stats’:

    filter, lag

The following objects are masked from ‘package:base’:

    intersect, setdiff, setequal, union


Attaching package: ‘geex’

The following object is masked from ‘package:methods’:

    show

[1] 1000
Maximizing -- use negfn and neggr
[1] "A is done"
            [,1]        [,2]         [,3]
[1,]  0.03621722 0.007070459  0.024661404
[2,] -0.01471954 0.023010860 -0.008586539
[3,]  0.04350535 0.017918847  0.035299975
[1] "A is done"
            [,1]        [,2]         [,3]
[1,] 0.005738736 -0.01921527 -0.001619437
[2,] 0.001576737  0.03134736  0.007773975
[3,] 0.073097853  0.07605797  0.073837782
6722.132 sec elapsed
