SLURM_JOBID:  39328022
SLURM_ARRAY_TASK_ID:  352
SLURM_ARRAY_JOB_ID:  39324208

Attaching package: ‘dplyr’

The following objects are masked from ‘package:stats’:

    filter, lag

The following objects are masked from ‘package:base’:

    intersect, setdiff, setequal, union


Attaching package: ‘geex’

The following object is masked from ‘package:methods’:

    show

[1] 1000
Maximizing -- use negfn and neggr
[1] "A is done"
            [,1]         [,2]        [,3]
[1,]  0.01344639  0.004515870  0.00645740
[2,] -0.02722786 -0.007944835 -0.02387813
[3,]  0.11873341  0.037328097  0.09664745
[1] "A is done"
            [,1]       [,2]          [,3]
[1,] 0.001251684 0.00506450 -0.0065210326
[2,] 0.019093095 0.01812552 -0.0006485362
[3,] 0.146713069 0.05059867  0.1371242456
15734.545 sec elapsed
