SLURM_JOBID:  39327873
SLURM_ARRAY_TASK_ID:  225
SLURM_ARRAY_JOB_ID:  39324208

Attaching package: ‘dplyr’

The following objects are masked from ‘package:stats’:

    filter, lag

The following objects are masked from ‘package:base’:

    intersect, setdiff, setequal, union


Attaching package: ‘geex’

The following object is masked from ‘package:methods’:

    show

[1] 1000
Maximizing -- use negfn and neggr
[1] "A is done"
            [,1]         [,2]        [,3]
[1,]  0.02557283  0.005115303  0.01875199
[2,] -0.04428887 -0.030185598 -0.04228118
[3,]  0.09158442  0.062046979  0.09576972
[1] "A is done"
            [,1]         [,2]        [,3]
[1,]  0.02996421 0.0190860488  0.02778156
[2,] -0.02264756 0.0001531675 -0.02953376
[3,]  0.09476506 0.0475690784  0.10747023
13440.3 sec elapsed
