SLURM_JOBID:  39327949
SLURM_ARRAY_TASK_ID:  288
SLURM_ARRAY_JOB_ID:  39324208

Attaching package: ‘dplyr’

The following objects are masked from ‘package:stats’:

    filter, lag

The following objects are masked from ‘package:base’:

    intersect, setdiff, setequal, union


Attaching package: ‘geex’

The following object is masked from ‘package:methods’:

    show

[1] 1000
Maximizing -- use negfn and neggr
[1] "A is done"
           [,1]       [,2]       [,3]
[1,] 0.08731379 0.03700736 0.04913555
[2,] 0.02903067 0.06292154 0.01434539
[3,] 0.12206700 0.01733185 0.10503255
[1] "A is done"
            [,1]        [,2]         [,3]
[1,] 0.028527185 -0.01435201 -0.004911715
[2,] 0.003817427  0.04920454  0.010856449
[3,] 0.148262260  0.08761024  0.163574627
14702.606 sec elapsed
