SLURM_JOBID:  39327678
SLURM_ARRAY_TASK_ID:  64
SLURM_ARRAY_JOB_ID:  39324208

Attaching package: ‘dplyr’

The following objects are masked from ‘package:stats’:

    filter, lag

The following objects are masked from ‘package:base’:

    intersect, setdiff, setequal, union


Attaching package: ‘geex’

The following object is masked from ‘package:methods’:

    show

[1] 1000
Maximizing -- use negfn and neggr
[1] "A is done"
            [,1]       [,2]       [,3]
[1,] 0.050519029 0.02778134 0.04843016
[2,] 0.009927186 0.01167293 0.01395659
[3,] 0.112857050 0.07930416 0.12077382
[1] "A is done"
           [,1]         [,2]       [,3]
[1,] 0.02142649 0.0004858852 0.01534570
[2,] 0.02324964 0.0358106469 0.03878464
[3,] 0.11142016 0.0993729424 0.15232500
14118.621 sec elapsed
