SLURM_JOBID:  39328053
SLURM_ARRAY_TASK_ID:  383
SLURM_ARRAY_JOB_ID:  39324208

Attaching package: ‘dplyr’

The following objects are masked from ‘package:stats’:

    filter, lag

The following objects are masked from ‘package:base’:

    intersect, setdiff, setequal, union


Attaching package: ‘geex’

The following object is masked from ‘package:methods’:

    show

[1] 1000
Maximizing -- use negfn and neggr
[1] "A is done"
            [,1]        [,2]        [,3]
[1,] 0.013871229 -0.02098505 -0.01325161
[2,] 0.002101758  0.02302884  0.02033139
[3,] 0.054737530  0.16514819  0.16028846
[1] "A is done"
            [,1]       [,2]        [,3]
[1,] 0.010124153 -0.0831310 -0.07438964
[2,] 0.008060399  0.0134623  0.03899894
[3,] 0.032558999  0.2127758  0.20543421
7357.116 sec elapsed
