SLURM_JOBID:  39335134
SLURM_ARRAY_TASK_ID:  991
SLURM_ARRAY_JOB_ID:  39324208

Attaching package: ‘dplyr’

The following objects are masked from ‘package:stats’:

    filter, lag

The following objects are masked from ‘package:base’:

    intersect, setdiff, setequal, union


Attaching package: ‘geex’

The following object is masked from ‘package:methods’:

    show

[1] 1000
Maximizing -- use negfn and neggr
[1] "A is done"
           [,1]         [,2]       [,3]
[1,]  0.2175782  0.005390681  0.1301740
[2,] -0.1607990 -0.006280853 -0.1013916
[3,]  0.3672821  0.022372675  0.2374940
[1] "A is done"
           [,1]         [,2]       [,3]
[1,]  0.1702076 -0.004789731  0.1049866
[2,] -0.3353811 -0.016523157 -0.2306864
[3,]  0.4366259  0.045461039  0.3231536
13608.666 sec elapsed
