SLURM_JOBID:  39327685
SLURM_ARRAY_TASK_ID:  71
SLURM_ARRAY_JOB_ID:  39324208

Attaching package: ‘dplyr’

The following objects are masked from ‘package:stats’:

    filter, lag

The following objects are masked from ‘package:base’:

    intersect, setdiff, setequal, union


Attaching package: ‘geex’

The following object is masked from ‘package:methods’:

    show

[1] 1000
Maximizing -- use negfn and neggr
[1] "A is done"
             [,1]         [,2]         [,3]
[1,]  0.031388766 -0.010556858 -0.005697721
[2,] -0.009905652  0.005327681 -0.015836825
[3,]  0.036680041  0.084711631  0.164034759
[1] "A is done"
            [,1]         [,2]        [,3]
[1,]  0.02628181 -0.046687281 -0.06587838
[2,] -0.01108188  0.002457667 -0.02406687
[3,]  0.01024828  0.091140077  0.19386672
14477.839 sec elapsed
