SLURM_JOBID:  39328021
SLURM_ARRAY_TASK_ID:  351
SLURM_ARRAY_JOB_ID:  39324208

Attaching package: ‘dplyr’

The following objects are masked from ‘package:stats’:

    filter, lag

The following objects are masked from ‘package:base’:

    intersect, setdiff, setequal, union


Attaching package: ‘geex’

The following object is masked from ‘package:methods’:

    show

[1] 1000
Maximizing -- use negfn and neggr
[1] "A is done"
             [,1]          [,2]        [,3]
[1,] 0.0345776229  7.904819e-05 0.010639515
[2,] 0.0006255223  1.665660e-02 0.001644332
[3,] 0.0145327625 -1.029229e-02 0.003573680
[1] "A is done"
            [,1]        [,2]        [,3]
[1,]  0.04406492  0.02959618  0.01767512
[2,]  0.03347409  0.04050555  0.01514213
[3,] -0.01778623 -0.06240097 -0.01194956
15054.947 sec elapsed
