SLURM_JOBID:  39332588
SLURM_ARRAY_TASK_ID:  877
SLURM_ARRAY_JOB_ID:  39324208

Attaching package: ‘dplyr’

The following objects are masked from ‘package:stats’:

    filter, lag

The following objects are masked from ‘package:base’:

    intersect, setdiff, setequal, union


Attaching package: ‘geex’

The following object is masked from ‘package:methods’:

    show

[1] 1000
Maximizing -- use negfn and neggr
[1] "A is done"
           [,1]        [,2]       [,3]
[1,] 0.09916237 0.010730739 0.06585307
[2,] 0.01614007 0.001999625 0.01115029
[3,] 0.09378821 0.010317736 0.06239239
[1] "A is done"
            [,1]        [,2]        [,3]
[1,]  0.17166252  0.02825809  0.13973423
[2,]  0.15565575  0.06291526  0.14770151
[3,] -0.07084974 -0.01651381 -0.06063409
14522.683 sec elapsed
