SLURM_JOBID:  39328391
SLURM_ARRAY_TASK_ID:  594
SLURM_ARRAY_JOB_ID:  39324208

Attaching package: ‘dplyr’

The following objects are masked from ‘package:stats’:

    filter, lag

The following objects are masked from ‘package:base’:

    intersect, setdiff, setequal, union


Attaching package: ‘geex’

The following object is masked from ‘package:methods’:

    show

[1] 1000
Maximizing -- use negfn and neggr
[1] "A is done"
            [,1]        [,2]        [,3]
[1,] 0.005011208 0.003564631 0.005963819
[2,] 0.001542948 0.001570984 0.001725873
[3,] 0.013812996 0.009272743 0.016300522
[1] "A is done"
             [,1]         [,2]         [,3]
[1,] -0.003983532 -0.003974653 -0.007262977
[2,]  0.002135199  0.002914117  0.003557078
[3,]  0.028220045  0.032012483  0.048871929
13765.921 sec elapsed
