SLURM_JOBID:  39329023
SLURM_ARRAY_TASK_ID:  621
SLURM_ARRAY_JOB_ID:  39324208

Attaching package: ‘dplyr’

The following objects are masked from ‘package:stats’:

    filter, lag

The following objects are masked from ‘package:base’:

    intersect, setdiff, setequal, union


Attaching package: ‘geex’

The following object is masked from ‘package:methods’:

    show

[1] 1000
Maximizing -- use negfn and neggr
[1] "A is done"
           [,1]       [,2]       [,3]
[1,] 0.03121904 0.01132528 0.02829740
[2,] 0.01117354 0.01314300 0.01121744
[3,] 0.03807115 0.00869199 0.03759386
[1] "A is done"
           [,1]       [,2]       [,3]
[1,] 0.02557876 0.01520694 0.02661551
[2,] 0.01193951 0.01735206 0.01305839
[3,] 0.12252119 0.03982831 0.13130008
13613.982 sec elapsed
