SLURM_JOBID:  39328011
SLURM_ARRAY_TASK_ID:  341
SLURM_ARRAY_JOB_ID:  39324208

Attaching package: ‘dplyr’

The following objects are masked from ‘package:stats’:

    filter, lag

The following objects are masked from ‘package:base’:

    intersect, setdiff, setequal, union


Attaching package: ‘geex’

The following object is masked from ‘package:methods’:

    show

[1] 1000
Maximizing -- use negfn and neggr
[1] "A is done"
            [,1]         [,2]        [,3]
[1,]  0.04288122 -0.010925188  0.02586348
[2,] -0.07928326  0.007631642 -0.05724592
[3,]  0.18453343 -0.025251461  0.13506946
[1] "A is done"
            [,1]         [,2]        [,3]
[1,]  0.06234531 -0.006885209  0.03945041
[2,] -0.08110754  0.030699064 -0.06863160
[3,]  0.21127848 -0.031224549  0.19484549
13809.001 sec elapsed
