SLURM_JOBID:  39328393
SLURM_ARRAY_TASK_ID:  596
SLURM_ARRAY_JOB_ID:  39324208

Attaching package: ‘dplyr’

The following objects are masked from ‘package:stats’:

    filter, lag

The following objects are masked from ‘package:base’:

    intersect, setdiff, setequal, union


Attaching package: ‘geex’

The following object is masked from ‘package:methods’:

    show

[1] 1000
Maximizing -- use negfn and neggr
[1] "A is done"
             [,1]         [,2]         [,3]
[1,]  0.025379260  0.009724688  0.020831354
[2,] -0.003611374 -0.001111159 -0.003121273
[3,]  0.130534242  0.051285717  0.116217844
[1] "A is done"
            [,1]        [,2]        [,3]
[1,] -0.03025713 -0.01486079 -0.03436607
[2,] -0.03443908 -0.01478451 -0.04002321
[3,]  0.16725848  0.08092972  0.18046454
14386.86 sec elapsed
