SLURM_JOBID:  39329333
SLURM_ARRAY_TASK_ID:  728
SLURM_ARRAY_JOB_ID:  39324208

Attaching package: ‘dplyr’

The following objects are masked from ‘package:stats’:

    filter, lag

The following objects are masked from ‘package:base’:

    intersect, setdiff, setequal, union


Attaching package: ‘geex’

The following object is masked from ‘package:methods’:

    show

[1] 1000
Maximizing -- use negfn and neggr
[1] "A is done"
            [,1]        [,2]        [,3]
[1,]  0.15432234 0.001458589 0.054827387
[2,] -0.02056357 0.019330523 0.007181854
[3,]  0.07875306 0.042775295 0.068835144
[1] "A is done"
            [,1]        [,2]         [,3]
[1,]  0.17036961 -0.03641404 3.544218e-02
[2,] -0.04138704  0.01947995 9.611459e-06
[3,]  0.04737565  0.11426656 1.058883e-01
12556.416 sec elapsed
