SLURM_JOBID:  39333464
SLURM_ARRAY_TASK_ID:  925
SLURM_ARRAY_JOB_ID:  39324208

Attaching package: ‘dplyr’

The following objects are masked from ‘package:stats’:

    filter, lag

The following objects are masked from ‘package:base’:

    intersect, setdiff, setequal, union


Attaching package: ‘geex’

The following object is masked from ‘package:methods’:

    show

[1] 1000
Maximizing -- use negfn and neggr
[1] "A is done"
           [,1]        [,2]       [,3]
[1,] 0.12758451 0.025641056 0.07303157
[2,] 0.00941146 0.019789019 0.00468799
[3,] 0.10892091 0.004085474 0.07117118
[1] "A is done"
           [,1]        [,2]       [,3]
[1,] 0.13847746  0.07173168 0.09024266
[2,] 0.04603093  0.08133569 0.02864305
[3,] 0.16757909 -0.01320779 0.11185506
15036.092 sec elapsed
