SLURM_JOBID:  39327686
SLURM_ARRAY_TASK_ID:  72
SLURM_ARRAY_JOB_ID:  39324208

Attaching package: ‘dplyr’

The following objects are masked from ‘package:stats’:

    filter, lag

The following objects are masked from ‘package:base’:

    intersect, setdiff, setequal, union


Attaching package: ‘geex’

The following object is masked from ‘package:methods’:

    show

[1] 1000
Maximizing -- use negfn and neggr
[1] "A is done"
            [,1]         [,2]        [,3]
[1,] 0.031905378  0.004511544 0.019899951
[2,] 0.004009835  0.003521943 0.001004535
[3,] 0.055085667 -0.001249601 0.039285943
[1] "A is done"
            [,1]         [,2]        [,3]
[1,]  0.02015963  0.004947495  0.01358146
[2,] -0.02392806  0.007253034 -0.02544629
[3,]  0.07555012 -0.004954491  0.06896214
14813.645 sec elapsed
