SLURM_JOBID:  39329107
SLURM_ARRAY_TASK_ID:  650
SLURM_ARRAY_JOB_ID:  39324208

Attaching package: ‘dplyr’

The following objects are masked from ‘package:stats’:

    filter, lag

The following objects are masked from ‘package:base’:

    intersect, setdiff, setequal, union


Attaching package: ‘geex’

The following object is masked from ‘package:methods’:

    show

[1] 1000
Maximizing -- use negfn and neggr
[1] "A is done"
            [,1]         [,2]        [,3]
[1,]  0.12854201  0.017628087  0.05510666
[2,] -0.05142392 -0.005322057 -0.02173934
[3,]  0.12958614  0.020940704  0.05815421
[1] "A is done"
            [,1]         [,2]        [,3]
[1,]  0.12244838  0.011549573  0.05311528
[2,] -0.07164367 -0.005206209 -0.03715669
[3,]  0.13844429  0.040876452  0.09011393
14692.501 sec elapsed
