SLURM_JOBID:  39328038
SLURM_ARRAY_TASK_ID:  368
SLURM_ARRAY_JOB_ID:  39324208

Attaching package: ‘dplyr’

The following objects are masked from ‘package:stats’:

    filter, lag

The following objects are masked from ‘package:base’:

    intersect, setdiff, setequal, union


Attaching package: ‘geex’

The following object is masked from ‘package:methods’:

    show

[1] 1000
Maximizing -- use negfn and neggr
[1] "A is done"
           [,1]       [,2]       [,3]
[1,] 0.04370025 0.02428338 0.03475404
[2,] 0.07717282 0.04776616 0.06451629
[3,] 0.11175422 0.06836638 0.09433838
[1] "A is done"
            [,1]        [,2]        [,3]
[1,] -0.01160187 -0.01143493 -0.01490990
[2,]  0.14339601  0.10298486  0.14395311
[3,]  0.06108345  0.04688384  0.06202763
14332.77 sec elapsed
