SLURM_JOBID:  39327931
SLURM_ARRAY_TASK_ID:  270
SLURM_ARRAY_JOB_ID:  39324208

Attaching package: ‘dplyr’

The following objects are masked from ‘package:stats’:

    filter, lag

The following objects are masked from ‘package:base’:

    intersect, setdiff, setequal, union


Attaching package: ‘geex’

The following object is masked from ‘package:methods’:

    show

[1] 1000
Maximizing -- use negfn and neggr
[1] "A is done"
            [,1]         [,2]        [,3]
[1,] 0.001055098  0.001078394 0.001325744
[2,] 0.005534898  0.018320132 0.009357951
[3,] 0.002510012 -0.004640164 0.002742988
[1] "A is done"
            [,1]        [,2]        [,3]
[1,] 0.010016919  0.01905899 0.018471518
[2,] 0.016953054  0.04719367 0.033838404
[3,] 0.003590297 -0.01266769 0.004565645
6216.028 sec elapsed
