SLURM_JOBID:  39328194
SLURM_ARRAY_TASK_ID:  495
SLURM_ARRAY_JOB_ID:  39324208

Attaching package: ‘dplyr’

The following objects are masked from ‘package:stats’:

    filter, lag

The following objects are masked from ‘package:base’:

    intersect, setdiff, setequal, union


Attaching package: ‘geex’

The following object is masked from ‘package:methods’:

    show

[1] 1000
Maximizing -- use negfn and neggr
[1] "A is done"
             [,1]        [,2]        [,3]
[1,] 0.0839285855 0.014894171 0.048566638
[2,] 0.0008878134 0.007969216 0.000340135
[3,] 0.1878004142 0.030648270 0.107057174
[1] "A is done"
            [,1]         [,2]         [,3]
[1,]  0.03035593 -0.001336385  0.018136210
[2,] -0.01111897  0.017509873 -0.006973045
[3,]  0.19890277  0.047653694  0.136350799
6524.855 sec elapsed
