SLURM_JOBID:  39328023
SLURM_ARRAY_TASK_ID:  353
SLURM_ARRAY_JOB_ID:  39324208

Attaching package: ‘dplyr’

The following objects are masked from ‘package:stats’:

    filter, lag

The following objects are masked from ‘package:base’:

    intersect, setdiff, setequal, union


Attaching package: ‘geex’

The following object is masked from ‘package:methods’:

    show

[1] 1000
Maximizing -- use negfn and neggr
[1] "A is done"
             [,1]         [,2]         [,3]
[1,]  0.014069356  0.003153864 0.0054724100
[2,]  0.005035735  0.002872514 0.0013149571
[3,] -0.003607618 -0.003721734 0.0003861638
[1] "A is done"
           [,1]        [,2]        [,3]
[1,] 0.00963902 0.002849922 0.003674993
[2,] 0.01234322 0.006158875 0.004352630
[3,] 0.07001486 0.003433710 0.044533461
13803.62 sec elapsed
