SLURM_JOBID:  39333071
SLURM_ARRAY_TASK_ID:  909
SLURM_ARRAY_JOB_ID:  39324208

Attaching package: ‘dplyr’

The following objects are masked from ‘package:stats’:

    filter, lag

The following objects are masked from ‘package:base’:

    intersect, setdiff, setequal, union


Attaching package: ‘geex’

The following object is masked from ‘package:methods’:

    show

[1] 1000
Maximizing -- use negfn and neggr
[1] "A is done"
           [,1]       [,2]       [,3]
[1,] 0.06627352 0.03377484 0.05425492
[2,] 0.01492322 0.03494943 0.01508155
[3,] 0.19459787 0.10611192 0.17103752
[1] "A is done"
            [,1]          [,2]         [,3]
[1,] 0.001346454 -0.0003477474 -0.006128033
[2,] 0.001974777  0.0160012290  0.001153301
[3,] 0.234417356  0.1478685587  0.253410686
12623.071 sec elapsed
