SLURM_JOBID:  39335164
SLURM_ARRAY_TASK_ID:  998
SLURM_ARRAY_JOB_ID:  39324208

Attaching package: ‘dplyr’

The following objects are masked from ‘package:stats’:

    filter, lag

The following objects are masked from ‘package:base’:

    intersect, setdiff, setequal, union


Attaching package: ‘geex’

The following object is masked from ‘package:methods’:

    show

[1] 1000
Maximizing -- use negfn and neggr
[1] "A is done"
            [,1]        [,2]        [,3]
[1,] 0.005614656 0.002898002 0.002888247
[2,] 0.004027034 0.010206893 0.007783432
[3,] 0.017970197 0.019502585 0.016980893
[1] "A is done"
              [,1]         [,2]         [,3]
[1,] -0.0026029130 -0.001042841 -0.001945896
[2,] -0.0004379011  0.014305610  0.006944032
[3,]  0.0203666792  0.015752422  0.020234484
7561.614 sec elapsed
