SLURM_JOBID:  39327994
SLURM_ARRAY_TASK_ID:  333
SLURM_ARRAY_JOB_ID:  39324208

Attaching package: ‘dplyr’

The following objects are masked from ‘package:stats’:

    filter, lag

The following objects are masked from ‘package:base’:

    intersect, setdiff, setequal, union


Attaching package: ‘geex’

The following object is masked from ‘package:methods’:

    show

[1] 1000
Maximizing -- use negfn and neggr
[1] "A is done"
             [,1]         [,2]        [,3]
[1,]  0.013051276 -0.005896020 0.003211639
[2,] -0.003394016  0.019712379 0.003623837
[3,]  0.010162780  0.004776685 0.004855946
[1] "A is done"
             [,1]        [,2]         [,3]
[1,]  0.025304753 -0.01751421  0.004586141
[2,] -0.018941886  0.03265560 -0.001732220
[3,] -0.002472612  0.01087659  0.001911421
19189.769 sec elapsed
