SLURM_JOBID:  39327657
SLURM_ARRAY_TASK_ID:  43
SLURM_ARRAY_JOB_ID:  39324208

Attaching package: ‘dplyr’

The following objects are masked from ‘package:stats’:

    filter, lag

The following objects are masked from ‘package:base’:

    intersect, setdiff, setequal, union


Attaching package: ‘geex’

The following object is masked from ‘package:methods’:

    show

[1] 1000
Maximizing -- use negfn and neggr
[1] "A is done"
            [,1]         [,2]         [,3]
[1,]  0.01617280 0.0061661467  0.009846726
[2,] -0.00486165 0.0009649941 -0.004600583
[3,]  0.03151409 0.0053592911  0.023706867
[1] "A is done"
             [,1]          [,2]         [,3]
[1,]  0.020931262  0.0096954031  0.014530765
[2,] -0.012139968 -0.0002318882 -0.011961206
[3,]  0.004608355 -0.0093765162  0.008285844
12906.818 sec elapsed
