SLURM_JOBID:  39329365
SLURM_ARRAY_TASK_ID:  746
SLURM_ARRAY_JOB_ID:  39324208

Attaching package: ‘dplyr’

The following objects are masked from ‘package:stats’:

    filter, lag

The following objects are masked from ‘package:base’:

    intersect, setdiff, setequal, union


Attaching package: ‘geex’

The following object is masked from ‘package:methods’:

    show

[1] 1000
Maximizing -- use negfn and neggr
[1] "A is done"
             [,1]          [,2]         [,3]
[1,]  0.009094471  0.0052072430  0.005203522
[2,] -0.017331601 -0.0030033885 -0.015263774
[3,]  0.030476504 -0.0007680931  0.026105554
[1] "A is done"
            [,1]         [,2]        [,3]
[1,] -0.01198452 -0.002608631 -0.01424268
[2,] -0.03539300 -0.006801315 -0.03583918
[3,]  0.16365501  0.053459446  0.16020971
10421.198 sec elapsed
