SLURM_JOBID:  39327896
SLURM_ARRAY_TASK_ID:  248
SLURM_ARRAY_JOB_ID:  39324208

Attaching package: ‘dplyr’

The following objects are masked from ‘package:stats’:

    filter, lag

The following objects are masked from ‘package:base’:

    intersect, setdiff, setequal, union


Attaching package: ‘geex’

The following object is masked from ‘package:methods’:

    show

[1] 1000
Maximizing -- use negfn and neggr
[1] "A is done"
           [,1]         [,2]       [,3]
[1,] 0.03330738  0.026188332 0.01451454
[2,] 0.02188744  0.069431147 0.00893335
[3,] 0.01355836 -0.007149444 0.00812226
[1] "A is done"
           [,1]        [,2]       [,3]
[1,] 0.03947013  0.03864232 0.02113870
[2,] 0.03958820  0.07723903 0.01857680
[3,] 0.04891912 -0.02649216 0.03308137
14482.203 sec elapsed
