SLURM_JOBID:  39329207
SLURM_ARRAY_TASK_ID:  695
SLURM_ARRAY_JOB_ID:  39324208

Attaching package: ‘dplyr’

The following objects are masked from ‘package:stats’:

    filter, lag

The following objects are masked from ‘package:base’:

    intersect, setdiff, setequal, union


Attaching package: ‘geex’

The following object is masked from ‘package:methods’:

    show

[1] 1000
Maximizing -- use negfn and neggr
[1] "A is done"
          [,1]       [,2]       [,3]
[1,] 0.0290419 0.01882410 0.02514831
[2,] 0.0229052 0.05523605 0.03933041
[3,] 0.1163267 0.15928614 0.15328199
[1] "A is done"
           [,1]        [,2]        [,3]
[1,] 0.02158305 0.003889611 0.001375975
[2,] 0.01183296 0.039502545 0.016232858
[3,] 0.10024871 0.151330377 0.186293145
14763.425 sec elapsed
