SLURM_JOBID:  39328332
SLURM_ARRAY_TASK_ID:  569
SLURM_ARRAY_JOB_ID:  39324208

Attaching package: ‘dplyr’

The following objects are masked from ‘package:stats’:

    filter, lag

The following objects are masked from ‘package:base’:

    intersect, setdiff, setequal, union


Attaching package: ‘geex’

The following object is masked from ‘package:methods’:

    show

[1] 1000
Maximizing -- use negfn and neggr
[1] "A is done"
            [,1]         [,2]         [,3]
[1,]  0.04090922 -0.009034128  0.020426148
[2,] -0.01549838  0.037012288 -0.001194052
[3,]  0.04600249  0.035062531  0.034698123
[1] "A is done"
            [,1]        [,2]        [,3]
[1,]  0.04034343 -0.05465954  0.01225636
[2,] -0.05318371  0.02565786 -0.02792102
[3,]  0.07874474  0.08733842  0.07539680
7845.734 sec elapsed
