SLURM_JOBID:  39327737
SLURM_ARRAY_TASK_ID:  115
SLURM_ARRAY_JOB_ID:  39324208

Attaching package: ‘dplyr’

The following objects are masked from ‘package:stats’:

    filter, lag

The following objects are masked from ‘package:base’:

    intersect, setdiff, setequal, union


Attaching package: ‘geex’

The following object is masked from ‘package:methods’:

    show

[1] 1000
Maximizing -- use negfn and neggr
[1] "A is done"
           [,1]        [,2]        [,3]
[1,] 0.02023007 0.010632398 0.015062303
[2,] 0.01119401 0.004489105 0.008368093
[3,] 0.06240819 0.033313698 0.046707247
[1] "A is done"
             [,1]         [,2]         [,3]
[1,] -0.019338027 -0.009804817 -0.017845560
[2,] -0.005592803  0.006079680 -0.002870463
[3,]  0.136715229  0.062825924  0.121244875
6866.516 sec elapsed
