SLURM_JOBID:  39327672
SLURM_ARRAY_TASK_ID:  58
SLURM_ARRAY_JOB_ID:  39324208

Attaching package: ‘dplyr’

The following objects are masked from ‘package:stats’:

    filter, lag

The following objects are masked from ‘package:base’:

    intersect, setdiff, setequal, union


Attaching package: ‘geex’

The following object is masked from ‘package:methods’:

    show

[1] 1000
Maximizing -- use negfn and neggr
[1] "A is done"
            [,1]         [,2]         [,3]
[1,]  0.07232236 0.0134154786  0.032647806
[2,] -0.01765210 0.0001590454 -0.008532052
[3,]  0.08574134 0.0083501432  0.039938959
[1] "A is done"
            [,1]         [,2]        [,3]
[1,]  0.09937273  0.017901840  0.05142161
[2,] -0.03236504 -0.003016073 -0.01599498
[3,]  0.09766040  0.015144626  0.04896274
14188.186 sec elapsed
