SLURM_JOBID:  39328265
SLURM_ARRAY_TASK_ID:  537
SLURM_ARRAY_JOB_ID:  39324208

Attaching package: ‘dplyr’

The following objects are masked from ‘package:stats’:

    filter, lag

The following objects are masked from ‘package:base’:

    intersect, setdiff, setequal, union


Attaching package: ‘geex’

The following object is masked from ‘package:methods’:

    show

[1] 1000
Maximizing -- use negfn and neggr
[1] "A is done"
             [,1]        [,2]         [,3]
[1,]  0.057557664 0.034648567  0.044739988
[2,] -0.005754496 0.003715624 -0.009900647
[3,]  0.149859830 0.108889530  0.182861215
[1] "A is done"
              [,1]         [,2]         [,3]
[1,]  0.0270421025 0.0183398647  0.020404833
[2,] -0.0008601208 0.0009372113 -0.009260166
[3,]  0.1950214653 0.1508908499  0.262982003
20184.934 sec elapsed
