SLURM_JOBID:  39327659
SLURM_ARRAY_TASK_ID:  45
SLURM_ARRAY_JOB_ID:  39324208

Attaching package: ‘dplyr’

The following objects are masked from ‘package:stats’:

    filter, lag

The following objects are masked from ‘package:base’:

    intersect, setdiff, setequal, union


Attaching package: ‘geex’

The following object is masked from ‘package:methods’:

    show

[1] 1000
Maximizing -- use negfn and neggr
[1] "A is done"
           [,1]       [,2]       [,3]
[1,] 0.04339781 0.01788087 0.04049923
[2,] 0.02183116 0.00916517 0.02055787
[3,] 0.07278902 0.03163013 0.06970581
[1] "A is done"
             [,1]         [,2]         [,3]
[1,] 0.0001223335 0.0003353337 0.0003282978
[2,] 0.0376094048 0.0610509153 0.0968792061
[3,] 0.0890116732 0.0578091551 0.1263356481
13720.972 sec elapsed
