SLURM_JOBID:  39327719
SLURM_ARRAY_TASK_ID:  97
SLURM_ARRAY_JOB_ID:  39324208

Attaching package: ‘dplyr’

The following objects are masked from ‘package:stats’:

    filter, lag

The following objects are masked from ‘package:base’:

    intersect, setdiff, setequal, union


Attaching package: ‘geex’

The following object is masked from ‘package:methods’:

    show

[1] 1000
Maximizing -- use negfn and neggr
[1] "A is done"
           [,1]        [,2]        [,3]
[1,] 0.03214893 0.016330370 0.021826752
[2,] 0.01036446 0.009704158 0.007136936
[3,] 0.11951443 0.050916558 0.099740633
[1] "A is done"
            [,1]          [,2]        [,3]
[1,] -0.03626647 -0.0157339786 -0.04094038
[2,] -0.01393048  0.0007544604 -0.01631167
[3,]  0.17277608  0.0740524680  0.17466782
6537.912 sec elapsed
