SLURM_JOBID:  39327754
SLURM_ARRAY_TASK_ID:  132
SLURM_ARRAY_JOB_ID:  39324208

Attaching package: ‘dplyr’

The following objects are masked from ‘package:stats’:

    filter, lag

The following objects are masked from ‘package:base’:

    intersect, setdiff, setequal, union


Attaching package: ‘geex’

The following object is masked from ‘package:methods’:

    show

[1] 1000
Maximizing -- use negfn and neggr
[1] "A is done"
            [,1]         [,2]         [,3]
[1,]  0.01541340 -0.004410797  0.008696875
[2,] -0.01182579  0.017475832 -0.005703208
[3,]  0.05623167 -0.017876225  0.038660249
[1] "A is done"
             [,1]        [,2]         [,3]
[1,] -0.022395594  0.01333828 -0.018840947
[2,] -0.008227815  0.02968478 -0.004355021
[3,]  0.089858113 -0.03028028  0.076057150
24096.935 sec elapsed
