SLURM_JOBID:  39329489
SLURM_ARRAY_TASK_ID:  795
SLURM_ARRAY_JOB_ID:  39324208

Attaching package: ‘dplyr’

The following objects are masked from ‘package:stats’:

    filter, lag

The following objects are masked from ‘package:base’:

    intersect, setdiff, setequal, union


Attaching package: ‘geex’

The following object is masked from ‘package:methods’:

    show

[1] 1000
Maximizing -- use negfn and neggr
[1] "A is done"
            [,1]       [,2]         [,3]
[1,] 0.045212842 0.01686690  0.034577192
[2,] 0.002061455 0.04485039 -0.003449802
[3,] 0.087206071 0.07274194  0.161957222
[1] "A is done"
            [,1]         [,2]         [,3]
[1,] 0.019159405 -0.004390236 -0.032028852
[2,] 0.003710856  0.009493386 -0.003760691
[3,] 0.088915397  0.089125233  0.243086277
14383.424 sec elapsed
