SLURM_JOBID:  39335133
SLURM_ARRAY_TASK_ID:  990
SLURM_ARRAY_JOB_ID:  39324208

Attaching package: ‘dplyr’

The following objects are masked from ‘package:stats’:

    filter, lag

The following objects are masked from ‘package:base’:

    intersect, setdiff, setequal, union


Attaching package: ‘geex’

The following object is masked from ‘package:methods’:

    show

[1] 1000
Maximizing -- use negfn and neggr
[1] "A is done"
            [,1]       [,2]       [,3]
[1,] 0.064794834 0.01292993 0.03646786
[2,] 0.001342625 0.05252428 0.00979226
[3,] 0.120503916 0.06421242 0.07601482
[1] "A is done"
             [,1]        [,2]          [,3]
[1,]  0.005142901 -0.03961532 -0.0098196107
[2,] -0.017195267  0.05090977 -0.0007425056
[3,]  0.164893572  0.10423125  0.1330457562
10498.714 sec elapsed
