SLURM_JOBID:  39328326
SLURM_ARRAY_TASK_ID:  563
SLURM_ARRAY_JOB_ID:  39324208

Attaching package: ‘dplyr’

The following objects are masked from ‘package:stats’:

    filter, lag

The following objects are masked from ‘package:base’:

    intersect, setdiff, setequal, union


Attaching package: ‘geex’

The following object is masked from ‘package:methods’:

    show

[1] 1000
Maximizing -- use negfn and neggr
[1] "A is done"
           [,1]        [,2]        [,3]
[1,] 0.09026269 0.026764565 0.036179190
[2,] 0.01604097 0.005568574 0.006467198
[3,] 0.05370090 0.014223694 0.021474767
[1] "A is done"
           [,1]        [,2]        [,3]
[1,] 0.11276809 0.036203019 0.050251386
[2,] 0.02198729 0.009829736 0.009693088
[3,] 0.06359607 0.008577161 0.027739856
14850.671 sec elapsed
