SLURM_JOBID:  39329496
SLURM_ARRAY_TASK_ID:  798
SLURM_ARRAY_JOB_ID:  39324208

Attaching package: ‘dplyr’

The following objects are masked from ‘package:stats’:

    filter, lag

The following objects are masked from ‘package:base’:

    intersect, setdiff, setequal, union


Attaching package: ‘geex’

The following object is masked from ‘package:methods’:

    show

[1] 1000
Maximizing -- use negfn and neggr
[1] "A is done"
           [,1]         [,2]       [,3]
[1,] 0.01999402  0.007694108 0.01170018
[2,] 0.02155811  0.023309548 0.01187736
[3,] 0.02490134 -0.006109908 0.01701072
[1] "A is done"
           [,1]       [,2]       [,3]
[1,] 0.06586509 0.03232182 0.04284843
[2,] 0.05285325 0.03379632 0.03435638
[3,] 0.10118662 0.05031404 0.06753152
9964.667 sec elapsed
