SLURM_JOBID:  39333124
SLURM_ARRAY_TASK_ID:  911
SLURM_ARRAY_JOB_ID:  39324208

Attaching package: ‘dplyr’

The following objects are masked from ‘package:stats’:

    filter, lag

The following objects are masked from ‘package:base’:

    intersect, setdiff, setequal, union


Attaching package: ‘geex’

The following object is masked from ‘package:methods’:

    show

[1] 1000
Maximizing -- use negfn and neggr
[1] "A is done"
              [,1]         [,2]         [,3]
[1,]  7.812209e-05 -0.010602040 -0.003322525
[2,] -6.454707e-03  0.089431102  0.022117277
[3,] -4.693928e-04  0.006330206  0.003603934
[1] "A is done"
             [,1]        [,2]        [,3]
[1,] -0.002303106 -0.04497727 -0.01740377
[2,] -0.004592482  0.05238824  0.01703521
[3,] -0.008826762  0.07777314  0.02068945
13209.142 sec elapsed
