SLURM_JOBID:  39328281
SLURM_ARRAY_TASK_ID:  547
SLURM_ARRAY_JOB_ID:  39324208

Attaching package: ‘dplyr’

The following objects are masked from ‘package:stats’:

    filter, lag

The following objects are masked from ‘package:base’:

    intersect, setdiff, setequal, union


Attaching package: ‘geex’

The following object is masked from ‘package:methods’:

    show

[1] 1000
Maximizing -- use negfn and neggr
[1] "A is done"
              [,1]        [,2]        [,3]
[1,]  0.0287233950 0.009336367 0.023326619
[2,] -0.0006204457 0.015505543 0.001963086
[3,]  0.0486058364 0.010527122 0.042388269
[1] "A is done"
            [,1]        [,2]        [,3]
[1,] 0.007781695 0.001890352 0.003449861
[2,] 0.014210214 0.030832229 0.018693532
[3,] 0.071288622 0.034366738 0.078063456
6720.735 sec elapsed
