SLURM_JOBID:  39334517
SLURM_ARRAY_TASK_ID:  968
SLURM_ARRAY_JOB_ID:  39324208

Attaching package: ‘dplyr’

The following objects are masked from ‘package:stats’:

    filter, lag

The following objects are masked from ‘package:base’:

    intersect, setdiff, setequal, union


Attaching package: ‘geex’

The following object is masked from ‘package:methods’:

    show

[1] 1000
Maximizing -- use negfn and neggr
[1] "A is done"
              [,1]        [,2]         [,3]
[1,]  0.0318993448 0.013643097 0.0173131348
[2,] -0.0002299405 0.007472541 0.0002773677
[3,]  0.0480252746 0.022951975 0.0276352613
[1] "A is done"
             [,1]        [,2]         [,3]
[1,]  0.029003605 0.007135197  0.017623743
[2,] -0.005867701 0.015296430 -0.004309709
[3,]  0.063604976 0.020180693  0.045429439
10344.79 sec elapsed
