SLURM_JOBID:  39327785
SLURM_ARRAY_TASK_ID:  150
SLURM_ARRAY_JOB_ID:  39324208

Attaching package: ‘dplyr’

The following objects are masked from ‘package:stats’:

    filter, lag

The following objects are masked from ‘package:base’:

    intersect, setdiff, setequal, union


Attaching package: ‘geex’

The following object is masked from ‘package:methods’:

    show

[1] 1000
Maximizing -- use negfn and neggr
[1] "A is done"
            [,1]        [,2]          [,3]
[1,] 0.002987115 0.000501969 -0.0025054903
[2,] 0.002027445 0.001678108  0.0008299893
[3,] 0.176495603 0.119425956  0.2240806215
[1] "A is done"
             [,1]        [,2]        [,3]
[1,] -0.010762757 -0.01284001 -0.02101530
[2,]  0.008670653  0.01581986  0.01520646
[3,]  0.110774547  0.08340070  0.16073372
16289.815 sec elapsed
