SLURM_JOBID:  39327810
SLURM_ARRAY_TASK_ID:  175
SLURM_ARRAY_JOB_ID:  39324208

Attaching package: ‘dplyr’

The following objects are masked from ‘package:stats’:

    filter, lag

The following objects are masked from ‘package:base’:

    intersect, setdiff, setequal, union


Attaching package: ‘geex’

The following object is masked from ‘package:methods’:

    show

[1] 1000
Maximizing -- use negfn and neggr
[1] "A is done"
            [,1]        [,2]         [,3]
[1,] 0.045800245 0.037814419  0.044816820
[2,] 0.001302519 0.008765112 -0.009062768
[3,] 0.099558402 0.076157962  0.137949185
[1] "A is done"
            [,1]        [,2]        [,3]
[1,]  0.02464302  0.02517087  0.02028023
[2,] -0.02576972 -0.00954652 -0.06092416
[3,]  0.08147526  0.05217222  0.15280039
24207.766 sec elapsed
