SLURM_JOBID:  39329162
SLURM_ARRAY_TASK_ID:  672
SLURM_ARRAY_JOB_ID:  39324208

Attaching package: ‘dplyr’

The following objects are masked from ‘package:stats’:

    filter, lag

The following objects are masked from ‘package:base’:

    intersect, setdiff, setequal, union


Attaching package: ‘geex’

The following object is masked from ‘package:methods’:

    show

[1] 1000
Maximizing -- use negfn and neggr
[1] "A is done"
              [,1]         [,2]        [,3]
[1,]  0.0336558865  0.002043663 0.017719783
[2,] -0.0002200425  0.034910352 0.001913841
[3,]  0.0564049422 -0.002675012 0.032085467
[1] "A is done"
            [,1]        [,2]         [,3]
[1,]  0.01303270 -0.00994526  0.006808904
[2,] -0.01072404  0.02797564 -0.004225111
[3,]  0.07664923  0.02818521  0.048995958
13380.765 sec elapsed
