SLURM_JOBID:  39332169
SLURM_ARRAY_TASK_ID:  823
SLURM_ARRAY_JOB_ID:  39324208

Attaching package: ‘dplyr’

The following objects are masked from ‘package:stats’:

    filter, lag

The following objects are masked from ‘package:base’:

    intersect, setdiff, setequal, union


Attaching package: ‘geex’

The following object is masked from ‘package:methods’:

    show

[1] 1000
Maximizing -- use negfn and neggr
[1] "A is done"
            [,1]         [,2]         [,3]
[1,] 0.001667573 0.0009882602 7.528181e-05
[2,] 0.001377781 0.0129769382 6.823484e-03
[3,] 0.010876935 0.0297554238 3.544133e-02
[1] "A is done"
              [,1]        [,2]         [,3]
[1,] -0.0021464629 -0.01516008 -0.018137261
[2,] -0.0006543408  0.04247385  0.008203705
[3,]  0.0090626583  0.05265860  0.066501280
10752.634 sec elapsed
