SLURM_JOBID:  39327780
SLURM_ARRAY_TASK_ID:  145
SLURM_ARRAY_JOB_ID:  39324208

Attaching package: ‘dplyr’

The following objects are masked from ‘package:stats’:

    filter, lag

The following objects are masked from ‘package:base’:

    intersect, setdiff, setequal, union


Attaching package: ‘geex’

The following object is masked from ‘package:methods’:

    show

[1] 1000
Maximizing -- use negfn and neggr
[1] "A is done"
            [,1]       [,2]       [,3]
[1,] 0.080349913 0.02149406 0.05478514
[2,] 0.008337831 0.01105518 0.01073567
[3,] 0.132354639 0.04647092 0.09660584
[1] "A is done"
            [,1]         [,2]        [,3]
[1,] 0.040465292  0.016356888 0.030422612
[2,] 0.003855268 -0.001154885 0.009594415
[3,] 0.173153231  0.062086876 0.152292755
6696.298 sec elapsed
