SLURM_JOBID:  39328013
SLURM_ARRAY_TASK_ID:  343
SLURM_ARRAY_JOB_ID:  39324208

Attaching package: ‘dplyr’

The following objects are masked from ‘package:stats’:

    filter, lag

The following objects are masked from ‘package:base’:

    intersect, setdiff, setequal, union


Attaching package: ‘geex’

The following object is masked from ‘package:methods’:

    show

[1] 1000
Maximizing -- use negfn and neggr
[1] "A is done"
            [,1]        [,2]        [,3]
[1,]  0.05220653 -0.01488650  0.02780515
[2,] -0.06883039  0.02917076 -0.03576099
[3,]  0.09141290 -0.02951578  0.04835791
[1] "A is done"
            [,1]        [,2]        [,3]
[1,]  0.02861013 -0.01317122  0.01870106
[2,] -0.13792470  0.05751801 -0.09088328
[3,]  0.16921794 -0.05869827  0.11292753
15626.088 sec elapsed
