SLURM_JOBID:  39327820
SLURM_ARRAY_TASK_ID:  185
SLURM_ARRAY_JOB_ID:  39324208

Attaching package: ‘dplyr’

The following objects are masked from ‘package:stats’:

    filter, lag

The following objects are masked from ‘package:base’:

    intersect, setdiff, setequal, union


Attaching package: ‘geex’

The following object is masked from ‘package:methods’:

    show

[1] 1000
Maximizing -- use negfn and neggr
[1] "A is done"
            [,1]         [,2]        [,3]
[1,]  0.03060472  0.001911404  0.02211092
[2,] -0.01905874  0.014408770 -0.02361685
[3,]  0.11292308 -0.018676679  0.10107174
[1] "A is done"
            [,1]         [,2]        [,3]
[1,] -0.04072953  0.006763121 -0.04592914
[2,] -0.02305969  0.010681390 -0.02753878
[3,]  0.18784214 -0.016759233  0.19211273
14141.71 sec elapsed
