SLURM_JOBID:  39327825
SLURM_ARRAY_TASK_ID:  190
SLURM_ARRAY_JOB_ID:  39324208

Attaching package: ‘dplyr’

The following objects are masked from ‘package:stats’:

    filter, lag

The following objects are masked from ‘package:base’:

    intersect, setdiff, setequal, union


Attaching package: ‘geex’

The following object is masked from ‘package:methods’:

    show

[1] 1000
Maximizing -- use negfn and neggr
[1] "A is done"
             [,1]        [,2]         [,3]
[1,]  0.030746684 0.014754802  0.014034937
[2,] -0.001874532 0.003941746 -0.001325085
[3,]  0.041099427 0.017096265  0.019418539
[1] "A is done"
             [,1]        [,2]         [,3]
[1,]  0.014281769 0.009873995  0.006884937
[2,] -0.004678011 0.003887833 -0.003230150
[3,]  0.064104598 0.023137129  0.036106070
13128.009 sec elapsed
