SLURM_JOBID:  39335108
SLURM_ARRAY_TASK_ID:  987
SLURM_ARRAY_JOB_ID:  39324208

Attaching package: ‘dplyr’

The following objects are masked from ‘package:stats’:

    filter, lag

The following objects are masked from ‘package:base’:

    intersect, setdiff, setequal, union


Attaching package: ‘geex’

The following object is masked from ‘package:methods’:

    show

[1] 1000
Maximizing -- use negfn and neggr
[1] "A is done"
           [,1]         [,2]        [,3]
[1,]  0.2498182 -0.005805596  0.10433480
[2,] -0.1153130  0.011025901 -0.04580166
[3,]  0.1899335 -0.010149599  0.07767544
[1] "A is done"
           [,1]         [,2]       [,3]
[1,] 0.10963283 0.0012146550 0.04682213
[2,] 0.40789816 0.0181208496 0.18129061
[3,] 0.03295925 0.0004861122 0.01363014
9147.058 sec elapsed
