SLURM_JOBID:  39333759
SLURM_ARRAY_TASK_ID:  928
SLURM_ARRAY_JOB_ID:  39324208

Attaching package: ‘dplyr’

The following objects are masked from ‘package:stats’:

    filter, lag

The following objects are masked from ‘package:base’:

    intersect, setdiff, setequal, union


Attaching package: ‘geex’

The following object is masked from ‘package:methods’:

    show

[1] 1000
Maximizing -- use negfn and neggr
[1] "A is done"
            [,1]         [,2]         [,3]
[1,]  0.04150822 -0.008152043 0.0030245740
[2,] -0.01064156  0.065354549 0.0001910976
[3,]  0.11296646  0.124373201 0.2242369933
[1] "A is done"
            [,1]        [,2]        [,3]
[1,]  0.03040876 -0.06288417 -0.05245407
[2,] -0.02081422  0.02855203 -0.00767945
[3,]  0.11423977  0.20079191  0.30326687
13539.304 sec elapsed
