SLURM_JOBID:  39327649
SLURM_ARRAY_TASK_ID:  35
SLURM_ARRAY_JOB_ID:  39324208

Attaching package: ‘dplyr’

The following objects are masked from ‘package:stats’:

    filter, lag

The following objects are masked from ‘package:base’:

    intersect, setdiff, setequal, union


Attaching package: ‘geex’

The following object is masked from ‘package:methods’:

    show

[1] 1000
Maximizing -- use negfn and neggr
[1] "A is done"
           [,1]       [,2]       [,3]
[1,] 0.04931311 0.03638278 0.02935599
[2,] 0.02978617 0.03722840 0.01817119
[3,] 0.08664002 0.04278084 0.05001501
[1] "A is done"
           [,1]         [,2]        [,3]
[1,] 0.01379503 -0.001104637 0.007813854
[2,] 0.01293316  0.030789417 0.010170598
[3,] 0.12179507  0.092634542 0.082827352
14043.453 sec elapsed
