SLURM_JOBID:  39332119
SLURM_ARRAY_TASK_ID:  812
SLURM_ARRAY_JOB_ID:  39324208

Attaching package: ‘dplyr’

The following objects are masked from ‘package:stats’:

    filter, lag

The following objects are masked from ‘package:base’:

    intersect, setdiff, setequal, union


Attaching package: ‘geex’

The following object is masked from ‘package:methods’:

    show

[1] 1000
Maximizing -- use negfn and neggr
[1] "A is done"
           [,1]       [,2]        [,3]
[1,] 0.10612793 0.01192848 0.057135964
[2,] 0.01322797 0.02140781 0.002966647
[3,] 0.19979546 0.00703237 0.112748100
[1] "A is done"
           [,1]        [,2]       [,3]
[1,] 0.03604033  0.02056860 0.01292878
[2,] 0.03025553  0.01079193 0.01521653
[3,] 0.26101474 -0.00514158 0.18358722
14024.339 sec elapsed
