SLURM_JOBID:  39329081
SLURM_ARRAY_TASK_ID:  630
SLURM_ARRAY_JOB_ID:  39324208

Attaching package: ‘dplyr’

The following objects are masked from ‘package:stats’:

    filter, lag

The following objects are masked from ‘package:base’:

    intersect, setdiff, setequal, union


Attaching package: ‘geex’

The following object is masked from ‘package:methods’:

    show

[1] 1000
Maximizing -- use negfn and neggr
[1] "A is done"
            [,1]       [,2]        [,3]
[1,] 0.020134728 0.01668038 0.017737650
[2,] 0.009309349 0.01003238 0.004156949
[3,] 0.057963805 0.03489027 0.069339372
[1] "A is done"
            [,1]        [,2]         [,3]
[1,] 0.013149312 0.012012180  0.013260694
[2,] 0.007058766 0.011670736 -0.000317932
[3,] 0.013357508 0.008851044  0.020270502
13197.154 sec elapsed
