SLURM_JOBID:  39328273
SLURM_ARRAY_TASK_ID:  539
SLURM_ARRAY_JOB_ID:  39324208

Attaching package: ‘dplyr’

The following objects are masked from ‘package:stats’:

    filter, lag

The following objects are masked from ‘package:base’:

    intersect, setdiff, setequal, union


Attaching package: ‘geex’

The following object is masked from ‘package:methods’:

    show

[1] 1000
Maximizing -- use negfn and neggr
[1] "A is done"
             [,1]          [,2]         [,3]
[1,]  0.015624862  0.0008783395  0.015183280
[2,] -0.009653408 -0.0026992764 -0.009549697
[3,]  0.070598361  0.0124726661  0.071478852
[1] "A is done"
             [,1]        [,2]        [,3]
[1,]  0.019794965 0.010169951  0.02328848
[2,] -0.001804738 0.009034058 -0.00421889
[3,]  0.069599338 0.007671741  0.09184207
6693.135 sec elapsed
