SLURM_JOBID:  39327684
SLURM_ARRAY_TASK_ID:  70
SLURM_ARRAY_JOB_ID:  39324208

Attaching package: ‘dplyr’

The following objects are masked from ‘package:stats’:

    filter, lag

The following objects are masked from ‘package:base’:

    intersect, setdiff, setequal, union


Attaching package: ‘geex’

The following object is masked from ‘package:methods’:

    show

[1] 1000
Maximizing -- use negfn and neggr
[1] "A is done"
            [,1]        [,2]        [,3]
[1,]  0.10618878 0.019434128  0.07131565
[2,] -0.01703302 0.006121106 -0.01431382
[3,]  0.20402088 0.055439480  0.17036794
[1] "A is done"
            [,1]       [,2]        [,3]
[1,] 0.083003753 0.02884611 0.058276154
[2,] 0.004500956 0.01829129 0.001163898
[3,] 0.177890160 0.04272249 0.153384729
13789.849 sec elapsed
