SLURM_JOBID:  39327699
SLURM_ARRAY_TASK_ID:  77
SLURM_ARRAY_JOB_ID:  39324208

Attaching package: ‘dplyr’

The following objects are masked from ‘package:stats’:

    filter, lag

The following objects are masked from ‘package:base’:

    intersect, setdiff, setequal, union


Attaching package: ‘geex’

The following object is masked from ‘package:methods’:

    show

[1] 1000
Maximizing -- use negfn and neggr
[1] "A is done"
             [,1]         [,2]         [,3]
[1,]  0.007558249 -0.001817761  0.002605799
[2,] -0.014449740  0.003339652 -0.006229160
[3,]  0.085032229  0.028354778  0.038644914
[1] "A is done"
             [,1]         [,2]         [,3]
[1,] -0.063628167 -0.035850521 -0.034315323
[2,] -0.009707257  0.007652475 -0.003979204
[3,]  0.261858791  0.129339167  0.139162862
13322.247 sec elapsed
