SLURM_JOBID:  39332646
SLURM_ARRAY_TASK_ID:  885
SLURM_ARRAY_JOB_ID:  39324208

Attaching package: ‘dplyr’

The following objects are masked from ‘package:stats’:

    filter, lag

The following objects are masked from ‘package:base’:

    intersect, setdiff, setequal, union


Attaching package: ‘geex’

The following object is masked from ‘package:methods’:

    show

[1] 1000
Maximizing -- use negfn and neggr
[1] "A is done"
             [,1]         [,2]         [,3]
[1,]  0.013038618 0.0018304868  0.008774809
[2,] -0.004763734 0.0002492559 -0.002849696
[3,]  0.025855855 0.0059040094  0.018656664
[1] "A is done"
             [,1]          [,2]         [,3]
[1,]  0.011142574 -0.0002236509  0.008122634
[2,] -0.009301293  0.0049400442 -0.005074656
[3,]  0.056636998  0.0142541018  0.054959943
7081.153 sec elapsed
