SLURM_JOBID:  39327901
SLURM_ARRAY_TASK_ID:  253
SLURM_ARRAY_JOB_ID:  39324208

Attaching package: ‘dplyr’

The following objects are masked from ‘package:stats’:

    filter, lag

The following objects are masked from ‘package:base’:

    intersect, setdiff, setequal, union


Attaching package: ‘geex’

The following object is masked from ‘package:methods’:

    show

[1] 1000
Maximizing -- use negfn and neggr
[1] "A is done"
            [,1]        [,2]         [,3]
[1,]  0.15762727 0.006831604  0.063503588
[2,] -0.01873214 0.009626637 -0.004744589
[3,]  0.11198786 0.017531433  0.054446025
[1] "A is done"
          [,1]       [,2]       [,3]
[1,] 0.1960075 0.01477732 0.08726497
[2,] 0.0146737 0.02659971 0.02279066
[3,] 0.0774541 0.03257947 0.06105208
15076.825 sec elapsed
