SLURM_JOBID:  39327865
SLURM_ARRAY_TASK_ID:  217
SLURM_ARRAY_JOB_ID:  39324208

Attaching package: ‘dplyr’

The following objects are masked from ‘package:stats’:

    filter, lag

The following objects are masked from ‘package:base’:

    intersect, setdiff, setequal, union


Attaching package: ‘geex’

The following object is masked from ‘package:methods’:

    show

[1] 1000
Maximizing -- use negfn and neggr
[1] "A is done"
            [,1]         [,2]         [,3]
[1,]  0.03549016 -0.003622758  0.010156249
[2,] -0.01525194  0.016025756 -0.001210954
[3,]  0.02758600 -0.009246028  0.006505200
[1] "A is done"
             [,1]         [,2]          [,3]
[1,]  0.005558677 -0.010998123 -0.0009212344
[2,] -0.011920214  0.006680097 -0.0024980055
[3,]  0.037222070  0.022937299  0.0188948395
12400.319 sec elapsed
