SLURM_JOBID:  39328126
SLURM_ARRAY_TASK_ID:  447
SLURM_ARRAY_JOB_ID:  39324208

Attaching package: ‘dplyr’

The following objects are masked from ‘package:stats’:

    filter, lag

The following objects are masked from ‘package:base’:

    intersect, setdiff, setequal, union


Attaching package: ‘geex’

The following object is masked from ‘package:methods’:

    show

[1] 1000
Maximizing -- use negfn and neggr
[1] "A is done"
            [,1]         [,2]        [,3]
[1,]  0.05232165  0.012776973  0.02741862
[2,] -0.02130626 -0.003629635 -0.01013786
[3,]  0.05090449  0.015154381  0.02851083
[1] "A is done"
            [,1]         [,2]        [,3]
[1,]  0.06105157  0.013536649  0.03450483
[2,] -0.06327976 -0.009578397 -0.03336907
[3,]  0.11764295  0.030258515  0.06945025
15307.476 sec elapsed
