SLURM_JOBID:  47959225
SLURM_ARRAY_TASK_ID:  2764
SLURM_ARRAY_JOB_ID:  47954807

Attaching package: ‘dplyr’

The following objects are masked from ‘package:stats’:

    filter, lag

The following objects are masked from ‘package:base’:

    intersect, setdiff, setequal, union


Attaching package: ‘geex’

The following object is masked from ‘package:methods’:

    show

[1] 100
[1] 0.49
[1] "starting acc"
[1] "starting macc"
[1] "starting aipw"
[1] "starting mle"
Warning message:
In stode(y, times, func, parms = parms, ...) : steady-state not reached
1089.626 sec elapsed
