SLURM_JOBID:  47963241
SLURM_ARRAY_TASK_ID:  1656
SLURM_ARRAY_JOB_ID:  47954871

Attaching package: ‘dplyr’

The following objects are masked from ‘package:stats’:

    filter, lag

The following objects are masked from ‘package:base’:

    intersect, setdiff, setequal, union


Attaching package: ‘geex’

The following object is masked from ‘package:methods’:

    show

[1] 100
[1] 0.43
[1] "starting acc"
[1] "starting macc"
Warning message:
In stode(y, times, func, parms = parms, ...) : steady-state not reached
[1] "starting aipw"
[1] "starting mle"
3042.094 sec elapsed
