SLURM_JOBID:  47964388
SLURM_ARRAY_TASK_ID:  2375
SLURM_ARRAY_JOB_ID:  47954871

Attaching package: ‘dplyr’

The following objects are masked from ‘package:stats’:

    filter, lag

The following objects are masked from ‘package:base’:

    intersect, setdiff, setequal, union


Attaching package: ‘geex’

The following object is masked from ‘package:methods’:

    show

[1] 100
[1] 0.5
[1] "starting acc"
[1] "starting macc"
Warning message:
In stode(y, times, func, parms = parms, ...) : steady-state not reached
[1] "starting aipw"
[1] "starting mle"
1359.966 sec elapsed
