SLURM_JOBID:  47964149
SLURM_ARRAY_TASK_ID:  2177
SLURM_ARRAY_JOB_ID:  47954871

Attaching package: ‘dplyr’

The following objects are masked from ‘package:stats’:

    filter, lag

The following objects are masked from ‘package:base’:

    intersect, setdiff, setequal, union


Attaching package: ‘geex’

The following object is masked from ‘package:methods’:

    show

[1] 100
[1] 0.6
[1] "starting acc"
[1] "starting macc"
[1] "starting aipw"
[1] "starting mle"
Warning message:
In stode(y, times, func, parms = parms, ...) : steady-state not reached
1011.936 sec elapsed
