SLURM_JOBID:  47960489
SLURM_ARRAY_TASK_ID:  611
SLURM_ARRAY_JOB_ID:  47954871

Attaching package: ‘dplyr’

The following objects are masked from ‘package:stats’:

    filter, lag

The following objects are masked from ‘package:base’:

    intersect, setdiff, setequal, union


Attaching package: ‘geex’

The following object is masked from ‘package:methods’:

    show

[1] 100
[1] 0.36
[1] "starting acc"
[1] "starting macc"
[1] "starting aipw"
[1] "starting mle"
Warning message:
In stode(y, times, func, parms = parms, ...) : steady-state not reached
Error in integrate(integral_func_psi, j = j, lower = w, upper = mybound) : 
  non-finite function value
Calls: estimate_beta_likelihood ... v.area_num -> do.call -> mapply -> <Anonymous> -> integrate
In addition: There were 21 warnings (use warnings() to see them)
Execution halted
